[0.596s] Invoking command in '/home/xsm/R1_ws/src/gui_pkg': PYTHONPATH=/home/xsm/R1_ws/build/gui_pkg/prefix_override:/usr/lib/python3/dist-packages/colcon_core/task/python/colcon_distutils_commands:/home/xsm/R1_ws/install/gui_pkg/lib/python3.10/site-packages:${PYTHONPATH} /usr/bin/python3 -W ignore:setup.py install is deprecated setup.py egg_info --egg-base ../../build/gui_pkg build --build-base /home/xsm/R1_ws/build/gui_pkg/build install --record /home/xsm/R1_ws/build/gui_pkg/install.log --single-version-externally-managed install_data
[0.781s] running egg_info
[0.781s] writing ../../build/gui_pkg/gui_pkg.egg-info/PKG-INFO
[0.781s] writing dependency_links to ../../build/gui_pkg/gui_pkg.egg-info/dependency_links.txt
[0.781s] writing entry points to ../../build/gui_pkg/gui_pkg.egg-info/entry_points.txt
[0.781s] writing requirements to ../../build/gui_pkg/gui_pkg.egg-info/requires.txt
[0.782s] writing top-level names to ../../build/gui_pkg/gui_pkg.egg-info/top_level.txt
[0.783s] reading manifest file '../../build/gui_pkg/gui_pkg.egg-info/SOURCES.txt'
[0.783s] writing manifest file '../../build/gui_pkg/gui_pkg.egg-info/SOURCES.txt'
[0.783s] running build
[0.784s] running build_py
[0.784s] running install
[0.784s] running install_lib
[0.785s] running install_data
[0.785s] running install_egg_info
[0.787s] removing '/home/xsm/R1_ws/install/gui_pkg/lib/python3.10/site-packages/gui_pkg-0.0.0-py3.10.egg-info' (and everything under it)
[0.787s] Copying ../../build/gui_pkg/gui_pkg.egg-info to /home/xsm/R1_ws/install/gui_pkg/lib/python3.10/site-packages/gui_pkg-0.0.0-py3.10.egg-info
[0.788s] running install_scripts
[0.803s] Installing gui_node script to /home/xsm/R1_ws/install/gui_pkg/lib/gui_pkg
[0.804s] writing list of installed files to '/home/xsm/R1_ws/build/gui_pkg/install.log'
[0.829s] Invoked command in '/home/xsm/R1_ws/src/gui_pkg' returned '0': PYTHONPATH=/home/xsm/R1_ws/build/gui_pkg/prefix_override:/usr/lib/python3/dist-packages/colcon_core/task/python/colcon_distutils_commands:/home/xsm/R1_ws/install/gui_pkg/lib/python3.10/site-packages:${PYTHONPATH} /usr/bin/python3 -W ignore:setup.py install is deprecated setup.py egg_info --egg-base ../../build/gui_pkg build --build-base /home/xsm/R1_ws/build/gui_pkg/build install --record /home/xsm/R1_ws/build/gui_pkg/install.log --single-version-externally-managed install_data
