[0.013s] Invoking command in '/home/xsm/R1_ws/build/armForwardkinematics': CMAKE_PREFIX_PATH=/home/xsm/R1_ws/install/mit_msgs:/home/xsm/R1_ws/install/optimal_control_problem:/home/xsm/R1_ws/install/arm_dynamics_hw:/home/xsm/R1_ws/install/armForwardkinematics:/home/xsm/R1_ws/install/lock_utils:/home/xsm/R1_ws/install/gui_pkg:/opt/ros/humble LD_LIBRARY_PATH=/home/xsm/R1_ws/install/mit_msgs/lib:/home/xsm/R1_ws/install/optimal_control_problem/lib:/home/xsm/R1_ws/install/lock_utils/lib:/usr/lib/x86_64-linux-gnu/gazebo-11/plugins:/opt/ros/humble/opt/rviz_ogre_vendor/lib:/opt/ros/humble/lib/x86_64-linux-gnu:/opt/ros/humble/lib:/usr/share/gazebo/../../lib/x86_64-linux-gnu/gazebo-11/plugins:/usr/lib/nvidia:/usr/share/gazebo/../../lib/x86_64-linux-gnu/gazebo-11/plugins:/usr/share/gazebo/../../lib/x86_64-linux-gnu/gazebo-11/plugins:/usr/lib/nvidia /usr/bin/cmake /home/xsm/R1_ws/src/armForwardkinematics -DCMAKE_INSTALL_PREFIX=/home/xsm/R1_ws/install/armForwardkinematics
[0.076s] -- The C compiler identification is GNU 11.4.0
[0.131s] -- The CXX compiler identification is GNU 11.4.0
[0.139s] -- Detecting C compiler ABI info
[0.219s] -- Detecting C compiler ABI info - done
[0.225s] -- Check for working C compiler: /usr/bin/cc - skipped
[0.226s] -- Detecting C compile features
[0.226s] -- Detecting C compile features - done
[0.228s] -- Detecting CXX compiler ABI info
[0.319s] -- Detecting CXX compiler ABI info - done
[0.324s] -- Check for working CXX compiler: /usr/bin/c++ - skipped
[0.324s] -- Detecting CXX compile features
[0.325s] -- Detecting CXX compile features - done
[0.327s] -- Found ament_cmake: 1.3.10 (/opt/ros/humble/share/ament_cmake/cmake)
[0.497s] -- Found Python3: /usr/bin/python3 (found version "3.10.12") found components: Interpreter 
[0.576s] -- Found rclcpp: 16.0.10 (/opt/ros/humble/share/rclcpp/cmake)
[0.610s] -- Found rosidl_generator_c: 3.1.5 (/opt/ros/humble/share/rosidl_generator_c/cmake)
[0.614s] -- Found rosidl_adapter: 3.1.5 (/opt/ros/humble/share/rosidl_adapter/cmake)
[0.621s] -- Found rosidl_generator_cpp: 3.1.5 (/opt/ros/humble/share/rosidl_generator_cpp/cmake)
[0.630s] -- Using all available rosidl_typesupport_c: rosidl_typesupport_fastrtps_c;rosidl_typesupport_introspection_c
[0.642s] -- Using all available rosidl_typesupport_cpp: rosidl_typesupport_fastrtps_cpp;rosidl_typesupport_introspection_cpp
[0.676s] -- Found rmw_implementation_cmake: 6.1.2 (/opt/ros/humble/share/rmw_implementation_cmake/cmake)
[0.678s] -- Found rmw_fastrtps_cpp: 6.2.7 (/opt/ros/humble/share/rmw_fastrtps_cpp/cmake)
[0.784s] -- Found OpenSSL: /usr/lib/x86_64-linux-gnu/libcrypto.so (found version "3.0.2")  
[0.810s] -- Found FastRTPS: /opt/ros/humble/include  
[0.851s] -- Using RMW implementation 'rmw_fastrtps_cpp' as default
[0.858s] -- Looking for pthread.h
[0.939s] -- Looking for pthread.h - found
[0.939s] -- Performing Test CMAKE_HAVE_LIBC_PTHREAD
[1.020s] -- Performing Test CMAKE_HAVE_LIBC_PTHREAD - Success
[1.021s] -- Found Threads: TRUE  
[1.059s] -- pinocchio FOUND. pinocchio at /opt/ros/humble/lib/x86_64-linux-gnu/libpinocchio.so
[1.060s] -- boost_filesystem FOUND. boost_filesystem at /lib/x86_64-linux-gnu/libboost_filesystem.so
[1.060s] -- boost_serialization FOUND. boost_serialization at /lib/x86_64-linux-gnu/libboost_serialization.so
[1.061s] -- boost_system FOUND. boost_system at /lib/x86_64-linux-gnu/libboost_system.so
[1.111s] -- Found Boost: /usr/include (found version "1.74.0") found components: filesystem serialization system 
[1.112s] -- eigenpy FOUND. eigenpy at /opt/ros/humble/lib/x86_64-linux-gnu/libeigenpy.so
[1.142s] -- Checking for NumPy
[1.316s] --   NUMPY_INCLUDE_DIRS=/usr/lib/python3/dist-packages/numpy/core/include
[1.409s] --   NUMPY_VERSION=1.21.5
[1.651s] -- Found Python3: /usr/bin/python3 (found version "3.10.12") found components: Interpreter Development.Module NumPy 
[1.651s] -- PythonLibraryDirs: 
[1.651s] -- PythonLibVersionString: 3.10.12
[1.675s] -- Python site lib: lib/python3.10/dist-packages
[1.675s] -- Python include dirs: /usr/include/python3.10
[1.721s] -- Checking for NumPy
[1.808s] --   NUMPY_INCLUDE_DIRS=/usr/lib/python3/dist-packages/numpy/core/include
[1.894s] --   NUMPY_VERSION=1.21.5
[1.894s] -- NumPy include dir: /usr/lib/python3/dist-packages/numpy/core/include
[1.898s] [33mCMake Warning at /usr/share/cmake-3.22/Modules/FindBoost.cmake:2201 (message):
[1.898s]   No header defined for python310; skipping header check (note: header-only
[1.898s]   libraries have no designated component)
[1.898s] Call Stack (most recent call first):
[1.898s]   /opt/ros/humble/lib/x86_64-linux-gnu/cmake/eigenpy/boost.cmake:144 (find_package)
[1.898s]   /opt/ros/humble/lib/x86_64-linux-gnu/cmake/eigenpy/eigenpyConfig.cmake:149 (SEARCH_FOR_BOOST_PYTHON)
[1.898s]   /usr/share/cmake-3.22/Modules/CMakeFindDependencyMacro.cmake:47 (find_package)
[1.898s]   /opt/ros/humble/lib/x86_64-linux-gnu/cmake/pinocchio/pinocchioConfig.cmake:160 (find_dependency)
[1.898s]   CMakeLists.txt:11 (find_package)
[1.898s] 
[1.898s] [0m
[1.901s] -- Found Boost: /usr/include (found version "1.74.0") found components: python310 
[1.901s] -- Boost_PYTHON_LIBRARY: /usr/lib/x86_64-linux-gnu/libboost_python310.so
[2.168s] -- Default C++ standard: 201703
[2.168s] -- Minimal C++ standard upgraded to 11
[2.168s] -- C++ standard sufficient: Minimal required 11, currently defined: 17
[2.168s] -- CMAKE_CXX_STANDARD was not set: automatically set to currently defined standard 17
[2.169s] -- hpp-fcl FOUND. hpp-fcl at /opt/ros/humble/lib/x86_64-linux-gnu/libhpp-fcl.so
[2.177s] -- Found Boost: /usr/include (found version "1.74.0") found components: chrono serialization filesystem 
[2.181s] -- C++ standard sufficient: Minimal required 11, currently defined: 17
[2.182s] -- C++ standard sufficient: Minimal required 11, currently defined: 17
[2.185s] [33mCMake Warning at /usr/share/cmake-3.22/Modules/FindBoost.cmake:2201 (message):
[2.185s]   No header defined for python310; skipping header check (note: header-only
[2.185s]   libraries have no designated component)
[2.185s] Call Stack (most recent call first):
[2.185s]   CMakeLists.txt:13 (find_package)
[2.185s] 
[2.185s] [0m
[2.186s] -- Found Boost: /usr/include (found version "1.74.0") found components: python310 
[2.186s] -- Found mit_msgs: 0.0.0 (/home/xsm/R1_ws/install/mit_msgs/share/mit_msgs/cmake)
[2.222s] -- Found rosidl_default_generators: 1.2.0 (/opt/ros/humble/share/rosidl_default_generators/cmake)
[2.285s] -- Found Python3: /usr/bin/python3 (found version "3.10.12") found components: Interpreter 
[2.366s] [31mCMake Error at /opt/ros/humble/share/rosidl_adapter/cmake/rosidl_adapt_interfaces.cmake:59 (message):
[2.367s]   execute_process(/usr/bin/python3 -m rosidl_adapter --package-name
[2.367s]   armForwardkinematics --arguments-file
[2.367s]   /home/xsm/R1_ws/build/armForwardkinematics/rosidl_adapter__arguments__armForwardkinematics.json
[2.367s]   --output-dir
[2.367s]   /home/xsm/R1_ws/build/armForwardkinematics/rosidl_adapter/armForwardkinematics
[2.367s]   --output-file
[2.367s]   /home/xsm/R1_ws/build/armForwardkinematics/rosidl_adapter/armForwardkinematics.idls)
[2.367s]   returned error code 1:
[2.367s] 
[2.367s]   Traceback (most recent call last):
[2.367s] 
[2.367s]     File "/usr/lib/python3.10/runpy.py", line 196, in _run_module_as_main
[2.367s]       return _run_code(code, main_globals, None,
[2.367s]     File "/usr/lib/python3.10/runpy.py", line 86, in _run_code
[2.367s]       exec(code, run_globals)
[2.367s]     File "/opt/ros/humble/local/lib/python3.10/dist-packages/rosidl_adapter/__main__.py", line 19, in <module>
[2.367s]       sys.exit(main())
[2.367s]     File "/opt/ros/humble/local/lib/python3.10/dist-packages/rosidl_adapter/main.py", line 53, in main
[2.367s]       abs_idl_file = convert_to_idl(
[2.367s]     File "/opt/ros/humble/local/lib/python3.10/dist-packages/rosidl_adapter/__init__.py", line 19, in convert_to_idl
[2.367s]       return convert_msg_to_idl(
[2.367s]     File "/opt/ros/humble/local/lib/python3.10/dist-packages/rosidl_adapter/msg/__init__.py", line 28, in convert_msg_to_idl
[2.368s]       msg = parse_message_string(package_name, input_file.stem, content)
[2.368s]     File "/opt/ros/humble/local/lib/python3.10/dist-packages/rosidl_adapter/parser.py", line 544, in parse_message_string
[2.368s]       msg = MessageSpecification(pkg_name, msg_name, fields, constants)
[2.368s]     File "/opt/ros/humble/local/lib/python3.10/dist-packages/rosidl_adapter/parser.py", line 388, in __init__
[2.368s]       self.base_type = BaseType(
[2.368s]     File "/opt/ros/humble/local/lib/python3.10/dist-packages/rosidl_adapter/parser.py", line 201, in __init__
[2.368s]       raise InvalidResourceName(
[2.368s] 
[2.368s]   rosidl_adapter.parser.InvalidResourceName: 'armForwardkinematics' is an
[2.368s]   invalid package name.  It should have the pattern
[2.368s]   '^(?!.*__)(?!.*_$)[a-z][a-z0-9_]*$'
[2.368s] 
[2.368s] Call Stack (most recent call first):
[2.368s]   /opt/ros/humble/share/rosidl_cmake/cmake/rosidl_generate_interfaces.cmake:130 (rosidl_adapt_interfaces)
[2.368s]   CMakeLists.txt:22 (rosidl_generate_interfaces)
[2.368s] 
[2.368s] [0m
[2.368s] -- Configuring incomplete, errors occurred!
[2.368s] See also "/home/xsm/R1_ws/build/armForwardkinematics/CMakeFiles/CMakeOutput.log".
[2.377s] Invoked command in '/home/xsm/R1_ws/build/armForwardkinematics' returned '1': CMAKE_PREFIX_PATH=/home/xsm/R1_ws/install/mit_msgs:/home/xsm/R1_ws/install/optimal_control_problem:/home/xsm/R1_ws/install/arm_dynamics_hw:/home/xsm/R1_ws/install/armForwardkinematics:/home/xsm/R1_ws/install/lock_utils:/home/xsm/R1_ws/install/gui_pkg:/opt/ros/humble LD_LIBRARY_PATH=/home/xsm/R1_ws/install/mit_msgs/lib:/home/xsm/R1_ws/install/optimal_control_problem/lib:/home/xsm/R1_ws/install/lock_utils/lib:/usr/lib/x86_64-linux-gnu/gazebo-11/plugins:/opt/ros/humble/opt/rviz_ogre_vendor/lib:/opt/ros/humble/lib/x86_64-linux-gnu:/opt/ros/humble/lib:/usr/share/gazebo/../../lib/x86_64-linux-gnu/gazebo-11/plugins:/usr/lib/nvidia:/usr/share/gazebo/../../lib/x86_64-linux-gnu/gazebo-11/plugins:/usr/share/gazebo/../../lib/x86_64-linux-gnu/gazebo-11/plugins:/usr/lib/nvidia /usr/bin/cmake /home/xsm/R1_ws/src/armForwardkinematics -DCMAKE_INSTALL_PREFIX=/home/xsm/R1_ws/install/armForwardkinematics
