[0.500s] Invoking command in '/home/xsm/R1_ws/src/gui_pkg': PYTHONPATH=/home/xsm/R1_ws/build/gui_pkg/prefix_override:/usr/lib/python3/dist-packages/colcon_core/task/python/colcon_distutils_commands:/home/xsm/R1_ws/install/gui_pkg/lib/python3.10/site-packages:${PYTHONPATH} /usr/bin/python3 -W ignore:setup.py install is deprecated setup.py egg_info --egg-base ../../build/gui_pkg build --build-base /home/xsm/R1_ws/build/gui_pkg/build install --record /home/xsm/R1_ws/build/gui_pkg/install.log --single-version-externally-managed install_data
[0.679s] running egg_info
[0.680s] creating ../../build/gui_pkg/gui_pkg.egg-info
[0.680s] writing ../../build/gui_pkg/gui_pkg.egg-info/PKG-INFO
[0.680s] writing dependency_links to ../../build/gui_pkg/gui_pkg.egg-info/dependency_links.txt
[0.680s] writing entry points to ../../build/gui_pkg/gui_pkg.egg-info/entry_points.txt
[0.680s] writing requirements to ../../build/gui_pkg/gui_pkg.egg-info/requires.txt
[0.680s] writing top-level names to ../../build/gui_pkg/gui_pkg.egg-info/top_level.txt
[0.681s] writing manifest file '../../build/gui_pkg/gui_pkg.egg-info/SOURCES.txt'
[0.682s] reading manifest file '../../build/gui_pkg/gui_pkg.egg-info/SOURCES.txt'
[0.682s] writing manifest file '../../build/gui_pkg/gui_pkg.egg-info/SOURCES.txt'
[0.682s] running build
[0.682s] running build_py
[0.682s] creating /home/xsm/R1_ws/build/gui_pkg/build
[0.682s] creating /home/xsm/R1_ws/build/gui_pkg/build/lib
[0.682s] creating /home/xsm/R1_ws/build/gui_pkg/build/lib/gui_pkg
[0.683s] copying gui_pkg/__init__.py -> /home/xsm/R1_ws/build/gui_pkg/build/lib/gui_pkg
[0.683s] copying gui_pkg/gui_node.py -> /home/xsm/R1_ws/build/gui_pkg/build/lib/gui_pkg
[0.683s] running install
[0.683s] running install_lib
[0.684s] creating /home/xsm/R1_ws/install/gui_pkg/lib/python3.10/site-packages/gui_pkg
[0.684s] copying /home/xsm/R1_ws/build/gui_pkg/build/lib/gui_pkg/__init__.py -> /home/xsm/R1_ws/install/gui_pkg/lib/python3.10/site-packages/gui_pkg
[0.684s] copying /home/xsm/R1_ws/build/gui_pkg/build/lib/gui_pkg/gui_node.py -> /home/xsm/R1_ws/install/gui_pkg/lib/python3.10/site-packages/gui_pkg
[0.685s] byte-compiling /home/xsm/R1_ws/install/gui_pkg/lib/python3.10/site-packages/gui_pkg/__init__.py to __init__.cpython-310.pyc
[0.685s] byte-compiling /home/xsm/R1_ws/install/gui_pkg/lib/python3.10/site-packages/gui_pkg/gui_node.py to gui_node.cpython-310.pyc
[0.688s] running install_data
[0.688s] creating /home/xsm/R1_ws/install/gui_pkg/share/ament_index
[0.688s] creating /home/xsm/R1_ws/install/gui_pkg/share/ament_index/resource_index
[0.688s] creating /home/xsm/R1_ws/install/gui_pkg/share/ament_index/resource_index/packages
[0.688s] copying resource/gui_pkg -> /home/xsm/R1_ws/install/gui_pkg/share/ament_index/resource_index/packages
[0.688s] copying package.xml -> /home/xsm/R1_ws/install/gui_pkg/share/gui_pkg
[0.688s] running install_egg_info
[0.689s] Copying ../../build/gui_pkg/gui_pkg.egg-info to /home/xsm/R1_ws/install/gui_pkg/lib/python3.10/site-packages/gui_pkg-0.0.0-py3.10.egg-info
[0.690s] running install_scripts
[0.707s] Installing gui_node script to /home/xsm/R1_ws/install/gui_pkg/lib/gui_pkg
[0.707s] writing list of installed files to '/home/xsm/R1_ws/build/gui_pkg/install.log'
[0.736s] Invoked command in '/home/xsm/R1_ws/src/gui_pkg' returned '0': PYTHONPATH=/home/xsm/R1_ws/build/gui_pkg/prefix_override:/usr/lib/python3/dist-packages/colcon_core/task/python/colcon_distutils_commands:/home/xsm/R1_ws/install/gui_pkg/lib/python3.10/site-packages:${PYTHONPATH} /usr/bin/python3 -W ignore:setup.py install is deprecated setup.py egg_info --egg-base ../../build/gui_pkg build --build-base /home/xsm/R1_ws/build/gui_pkg/build install --record /home/xsm/R1_ws/build/gui_pkg/install.log --single-version-externally-managed install_data
