[0.074s] DEBUG:colcon:Command line arguments: ['/usr/bin/colcon', 'build', '--cmake-args', '-DCMAKE_EXPORT_COMPILE_COMMANDS=ON']
[0.074s] DEBUG:colcon:Parsed command line arguments: Namespace(log_base=None, log_level=None, verb_name='build', build_base='build', install_base='install', merge_install=False, symlink_install=False, test_result_base=None, continue_on_error=False, executor='parallel', parallel_workers=16, event_handlers=None, ignore_user_meta=False, metas=['./colcon.meta'], base_paths=['.'], packages_ignore=None, packages_ignore_regex=None, paths=None, packages_up_to=None, packages_up_to_regex=None, packages_above=None, packages_above_and_dependencies=None, packages_above_depth=None, packages_select_by_dep=None, packages_skip_by_dep=None, packages_skip_up_to=None, packages_select_build_failed=False, packages_skip_build_finished=False, packages_select_test_failures=False, packages_skip_test_passed=False, packages_select=None, packages_skip=None, packages_select_regex=None, packages_skip_regex=None, packages_start=None, packages_end=None, allow_overriding=[], cmake_args=['-DCMAKE_EXPORT_COMPILE_COMMANDS=ON'], cmake_target=None, cmake_target_skip_unavailable=False, cmake_clean_cache=False, cmake_clean_first=False, cmake_force_configure=False, ament_cmake_args=None, catkin_cmake_args=None, catkin_skip_building_tests=False, verb_parser=<colcon_defaults.argument_parser.defaults.DefaultArgumentsDecorator object at 0x7f39f9450ca0>, verb_extension=<colcon_core.verb.build.BuildVerb object at 0x7f39f9569870>, main=<bound method BuildVerb.main of <colcon_core.verb.build.BuildVerb object at 0x7f39f9569870>>)
[0.196s] Level 1:colcon.colcon_core.package_discovery:discover_packages(colcon_meta) check parameters
[0.196s] Level 1:colcon.colcon_core.package_discovery:discover_packages(recursive) check parameters
[0.196s] Level 1:colcon.colcon_core.package_discovery:discover_packages(ignore) check parameters
[0.197s] Level 1:colcon.colcon_core.package_discovery:discover_packages(path) check parameters
[0.197s] Level 1:colcon.colcon_core.package_discovery:discover_packages(colcon_meta) discover
[0.197s] Level 1:colcon.colcon_core.package_discovery:discover_packages(recursive) discover
[0.197s] INFO:colcon.colcon_core.package_discovery:Crawling recursively for packages in '/home/xsm/R1_ws'
[0.197s] Level 1:colcon.colcon_core.package_identification:_identify(.) by extensions ['ignore', 'ignore_ament_install']
[0.197s] Level 1:colcon.colcon_core.package_identification:_identify(.) by extension 'ignore'
[0.197s] Level 1:colcon.colcon_core.package_identification:_identify(.) by extension 'ignore_ament_install'
[0.197s] Level 1:colcon.colcon_core.package_identification:_identify(.) by extensions ['colcon_pkg']
[0.197s] Level 1:colcon.colcon_core.package_identification:_identify(.) by extension 'colcon_pkg'
[0.197s] Level 1:colcon.colcon_core.package_identification:_identify(.) by extensions ['colcon_meta']
[0.197s] Level 1:colcon.colcon_core.package_identification:_identify(.) by extension 'colcon_meta'
[0.197s] Level 1:colcon.colcon_core.package_identification:_identify(.) by extensions ['ros']
[0.197s] Level 1:colcon.colcon_core.package_identification:_identify(.) by extension 'ros'
[0.205s] Level 1:colcon.colcon_core.package_identification:_identify(.) by extensions ['cmake', 'python']
[0.205s] Level 1:colcon.colcon_core.package_identification:_identify(.) by extension 'cmake'
[0.205s] Level 1:colcon.colcon_core.package_identification:_identify(.) by extension 'python'
[0.205s] Level 1:colcon.colcon_core.package_identification:_identify(.) by extensions ['python_setup_py']
[0.205s] Level 1:colcon.colcon_core.package_identification:_identify(.) by extension 'python_setup_py'
[0.205s] Level 1:colcon.colcon_core.package_identification:_identify(build) by extensions ['ignore', 'ignore_ament_install']
[0.205s] Level 1:colcon.colcon_core.package_identification:_identify(build) by extension 'ignore'
[0.205s] Level 1:colcon.colcon_core.package_identification:_identify(build) ignored
[0.205s] Level 1:colcon.colcon_core.package_identification:_identify(install) by extensions ['ignore', 'ignore_ament_install']
[0.205s] Level 1:colcon.colcon_core.package_identification:_identify(install) by extension 'ignore'
[0.205s] Level 1:colcon.colcon_core.package_identification:_identify(install) ignored
[0.206s] Level 1:colcon.colcon_core.package_identification:_identify(log) by extensions ['ignore', 'ignore_ament_install']
[0.206s] Level 1:colcon.colcon_core.package_identification:_identify(log) by extension 'ignore'
[0.206s] Level 1:colcon.colcon_core.package_identification:_identify(log) ignored
[0.206s] Level 1:colcon.colcon_core.package_identification:_identify(src) by extensions ['ignore', 'ignore_ament_install']
[0.206s] Level 1:colcon.colcon_core.package_identification:_identify(src) by extension 'ignore'
[0.206s] Level 1:colcon.colcon_core.package_identification:_identify(src) by extension 'ignore_ament_install'
[0.206s] Level 1:colcon.colcon_core.package_identification:_identify(src) by extensions ['colcon_pkg']
[0.206s] Level 1:colcon.colcon_core.package_identification:_identify(src) by extension 'colcon_pkg'
[0.206s] Level 1:colcon.colcon_core.package_identification:_identify(src) by extensions ['colcon_meta']
[0.206s] Level 1:colcon.colcon_core.package_identification:_identify(src) by extension 'colcon_meta'
[0.206s] Level 1:colcon.colcon_core.package_identification:_identify(src) by extensions ['ros']
[0.206s] Level 1:colcon.colcon_core.package_identification:_identify(src) by extension 'ros'
[0.206s] Level 1:colcon.colcon_core.package_identification:_identify(src) by extensions ['cmake', 'python']
[0.206s] Level 1:colcon.colcon_core.package_identification:_identify(src) by extension 'cmake'
[0.206s] Level 1:colcon.colcon_core.package_identification:_identify(src) by extension 'python'
[0.206s] Level 1:colcon.colcon_core.package_identification:_identify(src) by extensions ['python_setup_py']
[0.206s] Level 1:colcon.colcon_core.package_identification:_identify(src) by extension 'python_setup_py'
[0.206s] Level 1:colcon.colcon_core.package_identification:_identify(src/armForwardkinematics) by extensions ['ignore', 'ignore_ament_install']
[0.206s] Level 1:colcon.colcon_core.package_identification:_identify(src/armForwardkinematics) by extension 'ignore'
[0.206s] Level 1:colcon.colcon_core.package_identification:_identify(src/armForwardkinematics) by extension 'ignore_ament_install'
[0.206s] Level 1:colcon.colcon_core.package_identification:_identify(src/armForwardkinematics) by extensions ['colcon_pkg']
[0.206s] Level 1:colcon.colcon_core.package_identification:_identify(src/armForwardkinematics) by extension 'colcon_pkg'
[0.206s] Level 1:colcon.colcon_core.package_identification:_identify(src/armForwardkinematics) by extensions ['colcon_meta']
[0.206s] Level 1:colcon.colcon_core.package_identification:_identify(src/armForwardkinematics) by extension 'colcon_meta'
[0.206s] Level 1:colcon.colcon_core.package_identification:_identify(src/armForwardkinematics) by extensions ['ros']
[0.206s] Level 1:colcon.colcon_core.package_identification:_identify(src/armForwardkinematics) by extension 'ros'
[0.208s] DEBUG:colcon.colcon_core.package_identification:Package 'src/armForwardkinematics' with type 'ros.ament_cmake' and name 'armForwardkinematics'
[0.208s] Level 1:colcon.colcon_core.package_identification:_identify(src/arm_dynamics_hw) by extensions ['ignore', 'ignore_ament_install']
[0.208s] Level 1:colcon.colcon_core.package_identification:_identify(src/arm_dynamics_hw) by extension 'ignore'
[0.209s] Level 1:colcon.colcon_core.package_identification:_identify(src/arm_dynamics_hw) by extension 'ignore_ament_install'
[0.209s] Level 1:colcon.colcon_core.package_identification:_identify(src/arm_dynamics_hw) by extensions ['colcon_pkg']
[0.209s] Level 1:colcon.colcon_core.package_identification:_identify(src/arm_dynamics_hw) by extension 'colcon_pkg'
[0.209s] Level 1:colcon.colcon_core.package_identification:_identify(src/arm_dynamics_hw) by extensions ['colcon_meta']
[0.209s] Level 1:colcon.colcon_core.package_identification:_identify(src/arm_dynamics_hw) by extension 'colcon_meta'
[0.209s] Level 1:colcon.colcon_core.package_identification:_identify(src/arm_dynamics_hw) by extensions ['ros']
[0.209s] Level 1:colcon.colcon_core.package_identification:_identify(src/arm_dynamics_hw) by extension 'ros'
[0.210s] DEBUG:colcon.colcon_core.package_identification:Package 'src/arm_dynamics_hw' with type 'ros.ament_cmake' and name 'arm_dynamics_hw'
[0.210s] Level 1:colcon.colcon_core.package_identification:_identify(src/gui_pkg) by extensions ['ignore', 'ignore_ament_install']
[0.210s] Level 1:colcon.colcon_core.package_identification:_identify(src/gui_pkg) by extension 'ignore'
[0.210s] Level 1:colcon.colcon_core.package_identification:_identify(src/gui_pkg) by extension 'ignore_ament_install'
[0.210s] Level 1:colcon.colcon_core.package_identification:_identify(src/gui_pkg) by extensions ['colcon_pkg']
[0.210s] Level 1:colcon.colcon_core.package_identification:_identify(src/gui_pkg) by extension 'colcon_pkg'
[0.210s] Level 1:colcon.colcon_core.package_identification:_identify(src/gui_pkg) by extensions ['colcon_meta']
[0.210s] Level 1:colcon.colcon_core.package_identification:_identify(src/gui_pkg) by extension 'colcon_meta'
[0.210s] Level 1:colcon.colcon_core.package_identification:_identify(src/gui_pkg) by extensions ['ros']
[0.210s] Level 1:colcon.colcon_core.package_identification:_identify(src/gui_pkg) by extension 'ros'
[0.210s] DEBUG:colcon.colcon_core.package_identification:Package 'src/gui_pkg' with type 'ros.ament_python' and name 'gui_pkg'
[0.210s] Level 1:colcon.colcon_core.package_identification:_identify(src/public) by extensions ['ignore', 'ignore_ament_install']
[0.210s] Level 1:colcon.colcon_core.package_identification:_identify(src/public) by extension 'ignore'
[0.210s] Level 1:colcon.colcon_core.package_identification:_identify(src/public) by extension 'ignore_ament_install'
[0.211s] Level 1:colcon.colcon_core.package_identification:_identify(src/public) by extensions ['colcon_pkg']
[0.211s] Level 1:colcon.colcon_core.package_identification:_identify(src/public) by extension 'colcon_pkg'
[0.211s] Level 1:colcon.colcon_core.package_identification:_identify(src/public) by extensions ['colcon_meta']
[0.211s] Level 1:colcon.colcon_core.package_identification:_identify(src/public) by extension 'colcon_meta'
[0.211s] Level 1:colcon.colcon_core.package_identification:_identify(src/public) by extensions ['ros']
[0.211s] Level 1:colcon.colcon_core.package_identification:_identify(src/public) by extension 'ros'
[0.211s] Level 1:colcon.colcon_core.package_identification:_identify(src/public) by extensions ['cmake', 'python']
[0.211s] Level 1:colcon.colcon_core.package_identification:_identify(src/public) by extension 'cmake'
[0.211s] Level 1:colcon.colcon_core.package_identification:_identify(src/public) by extension 'python'
[0.211s] Level 1:colcon.colcon_core.package_identification:_identify(src/public) by extensions ['python_setup_py']
[0.211s] Level 1:colcon.colcon_core.package_identification:_identify(src/public) by extension 'python_setup_py'
[0.211s] Level 1:colcon.colcon_core.package_identification:_identify(src/public/OptimalControlProblem) by extensions ['ignore', 'ignore_ament_install']
[0.211s] Level 1:colcon.colcon_core.package_identification:_identify(src/public/OptimalControlProblem) by extension 'ignore'
[0.211s] Level 1:colcon.colcon_core.package_identification:_identify(src/public/OptimalControlProblem) by extension 'ignore_ament_install'
[0.211s] Level 1:colcon.colcon_core.package_identification:_identify(src/public/OptimalControlProblem) by extensions ['colcon_pkg']
[0.211s] Level 1:colcon.colcon_core.package_identification:_identify(src/public/OptimalControlProblem) by extension 'colcon_pkg'
[0.211s] Level 1:colcon.colcon_core.package_identification:_identify(src/public/OptimalControlProblem) by extensions ['colcon_meta']
[0.211s] Level 1:colcon.colcon_core.package_identification:_identify(src/public/OptimalControlProblem) by extension 'colcon_meta'
[0.211s] Level 1:colcon.colcon_core.package_identification:_identify(src/public/OptimalControlProblem) by extensions ['ros']
[0.211s] Level 1:colcon.colcon_core.package_identification:_identify(src/public/OptimalControlProblem) by extension 'ros'
[0.212s] DEBUG:colcon.colcon_core.package_identification:Package 'src/public/OptimalControlProblem' with type 'ros.ament_cmake' and name 'optimal_control_problem'
[0.212s] Level 1:colcon.colcon_core.package_identification:_identify(src/public/lock_utils) by extensions ['ignore', 'ignore_ament_install']
[0.212s] Level 1:colcon.colcon_core.package_identification:_identify(src/public/lock_utils) by extension 'ignore'
[0.212s] Level 1:colcon.colcon_core.package_identification:_identify(src/public/lock_utils) by extension 'ignore_ament_install'
[0.212s] Level 1:colcon.colcon_core.package_identification:_identify(src/public/lock_utils) by extensions ['colcon_pkg']
[0.212s] Level 1:colcon.colcon_core.package_identification:_identify(src/public/lock_utils) by extension 'colcon_pkg'
[0.212s] Level 1:colcon.colcon_core.package_identification:_identify(src/public/lock_utils) by extensions ['colcon_meta']
[0.212s] Level 1:colcon.colcon_core.package_identification:_identify(src/public/lock_utils) by extension 'colcon_meta'
[0.212s] Level 1:colcon.colcon_core.package_identification:_identify(src/public/lock_utils) by extensions ['ros']
[0.212s] Level 1:colcon.colcon_core.package_identification:_identify(src/public/lock_utils) by extension 'ros'
[0.212s] DEBUG:colcon.colcon_core.package_identification:Package 'src/public/lock_utils' with type 'ros.ament_cmake' and name 'lock_utils'
[0.212s] Level 1:colcon.colcon_core.package_identification:_identify(src/public/mit_msgs) by extensions ['ignore', 'ignore_ament_install']
[0.212s] Level 1:colcon.colcon_core.package_identification:_identify(src/public/mit_msgs) by extension 'ignore'
[0.212s] Level 1:colcon.colcon_core.package_identification:_identify(src/public/mit_msgs) by extension 'ignore_ament_install'
[0.212s] Level 1:colcon.colcon_core.package_identification:_identify(src/public/mit_msgs) by extensions ['colcon_pkg']
[0.212s] Level 1:colcon.colcon_core.package_identification:_identify(src/public/mit_msgs) by extension 'colcon_pkg'
[0.212s] Level 1:colcon.colcon_core.package_identification:_identify(src/public/mit_msgs) by extensions ['colcon_meta']
[0.213s] Level 1:colcon.colcon_core.package_identification:_identify(src/public/mit_msgs) by extension 'colcon_meta'
[0.213s] Level 1:colcon.colcon_core.package_identification:_identify(src/public/mit_msgs) by extensions ['ros']
[0.213s] Level 1:colcon.colcon_core.package_identification:_identify(src/public/mit_msgs) by extension 'ros'
[0.213s] DEBUG:colcon.colcon_core.package_identification:Package 'src/public/mit_msgs' with type 'ros.ament_cmake' and name 'mit_msgs'
[0.213s] Level 1:colcon.colcon_core.package_identification:_identify(src/xsm_msg) by extensions ['ignore', 'ignore_ament_install']
[0.213s] Level 1:colcon.colcon_core.package_identification:_identify(src/xsm_msg) by extension 'ignore'
[0.213s] Level 1:colcon.colcon_core.package_identification:_identify(src/xsm_msg) by extension 'ignore_ament_install'
[0.213s] Level 1:colcon.colcon_core.package_identification:_identify(src/xsm_msg) by extensions ['colcon_pkg']
[0.213s] Level 1:colcon.colcon_core.package_identification:_identify(src/xsm_msg) by extension 'colcon_pkg'
[0.213s] Level 1:colcon.colcon_core.package_identification:_identify(src/xsm_msg) by extensions ['colcon_meta']
[0.213s] Level 1:colcon.colcon_core.package_identification:_identify(src/xsm_msg) by extension 'colcon_meta'
[0.213s] Level 1:colcon.colcon_core.package_identification:_identify(src/xsm_msg) by extensions ['ros']
[0.213s] Level 1:colcon.colcon_core.package_identification:_identify(src/xsm_msg) by extension 'ros'
[0.214s] DEBUG:colcon.colcon_core.package_identification:Package 'src/xsm_msg' with type 'ros.ament_cmake' and name 'xsm_msg'
[0.214s] Level 1:colcon.colcon_core.package_discovery:discover_packages(recursive) using defaults
[0.214s] Level 1:colcon.colcon_core.package_discovery:discover_packages(ignore) discover
[0.214s] Level 1:colcon.colcon_core.package_discovery:discover_packages(ignore) using defaults
[0.214s] Level 1:colcon.colcon_core.package_discovery:discover_packages(path) discover
[0.214s] Level 1:colcon.colcon_core.package_discovery:discover_packages(path) using defaults
[0.241s] Level 1:colcon.colcon_core.package_discovery:discover_packages(prefix_path) check parameters
[0.241s] Level 1:colcon.colcon_core.package_discovery:discover_packages(prefix_path) discover
[0.243s] DEBUG:colcon.colcon_installed_package_information.package_discovery:Found 8 installed packages in /home/xsm/R1_ws/install
[0.244s] DEBUG:colcon.colcon_installed_package_information.package_discovery:Found 336 installed packages in /opt/ros/humble
[0.245s] Level 1:colcon.colcon_core.package_discovery:discover_packages(prefix_path) using defaults
[0.275s] Level 5:colcon.colcon_core.verb:set package 'gui_pkg' build argument 'cmake_args' from command line to '['-DCMAKE_EXPORT_COMPILE_COMMANDS=ON']'
[0.276s] Level 5:colcon.colcon_core.verb:set package 'gui_pkg' build argument 'cmake_target' from command line to 'None'
[0.276s] Level 5:colcon.colcon_core.verb:set package 'gui_pkg' build argument 'cmake_target_skip_unavailable' from command line to 'False'
[0.276s] Level 5:colcon.colcon_core.verb:set package 'gui_pkg' build argument 'cmake_clean_cache' from command line to 'False'
[0.276s] Level 5:colcon.colcon_core.verb:set package 'gui_pkg' build argument 'cmake_clean_first' from command line to 'False'
[0.276s] Level 5:colcon.colcon_core.verb:set package 'gui_pkg' build argument 'cmake_force_configure' from command line to 'False'
[0.276s] Level 5:colcon.colcon_core.verb:set package 'gui_pkg' build argument 'ament_cmake_args' from command line to 'None'
[0.276s] Level 5:colcon.colcon_core.verb:set package 'gui_pkg' build argument 'catkin_cmake_args' from command line to 'None'
[0.276s] Level 5:colcon.colcon_core.verb:set package 'gui_pkg' build argument 'catkin_skip_building_tests' from command line to 'False'
[0.276s] DEBUG:colcon.colcon_core.verb:Building package 'gui_pkg' with the following arguments: {'ament_cmake_args': None, 'build_base': '/home/xsm/R1_ws/build/gui_pkg', 'catkin_cmake_args': None, 'catkin_skip_building_tests': False, 'cmake_args': ['-DCMAKE_EXPORT_COMPILE_COMMANDS=ON'], 'cmake_clean_cache': False, 'cmake_clean_first': False, 'cmake_force_configure': False, 'cmake_target': None, 'cmake_target_skip_unavailable': False, 'install_base': '/home/xsm/R1_ws/install/gui_pkg', 'merge_install': False, 'path': '/home/xsm/R1_ws/src/gui_pkg', 'symlink_install': False, 'test_result_base': None}
[0.276s] Level 5:colcon.colcon_core.verb:set package 'lock_utils' build argument 'cmake_args' from command line to '['-DCMAKE_EXPORT_COMPILE_COMMANDS=ON']'
[0.276s] Level 5:colcon.colcon_core.verb:set package 'lock_utils' build argument 'cmake_target' from command line to 'None'
[0.276s] Level 5:colcon.colcon_core.verb:set package 'lock_utils' build argument 'cmake_target_skip_unavailable' from command line to 'False'
[0.276s] Level 5:colcon.colcon_core.verb:set package 'lock_utils' build argument 'cmake_clean_cache' from command line to 'False'
[0.276s] Level 5:colcon.colcon_core.verb:set package 'lock_utils' build argument 'cmake_clean_first' from command line to 'False'
[0.276s] Level 5:colcon.colcon_core.verb:set package 'lock_utils' build argument 'cmake_force_configure' from command line to 'False'
[0.276s] Level 5:colcon.colcon_core.verb:set package 'lock_utils' build argument 'ament_cmake_args' from command line to 'None'
[0.276s] Level 5:colcon.colcon_core.verb:set package 'lock_utils' build argument 'catkin_cmake_args' from command line to 'None'
[0.276s] Level 5:colcon.colcon_core.verb:set package 'lock_utils' build argument 'catkin_skip_building_tests' from command line to 'False'
[0.276s] DEBUG:colcon.colcon_core.verb:Building package 'lock_utils' with the following arguments: {'ament_cmake_args': None, 'build_base': '/home/xsm/R1_ws/build/lock_utils', 'catkin_cmake_args': None, 'catkin_skip_building_tests': False, 'cmake_args': ['-DCMAKE_EXPORT_COMPILE_COMMANDS=ON'], 'cmake_clean_cache': False, 'cmake_clean_first': False, 'cmake_force_configure': False, 'cmake_target': None, 'cmake_target_skip_unavailable': False, 'install_base': '/home/xsm/R1_ws/install/lock_utils', 'merge_install': False, 'path': '/home/xsm/R1_ws/src/public/lock_utils', 'symlink_install': False, 'test_result_base': None}
[0.276s] Level 5:colcon.colcon_core.verb:set package 'mit_msgs' build argument 'cmake_args' from command line to '['-DCMAKE_EXPORT_COMPILE_COMMANDS=ON']'
[0.276s] Level 5:colcon.colcon_core.verb:set package 'mit_msgs' build argument 'cmake_target' from command line to 'None'
[0.276s] Level 5:colcon.colcon_core.verb:set package 'mit_msgs' build argument 'cmake_target_skip_unavailable' from command line to 'False'
[0.276s] Level 5:colcon.colcon_core.verb:set package 'mit_msgs' build argument 'cmake_clean_cache' from command line to 'False'
[0.277s] Level 5:colcon.colcon_core.verb:set package 'mit_msgs' build argument 'cmake_clean_first' from command line to 'False'
[0.277s] Level 5:colcon.colcon_core.verb:set package 'mit_msgs' build argument 'cmake_force_configure' from command line to 'False'
[0.277s] Level 5:colcon.colcon_core.verb:set package 'mit_msgs' build argument 'ament_cmake_args' from command line to 'None'
[0.277s] Level 5:colcon.colcon_core.verb:set package 'mit_msgs' build argument 'catkin_cmake_args' from command line to 'None'
[0.277s] Level 5:colcon.colcon_core.verb:set package 'mit_msgs' build argument 'catkin_skip_building_tests' from command line to 'False'
[0.277s] DEBUG:colcon.colcon_core.verb:Building package 'mit_msgs' with the following arguments: {'ament_cmake_args': None, 'build_base': '/home/xsm/R1_ws/build/mit_msgs', 'catkin_cmake_args': None, 'catkin_skip_building_tests': False, 'cmake_args': ['-DCMAKE_EXPORT_COMPILE_COMMANDS=ON'], 'cmake_clean_cache': False, 'cmake_clean_first': False, 'cmake_force_configure': False, 'cmake_target': None, 'cmake_target_skip_unavailable': False, 'install_base': '/home/xsm/R1_ws/install/mit_msgs', 'merge_install': False, 'path': '/home/xsm/R1_ws/src/public/mit_msgs', 'symlink_install': False, 'test_result_base': None}
[0.277s] Level 5:colcon.colcon_core.verb:set package 'optimal_control_problem' build argument 'cmake_args' from command line to '['-DCMAKE_EXPORT_COMPILE_COMMANDS=ON']'
[0.277s] Level 5:colcon.colcon_core.verb:set package 'optimal_control_problem' build argument 'cmake_target' from command line to 'None'
[0.277s] Level 5:colcon.colcon_core.verb:set package 'optimal_control_problem' build argument 'cmake_target_skip_unavailable' from command line to 'False'
[0.277s] Level 5:colcon.colcon_core.verb:set package 'optimal_control_problem' build argument 'cmake_clean_cache' from command line to 'False'
[0.277s] Level 5:colcon.colcon_core.verb:set package 'optimal_control_problem' build argument 'cmake_clean_first' from command line to 'False'
[0.277s] Level 5:colcon.colcon_core.verb:set package 'optimal_control_problem' build argument 'cmake_force_configure' from command line to 'False'
[0.277s] Level 5:colcon.colcon_core.verb:set package 'optimal_control_problem' build argument 'ament_cmake_args' from command line to 'None'
[0.277s] Level 5:colcon.colcon_core.verb:set package 'optimal_control_problem' build argument 'catkin_cmake_args' from command line to 'None'
[0.277s] Level 5:colcon.colcon_core.verb:set package 'optimal_control_problem' build argument 'catkin_skip_building_tests' from command line to 'False'
[0.277s] DEBUG:colcon.colcon_core.verb:Building package 'optimal_control_problem' with the following arguments: {'ament_cmake_args': None, 'build_base': '/home/xsm/R1_ws/build/optimal_control_problem', 'catkin_cmake_args': None, 'catkin_skip_building_tests': False, 'cmake_args': ['-DCMAKE_EXPORT_COMPILE_COMMANDS=ON'], 'cmake_clean_cache': False, 'cmake_clean_first': False, 'cmake_force_configure': False, 'cmake_target': None, 'cmake_target_skip_unavailable': False, 'install_base': '/home/xsm/R1_ws/install/optimal_control_problem', 'merge_install': False, 'path': '/home/xsm/R1_ws/src/public/OptimalControlProblem', 'symlink_install': False, 'test_result_base': None}
[0.277s] Level 5:colcon.colcon_core.verb:set package 'xsm_msg' build argument 'cmake_args' from command line to '['-DCMAKE_EXPORT_COMPILE_COMMANDS=ON']'
[0.277s] Level 5:colcon.colcon_core.verb:set package 'xsm_msg' build argument 'cmake_target' from command line to 'None'
[0.277s] Level 5:colcon.colcon_core.verb:set package 'xsm_msg' build argument 'cmake_target_skip_unavailable' from command line to 'False'
[0.277s] Level 5:colcon.colcon_core.verb:set package 'xsm_msg' build argument 'cmake_clean_cache' from command line to 'False'
[0.277s] Level 5:colcon.colcon_core.verb:set package 'xsm_msg' build argument 'cmake_clean_first' from command line to 'False'
[0.277s] Level 5:colcon.colcon_core.verb:set package 'xsm_msg' build argument 'cmake_force_configure' from command line to 'False'
[0.277s] Level 5:colcon.colcon_core.verb:set package 'xsm_msg' build argument 'ament_cmake_args' from command line to 'None'
[0.277s] Level 5:colcon.colcon_core.verb:set package 'xsm_msg' build argument 'catkin_cmake_args' from command line to 'None'
[0.277s] Level 5:colcon.colcon_core.verb:set package 'xsm_msg' build argument 'catkin_skip_building_tests' from command line to 'False'
[0.277s] DEBUG:colcon.colcon_core.verb:Building package 'xsm_msg' with the following arguments: {'ament_cmake_args': None, 'build_base': '/home/xsm/R1_ws/build/xsm_msg', 'catkin_cmake_args': None, 'catkin_skip_building_tests': False, 'cmake_args': ['-DCMAKE_EXPORT_COMPILE_COMMANDS=ON'], 'cmake_clean_cache': False, 'cmake_clean_first': False, 'cmake_force_configure': False, 'cmake_target': None, 'cmake_target_skip_unavailable': False, 'install_base': '/home/xsm/R1_ws/install/xsm_msg', 'merge_install': False, 'path': '/home/xsm/R1_ws/src/xsm_msg', 'symlink_install': False, 'test_result_base': None}
[0.278s] Level 5:colcon.colcon_core.verb:set package 'armForwardkinematics' build argument 'cmake_args' from command line to '['-DCMAKE_EXPORT_COMPILE_COMMANDS=ON']'
[0.278s] Level 5:colcon.colcon_core.verb:set package 'armForwardkinematics' build argument 'cmake_target' from command line to 'None'
[0.278s] Level 5:colcon.colcon_core.verb:set package 'armForwardkinematics' build argument 'cmake_target_skip_unavailable' from command line to 'False'
[0.278s] Level 5:colcon.colcon_core.verb:set package 'armForwardkinematics' build argument 'cmake_clean_cache' from command line to 'False'
[0.278s] Level 5:colcon.colcon_core.verb:set package 'armForwardkinematics' build argument 'cmake_clean_first' from command line to 'False'
[0.278s] Level 5:colcon.colcon_core.verb:set package 'armForwardkinematics' build argument 'cmake_force_configure' from command line to 'False'
[0.278s] Level 5:colcon.colcon_core.verb:set package 'armForwardkinematics' build argument 'ament_cmake_args' from command line to 'None'
[0.278s] Level 5:colcon.colcon_core.verb:set package 'armForwardkinematics' build argument 'catkin_cmake_args' from command line to 'None'
[0.278s] Level 5:colcon.colcon_core.verb:set package 'armForwardkinematics' build argument 'catkin_skip_building_tests' from command line to 'False'
[0.278s] DEBUG:colcon.colcon_core.verb:Building package 'armForwardkinematics' with the following arguments: {'ament_cmake_args': None, 'build_base': '/home/xsm/R1_ws/build/armForwardkinematics', 'catkin_cmake_args': None, 'catkin_skip_building_tests': False, 'cmake_args': ['-DCMAKE_EXPORT_COMPILE_COMMANDS=ON'], 'cmake_clean_cache': False, 'cmake_clean_first': False, 'cmake_force_configure': False, 'cmake_target': None, 'cmake_target_skip_unavailable': False, 'install_base': '/home/xsm/R1_ws/install/armForwardkinematics', 'merge_install': False, 'path': '/home/xsm/R1_ws/src/armForwardkinematics', 'symlink_install': False, 'test_result_base': None}
[0.278s] Level 5:colcon.colcon_core.verb:set package 'arm_dynamics_hw' build argument 'cmake_args' from command line to '['-DCMAKE_EXPORT_COMPILE_COMMANDS=ON']'
[0.278s] Level 5:colcon.colcon_core.verb:set package 'arm_dynamics_hw' build argument 'cmake_target' from command line to 'None'
[0.278s] Level 5:colcon.colcon_core.verb:set package 'arm_dynamics_hw' build argument 'cmake_target_skip_unavailable' from command line to 'False'
[0.278s] Level 5:colcon.colcon_core.verb:set package 'arm_dynamics_hw' build argument 'cmake_clean_cache' from command line to 'False'
[0.278s] Level 5:colcon.colcon_core.verb:set package 'arm_dynamics_hw' build argument 'cmake_clean_first' from command line to 'False'
[0.278s] Level 5:colcon.colcon_core.verb:set package 'arm_dynamics_hw' build argument 'cmake_force_configure' from command line to 'False'
[0.278s] Level 5:colcon.colcon_core.verb:set package 'arm_dynamics_hw' build argument 'ament_cmake_args' from command line to 'None'
[0.278s] Level 5:colcon.colcon_core.verb:set package 'arm_dynamics_hw' build argument 'catkin_cmake_args' from command line to 'None'
[0.278s] Level 5:colcon.colcon_core.verb:set package 'arm_dynamics_hw' build argument 'catkin_skip_building_tests' from command line to 'False'
[0.278s] DEBUG:colcon.colcon_core.verb:Building package 'arm_dynamics_hw' with the following arguments: {'ament_cmake_args': None, 'build_base': '/home/xsm/R1_ws/build/arm_dynamics_hw', 'catkin_cmake_args': None, 'catkin_skip_building_tests': False, 'cmake_args': ['-DCMAKE_EXPORT_COMPILE_COMMANDS=ON'], 'cmake_clean_cache': False, 'cmake_clean_first': False, 'cmake_force_configure': False, 'cmake_target': None, 'cmake_target_skip_unavailable': False, 'install_base': '/home/xsm/R1_ws/install/arm_dynamics_hw', 'merge_install': False, 'path': '/home/xsm/R1_ws/src/arm_dynamics_hw', 'symlink_install': False, 'test_result_base': None}
[0.278s] INFO:colcon.colcon_core.executor:Executing jobs using 'parallel' executor
[0.279s] DEBUG:colcon.colcon_parallel_executor.executor.parallel:run_until_complete
[0.279s] INFO:colcon.colcon_ros.task.ament_cmake.build:Building ROS package in '/home/xsm/R1_ws/src/public/mit_msgs' with build type 'ament_cmake'
[0.279s] INFO:colcon.colcon_cmake.task.cmake.build:Building CMake package in '/home/xsm/R1_ws/src/public/mit_msgs'
[0.281s] INFO:colcon.colcon_core.plugin_system:Skipping extension 'colcon_core.shell.bat': Not used on non-Windows systems
[0.281s] INFO:colcon.colcon_core.shell:Skip shell extension 'powershell' for command environment: Not usable outside of PowerShell
[0.281s] DEBUG:colcon.colcon_core.shell:Skip shell extension 'dsv' for command environment
[0.284s] INFO:colcon.colcon_ros.task.ament_cmake.build:Building ROS package in '/home/xsm/R1_ws/src/public/lock_utils' with build type 'ament_cmake'
[0.284s] INFO:colcon.colcon_cmake.task.cmake.build:Building CMake package in '/home/xsm/R1_ws/src/public/lock_utils'
[0.284s] INFO:colcon.colcon_core.shell:Skip shell extension 'powershell' for command environment: Not usable outside of PowerShell
[0.284s] DEBUG:colcon.colcon_core.shell:Skip shell extension 'dsv' for command environment
[0.287s] INFO:colcon.colcon_ros.task.ament_python.build:Building ROS package in '/home/xsm/R1_ws/src/gui_pkg' with build type 'ament_python'
[0.287s] Level 1:colcon.colcon_core.shell:create_environment_hook('gui_pkg', 'ament_prefix_path')
[0.287s] INFO:colcon.colcon_core.shell:Creating environment hook '/home/xsm/R1_ws/install/gui_pkg/share/gui_pkg/hook/ament_prefix_path.ps1'
[0.288s] INFO:colcon.colcon_core.shell:Creating environment descriptor '/home/xsm/R1_ws/install/gui_pkg/share/gui_pkg/hook/ament_prefix_path.dsv'
[0.288s] INFO:colcon.colcon_core.shell:Creating environment hook '/home/xsm/R1_ws/install/gui_pkg/share/gui_pkg/hook/ament_prefix_path.sh'
[0.289s] INFO:colcon.colcon_core.shell:Skip shell extension 'powershell' for command environment: Not usable outside of PowerShell
[0.289s] DEBUG:colcon.colcon_core.shell:Skip shell extension 'dsv' for command environment
[0.292s] INFO:colcon.colcon_ros.task.ament_cmake.build:Building ROS package in '/home/xsm/R1_ws/src/public/OptimalControlProblem' with build type 'ament_cmake'
[0.292s] INFO:colcon.colcon_cmake.task.cmake.build:Building CMake package in '/home/xsm/R1_ws/src/public/OptimalControlProblem'
[0.292s] INFO:colcon.colcon_core.shell:Skip shell extension 'powershell' for command environment: Not usable outside of PowerShell
[0.293s] DEBUG:colcon.colcon_core.shell:Skip shell extension 'dsv' for command environment
[0.296s] INFO:colcon.colcon_ros.task.ament_cmake.build:Building ROS package in '/home/xsm/R1_ws/src/xsm_msg' with build type 'ament_cmake'
[0.296s] INFO:colcon.colcon_cmake.task.cmake.build:Building CMake package in '/home/xsm/R1_ws/src/xsm_msg'
[0.296s] INFO:colcon.colcon_core.shell:Skip shell extension 'powershell' for command environment: Not usable outside of PowerShell
[0.296s] DEBUG:colcon.colcon_core.shell:Skip shell extension 'dsv' for command environment
[0.304s] DEBUG:colcon.colcon_core.event_handler.log_command:Invoking command in '/home/xsm/R1_ws/build/mit_msgs': CMAKE_PREFIX_PATH=${CMAKE_PREFIX_PATH}:/home/xsm/R1_ws/install/gui_pkg:/opt/ros/humble /usr/bin/cmake --build /home/xsm/R1_ws/build/mit_msgs -- -j16 -l16
[0.307s] DEBUG:colcon.colcon_core.event_handler.log_command:Invoking command in '/home/xsm/R1_ws/build/lock_utils': CMAKE_PREFIX_PATH=${CMAKE_PREFIX_PATH}:/home/xsm/R1_ws/install/gui_pkg:/opt/ros/humble /usr/bin/cmake --build /home/xsm/R1_ws/build/lock_utils -- -j16 -l16
[0.529s] INFO:colcon.colcon_core.task.python.build:Building Python package in '/home/xsm/R1_ws/src/gui_pkg'
[0.529s] INFO:colcon.colcon_core.shell:Skip shell extension 'powershell' for command environment: Not usable outside of PowerShell
[0.530s] DEBUG:colcon.colcon_core.shell:Skip shell extension 'dsv' for command environment
[0.540s] DEBUG:colcon.colcon_core.event_handler.log_command:Invoking command in '/home/xsm/R1_ws/build/optimal_control_problem': CMAKE_PREFIX_PATH=${CMAKE_PREFIX_PATH}:/home/xsm/R1_ws/install/gui_pkg:/opt/ros/humble /usr/bin/cmake --build /home/xsm/R1_ws/build/optimal_control_problem -- -j16 -l16
[0.544s] DEBUG:colcon.colcon_core.event_handler.log_command:Invoking command in '/home/xsm/R1_ws/build/xsm_msg': CMAKE_PREFIX_PATH=${CMAKE_PREFIX_PATH}:/home/xsm/R1_ws/install/gui_pkg:/opt/ros/humble /usr/bin/cmake --build /home/xsm/R1_ws/build/xsm_msg -- -j16 -l16
[0.545s] DEBUG:colcon.colcon_core.event_handler.log_command:Invoked command in '/home/xsm/R1_ws/build/lock_utils' returned '0': CMAKE_PREFIX_PATH=${CMAKE_PREFIX_PATH}:/home/xsm/R1_ws/install/gui_pkg:/opt/ros/humble /usr/bin/cmake --build /home/xsm/R1_ws/build/lock_utils -- -j16 -l16
[0.623s] DEBUG:colcon.colcon_core.event_handler.log_command:Invoking command in '/home/xsm/R1_ws/build/lock_utils': CMAKE_PREFIX_PATH=${CMAKE_PREFIX_PATH}:/home/xsm/R1_ws/install/gui_pkg:/opt/ros/humble /usr/bin/cmake --install /home/xsm/R1_ws/build/lock_utils
[0.632s] DEBUG:colcon.colcon_core.event_handler.log_command:Invoked command in '/home/xsm/R1_ws/build/optimal_control_problem' returned '0': CMAKE_PREFIX_PATH=${CMAKE_PREFIX_PATH}:/home/xsm/R1_ws/install/gui_pkg:/opt/ros/humble /usr/bin/cmake --build /home/xsm/R1_ws/build/optimal_control_problem -- -j16 -l16
[0.638s] Level 1:colcon.colcon_core.environment:create_environment_scripts_only(lock_utils)
[0.639s] DEBUG:colcon.colcon_core.event_handler.log_command:Invoked command in '/home/xsm/R1_ws/build/lock_utils' returned '0': CMAKE_PREFIX_PATH=${CMAKE_PREFIX_PATH}:/home/xsm/R1_ws/install/gui_pkg:/opt/ros/humble /usr/bin/cmake --install /home/xsm/R1_ws/build/lock_utils
[0.642s] Level 1:colcon.colcon_core.environment:checking '/home/xsm/R1_ws/install/lock_utils' for CMake module files
[0.643s] Level 1:colcon.colcon_core.environment:checking '/home/xsm/R1_ws/install/lock_utils' for CMake config files
[0.643s] Level 1:colcon.colcon_core.shell:create_environment_hook('lock_utils', 'cmake_prefix_path')
[0.644s] INFO:colcon.colcon_core.shell:Creating environment hook '/home/xsm/R1_ws/install/lock_utils/share/lock_utils/hook/cmake_prefix_path.ps1'
[0.644s] INFO:colcon.colcon_core.shell:Creating environment descriptor '/home/xsm/R1_ws/install/lock_utils/share/lock_utils/hook/cmake_prefix_path.dsv'
[0.645s] INFO:colcon.colcon_core.shell:Creating environment hook '/home/xsm/R1_ws/install/lock_utils/share/lock_utils/hook/cmake_prefix_path.sh'
[0.646s] Level 1:colcon.colcon_core.environment:checking '/home/xsm/R1_ws/install/lock_utils/lib'
[0.646s] Level 1:colcon.colcon_core.shell:create_environment_hook('lock_utils', 'ld_library_path_lib')
[0.646s] INFO:colcon.colcon_core.shell:Creating environment hook '/home/xsm/R1_ws/install/lock_utils/share/lock_utils/hook/ld_library_path_lib.ps1'
[0.647s] INFO:colcon.colcon_core.shell:Creating environment descriptor '/home/xsm/R1_ws/install/lock_utils/share/lock_utils/hook/ld_library_path_lib.dsv'
[0.647s] INFO:colcon.colcon_core.shell:Creating environment hook '/home/xsm/R1_ws/install/lock_utils/share/lock_utils/hook/ld_library_path_lib.sh'
[0.648s] Level 1:colcon.colcon_core.environment:checking '/home/xsm/R1_ws/install/lock_utils/bin'
[0.648s] Level 1:colcon.colcon_core.environment:checking '/home/xsm/R1_ws/install/lock_utils/lib/pkgconfig/lock_utils.pc'
[0.648s] Level 1:colcon.colcon_core.environment:checking '/home/xsm/R1_ws/install/lock_utils/lib/python3.10/site-packages'
[0.648s] Level 1:colcon.colcon_core.environment:checking '/home/xsm/R1_ws/install/lock_utils/bin'
[0.649s] INFO:colcon.colcon_core.shell:Creating package script '/home/xsm/R1_ws/install/lock_utils/share/lock_utils/package.ps1'
[0.650s] INFO:colcon.colcon_core.shell:Creating package descriptor '/home/xsm/R1_ws/install/lock_utils/share/lock_utils/package.dsv'
[0.651s] INFO:colcon.colcon_core.shell:Creating package script '/home/xsm/R1_ws/install/lock_utils/share/lock_utils/package.sh'
[0.652s] INFO:colcon.colcon_core.shell:Creating package script '/home/xsm/R1_ws/install/lock_utils/share/lock_utils/package.bash'
[0.653s] INFO:colcon.colcon_core.shell:Creating package script '/home/xsm/R1_ws/install/lock_utils/share/lock_utils/package.zsh'
[0.654s] Level 1:colcon.colcon_core.environment:create_file_with_runtime_dependencies(/home/xsm/R1_ws/install/lock_utils/share/colcon-core/packages/lock_utils)
[0.700s] DEBUG:colcon.colcon_core.event_handler.log_command:Invoking command in '/home/xsm/R1_ws/build/optimal_control_problem': CMAKE_PREFIX_PATH=${CMAKE_PREFIX_PATH}:/home/xsm/R1_ws/install/gui_pkg:/opt/ros/humble /usr/bin/cmake --install /home/xsm/R1_ws/build/optimal_control_problem
[0.704s] DEBUG:colcon.colcon_core.event_handler.log_command:Invoked command in '/home/xsm/R1_ws/build/mit_msgs' returned '0': CMAKE_PREFIX_PATH=${CMAKE_PREFIX_PATH}:/home/xsm/R1_ws/install/gui_pkg:/opt/ros/humble /usr/bin/cmake --build /home/xsm/R1_ws/build/mit_msgs -- -j16 -l16
[0.714s] Level 1:colcon.colcon_core.environment:create_environment_scripts_only(optimal_control_problem)
[0.714s] Level 1:colcon.colcon_core.environment:checking '/home/xsm/R1_ws/install/optimal_control_problem' for CMake module files
[0.715s] DEBUG:colcon.colcon_core.event_handler.log_command:Invoked command in '/home/xsm/R1_ws/build/optimal_control_problem' returned '0': CMAKE_PREFIX_PATH=${CMAKE_PREFIX_PATH}:/home/xsm/R1_ws/install/gui_pkg:/opt/ros/humble /usr/bin/cmake --install /home/xsm/R1_ws/build/optimal_control_problem
[0.715s] Level 1:colcon.colcon_core.environment:checking '/home/xsm/R1_ws/install/optimal_control_problem' for CMake config files
[0.716s] Level 1:colcon.colcon_core.shell:create_environment_hook('optimal_control_problem', 'cmake_prefix_path')
[0.716s] INFO:colcon.colcon_core.shell:Creating environment hook '/home/xsm/R1_ws/install/optimal_control_problem/share/optimal_control_problem/hook/cmake_prefix_path.ps1'
[0.717s] INFO:colcon.colcon_core.shell:Creating environment descriptor '/home/xsm/R1_ws/install/optimal_control_problem/share/optimal_control_problem/hook/cmake_prefix_path.dsv'
[0.717s] INFO:colcon.colcon_core.shell:Creating environment hook '/home/xsm/R1_ws/install/optimal_control_problem/share/optimal_control_problem/hook/cmake_prefix_path.sh'
[0.718s] Level 1:colcon.colcon_core.environment:checking '/home/xsm/R1_ws/install/optimal_control_problem/lib'
[0.718s] Level 1:colcon.colcon_core.shell:create_environment_hook('optimal_control_problem', 'ld_library_path_lib')
[0.718s] INFO:colcon.colcon_core.shell:Creating environment hook '/home/xsm/R1_ws/install/optimal_control_problem/share/optimal_control_problem/hook/ld_library_path_lib.ps1'
[0.719s] INFO:colcon.colcon_core.shell:Creating environment descriptor '/home/xsm/R1_ws/install/optimal_control_problem/share/optimal_control_problem/hook/ld_library_path_lib.dsv'
[0.719s] INFO:colcon.colcon_core.shell:Creating environment hook '/home/xsm/R1_ws/install/optimal_control_problem/share/optimal_control_problem/hook/ld_library_path_lib.sh'
[0.719s] Level 1:colcon.colcon_core.environment:checking '/home/xsm/R1_ws/install/optimal_control_problem/bin'
[0.719s] Level 1:colcon.colcon_core.environment:checking '/home/xsm/R1_ws/install/optimal_control_problem/lib/pkgconfig/optimal_control_problem.pc'
[0.720s] Level 1:colcon.colcon_core.environment:checking '/home/xsm/R1_ws/install/optimal_control_problem/lib/python3.10/site-packages'
[0.720s] Level 1:colcon.colcon_core.environment:checking '/home/xsm/R1_ws/install/optimal_control_problem/bin'
[0.720s] INFO:colcon.colcon_core.shell:Creating package script '/home/xsm/R1_ws/install/optimal_control_problem/share/optimal_control_problem/package.ps1'
[0.720s] INFO:colcon.colcon_core.shell:Creating package descriptor '/home/xsm/R1_ws/install/optimal_control_problem/share/optimal_control_problem/package.dsv'
[0.721s] INFO:colcon.colcon_core.shell:Creating package script '/home/xsm/R1_ws/install/optimal_control_problem/share/optimal_control_problem/package.sh'
[0.721s] INFO:colcon.colcon_core.shell:Creating package script '/home/xsm/R1_ws/install/optimal_control_problem/share/optimal_control_problem/package.bash'
[0.722s] INFO:colcon.colcon_core.shell:Creating package script '/home/xsm/R1_ws/install/optimal_control_problem/share/optimal_control_problem/package.zsh'
[0.722s] Level 1:colcon.colcon_core.environment:create_file_with_runtime_dependencies(/home/xsm/R1_ws/install/optimal_control_problem/share/colcon-core/packages/optimal_control_problem)
[0.723s] Level 1:colcon.colcon_core.environment:create_environment_scripts_only(lock_utils)
[0.724s] Level 1:colcon.colcon_core.environment:checking '/home/xsm/R1_ws/install/lock_utils' for CMake module files
[0.724s] Level 1:colcon.colcon_core.environment:checking '/home/xsm/R1_ws/install/lock_utils' for CMake config files
[0.725s] Level 1:colcon.colcon_core.shell:create_environment_hook('lock_utils', 'cmake_prefix_path')
[0.725s] INFO:colcon.colcon_core.shell:Creating environment hook '/home/xsm/R1_ws/install/lock_utils/share/lock_utils/hook/cmake_prefix_path.ps1'
[0.725s] INFO:colcon.colcon_core.shell:Creating environment descriptor '/home/xsm/R1_ws/install/lock_utils/share/lock_utils/hook/cmake_prefix_path.dsv'
[0.726s] INFO:colcon.colcon_core.shell:Creating environment hook '/home/xsm/R1_ws/install/lock_utils/share/lock_utils/hook/cmake_prefix_path.sh'
[0.726s] Level 1:colcon.colcon_core.environment:checking '/home/xsm/R1_ws/install/lock_utils/lib'
[0.726s] Level 1:colcon.colcon_core.shell:create_environment_hook('lock_utils', 'ld_library_path_lib')
[0.726s] INFO:colcon.colcon_core.shell:Creating environment hook '/home/xsm/R1_ws/install/lock_utils/share/lock_utils/hook/ld_library_path_lib.ps1'
[0.727s] INFO:colcon.colcon_core.shell:Creating environment descriptor '/home/xsm/R1_ws/install/lock_utils/share/lock_utils/hook/ld_library_path_lib.dsv'
[0.727s] INFO:colcon.colcon_core.shell:Creating environment hook '/home/xsm/R1_ws/install/lock_utils/share/lock_utils/hook/ld_library_path_lib.sh'
[0.727s] Level 1:colcon.colcon_core.environment:checking '/home/xsm/R1_ws/install/lock_utils/bin'
[0.727s] Level 1:colcon.colcon_core.environment:checking '/home/xsm/R1_ws/install/lock_utils/lib/pkgconfig/lock_utils.pc'
[0.727s] Level 1:colcon.colcon_core.environment:checking '/home/xsm/R1_ws/install/lock_utils/lib/python3.10/site-packages'
[0.728s] Level 1:colcon.colcon_core.environment:checking '/home/xsm/R1_ws/install/lock_utils/bin'
[0.728s] INFO:colcon.colcon_core.shell:Creating package script '/home/xsm/R1_ws/install/lock_utils/share/lock_utils/package.ps1'
[0.728s] INFO:colcon.colcon_core.shell:Creating package descriptor '/home/xsm/R1_ws/install/lock_utils/share/lock_utils/package.dsv'
[0.729s] INFO:colcon.colcon_core.shell:Creating package script '/home/xsm/R1_ws/install/lock_utils/share/lock_utils/package.sh'
[0.729s] INFO:colcon.colcon_core.shell:Creating package script '/home/xsm/R1_ws/install/lock_utils/share/lock_utils/package.bash'
[0.730s] INFO:colcon.colcon_core.shell:Creating package script '/home/xsm/R1_ws/install/lock_utils/share/lock_utils/package.zsh'
[0.730s] Level 1:colcon.colcon_core.environment:create_file_with_runtime_dependencies(/home/xsm/R1_ws/install/lock_utils/share/colcon-core/packages/lock_utils)
[0.781s] Level 1:colcon.colcon_core.environment:create_environment_scripts_only(optimal_control_problem)
[0.781s] Level 1:colcon.colcon_core.environment:checking '/home/xsm/R1_ws/install/optimal_control_problem' for CMake module files
[0.781s] Level 1:colcon.colcon_core.environment:checking '/home/xsm/R1_ws/install/optimal_control_problem' for CMake config files
[0.782s] Level 1:colcon.colcon_core.shell:create_environment_hook('optimal_control_problem', 'cmake_prefix_path')
[0.782s] INFO:colcon.colcon_core.shell:Creating environment hook '/home/xsm/R1_ws/install/optimal_control_problem/share/optimal_control_problem/hook/cmake_prefix_path.ps1'
[0.783s] INFO:colcon.colcon_core.shell:Creating environment descriptor '/home/xsm/R1_ws/install/optimal_control_problem/share/optimal_control_problem/hook/cmake_prefix_path.dsv'
[0.783s] INFO:colcon.colcon_core.shell:Creating environment hook '/home/xsm/R1_ws/install/optimal_control_problem/share/optimal_control_problem/hook/cmake_prefix_path.sh'
[0.783s] Level 1:colcon.colcon_core.environment:checking '/home/xsm/R1_ws/install/optimal_control_problem/lib'
[0.784s] Level 1:colcon.colcon_core.shell:create_environment_hook('optimal_control_problem', 'ld_library_path_lib')
[0.784s] INFO:colcon.colcon_core.shell:Creating environment hook '/home/xsm/R1_ws/install/optimal_control_problem/share/optimal_control_problem/hook/ld_library_path_lib.ps1'
[0.784s] INFO:colcon.colcon_core.shell:Creating environment descriptor '/home/xsm/R1_ws/install/optimal_control_problem/share/optimal_control_problem/hook/ld_library_path_lib.dsv'
[0.784s] INFO:colcon.colcon_core.shell:Creating environment hook '/home/xsm/R1_ws/install/optimal_control_problem/share/optimal_control_problem/hook/ld_library_path_lib.sh'
[0.785s] Level 1:colcon.colcon_core.environment:checking '/home/xsm/R1_ws/install/optimal_control_problem/bin'
[0.785s] Level 1:colcon.colcon_core.environment:checking '/home/xsm/R1_ws/install/optimal_control_problem/lib/pkgconfig/optimal_control_problem.pc'
[0.785s] Level 1:colcon.colcon_core.environment:checking '/home/xsm/R1_ws/install/optimal_control_problem/lib/python3.10/site-packages'
[0.785s] Level 1:colcon.colcon_core.environment:checking '/home/xsm/R1_ws/install/optimal_control_problem/bin'
[0.786s] INFO:colcon.colcon_core.shell:Creating package script '/home/xsm/R1_ws/install/optimal_control_problem/share/optimal_control_problem/package.ps1'
[0.786s] INFO:colcon.colcon_core.shell:Creating package descriptor '/home/xsm/R1_ws/install/optimal_control_problem/share/optimal_control_problem/package.dsv'
[0.787s] INFO:colcon.colcon_core.shell:Creating package script '/home/xsm/R1_ws/install/optimal_control_problem/share/optimal_control_problem/package.sh'
[0.787s] INFO:colcon.colcon_core.shell:Creating package script '/home/xsm/R1_ws/install/optimal_control_problem/share/optimal_control_problem/package.bash'
[0.788s] INFO:colcon.colcon_core.shell:Creating package script '/home/xsm/R1_ws/install/optimal_control_problem/share/optimal_control_problem/package.zsh'
[0.788s] Level 1:colcon.colcon_core.environment:create_file_with_runtime_dependencies(/home/xsm/R1_ws/install/optimal_control_problem/share/colcon-core/packages/optimal_control_problem)
[0.906s] DEBUG:colcon.colcon_core.event_handler.log_command:Invoking command in '/home/xsm/R1_ws/src/gui_pkg': PYTHONPATH=/home/xsm/R1_ws/build/gui_pkg/prefix_override:/usr/lib/python3/dist-packages/colcon_core/task/python/colcon_distutils_commands:/home/xsm/R1_ws/install/gui_pkg/lib/python3.10/site-packages:${PYTHONPATH} /usr/bin/python3 -W ignore:setup.py install is deprecated setup.py egg_info --egg-base ../../build/gui_pkg build --build-base /home/xsm/R1_ws/build/gui_pkg/build install --record /home/xsm/R1_ws/build/gui_pkg/install.log --single-version-externally-managed install_data
[0.935s] DEBUG:colcon.colcon_core.event_handler.log_command:Invoked command in '/home/xsm/R1_ws/build/xsm_msg' returned '0': CMAKE_PREFIX_PATH=${CMAKE_PREFIX_PATH}:/home/xsm/R1_ws/install/gui_pkg:/opt/ros/humble /usr/bin/cmake --build /home/xsm/R1_ws/build/xsm_msg -- -j16 -l16
[1.008s] DEBUG:colcon.colcon_core.event_handler.log_command:Invoking command in '/home/xsm/R1_ws/build/mit_msgs': CMAKE_PREFIX_PATH=${CMAKE_PREFIX_PATH}:/home/xsm/R1_ws/install/gui_pkg:/opt/ros/humble /usr/bin/cmake --install /home/xsm/R1_ws/build/mit_msgs
[1.059s] Level 1:colcon.colcon_core.environment:create_environment_scripts_only(mit_msgs)
[1.059s] Level 1:colcon.colcon_core.environment:checking '/home/xsm/R1_ws/install/mit_msgs' for CMake module files
[1.060s] DEBUG:colcon.colcon_core.event_handler.log_command:Invoked command in '/home/xsm/R1_ws/build/mit_msgs' returned '0': CMAKE_PREFIX_PATH=${CMAKE_PREFIX_PATH}:/home/xsm/R1_ws/install/gui_pkg:/opt/ros/humble /usr/bin/cmake --install /home/xsm/R1_ws/build/mit_msgs
[1.060s] Level 1:colcon.colcon_core.environment:checking '/home/xsm/R1_ws/install/mit_msgs' for CMake config files
[1.061s] Level 1:colcon.colcon_core.shell:create_environment_hook('mit_msgs', 'cmake_prefix_path')
[1.061s] INFO:colcon.colcon_core.shell:Creating environment hook '/home/xsm/R1_ws/install/mit_msgs/share/mit_msgs/hook/cmake_prefix_path.ps1'
[1.061s] INFO:colcon.colcon_core.shell:Creating environment descriptor '/home/xsm/R1_ws/install/mit_msgs/share/mit_msgs/hook/cmake_prefix_path.dsv'
[1.062s] INFO:colcon.colcon_core.shell:Creating environment hook '/home/xsm/R1_ws/install/mit_msgs/share/mit_msgs/hook/cmake_prefix_path.sh'
[1.062s] Level 1:colcon.colcon_core.environment:checking '/home/xsm/R1_ws/install/mit_msgs/lib'
[1.062s] Level 1:colcon.colcon_core.shell:create_environment_hook('mit_msgs', 'ld_library_path_lib')
[1.062s] INFO:colcon.colcon_core.shell:Creating environment hook '/home/xsm/R1_ws/install/mit_msgs/share/mit_msgs/hook/ld_library_path_lib.ps1'
[1.062s] INFO:colcon.colcon_core.shell:Creating environment descriptor '/home/xsm/R1_ws/install/mit_msgs/share/mit_msgs/hook/ld_library_path_lib.dsv'
[1.063s] INFO:colcon.colcon_core.shell:Creating environment hook '/home/xsm/R1_ws/install/mit_msgs/share/mit_msgs/hook/ld_library_path_lib.sh'
[1.063s] Level 1:colcon.colcon_core.environment:checking '/home/xsm/R1_ws/install/mit_msgs/bin'
[1.063s] Level 1:colcon.colcon_core.environment:checking '/home/xsm/R1_ws/install/mit_msgs/lib/pkgconfig/mit_msgs.pc'
[1.063s] Level 1:colcon.colcon_core.environment:checking '/home/xsm/R1_ws/install/mit_msgs/lib/python3.10/site-packages'
[1.063s] Level 1:colcon.colcon_core.environment:checking '/home/xsm/R1_ws/install/mit_msgs/bin'
[1.064s] INFO:colcon.colcon_core.shell:Creating package script '/home/xsm/R1_ws/install/mit_msgs/share/mit_msgs/package.ps1'
[1.064s] INFO:colcon.colcon_core.shell:Creating package descriptor '/home/xsm/R1_ws/install/mit_msgs/share/mit_msgs/package.dsv'
[1.064s] INFO:colcon.colcon_core.shell:Creating package script '/home/xsm/R1_ws/install/mit_msgs/share/mit_msgs/package.sh'
[1.065s] INFO:colcon.colcon_core.shell:Creating package script '/home/xsm/R1_ws/install/mit_msgs/share/mit_msgs/package.bash'
[1.065s] INFO:colcon.colcon_core.shell:Creating package script '/home/xsm/R1_ws/install/mit_msgs/share/mit_msgs/package.zsh'
[1.065s] Level 1:colcon.colcon_core.environment:create_file_with_runtime_dependencies(/home/xsm/R1_ws/install/mit_msgs/share/colcon-core/packages/mit_msgs)
[1.098s] DEBUG:colcon.colcon_core.event_handler.log_command:Invoking command in '/home/xsm/R1_ws/build/xsm_msg': CMAKE_PREFIX_PATH=${CMAKE_PREFIX_PATH}:/home/xsm/R1_ws/install/gui_pkg:/opt/ros/humble /usr/bin/cmake --install /home/xsm/R1_ws/build/xsm_msg
[1.155s] Level 1:colcon.colcon_core.environment:checking '/home/xsm/R1_ws/install/gui_pkg' for CMake module files
[1.156s] DEBUG:colcon.colcon_core.event_handler.log_command:Invoked command in '/home/xsm/R1_ws/src/gui_pkg' returned '0': PYTHONPATH=/home/xsm/R1_ws/build/gui_pkg/prefix_override:/usr/lib/python3/dist-packages/colcon_core/task/python/colcon_distutils_commands:/home/xsm/R1_ws/install/gui_pkg/lib/python3.10/site-packages:${PYTHONPATH} /usr/bin/python3 -W ignore:setup.py install is deprecated setup.py egg_info --egg-base ../../build/gui_pkg build --build-base /home/xsm/R1_ws/build/gui_pkg/build install --record /home/xsm/R1_ws/build/gui_pkg/install.log --single-version-externally-managed install_data
[1.156s] Level 1:colcon.colcon_core.environment:checking '/home/xsm/R1_ws/install/gui_pkg' for CMake config files
[1.157s] Level 1:colcon.colcon_core.environment:checking '/home/xsm/R1_ws/install/gui_pkg/lib'
[1.157s] Level 1:colcon.colcon_core.environment:checking '/home/xsm/R1_ws/install/gui_pkg/bin'
[1.157s] Level 1:colcon.colcon_core.environment:checking '/home/xsm/R1_ws/install/gui_pkg/lib/pkgconfig/gui_pkg.pc'
[1.157s] Level 1:colcon.colcon_core.environment:checking '/home/xsm/R1_ws/install/gui_pkg/lib/python3.10/site-packages'
[1.157s] Level 1:colcon.colcon_core.shell:create_environment_hook('gui_pkg', 'pythonpath')
[1.157s] INFO:colcon.colcon_core.shell:Creating environment hook '/home/xsm/R1_ws/install/gui_pkg/share/gui_pkg/hook/pythonpath.ps1'
[1.158s] INFO:colcon.colcon_core.shell:Creating environment descriptor '/home/xsm/R1_ws/install/gui_pkg/share/gui_pkg/hook/pythonpath.dsv'
[1.158s] INFO:colcon.colcon_core.shell:Creating environment hook '/home/xsm/R1_ws/install/gui_pkg/share/gui_pkg/hook/pythonpath.sh'
[1.159s] Level 1:colcon.colcon_core.environment:checking '/home/xsm/R1_ws/install/gui_pkg/bin'
[1.159s] Level 1:colcon.colcon_core.environment:create_environment_scripts_only(gui_pkg)
[1.159s] INFO:colcon.colcon_core.shell:Creating package script '/home/xsm/R1_ws/install/gui_pkg/share/gui_pkg/package.ps1'
[1.159s] INFO:colcon.colcon_core.shell:Creating package descriptor '/home/xsm/R1_ws/install/gui_pkg/share/gui_pkg/package.dsv'
[1.160s] INFO:colcon.colcon_core.shell:Creating package script '/home/xsm/R1_ws/install/gui_pkg/share/gui_pkg/package.sh'
[1.160s] INFO:colcon.colcon_core.shell:Creating package script '/home/xsm/R1_ws/install/gui_pkg/share/gui_pkg/package.bash'
[1.160s] INFO:colcon.colcon_core.shell:Creating package script '/home/xsm/R1_ws/install/gui_pkg/share/gui_pkg/package.zsh'
[1.160s] Level 1:colcon.colcon_core.environment:create_file_with_runtime_dependencies(/home/xsm/R1_ws/install/gui_pkg/share/colcon-core/packages/gui_pkg)
[1.161s] Level 1:colcon.colcon_core.environment:create_environment_scripts_only(xsm_msg)
[1.161s] Level 1:colcon.colcon_core.environment:checking '/home/xsm/R1_ws/install/xsm_msg' for CMake module files
[1.162s] DEBUG:colcon.colcon_core.event_handler.log_command:Invoked command in '/home/xsm/R1_ws/build/xsm_msg' returned '0': CMAKE_PREFIX_PATH=${CMAKE_PREFIX_PATH}:/home/xsm/R1_ws/install/gui_pkg:/opt/ros/humble /usr/bin/cmake --install /home/xsm/R1_ws/build/xsm_msg
[1.162s] Level 1:colcon.colcon_core.environment:checking '/home/xsm/R1_ws/install/xsm_msg' for CMake config files
[1.163s] Level 1:colcon.colcon_core.shell:create_environment_hook('xsm_msg', 'cmake_prefix_path')
[1.163s] INFO:colcon.colcon_core.shell:Creating environment hook '/home/xsm/R1_ws/install/xsm_msg/share/xsm_msg/hook/cmake_prefix_path.ps1'
[1.163s] INFO:colcon.colcon_core.shell:Creating environment descriptor '/home/xsm/R1_ws/install/xsm_msg/share/xsm_msg/hook/cmake_prefix_path.dsv'
[1.163s] INFO:colcon.colcon_core.shell:Creating environment hook '/home/xsm/R1_ws/install/xsm_msg/share/xsm_msg/hook/cmake_prefix_path.sh'
[1.164s] Level 1:colcon.colcon_core.environment:checking '/home/xsm/R1_ws/install/xsm_msg/lib'
[1.164s] Level 1:colcon.colcon_core.shell:create_environment_hook('xsm_msg', 'ld_library_path_lib')
[1.164s] INFO:colcon.colcon_core.shell:Creating environment hook '/home/xsm/R1_ws/install/xsm_msg/share/xsm_msg/hook/ld_library_path_lib.ps1'
[1.164s] INFO:colcon.colcon_core.shell:Creating environment descriptor '/home/xsm/R1_ws/install/xsm_msg/share/xsm_msg/hook/ld_library_path_lib.dsv'
[1.165s] INFO:colcon.colcon_core.shell:Creating environment hook '/home/xsm/R1_ws/install/xsm_msg/share/xsm_msg/hook/ld_library_path_lib.sh'
[1.165s] Level 1:colcon.colcon_core.environment:checking '/home/xsm/R1_ws/install/xsm_msg/bin'
[1.165s] Level 1:colcon.colcon_core.environment:checking '/home/xsm/R1_ws/install/xsm_msg/lib/pkgconfig/xsm_msg.pc'
[1.165s] Level 1:colcon.colcon_core.environment:checking '/home/xsm/R1_ws/install/xsm_msg/lib/python3.10/site-packages'
[1.165s] Level 1:colcon.colcon_core.environment:checking '/home/xsm/R1_ws/install/xsm_msg/bin'
[1.165s] INFO:colcon.colcon_core.shell:Creating package script '/home/xsm/R1_ws/install/xsm_msg/share/xsm_msg/package.ps1'
[1.166s] INFO:colcon.colcon_core.shell:Creating package descriptor '/home/xsm/R1_ws/install/xsm_msg/share/xsm_msg/package.dsv'
[1.166s] INFO:colcon.colcon_core.shell:Creating package script '/home/xsm/R1_ws/install/xsm_msg/share/xsm_msg/package.sh'
[1.166s] INFO:colcon.colcon_core.shell:Creating package script '/home/xsm/R1_ws/install/xsm_msg/share/xsm_msg/package.bash'
[1.167s] INFO:colcon.colcon_core.shell:Creating package script '/home/xsm/R1_ws/install/xsm_msg/share/xsm_msg/package.zsh'
[1.167s] Level 1:colcon.colcon_core.environment:create_file_with_runtime_dependencies(/home/xsm/R1_ws/install/xsm_msg/share/colcon-core/packages/xsm_msg)
[1.329s] Level 1:colcon.colcon_core.environment:create_environment_scripts_only(xsm_msg)
[1.329s] Level 1:colcon.colcon_core.environment:checking '/home/xsm/R1_ws/install/xsm_msg' for CMake module files
[1.330s] Level 1:colcon.colcon_core.environment:checking '/home/xsm/R1_ws/install/xsm_msg' for CMake config files
[1.330s] Level 1:colcon.colcon_core.shell:create_environment_hook('xsm_msg', 'cmake_prefix_path')
[1.330s] INFO:colcon.colcon_core.shell:Creating environment hook '/home/xsm/R1_ws/install/xsm_msg/share/xsm_msg/hook/cmake_prefix_path.ps1'
[1.331s] INFO:colcon.colcon_core.shell:Creating environment descriptor '/home/xsm/R1_ws/install/xsm_msg/share/xsm_msg/hook/cmake_prefix_path.dsv'
[1.331s] INFO:colcon.colcon_core.shell:Creating environment hook '/home/xsm/R1_ws/install/xsm_msg/share/xsm_msg/hook/cmake_prefix_path.sh'
[1.332s] Level 1:colcon.colcon_core.environment:checking '/home/xsm/R1_ws/install/xsm_msg/lib'
[1.332s] Level 1:colcon.colcon_core.shell:create_environment_hook('xsm_msg', 'ld_library_path_lib')
[1.332s] INFO:colcon.colcon_core.shell:Creating environment hook '/home/xsm/R1_ws/install/xsm_msg/share/xsm_msg/hook/ld_library_path_lib.ps1'
[1.332s] INFO:colcon.colcon_core.shell:Creating environment descriptor '/home/xsm/R1_ws/install/xsm_msg/share/xsm_msg/hook/ld_library_path_lib.dsv'
[1.332s] INFO:colcon.colcon_core.shell:Creating environment hook '/home/xsm/R1_ws/install/xsm_msg/share/xsm_msg/hook/ld_library_path_lib.sh'
[1.333s] Level 1:colcon.colcon_core.environment:checking '/home/xsm/R1_ws/install/xsm_msg/bin'
[1.333s] Level 1:colcon.colcon_core.environment:checking '/home/xsm/R1_ws/install/xsm_msg/lib/pkgconfig/xsm_msg.pc'
[1.333s] Level 1:colcon.colcon_core.environment:checking '/home/xsm/R1_ws/install/xsm_msg/lib/python3.10/site-packages'
[1.333s] Level 1:colcon.colcon_core.environment:checking '/home/xsm/R1_ws/install/xsm_msg/bin'
[1.333s] INFO:colcon.colcon_core.shell:Creating package script '/home/xsm/R1_ws/install/xsm_msg/share/xsm_msg/package.ps1'
[1.334s] INFO:colcon.colcon_core.shell:Creating package descriptor '/home/xsm/R1_ws/install/xsm_msg/share/xsm_msg/package.dsv'
[1.334s] INFO:colcon.colcon_core.shell:Creating package script '/home/xsm/R1_ws/install/xsm_msg/share/xsm_msg/package.sh'
[1.334s] INFO:colcon.colcon_core.shell:Creating package script '/home/xsm/R1_ws/install/xsm_msg/share/xsm_msg/package.bash'
[1.335s] INFO:colcon.colcon_core.shell:Creating package script '/home/xsm/R1_ws/install/xsm_msg/share/xsm_msg/package.zsh'
[1.335s] Level 1:colcon.colcon_core.environment:create_file_with_runtime_dependencies(/home/xsm/R1_ws/install/xsm_msg/share/colcon-core/packages/xsm_msg)
[1.346s] Level 1:colcon.colcon_core.environment:create_environment_scripts_only(mit_msgs)
[1.346s] Level 1:colcon.colcon_core.environment:checking '/home/xsm/R1_ws/install/mit_msgs' for CMake module files
[1.346s] Level 1:colcon.colcon_core.environment:checking '/home/xsm/R1_ws/install/mit_msgs' for CMake config files
[1.347s] Level 1:colcon.colcon_core.shell:create_environment_hook('mit_msgs', 'cmake_prefix_path')
[1.347s] INFO:colcon.colcon_core.shell:Creating environment hook '/home/xsm/R1_ws/install/mit_msgs/share/mit_msgs/hook/cmake_prefix_path.ps1'
[1.347s] INFO:colcon.colcon_core.shell:Creating environment descriptor '/home/xsm/R1_ws/install/mit_msgs/share/mit_msgs/hook/cmake_prefix_path.dsv'
[1.348s] INFO:colcon.colcon_core.shell:Creating environment hook '/home/xsm/R1_ws/install/mit_msgs/share/mit_msgs/hook/cmake_prefix_path.sh'
[1.348s] Level 1:colcon.colcon_core.environment:checking '/home/xsm/R1_ws/install/mit_msgs/lib'
[1.348s] Level 1:colcon.colcon_core.shell:create_environment_hook('mit_msgs', 'ld_library_path_lib')
[1.348s] INFO:colcon.colcon_core.shell:Creating environment hook '/home/xsm/R1_ws/install/mit_msgs/share/mit_msgs/hook/ld_library_path_lib.ps1'
[1.349s] INFO:colcon.colcon_core.shell:Creating environment descriptor '/home/xsm/R1_ws/install/mit_msgs/share/mit_msgs/hook/ld_library_path_lib.dsv'
[1.349s] INFO:colcon.colcon_core.shell:Creating environment hook '/home/xsm/R1_ws/install/mit_msgs/share/mit_msgs/hook/ld_library_path_lib.sh'
[1.349s] Level 1:colcon.colcon_core.environment:checking '/home/xsm/R1_ws/install/mit_msgs/bin'
[1.349s] Level 1:colcon.colcon_core.environment:checking '/home/xsm/R1_ws/install/mit_msgs/lib/pkgconfig/mit_msgs.pc'
[1.350s] Level 1:colcon.colcon_core.environment:checking '/home/xsm/R1_ws/install/mit_msgs/lib/python3.10/site-packages'
[1.350s] Level 1:colcon.colcon_core.environment:checking '/home/xsm/R1_ws/install/mit_msgs/bin'
[1.350s] INFO:colcon.colcon_core.shell:Creating package script '/home/xsm/R1_ws/install/mit_msgs/share/mit_msgs/package.ps1'
[1.350s] INFO:colcon.colcon_core.shell:Creating package descriptor '/home/xsm/R1_ws/install/mit_msgs/share/mit_msgs/package.dsv'
[1.351s] INFO:colcon.colcon_core.shell:Creating package script '/home/xsm/R1_ws/install/mit_msgs/share/mit_msgs/package.sh'
[1.351s] INFO:colcon.colcon_core.shell:Creating package script '/home/xsm/R1_ws/install/mit_msgs/share/mit_msgs/package.bash'
[1.351s] INFO:colcon.colcon_core.shell:Creating package script '/home/xsm/R1_ws/install/mit_msgs/share/mit_msgs/package.zsh'
[1.351s] Level 1:colcon.colcon_core.environment:create_file_with_runtime_dependencies(/home/xsm/R1_ws/install/mit_msgs/share/colcon-core/packages/mit_msgs)
[1.352s] INFO:colcon.colcon_ros.task.ament_cmake.build:Building ROS package in '/home/xsm/R1_ws/src/armForwardkinematics' with build type 'ament_cmake'
[1.352s] INFO:colcon.colcon_cmake.task.cmake.build:Building CMake package in '/home/xsm/R1_ws/src/armForwardkinematics'
[1.352s] INFO:colcon.colcon_core.shell:Skip shell extension 'powershell' for command environment: Not usable outside of PowerShell
[1.352s] DEBUG:colcon.colcon_core.shell:Skip shell extension 'dsv' for command environment
[1.355s] INFO:colcon.colcon_ros.task.ament_cmake.build:Building ROS package in '/home/xsm/R1_ws/src/arm_dynamics_hw' with build type 'ament_cmake'
[1.355s] INFO:colcon.colcon_cmake.task.cmake.build:Building CMake package in '/home/xsm/R1_ws/src/arm_dynamics_hw'
[1.355s] INFO:colcon.colcon_core.shell:Skip shell extension 'powershell' for command environment: Not usable outside of PowerShell
[1.355s] DEBUG:colcon.colcon_core.shell:Skip shell extension 'dsv' for command environment
[1.367s] DEBUG:colcon.colcon_core.event_handler.log_command:Invoking command in '/home/xsm/R1_ws/build/armForwardkinematics': CMAKE_PREFIX_PATH=/home/xsm/R1_ws/install/mit_msgs:/home/xsm/R1_ws/install/xsmmsg:/home/xsm/R1_ws/install/xsm_msg:/home/xsm/R1_ws/install/optimal_control_problem:/home/xsm/R1_ws/install/arm_dynamics_hw:/home/xsm/R1_ws/install/armForwardkinematics:/home/xsm/R1_ws/install/lock_utils:/home/xsm/R1_ws/install/gui_pkg:/opt/ros/humble LD_LIBRARY_PATH=/home/xsm/R1_ws/install/mit_msgs/lib:/home/xsm/R1_ws/install/xsmmsg/lib:/home/xsm/R1_ws/install/xsm_msg/lib:/home/xsm/R1_ws/install/optimal_control_problem/lib:/home/xsm/R1_ws/install/lock_utils/lib:/usr/lib/x86_64-linux-gnu/gazebo-11/plugins:/opt/ros/humble/opt/rviz_ogre_vendor/lib:/opt/ros/humble/lib/x86_64-linux-gnu:/opt/ros/humble/lib:/usr/share/gazebo/../../lib/x86_64-linux-gnu/gazebo-11/plugins:/usr/lib/nvidia:/usr/share/gazebo/../../lib/x86_64-linux-gnu/gazebo-11/plugins:/usr/share/gazebo/../../lib/x86_64-linux-gnu/gazebo-11/plugins:/usr/lib/nvidia /usr/bin/cmake --build /home/xsm/R1_ws/build/armForwardkinematics -- -j16 -l16
[1.373s] DEBUG:colcon.colcon_core.event_handler.log_command:Invoking command in '/home/xsm/R1_ws/build/arm_dynamics_hw': CMAKE_PREFIX_PATH=/home/xsm/R1_ws/install/mit_msgs:/home/xsm/R1_ws/install/lock_utils:/home/xsm/R1_ws/install/xsmmsg:/home/xsm/R1_ws/install/xsm_msg:/home/xsm/R1_ws/install/optimal_control_problem:/home/xsm/R1_ws/install/arm_dynamics_hw:/home/xsm/R1_ws/install/armForwardkinematics:/home/xsm/R1_ws/install/gui_pkg:/opt/ros/humble LD_LIBRARY_PATH=/home/xsm/R1_ws/install/mit_msgs/lib:/home/xsm/R1_ws/install/lock_utils/lib:/home/xsm/R1_ws/install/xsmmsg/lib:/home/xsm/R1_ws/install/xsm_msg/lib:/home/xsm/R1_ws/install/optimal_control_problem/lib:/usr/lib/x86_64-linux-gnu/gazebo-11/plugins:/opt/ros/humble/opt/rviz_ogre_vendor/lib:/opt/ros/humble/lib/x86_64-linux-gnu:/opt/ros/humble/lib:/usr/share/gazebo/../../lib/x86_64-linux-gnu/gazebo-11/plugins:/usr/lib/nvidia:/usr/share/gazebo/../../lib/x86_64-linux-gnu/gazebo-11/plugins:/usr/share/gazebo/../../lib/x86_64-linux-gnu/gazebo-11/plugins:/usr/lib/nvidia /usr/bin/cmake --build /home/xsm/R1_ws/build/arm_dynamics_hw -- -j16 -l16
[1.462s] DEBUG:colcon.colcon_core.event_handler.log_command:Invoked command in '/home/xsm/R1_ws/build/arm_dynamics_hw' returned '0': CMAKE_PREFIX_PATH=/home/xsm/R1_ws/install/mit_msgs:/home/xsm/R1_ws/install/lock_utils:/home/xsm/R1_ws/install/xsmmsg:/home/xsm/R1_ws/install/xsm_msg:/home/xsm/R1_ws/install/optimal_control_problem:/home/xsm/R1_ws/install/arm_dynamics_hw:/home/xsm/R1_ws/install/armForwardkinematics:/home/xsm/R1_ws/install/gui_pkg:/opt/ros/humble LD_LIBRARY_PATH=/home/xsm/R1_ws/install/mit_msgs/lib:/home/xsm/R1_ws/install/lock_utils/lib:/home/xsm/R1_ws/install/xsmmsg/lib:/home/xsm/R1_ws/install/xsm_msg/lib:/home/xsm/R1_ws/install/optimal_control_problem/lib:/usr/lib/x86_64-linux-gnu/gazebo-11/plugins:/opt/ros/humble/opt/rviz_ogre_vendor/lib:/opt/ros/humble/lib/x86_64-linux-gnu:/opt/ros/humble/lib:/usr/share/gazebo/../../lib/x86_64-linux-gnu/gazebo-11/plugins:/usr/lib/nvidia:/usr/share/gazebo/../../lib/x86_64-linux-gnu/gazebo-11/plugins:/usr/share/gazebo/../../lib/x86_64-linux-gnu/gazebo-11/plugins:/usr/lib/nvidia /usr/bin/cmake --build /home/xsm/R1_ws/build/arm_dynamics_hw -- -j16 -l16
[1.539s] DEBUG:colcon.colcon_core.event_handler.log_command:Invoking command in '/home/xsm/R1_ws/build/arm_dynamics_hw': CMAKE_PREFIX_PATH=/home/xsm/R1_ws/install/mit_msgs:/home/xsm/R1_ws/install/lock_utils:/home/xsm/R1_ws/install/xsmmsg:/home/xsm/R1_ws/install/xsm_msg:/home/xsm/R1_ws/install/optimal_control_problem:/home/xsm/R1_ws/install/arm_dynamics_hw:/home/xsm/R1_ws/install/armForwardkinematics:/home/xsm/R1_ws/install/gui_pkg:/opt/ros/humble LD_LIBRARY_PATH=/home/xsm/R1_ws/install/mit_msgs/lib:/home/xsm/R1_ws/install/lock_utils/lib:/home/xsm/R1_ws/install/xsmmsg/lib:/home/xsm/R1_ws/install/xsm_msg/lib:/home/xsm/R1_ws/install/optimal_control_problem/lib:/usr/lib/x86_64-linux-gnu/gazebo-11/plugins:/opt/ros/humble/opt/rviz_ogre_vendor/lib:/opt/ros/humble/lib/x86_64-linux-gnu:/opt/ros/humble/lib:/usr/share/gazebo/../../lib/x86_64-linux-gnu/gazebo-11/plugins:/usr/lib/nvidia:/usr/share/gazebo/../../lib/x86_64-linux-gnu/gazebo-11/plugins:/usr/share/gazebo/../../lib/x86_64-linux-gnu/gazebo-11/plugins:/usr/lib/nvidia /usr/bin/cmake --install /home/xsm/R1_ws/build/arm_dynamics_hw
[1.556s] Level 1:colcon.colcon_core.environment:create_environment_scripts_only(arm_dynamics_hw)
[1.556s] Level 1:colcon.colcon_core.environment:checking '/home/xsm/R1_ws/install/arm_dynamics_hw' for CMake module files
[1.557s] Level 1:colcon.colcon_core.environment:checking '/home/xsm/R1_ws/install/arm_dynamics_hw' for CMake config files
[1.560s] DEBUG:colcon.colcon_core.event_handler.log_command:Invoked command in '/home/xsm/R1_ws/build/arm_dynamics_hw' returned '0': CMAKE_PREFIX_PATH=/home/xsm/R1_ws/install/mit_msgs:/home/xsm/R1_ws/install/lock_utils:/home/xsm/R1_ws/install/xsmmsg:/home/xsm/R1_ws/install/xsm_msg:/home/xsm/R1_ws/install/optimal_control_problem:/home/xsm/R1_ws/install/arm_dynamics_hw:/home/xsm/R1_ws/install/armForwardkinematics:/home/xsm/R1_ws/install/gui_pkg:/opt/ros/humble LD_LIBRARY_PATH=/home/xsm/R1_ws/install/mit_msgs/lib:/home/xsm/R1_ws/install/lock_utils/lib:/home/xsm/R1_ws/install/xsmmsg/lib:/home/xsm/R1_ws/install/xsm_msg/lib:/home/xsm/R1_ws/install/optimal_control_problem/lib:/usr/lib/x86_64-linux-gnu/gazebo-11/plugins:/opt/ros/humble/opt/rviz_ogre_vendor/lib:/opt/ros/humble/lib/x86_64-linux-gnu:/opt/ros/humble/lib:/usr/share/gazebo/../../lib/x86_64-linux-gnu/gazebo-11/plugins:/usr/lib/nvidia:/usr/share/gazebo/../../lib/x86_64-linux-gnu/gazebo-11/plugins:/usr/share/gazebo/../../lib/x86_64-linux-gnu/gazebo-11/plugins:/usr/lib/nvidia /usr/bin/cmake --install /home/xsm/R1_ws/build/arm_dynamics_hw
[1.561s] Level 1:colcon.colcon_core.shell:create_environment_hook('arm_dynamics_hw', 'cmake_prefix_path')
[1.562s] INFO:colcon.colcon_core.shell:Creating environment hook '/home/xsm/R1_ws/install/arm_dynamics_hw/share/arm_dynamics_hw/hook/cmake_prefix_path.ps1'
[1.562s] INFO:colcon.colcon_core.shell:Creating environment descriptor '/home/xsm/R1_ws/install/arm_dynamics_hw/share/arm_dynamics_hw/hook/cmake_prefix_path.dsv'
[1.562s] INFO:colcon.colcon_core.shell:Creating environment hook '/home/xsm/R1_ws/install/arm_dynamics_hw/share/arm_dynamics_hw/hook/cmake_prefix_path.sh'
[1.563s] Level 1:colcon.colcon_core.environment:checking '/home/xsm/R1_ws/install/arm_dynamics_hw/lib'
[1.563s] Level 1:colcon.colcon_core.environment:checking '/home/xsm/R1_ws/install/arm_dynamics_hw/bin'
[1.563s] Level 1:colcon.colcon_core.environment:checking '/home/xsm/R1_ws/install/arm_dynamics_hw/lib/pkgconfig/arm_dynamics_hw.pc'
[1.563s] Level 1:colcon.colcon_core.environment:checking '/home/xsm/R1_ws/install/arm_dynamics_hw/lib/python3.10/site-packages'
[1.564s] Level 1:colcon.colcon_core.environment:checking '/home/xsm/R1_ws/install/arm_dynamics_hw/bin'
[1.564s] INFO:colcon.colcon_core.shell:Creating package script '/home/xsm/R1_ws/install/arm_dynamics_hw/share/arm_dynamics_hw/package.ps1'
[1.564s] INFO:colcon.colcon_core.shell:Creating package descriptor '/home/xsm/R1_ws/install/arm_dynamics_hw/share/arm_dynamics_hw/package.dsv'
[1.565s] INFO:colcon.colcon_core.shell:Creating package script '/home/xsm/R1_ws/install/arm_dynamics_hw/share/arm_dynamics_hw/package.sh'
[1.565s] INFO:colcon.colcon_core.shell:Creating package script '/home/xsm/R1_ws/install/arm_dynamics_hw/share/arm_dynamics_hw/package.bash'
[1.565s] INFO:colcon.colcon_core.shell:Creating package script '/home/xsm/R1_ws/install/arm_dynamics_hw/share/arm_dynamics_hw/package.zsh'
[1.566s] Level 1:colcon.colcon_core.environment:create_file_with_runtime_dependencies(/home/xsm/R1_ws/install/arm_dynamics_hw/share/colcon-core/packages/arm_dynamics_hw)
[1.651s] Level 1:colcon.colcon_core.environment:create_environment_scripts_only(arm_dynamics_hw)
[1.651s] Level 1:colcon.colcon_core.environment:checking '/home/xsm/R1_ws/install/arm_dynamics_hw' for CMake module files
[1.652s] Level 1:colcon.colcon_core.environment:checking '/home/xsm/R1_ws/install/arm_dynamics_hw' for CMake config files
[1.653s] Level 1:colcon.colcon_core.shell:create_environment_hook('arm_dynamics_hw', 'cmake_prefix_path')
[1.653s] INFO:colcon.colcon_core.shell:Creating environment hook '/home/xsm/R1_ws/install/arm_dynamics_hw/share/arm_dynamics_hw/hook/cmake_prefix_path.ps1'
[1.654s] INFO:colcon.colcon_core.shell:Creating environment descriptor '/home/xsm/R1_ws/install/arm_dynamics_hw/share/arm_dynamics_hw/hook/cmake_prefix_path.dsv'
[1.654s] INFO:colcon.colcon_core.shell:Creating environment hook '/home/xsm/R1_ws/install/arm_dynamics_hw/share/arm_dynamics_hw/hook/cmake_prefix_path.sh'
[1.655s] Level 1:colcon.colcon_core.environment:checking '/home/xsm/R1_ws/install/arm_dynamics_hw/lib'
[1.655s] Level 1:colcon.colcon_core.environment:checking '/home/xsm/R1_ws/install/arm_dynamics_hw/bin'
[1.655s] Level 1:colcon.colcon_core.environment:checking '/home/xsm/R1_ws/install/arm_dynamics_hw/lib/pkgconfig/arm_dynamics_hw.pc'
[1.656s] Level 1:colcon.colcon_core.environment:checking '/home/xsm/R1_ws/install/arm_dynamics_hw/lib/python3.10/site-packages'
[1.656s] Level 1:colcon.colcon_core.environment:checking '/home/xsm/R1_ws/install/arm_dynamics_hw/bin'
[1.657s] INFO:colcon.colcon_core.shell:Creating package script '/home/xsm/R1_ws/install/arm_dynamics_hw/share/arm_dynamics_hw/package.ps1'
[1.657s] INFO:colcon.colcon_core.shell:Creating package descriptor '/home/xsm/R1_ws/install/arm_dynamics_hw/share/arm_dynamics_hw/package.dsv'
[1.658s] INFO:colcon.colcon_core.shell:Creating package script '/home/xsm/R1_ws/install/arm_dynamics_hw/share/arm_dynamics_hw/package.sh'
[1.659s] INFO:colcon.colcon_core.shell:Creating package script '/home/xsm/R1_ws/install/arm_dynamics_hw/share/arm_dynamics_hw/package.bash'
[1.659s] INFO:colcon.colcon_core.shell:Creating package script '/home/xsm/R1_ws/install/arm_dynamics_hw/share/arm_dynamics_hw/package.zsh'
[1.659s] Level 1:colcon.colcon_core.environment:create_file_with_runtime_dependencies(/home/xsm/R1_ws/install/arm_dynamics_hw/share/colcon-core/packages/arm_dynamics_hw)
[16.073s] DEBUG:colcon.colcon_core.event_handler.log_command:Invoked command in '/home/xsm/R1_ws/build/armForwardkinematics' returned '0': CMAKE_PREFIX_PATH=/home/xsm/R1_ws/install/mit_msgs:/home/xsm/R1_ws/install/xsmmsg:/home/xsm/R1_ws/install/xsm_msg:/home/xsm/R1_ws/install/optimal_control_problem:/home/xsm/R1_ws/install/arm_dynamics_hw:/home/xsm/R1_ws/install/armForwardkinematics:/home/xsm/R1_ws/install/lock_utils:/home/xsm/R1_ws/install/gui_pkg:/opt/ros/humble LD_LIBRARY_PATH=/home/xsm/R1_ws/install/mit_msgs/lib:/home/xsm/R1_ws/install/xsmmsg/lib:/home/xsm/R1_ws/install/xsm_msg/lib:/home/xsm/R1_ws/install/optimal_control_problem/lib:/home/xsm/R1_ws/install/lock_utils/lib:/usr/lib/x86_64-linux-gnu/gazebo-11/plugins:/opt/ros/humble/opt/rviz_ogre_vendor/lib:/opt/ros/humble/lib/x86_64-linux-gnu:/opt/ros/humble/lib:/usr/share/gazebo/../../lib/x86_64-linux-gnu/gazebo-11/plugins:/usr/lib/nvidia:/usr/share/gazebo/../../lib/x86_64-linux-gnu/gazebo-11/plugins:/usr/share/gazebo/../../lib/x86_64-linux-gnu/gazebo-11/plugins:/usr/lib/nvidia /usr/bin/cmake --build /home/xsm/R1_ws/build/armForwardkinematics -- -j16 -l16
[16.164s] DEBUG:colcon.colcon_core.event_handler.log_command:Invoking command in '/home/xsm/R1_ws/build/armForwardkinematics': CMAKE_PREFIX_PATH=/home/xsm/R1_ws/install/mit_msgs:/home/xsm/R1_ws/install/xsmmsg:/home/xsm/R1_ws/install/xsm_msg:/home/xsm/R1_ws/install/optimal_control_problem:/home/xsm/R1_ws/install/arm_dynamics_hw:/home/xsm/R1_ws/install/armForwardkinematics:/home/xsm/R1_ws/install/lock_utils:/home/xsm/R1_ws/install/gui_pkg:/opt/ros/humble LD_LIBRARY_PATH=/home/xsm/R1_ws/install/mit_msgs/lib:/home/xsm/R1_ws/install/xsmmsg/lib:/home/xsm/R1_ws/install/xsm_msg/lib:/home/xsm/R1_ws/install/optimal_control_problem/lib:/home/xsm/R1_ws/install/lock_utils/lib:/usr/lib/x86_64-linux-gnu/gazebo-11/plugins:/opt/ros/humble/opt/rviz_ogre_vendor/lib:/opt/ros/humble/lib/x86_64-linux-gnu:/opt/ros/humble/lib:/usr/share/gazebo/../../lib/x86_64-linux-gnu/gazebo-11/plugins:/usr/lib/nvidia:/usr/share/gazebo/../../lib/x86_64-linux-gnu/gazebo-11/plugins:/usr/share/gazebo/../../lib/x86_64-linux-gnu/gazebo-11/plugins:/usr/lib/nvidia /usr/bin/cmake --install /home/xsm/R1_ws/build/armForwardkinematics
[16.182s] Level 1:colcon.colcon_core.environment:create_environment_scripts_only(armForwardkinematics)
[16.182s] Level 1:colcon.colcon_core.environment:checking '/home/xsm/R1_ws/install/armForwardkinematics' for CMake module files
[16.183s] DEBUG:colcon.colcon_core.event_handler.log_command:Invoked command in '/home/xsm/R1_ws/build/armForwardkinematics' returned '0': CMAKE_PREFIX_PATH=/home/xsm/R1_ws/install/mit_msgs:/home/xsm/R1_ws/install/xsmmsg:/home/xsm/R1_ws/install/xsm_msg:/home/xsm/R1_ws/install/optimal_control_problem:/home/xsm/R1_ws/install/arm_dynamics_hw:/home/xsm/R1_ws/install/armForwardkinematics:/home/xsm/R1_ws/install/lock_utils:/home/xsm/R1_ws/install/gui_pkg:/opt/ros/humble LD_LIBRARY_PATH=/home/xsm/R1_ws/install/mit_msgs/lib:/home/xsm/R1_ws/install/xsmmsg/lib:/home/xsm/R1_ws/install/xsm_msg/lib:/home/xsm/R1_ws/install/optimal_control_problem/lib:/home/xsm/R1_ws/install/lock_utils/lib:/usr/lib/x86_64-linux-gnu/gazebo-11/plugins:/opt/ros/humble/opt/rviz_ogre_vendor/lib:/opt/ros/humble/lib/x86_64-linux-gnu:/opt/ros/humble/lib:/usr/share/gazebo/../../lib/x86_64-linux-gnu/gazebo-11/plugins:/usr/lib/nvidia:/usr/share/gazebo/../../lib/x86_64-linux-gnu/gazebo-11/plugins:/usr/share/gazebo/../../lib/x86_64-linux-gnu/gazebo-11/plugins:/usr/lib/nvidia /usr/bin/cmake --install /home/xsm/R1_ws/build/armForwardkinematics
[16.183s] Level 1:colcon.colcon_core.environment:checking '/home/xsm/R1_ws/install/armForwardkinematics' for CMake config files
[16.183s] Level 1:colcon.colcon_core.shell:create_environment_hook('armForwardkinematics', 'cmake_prefix_path')
[16.183s] INFO:colcon.colcon_core.shell:Creating environment hook '/home/xsm/R1_ws/install/armForwardkinematics/share/armForwardkinematics/hook/cmake_prefix_path.ps1'
[16.184s] INFO:colcon.colcon_core.shell:Creating environment descriptor '/home/xsm/R1_ws/install/armForwardkinematics/share/armForwardkinematics/hook/cmake_prefix_path.dsv'
[16.184s] INFO:colcon.colcon_core.shell:Creating environment hook '/home/xsm/R1_ws/install/armForwardkinematics/share/armForwardkinematics/hook/cmake_prefix_path.sh'
[16.185s] Level 1:colcon.colcon_core.environment:checking '/home/xsm/R1_ws/install/armForwardkinematics/lib'
[16.185s] Level 1:colcon.colcon_core.environment:checking '/home/xsm/R1_ws/install/armForwardkinematics/bin'
[16.185s] Level 1:colcon.colcon_core.environment:checking '/home/xsm/R1_ws/install/armForwardkinematics/lib/pkgconfig/armForwardkinematics.pc'
[16.185s] Level 1:colcon.colcon_core.environment:checking '/home/xsm/R1_ws/install/armForwardkinematics/lib/python3.10/site-packages'
[16.185s] Level 1:colcon.colcon_core.environment:checking '/home/xsm/R1_ws/install/armForwardkinematics/bin'
[16.185s] INFO:colcon.colcon_core.shell:Creating package script '/home/xsm/R1_ws/install/armForwardkinematics/share/armForwardkinematics/package.ps1'
[16.185s] INFO:colcon.colcon_core.shell:Creating package descriptor '/home/xsm/R1_ws/install/armForwardkinematics/share/armForwardkinematics/package.dsv'
[16.186s] INFO:colcon.colcon_core.shell:Creating package script '/home/xsm/R1_ws/install/armForwardkinematics/share/armForwardkinematics/package.sh'
[16.186s] INFO:colcon.colcon_core.shell:Creating package script '/home/xsm/R1_ws/install/armForwardkinematics/share/armForwardkinematics/package.bash'
[16.186s] INFO:colcon.colcon_core.shell:Creating package script '/home/xsm/R1_ws/install/armForwardkinematics/share/armForwardkinematics/package.zsh'
[16.187s] Level 1:colcon.colcon_core.environment:create_file_with_runtime_dependencies(/home/xsm/R1_ws/install/armForwardkinematics/share/colcon-core/packages/armForwardkinematics)
[16.276s] Level 1:colcon.colcon_core.environment:create_environment_scripts_only(armForwardkinematics)
[16.276s] Level 1:colcon.colcon_core.environment:checking '/home/xsm/R1_ws/install/armForwardkinematics' for CMake module files
[16.276s] Level 1:colcon.colcon_core.environment:checking '/home/xsm/R1_ws/install/armForwardkinematics' for CMake config files
[16.277s] Level 1:colcon.colcon_core.shell:create_environment_hook('armForwardkinematics', 'cmake_prefix_path')
[16.277s] INFO:colcon.colcon_core.shell:Creating environment hook '/home/xsm/R1_ws/install/armForwardkinematics/share/armForwardkinematics/hook/cmake_prefix_path.ps1'
[16.277s] INFO:colcon.colcon_core.shell:Creating environment descriptor '/home/xsm/R1_ws/install/armForwardkinematics/share/armForwardkinematics/hook/cmake_prefix_path.dsv'
[16.277s] INFO:colcon.colcon_core.shell:Creating environment hook '/home/xsm/R1_ws/install/armForwardkinematics/share/armForwardkinematics/hook/cmake_prefix_path.sh'
[16.278s] Level 1:colcon.colcon_core.environment:checking '/home/xsm/R1_ws/install/armForwardkinematics/lib'
[16.278s] Level 1:colcon.colcon_core.environment:checking '/home/xsm/R1_ws/install/armForwardkinematics/bin'
[16.278s] Level 1:colcon.colcon_core.environment:checking '/home/xsm/R1_ws/install/armForwardkinematics/lib/pkgconfig/armForwardkinematics.pc'
[16.278s] Level 1:colcon.colcon_core.environment:checking '/home/xsm/R1_ws/install/armForwardkinematics/lib/python3.10/site-packages'
[16.278s] Level 1:colcon.colcon_core.environment:checking '/home/xsm/R1_ws/install/armForwardkinematics/bin'
[16.278s] INFO:colcon.colcon_core.shell:Creating package script '/home/xsm/R1_ws/install/armForwardkinematics/share/armForwardkinematics/package.ps1'
[16.279s] INFO:colcon.colcon_core.shell:Creating package descriptor '/home/xsm/R1_ws/install/armForwardkinematics/share/armForwardkinematics/package.dsv'
[16.279s] INFO:colcon.colcon_core.shell:Creating package script '/home/xsm/R1_ws/install/armForwardkinematics/share/armForwardkinematics/package.sh'
[16.280s] INFO:colcon.colcon_core.shell:Creating package script '/home/xsm/R1_ws/install/armForwardkinematics/share/armForwardkinematics/package.bash'
[16.280s] INFO:colcon.colcon_core.shell:Creating package script '/home/xsm/R1_ws/install/armForwardkinematics/share/armForwardkinematics/package.zsh'
[16.280s] Level 1:colcon.colcon_core.environment:create_file_with_runtime_dependencies(/home/xsm/R1_ws/install/armForwardkinematics/share/colcon-core/packages/armForwardkinematics)
[16.280s] DEBUG:colcon.colcon_parallel_executor.executor.parallel:closing loop
[16.281s] DEBUG:colcon.colcon_parallel_executor.executor.parallel:loop closed
[16.281s] DEBUG:colcon.colcon_parallel_executor.executor.parallel:run_until_complete finished with '0'
[16.281s] DEBUG:colcon.colcon_core.event_reactor:joining thread
[16.288s] INFO:colcon.colcon_core.plugin_system:Skipping extension 'colcon_notification.desktop_notification.terminal_notifier': Not used on non-Darwin systems
[16.288s] INFO:colcon.colcon_core.plugin_system:Skipping extension 'colcon_notification.desktop_notification.win32': Not used on non-Windows systems
[16.288s] INFO:colcon.colcon_notification.desktop_notification:Sending desktop notification using 'notify2'
[16.297s] DEBUG:colcon.colcon_core.event_reactor:joined thread
[16.297s] INFO:colcon.colcon_core.shell:Creating prefix script '/home/xsm/R1_ws/install/local_setup.ps1'
[16.298s] INFO:colcon.colcon_core.shell:Creating prefix util module '/home/xsm/R1_ws/install/_local_setup_util_ps1.py'
[16.300s] INFO:colcon.colcon_core.shell:Creating prefix chain script '/home/xsm/R1_ws/install/setup.ps1'
[16.301s] INFO:colcon.colcon_core.shell:Creating prefix script '/home/xsm/R1_ws/install/local_setup.sh'
[16.302s] INFO:colcon.colcon_core.shell:Creating prefix util module '/home/xsm/R1_ws/install/_local_setup_util_sh.py'
[16.302s] INFO:colcon.colcon_core.shell:Creating prefix chain script '/home/xsm/R1_ws/install/setup.sh'
[16.303s] INFO:colcon.colcon_core.shell:Creating prefix script '/home/xsm/R1_ws/install/local_setup.bash'
[16.304s] INFO:colcon.colcon_core.shell:Creating prefix chain script '/home/xsm/R1_ws/install/setup.bash'
[16.306s] INFO:colcon.colcon_core.shell:Creating prefix script '/home/xsm/R1_ws/install/local_setup.zsh'
[16.306s] INFO:colcon.colcon_core.shell:Creating prefix chain script '/home/xsm/R1_ws/install/setup.zsh'
