running develop
/usr/lib/python3/dist-packages/setuptools/command/easy_install.py:158: EasyInstallDeprecationWarning: easy_install command is deprecated. Use build and pip and other standards-based tools.
  warnings.warn(
Removing /home/xsm/R1_ws/install/gui_pkg/lib/python3.10/site-packages/gui-pkg.egg-link (link to .)
running egg_info
writing ../../build/gui_pkg/gui_pkg.egg-info/PKG-INFO
writing dependency_links to ../../build/gui_pkg/gui_pkg.egg-info/dependency_links.txt
writing entry points to ../../build/gui_pkg/gui_pkg.egg-info/entry_points.txt
writing requirements to ../../build/gui_pkg/gui_pkg.egg-info/requires.txt
writing top-level names to ../../build/gui_pkg/gui_pkg.egg-info/top_level.txt
reading manifest file '../../build/gui_pkg/gui_pkg.egg-info/SOURCES.txt'
writing manifest file '../../build/gui_pkg/gui_pkg.egg-info/SOURCES.txt'
running build
running build_py
creating /home/xsm/R1_ws/build/gui_pkg/build
creating /home/xsm/R1_ws/build/gui_pkg/build/lib
creating /home/xsm/R1_ws/build/gui_pkg/build/lib/gui_pkg
copying gui_pkg/__init__.py -> /home/xsm/R1_ws/build/gui_pkg/build/lib/gui_pkg
copying gui_pkg/gui_node.py -> /home/xsm/R1_ws/build/gui_pkg/build/lib/gui_pkg
running install
running install_lib
creating /home/xsm/R1_ws/install/gui_pkg/lib/python3.10/site-packages/gui_pkg
copying /home/xsm/R1_ws/build/gui_pkg/build/lib/gui_pkg/__init__.py -> /home/xsm/R1_ws/install/gui_pkg/lib/python3.10/site-packages/gui_pkg
copying /home/xsm/R1_ws/build/gui_pkg/build/lib/gui_pkg/gui_node.py -> /home/xsm/R1_ws/install/gui_pkg/lib/python3.10/site-packages/gui_pkg
byte-compiling /home/xsm/R1_ws/install/gui_pkg/lib/python3.10/site-packages/gui_pkg/__init__.py to __init__.cpython-310.pyc
byte-compiling /home/xsm/R1_ws/install/gui_pkg/lib/python3.10/site-packages/gui_pkg/gui_node.py to gui_node.cpython-310.pyc
running install_data
copying resource/gui_pkg -> /home/xsm/R1_ws/install/gui_pkg/share/ament_index/resource_index/packages
copying package.xml -> /home/xsm/R1_ws/install/gui_pkg/share/gui_pkg
running install_egg_info
Copying ../../build/gui_pkg/gui_pkg.egg-info to /home/xsm/R1_ws/install/gui_pkg/lib/python3.10/site-packages/gui_pkg-0.0.0-py3.10.egg-info
running install_scripts
Installing gui_node script to /home/xsm/R1_ws/install/gui_pkg/lib/gui_pkg
writing list of installed files to '/home/xsm/R1_ws/build/gui_pkg/install.log'
