[0.020s] Invoking command in '/home/xsm/R1_ws/build/armend_visualize': CMAKE_PREFIX_PATH=/home/xsm/R1_ws/install/mit_msgs:/home/xsm/R1_ws/install/armend_visualize:/home/xsm/R1_ws/install/xsmmsg:/home/xsm/R1_ws/install/xsm_msg:/home/xsm/R1_ws/install/optimal_control_problem:/home/xsm/R1_ws/install/arm_dynamics_hw:/home/xsm/R1_ws/install/armForwardkinematics:/home/xsm/R1_ws/install/lock_utils:/home/xsm/R1_ws/install/gui_pkg:/opt/ros/humble LD_LIBRARY_PATH=/home/xsm/R1_ws/install/mit_msgs/lib:/home/xsm/R1_ws/install/xsmmsg/lib:/home/xsm/R1_ws/install/xsm_msg/lib:/home/xsm/R1_ws/install/optimal_control_problem/lib:/home/xsm/R1_ws/install/lock_utils/lib:/usr/lib/x86_64-linux-gnu/gazebo-11/plugins:/opt/ros/humble/opt/rviz_ogre_vendor/lib:/opt/ros/humble/lib/x86_64-linux-gnu:/opt/ros/humble/lib:/usr/share/gazebo/../../lib/x86_64-linux-gnu/gazebo-11/plugins:/usr/lib/nvidia:/usr/share/gazebo/../../lib/x86_64-linux-gnu/gazebo-11/plugins:/usr/share/gazebo/../../lib/x86_64-linux-gnu/gazebo-11/plugins:/usr/lib/nvidia /usr/bin/cmake --build /home/xsm/R1_ws/build/armend_visualize -- -j16 -l16
[0.078s] [35m[1mConsolidate compiler generated dependencies of target main[0m
[0.104s] [ 50%] [32mBuilding CXX object CMakeFiles/main.dir/src/main.cpp.o[0m
[0.114s] [01m[Kcc1plus:[m[K [01;35m[Kwarning: [m[K/home/xsm/R1_ws/src/armend_visualize/include/armend_visualize/visualize.hpp: not a directory
[2.496s] [01m[K/home/xsm/R1_ws/src/armend_visualize/src/main.cpp:[m[K In function ‘[01m[Kint main(int, char**)[m[K’:
[2.496s] [01m[K/home/xsm/R1_ws/src/armend_visualize/src/main.cpp:25:60:[m[K [01;31m[Kerror: [m[Kno matching function for call to ‘[01m[Krclcpp::Node::make_shared<armend_visualize>()[m[K’
[2.496s]    25 |     auto node = [01;31m[Krclcpp::Node::make_shared<armend_visualize>()[m[K;
[2.496s]       |                 [01;31m[K~~~~~~~~~~~~~~~~~~~~~~~~~~~~~~~~~~~~~~~~~~~^~[m[K
[2.496s] In file included from [01m[K/opt/ros/humble/include/rclcpp/rclcpp/context.hpp:35[m[K,
[2.496s]                  from [01m[K/opt/ros/humble/include/rclcpp/rclcpp/executor.hpp:34[m[K,
[2.496s]                  from [01m[K/opt/ros/humble/include/rclcpp/rclcpp/executors/multi_threaded_executor.hpp:25[m[K,
[2.496s]                  from [01m[K/opt/ros/humble/include/rclcpp/rclcpp/executors.hpp:21[m[K,
[2.496s]                  from [01m[K/opt/ros/humble/include/rclcpp/rclcpp/rclcpp.hpp:155[m[K,
[2.496s]                  from [01m[K/home/xsm/R1_ws/src/armend_visualize/include/armend_visualize/visualize.hpp:7[m[K,
[2.496s]                  from [01m[K/home/xsm/R1_ws/src/armend_visualize/src/main.cpp:3[m[K:
[2.496s] [01m[K/opt/ros/humble/include/rclcpp/rclcpp/node.hpp:80:3:[m[K [01;36m[Knote: [m[Kcandidate: ‘[01m[Kstatic std::shared_ptr<rclcpp::Node> rclcpp::Node::make_shared(Args&& ...) [with Args = {armend_visualize}][m[K’
[2.497s]    80 |   [01;36m[KRCLCPP_SMART_PTR_DEFINITIONS[m[K(Node)
[2.497s]       |   [01;36m[K^~~~~~~~~~~~~~~~~~~~~~~~~~~~[m[K
[2.497s] [01m[K/opt/ros/humble/include/rclcpp/rclcpp/node.hpp:80:3:[m[K [01;36m[Knote: [m[K  candidate expects 1 argument, 0 provided
[2.497s] In file included from [01m[K/opt/ros/humble/include/rclcpp/rclcpp/client.hpp:40[m[K,
[2.497s]                  from [01m[K/opt/ros/humble/include/rclcpp/rclcpp/callback_group.hpp:24[m[K,
[2.497s]                  from [01m[K/opt/ros/humble/include/rclcpp/rclcpp/any_executable.hpp:20[m[K,
[2.497s]                  from [01m[K/opt/ros/humble/include/rclcpp/rclcpp/memory_strategy.hpp:25[m[K,
[2.497s]                  from [01m[K/opt/ros/humble/include/rclcpp/rclcpp/memory_strategies.hpp:18[m[K,
[2.497s]                  from [01m[K/opt/ros/humble/include/rclcpp/rclcpp/executor_options.hpp:20[m[K,
[2.497s]                  from [01m[K/opt/ros/humble/include/rclcpp/rclcpp/executor.hpp:37[m[K,
[2.497s]                  from [01m[K/opt/ros/humble/include/rclcpp/rclcpp/executors/multi_threaded_executor.hpp:25[m[K,
[2.497s]                  from [01m[K/opt/ros/humble/include/rclcpp/rclcpp/executors.hpp:21[m[K,
[2.497s]                  from [01m[K/opt/ros/humble/include/rclcpp/rclcpp/rclcpp.hpp:155[m[K,
[2.497s]                  from [01m[K/home/xsm/R1_ws/src/armend_visualize/include/armend_visualize/visualize.hpp:7[m[K,
[2.497s]                  from [01m[K/home/xsm/R1_ws/src/armend_visualize/src/main.cpp:3[m[K:
[2.497s] [01m[K/home/xsm/R1_ws/src/armend_visualize/src/main.cpp:26:5:[m[K [01;31m[Kerror: [m[Ktemplate argument 1 is invalid
[2.497s]    26 |     [01;31m[KRCLCPP_INFO[m[K(node->get_logger(), "Hello World");
[2.497s]       |     [01;31m[K^~~~~~~~~~~[m[K
[2.497s] [01m[K/home/xsm/R1_ws/src/armend_visualize/src/main.cpp:26:5:[m[K [01;31m[Kerror: [m[Ktemplate argument 1 is invalid
[2.497s]    26 |     [01;31m[KRCLCPP_INFO[m[K(node->get_logger(), "Hello World");
[2.497s]       |     [01;31m[K^~~~~~~~~~~[m[K
[2.497s] [01m[K/home/xsm/R1_ws/src/armend_visualize/src/main.cpp:26:5:[m[K [01;31m[Kerror: [m[Ktemplate argument 1 is invalid
[2.497s]    26 |     [01;31m[KRCLCPP_INFO[m[K(node->get_logger(), "Hello World");
[2.497s]       |     [01;31m[K^~~~~~~~~~~[m[K
[4.591s] gmake[2]: *** [CMakeFiles/main.dir/build.make:76：CMakeFiles/main.dir/src/main.cpp.o] 错误 1
[4.592s] gmake[1]: *** [CMakeFiles/Makefile2:137：CMakeFiles/main.dir/all] 错误 2
[4.592s] gmake: *** [Makefile:146：all] 错误 2
[4.594s] Invoked command in '/home/xsm/R1_ws/build/armend_visualize' returned '2': CMAKE_PREFIX_PATH=/home/xsm/R1_ws/install/mit_msgs:/home/xsm/R1_ws/install/armend_visualize:/home/xsm/R1_ws/install/xsmmsg:/home/xsm/R1_ws/install/xsm_msg:/home/xsm/R1_ws/install/optimal_control_problem:/home/xsm/R1_ws/install/arm_dynamics_hw:/home/xsm/R1_ws/install/armForwardkinematics:/home/xsm/R1_ws/install/lock_utils:/home/xsm/R1_ws/install/gui_pkg:/opt/ros/humble LD_LIBRARY_PATH=/home/xsm/R1_ws/install/mit_msgs/lib:/home/xsm/R1_ws/install/xsmmsg/lib:/home/xsm/R1_ws/install/xsm_msg/lib:/home/xsm/R1_ws/install/optimal_control_problem/lib:/home/xsm/R1_ws/install/lock_utils/lib:/usr/lib/x86_64-linux-gnu/gazebo-11/plugins:/opt/ros/humble/opt/rviz_ogre_vendor/lib:/opt/ros/humble/lib/x86_64-linux-gnu:/opt/ros/humble/lib:/usr/share/gazebo/../../lib/x86_64-linux-gnu/gazebo-11/plugins:/usr/lib/nvidia:/usr/share/gazebo/../../lib/x86_64-linux-gnu/gazebo-11/plugins:/usr/share/gazebo/../../lib/x86_64-linux-gnu/gazebo-11/plugins:/usr/lib/nvidia /usr/bin/cmake --build /home/xsm/R1_ws/build/armend_visualize -- -j16 -l16
