[35m[1mConsolidate compiler generated dependencies of target main[0m
[ 50%] [32mBuilding CXX object CMakeFiles/main.dir/src/main.cpp.o[0m
[100%] [32m[1mLinking CXX executable main[0m
[100%] Built target main
-- Install configuration: ""
-- Installing: /home/xsm/R1_ws/install/armend_visualize/lib/armend_visualize/main
-- Set runtime path of "/home/xsm/R1_ws/install/armend_visualize/lib/armend_visualize/main" to ""
-- Up-to-date: /home/xsm/R1_ws/install/armend_visualize/share/ament_index/resource_index/package_run_dependencies/armend_visualize
-- Up-to-date: /home/xsm/R1_ws/install/armend_visualize/share/ament_index/resource_index/parent_prefix_path/armend_visualize
-- Up-to-date: /home/xsm/R1_ws/install/armend_visualize/share/armend_visualize/environment/ament_prefix_path.sh
-- Up-to-date: /home/xsm/R1_ws/install/armend_visualize/share/armend_visualize/environment/ament_prefix_path.dsv
-- Up-to-date: /home/xsm/R1_ws/install/armend_visualize/share/armend_visualize/environment/path.sh
-- Up-to-date: /home/xsm/R1_ws/install/armend_visualize/share/armend_visualize/environment/path.dsv
-- Up-to-date: /home/xsm/R1_ws/install/armend_visualize/share/armend_visualize/local_setup.bash
-- Up-to-date: /home/xsm/R1_ws/install/armend_visualize/share/armend_visualize/local_setup.sh
-- Up-to-date: /home/xsm/R1_ws/install/armend_visualize/share/armend_visualize/local_setup.zsh
-- Up-to-date: /home/xsm/R1_ws/install/armend_visualize/share/armend_visualize/local_setup.dsv
-- Installing: /home/xsm/R1_ws/install/armend_visualize/share/armend_visualize/package.dsv
-- Up-to-date: /home/xsm/R1_ws/install/armend_visualize/share/ament_index/resource_index/packages/armend_visualize
-- Up-to-date: /home/xsm/R1_ws/install/armend_visualize/share/armend_visualize/cmake/armend_visualizeConfig.cmake
-- Up-to-date: /home/xsm/R1_ws/install/armend_visualize/share/armend_visualize/cmake/armend_visualizeConfig-version.cmake
-- Up-to-date: /home/xsm/R1_ws/install/armend_visualize/share/armend_visualize/package.xml
