[100%] Built target optimal_control_problem
-- Install configuration: "RelWithDebInfo"
-- Up-to-date: /home/xsm/R1_ws/install/optimal_control_problem/lib/liboptimal_control_problem.so
-- Up-to-date: /home/xsm/R1_ws/install/optimal_control_problem/share/optimal_control_problem/environment/library_path.sh
-- Up-to-date: /home/xsm/R1_ws/install/optimal_control_problem/share/optimal_control_problem/environment/library_path.dsv
-- Up-to-date: /home/xsm/R1_ws/install/optimal_control_problem/include
-- Up-to-date: /home/xsm/R1_ws/install/optimal_control_problem/include/optimal_control_problem
-- Up-to-date: /home/xsm/R1_ws/install/optimal_control_problem/include/optimal_control_problem/OptimalControlProblem.h
-- Up-to-date: /home/xsm/R1_ws/install/optimal_control_problem/share/optimal_control_problem//code_gen
-- Up-to-date: /home/xsm/R1_ws/install/optimal_control_problem/share/optimal_control_problem//code_gen/.gitignore
-- Up-to-date: /home/xsm/R1_ws/install/optimal_control_problem/share/optimal_control_problem//include
-- Up-to-date: /home/xsm/R1_ws/install/optimal_control_problem/share/optimal_control_problem//include/optimal_control_problem
-- Up-to-date: /home/xsm/R1_ws/install/optimal_control_problem/share/optimal_control_problem//include/optimal_control_problem/OptimalControlProblem.h
-- Up-to-date: /home/xsm/R1_ws/install/optimal_control_problem/share/optimal_control_problem//log
-- Up-to-date: /home/xsm/R1_ws/install/optimal_control_problem/share/optimal_control_problem//log/constraints.csv 
-- Up-to-date: /home/xsm/R1_ws/install/optimal_control_problem/share/optimal_control_problem//log/.gitignore
-- Up-to-date: /home/xsm/R1_ws/install/optimal_control_problem/share/ament_index/resource_index/package_run_dependencies/optimal_control_problem
-- Up-to-date: /home/xsm/R1_ws/install/optimal_control_problem/share/ament_index/resource_index/parent_prefix_path/optimal_control_problem
-- Up-to-date: /home/xsm/R1_ws/install/optimal_control_problem/share/optimal_control_problem/environment/ament_prefix_path.sh
-- Up-to-date: /home/xsm/R1_ws/install/optimal_control_problem/share/optimal_control_problem/environment/ament_prefix_path.dsv
-- Up-to-date: /home/xsm/R1_ws/install/optimal_control_problem/share/optimal_control_problem/environment/path.sh
-- Up-to-date: /home/xsm/R1_ws/install/optimal_control_problem/share/optimal_control_problem/environment/path.dsv
-- Up-to-date: /home/xsm/R1_ws/install/optimal_control_problem/share/optimal_control_problem/local_setup.bash
-- Up-to-date: /home/xsm/R1_ws/install/optimal_control_problem/share/optimal_control_problem/local_setup.sh
-- Up-to-date: /home/xsm/R1_ws/install/optimal_control_problem/share/optimal_control_problem/local_setup.zsh
-- Up-to-date: /home/xsm/R1_ws/install/optimal_control_problem/share/optimal_control_problem/local_setup.dsv
-- Up-to-date: /home/xsm/R1_ws/install/optimal_control_problem/share/optimal_control_problem/package.dsv
-- Up-to-date: /home/xsm/R1_ws/install/optimal_control_problem/share/ament_index/resource_index/packages/optimal_control_problem
-- Up-to-date: /home/xsm/R1_ws/install/optimal_control_problem/share/optimal_control_problem/cmake/ament_cmake_export_libraries-extras.cmake
-- Up-to-date: /home/xsm/R1_ws/install/optimal_control_problem/share/optimal_control_problem/cmake/ament_cmake_export_dependencies-extras.cmake
-- Up-to-date: /home/xsm/R1_ws/install/optimal_control_problem/share/optimal_control_problem/cmake/ament_cmake_export_include_directories-extras.cmake
-- Up-to-date: /home/xsm/R1_ws/install/optimal_control_problem/share/optimal_control_problem/cmake/optimal_control_problemConfig.cmake
-- Up-to-date: /home/xsm/R1_ws/install/optimal_control_problem/share/optimal_control_problem/cmake/optimal_control_problemConfig-version.cmake
-- Up-to-date: /home/xsm/R1_ws/install/optimal_control_problem/share/optimal_control_problem/package.xml
