[35m[1mConsolidate compiler generated dependencies of target lock_utils[0m
[100%] Built target lock_utils
-- Install configuration: "RelWithDebInfo"
-- Up-to-date: /home/xsm/R1_ws/install/lock_utils/lib/liblock_utils.so
-- Up-to-date: /home/xsm/R1_ws/install/lock_utils/share/lock_utils/environment/library_path.sh
-- Up-to-date: /home/xsm/R1_ws/install/lock_utils/share/lock_utils/environment/library_path.dsv
-- Up-to-date: /home/xsm/R1_ws/install/lock_utils/include
-- Up-to-date: /home/xsm/R1_ws/install/lock_utils/include/lock_utils
-- Up-to-date: /home/xsm/R1_ws/install/lock_utils/include/lock_utils/readme_filter.md
-- Up-to-date: /home/xsm/R1_ws/install/lock_utils/include/lock_utils/readme_csv.md
-- Up-to-date: /home/xsm/R1_ws/install/lock_utils/include/lock_utils/SaveParseCSV.h
-- Up-to-date: /home/xsm/R1_ws/install/lock_utils/include/lock_utils/Fliters.h
-- Up-to-date: /home/xsm/R1_ws/install/lock_utils/share/lock_utils//include
-- Up-to-date: /home/xsm/R1_ws/install/lock_utils/share/lock_utils//include/lock_utils
-- Up-to-date: /home/xsm/R1_ws/install/lock_utils/share/lock_utils//include/lock_utils/readme_filter.md
-- Up-to-date: /home/xsm/R1_ws/install/lock_utils/share/lock_utils//include/lock_utils/readme_csv.md
-- Up-to-date: /home/xsm/R1_ws/install/lock_utils/share/lock_utils//include/lock_utils/SaveParseCSV.h
-- Up-to-date: /home/xsm/R1_ws/install/lock_utils/share/lock_utils//include/lock_utils/Fliters.h
-- Up-to-date: /home/xsm/R1_ws/install/lock_utils/share/ament_index/resource_index/package_run_dependencies/lock_utils
-- Up-to-date: /home/xsm/R1_ws/install/lock_utils/share/ament_index/resource_index/parent_prefix_path/lock_utils
-- Up-to-date: /home/xsm/R1_ws/install/lock_utils/share/lock_utils/environment/ament_prefix_path.sh
-- Up-to-date: /home/xsm/R1_ws/install/lock_utils/share/lock_utils/environment/ament_prefix_path.dsv
-- Up-to-date: /home/xsm/R1_ws/install/lock_utils/share/lock_utils/environment/path.sh
-- Up-to-date: /home/xsm/R1_ws/install/lock_utils/share/lock_utils/environment/path.dsv
-- Up-to-date: /home/xsm/R1_ws/install/lock_utils/share/lock_utils/local_setup.bash
-- Up-to-date: /home/xsm/R1_ws/install/lock_utils/share/lock_utils/local_setup.sh
-- Up-to-date: /home/xsm/R1_ws/install/lock_utils/share/lock_utils/local_setup.zsh
-- Up-to-date: /home/xsm/R1_ws/install/lock_utils/share/lock_utils/local_setup.dsv
-- Installing: /home/xsm/R1_ws/install/lock_utils/share/lock_utils/package.dsv
-- Up-to-date: /home/xsm/R1_ws/install/lock_utils/share/ament_index/resource_index/packages/lock_utils
-- Up-to-date: /home/xsm/R1_ws/install/lock_utils/share/lock_utils/cmake/ament_cmake_export_libraries-extras.cmake
-- Up-to-date: /home/xsm/R1_ws/install/lock_utils/share/lock_utils/cmake/ament_cmake_export_dependencies-extras.cmake
-- Up-to-date: /home/xsm/R1_ws/install/lock_utils/share/lock_utils/cmake/ament_cmake_export_include_directories-extras.cmake
-- Up-to-date: /home/xsm/R1_ws/install/lock_utils/share/lock_utils/cmake/lock_utilsConfig.cmake
-- Up-to-date: /home/xsm/R1_ws/install/lock_utils/share/lock_utils/cmake/lock_utilsConfig-version.cmake
-- Up-to-date: /home/xsm/R1_ws/install/lock_utils/share/lock_utils/package.xml
