[35m[1mConsolidate compiler generated dependencies of target pino_armkine_node[0m
[100%] Built target pino_armkine_node
-- Install configuration: ""
-- Up-to-date: /home/xsm/R1_ws/install/armForwardkinematics/lib/armForwardkinematics/pino_armkine_node
-- Up-to-date: /home/xsm/R1_ws/install/armForwardkinematics/share/armForwardkinematics/launch
-- Up-to-date: /home/xsm/R1_ws/install/armForwardkinematics/share/armForwardkinematics/launch/armInv.py
-- Up-to-date: /home/xsm/R1_ws/install/armForwardkinematics/share/armForwardkinematics//config
-- Up-to-date: /home/xsm/R1_ws/install/armForwardkinematics/share/armForwardkinematics//config/config.yaml
-- Up-to-date: /home/xsm/R1_ws/install/armForwardkinematics/share/ament_index/resource_index/package_run_dependencies/armForwardkinematics
-- Up-to-date: /home/xsm/R1_ws/install/armForwardkinematics/share/ament_index/resource_index/parent_prefix_path/armForwardkinematics
-- Up-to-date: /home/xsm/R1_ws/install/armForwardkinematics/share/armForwardkinematics/environment/ament_prefix_path.sh
-- Installing: /home/xsm/R1_ws/install/armForwardkinematics/share/armForwardkinematics/environment/ament_prefix_path.dsv
-- Up-to-date: /home/xsm/R1_ws/install/armForwardkinematics/share/armForwardkinematics/environment/path.sh
-- Installing: /home/xsm/R1_ws/install/armForwardkinematics/share/armForwardkinematics/environment/path.dsv
-- Up-to-date: /home/xsm/R1_ws/install/armForwardkinematics/share/armForwardkinematics/local_setup.bash
-- Up-to-date: /home/xsm/R1_ws/install/armForwardkinematics/share/armForwardkinematics/local_setup.sh
-- Up-to-date: /home/xsm/R1_ws/install/armForwardkinematics/share/armForwardkinematics/local_setup.zsh
-- Installing: /home/xsm/R1_ws/install/armForwardkinematics/share/armForwardkinematics/local_setup.dsv
-- Installing: /home/xsm/R1_ws/install/armForwardkinematics/share/armForwardkinematics/package.dsv
-- Up-to-date: /home/xsm/R1_ws/install/armForwardkinematics/share/ament_index/resource_index/packages/armForwardkinematics
-- Up-to-date: /home/xsm/R1_ws/install/armForwardkinematics/share/armForwardkinematics/cmake/armForwardkinematicsConfig.cmake
-- Up-to-date: /home/xsm/R1_ws/install/armForwardkinematics/share/armForwardkinematics/cmake/armForwardkinematicsConfig-version.cmake
-- Up-to-date: /home/xsm/R1_ws/install/armForwardkinematics/share/armForwardkinematics/package.xml
