[0.019s] Invoking command in '/home/xsm/R1_ws/build/lock_utils': CMAKE_PREFIX_PATH=${CMAKE_PREFIX_PATH}:/home/xsm/R1_ws/install/gui_pkg:/opt/ros/humble /usr/bin/cmake --build /home/xsm/R1_ws/build/lock_utils -- -j16 -l16
[0.091s] [100%] Built target lock_utils
[0.242s] Invoked command in '/home/xsm/R1_ws/build/lock_utils' returned '0': CMAKE_PREFIX_PATH=${CMAKE_PREFIX_PATH}:/home/xsm/R1_ws/install/gui_pkg:/opt/ros/humble /usr/bin/cmake --build /home/xsm/R1_ws/build/lock_utils -- -j16 -l16
[0.318s] Invoking command in '/home/xsm/R1_ws/build/lock_utils': CMAKE_PREFIX_PATH=${CMAKE_PREFIX_PATH}:/home/xsm/R1_ws/install/gui_pkg:/opt/ros/humble /usr/bin/cmake --install /home/xsm/R1_ws/build/lock_utils
[0.328s] -- Install configuration: "RelWithDebInfo"
[0.328s] -- Execute custom install script
[0.329s] -- Up-to-date symlink: /home/xsm/R1_ws/install/lock_utils/share/lock_utils/environment/library_path.sh
[0.329s] -- Up-to-date symlink: /home/xsm/R1_ws/install/lock_utils/share/lock_utils/environment/library_path.dsv
[0.329s] -- Up-to-date symlink: /home/xsm/R1_ws/install/lock_utils/include/lock_utils/Fliters.h
[0.330s] -- Up-to-date symlink: /home/xsm/R1_ws/install/lock_utils/include/lock_utils/SaveParseCSV.h
[0.330s] -- Up-to-date symlink: /home/xsm/R1_ws/install/lock_utils/include/lock_utils/readme_csv.md
[0.330s] -- Up-to-date symlink: /home/xsm/R1_ws/install/lock_utils/include/lock_utils/readme_filter.md
[0.330s] -- Up-to-date symlink: /home/xsm/R1_ws/install/lock_utils/share/lock_utils//include/lock_utils/Fliters.h
[0.330s] -- Up-to-date symlink: /home/xsm/R1_ws/install/lock_utils/share/lock_utils//include/lock_utils/SaveParseCSV.h
[0.330s] -- Up-to-date symlink: /home/xsm/R1_ws/install/lock_utils/share/lock_utils//include/lock_utils/readme_csv.md
[0.330s] -- Up-to-date symlink: /home/xsm/R1_ws/install/lock_utils/share/lock_utils//include/lock_utils/readme_filter.md
[0.331s] -- Up-to-date symlink: /home/xsm/R1_ws/install/lock_utils/share/ament_index/resource_index/package_run_dependencies/lock_utils
[0.331s] -- Up-to-date symlink: /home/xsm/R1_ws/install/lock_utils/share/ament_index/resource_index/parent_prefix_path/lock_utils
[0.331s] -- Up-to-date symlink: /home/xsm/R1_ws/install/lock_utils/share/lock_utils/environment/ament_prefix_path.sh
[0.331s] -- Up-to-date symlink: /home/xsm/R1_ws/install/lock_utils/share/lock_utils/environment/ament_prefix_path.dsv
[0.331s] -- Up-to-date symlink: /home/xsm/R1_ws/install/lock_utils/share/lock_utils/environment/path.sh
[0.331s] -- Up-to-date symlink: /home/xsm/R1_ws/install/lock_utils/share/lock_utils/environment/path.dsv
[0.331s] -- Up-to-date symlink: /home/xsm/R1_ws/install/lock_utils/share/lock_utils/local_setup.bash
[0.332s] -- Up-to-date symlink: /home/xsm/R1_ws/install/lock_utils/share/lock_utils/local_setup.sh
[0.332s] -- Up-to-date symlink: /home/xsm/R1_ws/install/lock_utils/share/lock_utils/local_setup.zsh
[0.332s] -- Up-to-date symlink: /home/xsm/R1_ws/install/lock_utils/share/lock_utils/local_setup.dsv
[0.332s] -- Symlinking: /home/xsm/R1_ws/install/lock_utils/share/lock_utils/package.dsv
[0.343s] -- Up-to-date symlink: /home/xsm/R1_ws/install/lock_utils/share/ament_index/resource_index/packages/lock_utils
[0.344s] -- Up-to-date symlink: /home/xsm/R1_ws/install/lock_utils/share/lock_utils/cmake/ament_cmake_export_libraries-extras.cmake
[0.344s] -- Up-to-date symlink: /home/xsm/R1_ws/install/lock_utils/share/lock_utils/cmake/ament_cmake_export_dependencies-extras.cmake
[0.344s] -- Up-to-date symlink: /home/xsm/R1_ws/install/lock_utils/share/lock_utils/cmake/ament_cmake_export_include_directories-extras.cmake
[0.344s] -- Up-to-date symlink: /home/xsm/R1_ws/install/lock_utils/share/lock_utils/cmake/lock_utilsConfig.cmake
[0.344s] -- Up-to-date symlink: /home/xsm/R1_ws/install/lock_utils/share/lock_utils/cmake/lock_utilsConfig-version.cmake
[0.344s] -- Up-to-date symlink: /home/xsm/R1_ws/install/lock_utils/share/lock_utils/package.xml
[0.344s] -- Up-to-date: /home/xsm/R1_ws/install/lock_utils/lib/liblock_utils.so
[0.347s] Invoked command in '/home/xsm/R1_ws/build/lock_utils' returned '0': CMAKE_PREFIX_PATH=${CMAKE_PREFIX_PATH}:/home/xsm/R1_ws/install/gui_pkg:/opt/ros/humble /usr/bin/cmake --install /home/xsm/R1_ws/build/lock_utils
