[0.014s] Invoking command in '/home/xsm/R1_ws/build/armForwardkinematics': CMAKE_PREFIX_PATH=/home/xsm/R1_ws/install/mit_msgs:/home/xsm/R1_ws/install/optimal_control_problem:/home/xsm/R1_ws/install/arm_dynamics_hw:/home/xsm/R1_ws/install/armForwardkinematics:/home/xsm/R1_ws/install/lock_utils:/home/xsm/R1_ws/install/gui_pkg:/opt/ros/humble LD_LIBRARY_PATH=/home/xsm/R1_ws/install/mit_msgs/lib:/home/xsm/R1_ws/install/optimal_control_problem/lib:/home/xsm/R1_ws/install/lock_utils/lib:/usr/lib/x86_64-linux-gnu/gazebo-11/plugins:/opt/ros/humble/opt/rviz_ogre_vendor/lib:/opt/ros/humble/lib/x86_64-linux-gnu:/opt/ros/humble/lib:/usr/share/gazebo/../../lib/x86_64-linux-gnu/gazebo-11/plugins:/usr/lib/nvidia /usr/bin/cmake /home/xsm/R1_ws/src/armForwardkinematics -DCMAKE_EXPORT_COMPILE_COMMANDS=ON -DCMAKE_INSTALL_PREFIX=/home/xsm/R1_ws/install/armForwardkinematics
[0.025s] -- Found ament_cmake: 1.3.10 (/opt/ros/humble/share/ament_cmake/cmake)
[0.081s] -- Found Python3: /usr/bin/python3 (found version "3.10.12") found components: Interpreter 
[0.131s] -- Override CMake install command with custom implementation using symlinks instead of copying resources
[0.136s] -- Found rclcpp: 16.0.10 (/opt/ros/humble/share/rclcpp/cmake)
[0.157s] -- Found rosidl_generator_c: 3.1.5 (/opt/ros/humble/share/rosidl_generator_c/cmake)
[0.159s] -- Found rosidl_adapter: 3.1.5 (/opt/ros/humble/share/rosidl_adapter/cmake)
[0.163s] -- Found rosidl_generator_cpp: 3.1.5 (/opt/ros/humble/share/rosidl_generator_cpp/cmake)
[0.170s] -- Using all available rosidl_typesupport_c: rosidl_typesupport_fastrtps_c;rosidl_typesupport_introspection_c
[0.179s] -- Using all available rosidl_typesupport_cpp: rosidl_typesupport_fastrtps_cpp;rosidl_typesupport_introspection_cpp
[0.201s] -- Found rmw_implementation_cmake: 6.1.2 (/opt/ros/humble/share/rmw_implementation_cmake/cmake)
[0.202s] -- Found rmw_fastrtps_cpp: 6.2.7 (/opt/ros/humble/share/rmw_fastrtps_cpp/cmake)
[0.298s] -- Using RMW implementation 'rmw_fastrtps_cpp' as default
[0.332s] -- pinocchio FOUND. pinocchio at /opt/ros/humble/lib/x86_64-linux-gnu/libpinocchio.so
[0.332s] -- boost_filesystem FOUND. boost_filesystem at /lib/x86_64-linux-gnu/libboost_filesystem.so
[0.333s] -- boost_serialization FOUND. boost_serialization at /lib/x86_64-linux-gnu/libboost_serialization.so
[0.333s] -- boost_system FOUND. boost_system at /lib/x86_64-linux-gnu/libboost_system.so
[0.339s] -- Found Boost: /usr/include (found version "1.74.0") found components: filesystem serialization system 
[0.340s] -- eigenpy FOUND. eigenpy at /opt/ros/humble/lib/x86_64-linux-gnu/libeigenpy.so
[0.368s] -- Checking for NumPy
[0.535s] --   NUMPY_INCLUDE_DIRS=/usr/lib/python3/dist-packages/numpy/core/include
[0.619s] --   NUMPY_VERSION=1.21.5
[0.849s] -- Found Python3: /usr/bin/python3 (found version "3.10.12") found components: Interpreter Development.Module NumPy 
[0.850s] -- PythonLibraryDirs: 
[0.850s] -- PythonLibVersionString: 3.10.12
[0.874s] -- Python site lib: lib/python3.10/dist-packages
[0.874s] -- Python include dirs: /usr/include/python3.10
[0.920s] -- Checking for NumPy
[1.003s] --   NUMPY_INCLUDE_DIRS=/usr/lib/python3/dist-packages/numpy/core/include
[1.086s] --   NUMPY_VERSION=1.21.5
[1.086s] -- NumPy include dir: /usr/lib/python3/dist-packages/numpy/core/include
[1.090s] [33mCMake Warning at /usr/share/cmake-3.22/Modules/FindBoost.cmake:2201 (message):
[1.090s]   No header defined for python310; skipping header check (note: header-only
[1.090s]   libraries have no designated component)
[1.090s] Call Stack (most recent call first):
[1.090s]   /opt/ros/humble/lib/x86_64-linux-gnu/cmake/eigenpy/boost.cmake:144 (find_package)
[1.090s]   /opt/ros/humble/lib/x86_64-linux-gnu/cmake/eigenpy/eigenpyConfig.cmake:149 (SEARCH_FOR_BOOST_PYTHON)
[1.090s]   /usr/share/cmake-3.22/Modules/CMakeFindDependencyMacro.cmake:47 (find_package)
[1.090s]   /opt/ros/humble/lib/x86_64-linux-gnu/cmake/pinocchio/pinocchioConfig.cmake:160 (find_dependency)
[1.090s]   CMakeLists.txt:11 (find_package)
[1.090s] 
[1.090s] [0m
[1.090s] -- Found Boost: /usr/include (found version "1.74.0") found components: python310 
[1.090s] -- Boost_PYTHON_LIBRARY: /usr/lib/x86_64-linux-gnu/libboost_python310.so
[1.354s] -- Default C++ standard: 201703
[1.354s] -- C++ standard sufficient: Minimal required 11, currently defined: 17
[1.355s] -- CMAKE_CXX_STANDARD was not set: automatically set to currently defined standard 17
[1.355s] -- hpp-fcl FOUND. hpp-fcl at /opt/ros/humble/lib/x86_64-linux-gnu/libhpp-fcl.so
[1.361s] -- Found Boost: /usr/include (found version "1.74.0") found components: chrono serialization filesystem 
[1.362s] -- C++ standard sufficient: Minimal required 11, currently defined: 17
[1.362s] -- C++ standard sufficient: Minimal required 11, currently defined: 17
[1.366s] [33mCMake Warning at /usr/share/cmake-3.22/Modules/FindBoost.cmake:2201 (message):
[1.366s]   No header defined for python310; skipping header check (note: header-only
[1.366s]   libraries have no designated component)
[1.366s] Call Stack (most recent call first):
[1.366s]   CMakeLists.txt:13 (find_package)
[1.366s] 
[1.366s] [0m
[1.366s] -- Found Boost: /usr/include (found version "1.74.0") found components: python310 
[1.366s] -- Found mit_msgs: 0.0.0 (/home/xsm/R1_ws/install/mit_msgs/share/mit_msgs/cmake)
[1.403s] -- Found ament_lint_auto: 0.12.11 (/opt/ros/humble/share/ament_lint_auto/cmake)
[1.449s] WARNING: Package name "armForwardkinematics" does not follow the naming conventions. It should start with a lower case letter and only contain lower case letters, digits, underscores, and dashes.
[1.540s] -- Added test 'cppcheck' to perform static code analysis on C / C++ code
[1.540s] -- Configured cppcheck include dirs: /home/xsm/R1_ws/src/armForwardkinematics/include;/home/xsm/R1_ws/src/armForwardkinematics/include/pid
[1.540s] -- Configured cppcheck exclude dirs and/or files: 
[1.550s] -- Added test 'flake8' to check Python code syntax and style conventions
[1.571s] -- Added test 'lint_cmake' to check CMake code style
[1.584s] -- Added test 'pep257' to check Python code against some of the docstring style conventions in PEP 257
[1.668s] -- Added test 'uncrustify' to check C / C++ code style
[1.668s] -- Configured uncrustify additional arguments: 
[1.678s] -- Added test 'xmllint' to check XML markup files
[1.679s] -- Configuring done
[1.689s] -- Generating done
[1.690s] -- Build files have been written to: /home/xsm/R1_ws/build/armForwardkinematics
[1.701s] Invoked command in '/home/xsm/R1_ws/build/armForwardkinematics' returned '0': CMAKE_PREFIX_PATH=/home/xsm/R1_ws/install/mit_msgs:/home/xsm/R1_ws/install/optimal_control_problem:/home/xsm/R1_ws/install/arm_dynamics_hw:/home/xsm/R1_ws/install/armForwardkinematics:/home/xsm/R1_ws/install/lock_utils:/home/xsm/R1_ws/install/gui_pkg:/opt/ros/humble LD_LIBRARY_PATH=/home/xsm/R1_ws/install/mit_msgs/lib:/home/xsm/R1_ws/install/optimal_control_problem/lib:/home/xsm/R1_ws/install/lock_utils/lib:/usr/lib/x86_64-linux-gnu/gazebo-11/plugins:/opt/ros/humble/opt/rviz_ogre_vendor/lib:/opt/ros/humble/lib/x86_64-linux-gnu:/opt/ros/humble/lib:/usr/share/gazebo/../../lib/x86_64-linux-gnu/gazebo-11/plugins:/usr/lib/nvidia /usr/bin/cmake /home/xsm/R1_ws/src/armForwardkinematics -DCMAKE_EXPORT_COMPILE_COMMANDS=ON -DCMAKE_INSTALL_PREFIX=/home/xsm/R1_ws/install/armForwardkinematics
[1.702s] Invoking command in '/home/xsm/R1_ws/build/armForwardkinematics': CMAKE_PREFIX_PATH=/home/xsm/R1_ws/install/mit_msgs:/home/xsm/R1_ws/install/optimal_control_problem:/home/xsm/R1_ws/install/arm_dynamics_hw:/home/xsm/R1_ws/install/armForwardkinematics:/home/xsm/R1_ws/install/lock_utils:/home/xsm/R1_ws/install/gui_pkg:/opt/ros/humble LD_LIBRARY_PATH=/home/xsm/R1_ws/install/mit_msgs/lib:/home/xsm/R1_ws/install/optimal_control_problem/lib:/home/xsm/R1_ws/install/lock_utils/lib:/usr/lib/x86_64-linux-gnu/gazebo-11/plugins:/opt/ros/humble/opt/rviz_ogre_vendor/lib:/opt/ros/humble/lib/x86_64-linux-gnu:/opt/ros/humble/lib:/usr/share/gazebo/../../lib/x86_64-linux-gnu/gazebo-11/plugins:/usr/lib/nvidia /usr/bin/cmake --build /home/xsm/R1_ws/build/armForwardkinematics -- -j16 -l16
[1.758s] [35m[1mConsolidate compiler generated dependencies of target pino_armkine_node[0m
[1.810s] [100%] Built target pino_armkine_node
[1.823s] Invoked command in '/home/xsm/R1_ws/build/armForwardkinematics' returned '0': CMAKE_PREFIX_PATH=/home/xsm/R1_ws/install/mit_msgs:/home/xsm/R1_ws/install/optimal_control_problem:/home/xsm/R1_ws/install/arm_dynamics_hw:/home/xsm/R1_ws/install/armForwardkinematics:/home/xsm/R1_ws/install/lock_utils:/home/xsm/R1_ws/install/gui_pkg:/opt/ros/humble LD_LIBRARY_PATH=/home/xsm/R1_ws/install/mit_msgs/lib:/home/xsm/R1_ws/install/optimal_control_problem/lib:/home/xsm/R1_ws/install/lock_utils/lib:/usr/lib/x86_64-linux-gnu/gazebo-11/plugins:/opt/ros/humble/opt/rviz_ogre_vendor/lib:/opt/ros/humble/lib/x86_64-linux-gnu:/opt/ros/humble/lib:/usr/share/gazebo/../../lib/x86_64-linux-gnu/gazebo-11/plugins:/usr/lib/nvidia /usr/bin/cmake --build /home/xsm/R1_ws/build/armForwardkinematics -- -j16 -l16
[1.897s] Invoking command in '/home/xsm/R1_ws/build/armForwardkinematics': CMAKE_PREFIX_PATH=/home/xsm/R1_ws/install/mit_msgs:/home/xsm/R1_ws/install/optimal_control_problem:/home/xsm/R1_ws/install/arm_dynamics_hw:/home/xsm/R1_ws/install/armForwardkinematics:/home/xsm/R1_ws/install/lock_utils:/home/xsm/R1_ws/install/gui_pkg:/opt/ros/humble LD_LIBRARY_PATH=/home/xsm/R1_ws/install/mit_msgs/lib:/home/xsm/R1_ws/install/optimal_control_problem/lib:/home/xsm/R1_ws/install/lock_utils/lib:/usr/lib/x86_64-linux-gnu/gazebo-11/plugins:/opt/ros/humble/opt/rviz_ogre_vendor/lib:/opt/ros/humble/lib/x86_64-linux-gnu:/opt/ros/humble/lib:/usr/share/gazebo/../../lib/x86_64-linux-gnu/gazebo-11/plugins:/usr/lib/nvidia /usr/bin/cmake --install /home/xsm/R1_ws/build/armForwardkinematics
[1.905s] -- Install configuration: ""
[1.905s] -- Execute custom install script
[1.905s] -- Up-to-date symlink: /home/xsm/R1_ws/install/armForwardkinematics/lib/armForwardkinematics/pino_armkine_node
[1.906s] -- Up-to-date symlink: /home/xsm/R1_ws/install/armForwardkinematics/share/armForwardkinematics/launch/armInv.py
[1.906s] -- Up-to-date symlink: /home/xsm/R1_ws/install/armForwardkinematics/share/armForwardkinematics//config/config.yaml
[1.906s] -- Up-to-date symlink: /home/xsm/R1_ws/install/armForwardkinematics/share/ament_index/resource_index/package_run_dependencies/armForwardkinematics
[1.906s] -- Up-to-date symlink: /home/xsm/R1_ws/install/armForwardkinematics/share/ament_index/resource_index/parent_prefix_path/armForwardkinematics
[1.907s] -- Up-to-date symlink: /home/xsm/R1_ws/install/armForwardkinematics/share/armForwardkinematics/environment/ament_prefix_path.sh
[1.907s] -- Up-to-date symlink: /home/xsm/R1_ws/install/armForwardkinematics/share/armForwardkinematics/environment/ament_prefix_path.dsv
[1.907s] -- Up-to-date symlink: /home/xsm/R1_ws/install/armForwardkinematics/share/armForwardkinematics/environment/path.sh
[1.907s] -- Up-to-date symlink: /home/xsm/R1_ws/install/armForwardkinematics/share/armForwardkinematics/environment/path.dsv
[1.907s] -- Up-to-date symlink: /home/xsm/R1_ws/install/armForwardkinematics/share/armForwardkinematics/local_setup.bash
[1.907s] -- Up-to-date symlink: /home/xsm/R1_ws/install/armForwardkinematics/share/armForwardkinematics/local_setup.sh
[1.907s] -- Up-to-date symlink: /home/xsm/R1_ws/install/armForwardkinematics/share/armForwardkinematics/local_setup.zsh
[1.907s] -- Up-to-date symlink: /home/xsm/R1_ws/install/armForwardkinematics/share/armForwardkinematics/local_setup.dsv
[1.908s] -- Symlinking: /home/xsm/R1_ws/install/armForwardkinematics/share/armForwardkinematics/package.dsv
[1.918s] -- Up-to-date symlink: /home/xsm/R1_ws/install/armForwardkinematics/share/ament_index/resource_index/packages/armForwardkinematics
[1.918s] -- Up-to-date symlink: /home/xsm/R1_ws/install/armForwardkinematics/share/armForwardkinematics/cmake/armForwardkinematicsConfig.cmake
[1.918s] -- Up-to-date symlink: /home/xsm/R1_ws/install/armForwardkinematics/share/armForwardkinematics/cmake/armForwardkinematicsConfig-version.cmake
[1.918s] -- Up-to-date symlink: /home/xsm/R1_ws/install/armForwardkinematics/share/armForwardkinematics/package.xml
[1.921s] Invoked command in '/home/xsm/R1_ws/build/armForwardkinematics' returned '0': CMAKE_PREFIX_PATH=/home/xsm/R1_ws/install/mit_msgs:/home/xsm/R1_ws/install/optimal_control_problem:/home/xsm/R1_ws/install/arm_dynamics_hw:/home/xsm/R1_ws/install/armForwardkinematics:/home/xsm/R1_ws/install/lock_utils:/home/xsm/R1_ws/install/gui_pkg:/opt/ros/humble LD_LIBRARY_PATH=/home/xsm/R1_ws/install/mit_msgs/lib:/home/xsm/R1_ws/install/optimal_control_problem/lib:/home/xsm/R1_ws/install/lock_utils/lib:/usr/lib/x86_64-linux-gnu/gazebo-11/plugins:/opt/ros/humble/opt/rviz_ogre_vendor/lib:/opt/ros/humble/lib/x86_64-linux-gnu:/opt/ros/humble/lib:/usr/share/gazebo/../../lib/x86_64-linux-gnu/gazebo-11/plugins:/usr/lib/nvidia /usr/bin/cmake --install /home/xsm/R1_ws/build/armForwardkinematics
