[0.221s] Invoking command in '/home/xsm/R1_ws/build/optimal_control_problem': CMAKE_PREFIX_PATH=${CMAKE_PREFIX_PATH}:/home/xsm/R1_ws/install/gui_pkg:/opt/ros/humble /usr/bin/cmake /home/xsm/R1_ws/src/public/OptimalControlProblem -DCMAKE_INSTALL_PREFIX=/home/xsm/R1_ws/install/optimal_control_problem
[0.234s] -- Found ament_cmake: 1.3.10 (/opt/ros/humble/share/ament_cmake/cmake)
[0.345s] -- Override CMake install command with custom implementation using symlinks instead of copying resources
[0.360s] -- Found ament_index_cpp: 1.4.0 (/opt/ros/humble/share/ament_index_cpp/cmake)
[0.361s] -- Checking include directories for CASADI
[0.361s] -- Using CASADI_INCLUDE_DIRS
[0.361s] -- Checking include directories for Eigen3
[0.361s] -- Using EIGEN3_INCLUDE_DIRS
[0.361s] -- Checking include directories for yaml-cpp
[0.361s] -- No include directories found for yaml-cpp
[0.361s] -- Checking include directories for ament_index_cpp
[0.361s] -- No include directories found for ament_index_cpp
[0.361s] -- Processing target: optimal_control_problem
[0.424s] -- Configuring done
[0.429s] -- Generating done
[0.430s] -- Build files have been written to: /home/xsm/R1_ws/build/optimal_control_problem
[0.434s] Invoked command in '/home/xsm/R1_ws/build/optimal_control_problem' returned '0': CMAKE_PREFIX_PATH=${CMAKE_PREFIX_PATH}:/home/xsm/R1_ws/install/gui_pkg:/opt/ros/humble /usr/bin/cmake /home/xsm/R1_ws/src/public/OptimalControlProblem -DCMAKE_INSTALL_PREFIX=/home/xsm/R1_ws/install/optimal_control_problem
[0.436s] Invoking command in '/home/xsm/R1_ws/build/optimal_control_problem': CMAKE_PREFIX_PATH=${CMAKE_PREFIX_PATH}:/home/xsm/R1_ws/install/gui_pkg:/opt/ros/humble /usr/bin/cmake --build /home/xsm/R1_ws/build/optimal_control_problem -- -j16 -l16
[0.490s] [35m[1mConsolidate compiler generated dependencies of target optimal_control_problem[0m
[0.511s] [100%] Built target optimal_control_problem
[0.527s] Invoked command in '/home/xsm/R1_ws/build/optimal_control_problem' returned '0': CMAKE_PREFIX_PATH=${CMAKE_PREFIX_PATH}:/home/xsm/R1_ws/install/gui_pkg:/opt/ros/humble /usr/bin/cmake --build /home/xsm/R1_ws/build/optimal_control_problem -- -j16 -l16
[0.596s] Invoking command in '/home/xsm/R1_ws/build/optimal_control_problem': CMAKE_PREFIX_PATH=${CMAKE_PREFIX_PATH}:/home/xsm/R1_ws/install/gui_pkg:/opt/ros/humble /usr/bin/cmake --install /home/xsm/R1_ws/build/optimal_control_problem
[0.607s] -- Install configuration: "RelWithDebInfo"
[0.607s] -- Execute custom install script
[0.608s] -- Up-to-date symlink: /home/xsm/R1_ws/install/optimal_control_problem/share/optimal_control_problem/environment/library_path.sh
[0.608s] -- Up-to-date symlink: /home/xsm/R1_ws/install/optimal_control_problem/share/optimal_control_problem/environment/library_path.dsv
[0.608s] -- Up-to-date symlink: /home/xsm/R1_ws/install/optimal_control_problem/include/optimal_control_problem/OptimalControlProblem.h
[0.608s] -- Up-to-date symlink: /home/xsm/R1_ws/install/optimal_control_problem/share/optimal_control_problem//code_gen/.gitignore
[0.608s] -- Up-to-date symlink: /home/xsm/R1_ws/install/optimal_control_problem/share/optimal_control_problem//include/optimal_control_problem/OptimalControlProblem.h
[0.609s] -- Up-to-date symlink: /home/xsm/R1_ws/install/optimal_control_problem/share/optimal_control_problem//log/.gitignore
[0.609s] -- Up-to-date symlink: /home/xsm/R1_ws/install/optimal_control_problem/share/optimal_control_problem//log/constraints.csv 
[0.609s] -- Up-to-date symlink: /home/xsm/R1_ws/install/optimal_control_problem/share/ament_index/resource_index/package_run_dependencies/optimal_control_problem
[0.609s] -- Up-to-date symlink: /home/xsm/R1_ws/install/optimal_control_problem/share/ament_index/resource_index/parent_prefix_path/optimal_control_problem
[0.609s] -- Up-to-date symlink: /home/xsm/R1_ws/install/optimal_control_problem/share/optimal_control_problem/environment/ament_prefix_path.sh
[0.609s] -- Up-to-date symlink: /home/xsm/R1_ws/install/optimal_control_problem/share/optimal_control_problem/environment/ament_prefix_path.dsv
[0.609s] -- Up-to-date symlink: /home/xsm/R1_ws/install/optimal_control_problem/share/optimal_control_problem/environment/path.sh
[0.609s] -- Up-to-date symlink: /home/xsm/R1_ws/install/optimal_control_problem/share/optimal_control_problem/environment/path.dsv
[0.609s] -- Up-to-date symlink: /home/xsm/R1_ws/install/optimal_control_problem/share/optimal_control_problem/local_setup.bash
[0.610s] -- Up-to-date symlink: /home/xsm/R1_ws/install/optimal_control_problem/share/optimal_control_problem/local_setup.sh
[0.610s] -- Up-to-date symlink: /home/xsm/R1_ws/install/optimal_control_problem/share/optimal_control_problem/local_setup.zsh
[0.610s] -- Up-to-date symlink: /home/xsm/R1_ws/install/optimal_control_problem/share/optimal_control_problem/local_setup.dsv
[0.610s] -- Symlinking: /home/xsm/R1_ws/install/optimal_control_problem/share/optimal_control_problem/package.dsv
[0.623s] -- Up-to-date symlink: /home/xsm/R1_ws/install/optimal_control_problem/share/ament_index/resource_index/packages/optimal_control_problem
[0.623s] -- Up-to-date symlink: /home/xsm/R1_ws/install/optimal_control_problem/share/optimal_control_problem/cmake/ament_cmake_export_libraries-extras.cmake
[0.623s] -- Up-to-date symlink: /home/xsm/R1_ws/install/optimal_control_problem/share/optimal_control_problem/cmake/ament_cmake_export_dependencies-extras.cmake
[0.624s] -- Up-to-date symlink: /home/xsm/R1_ws/install/optimal_control_problem/share/optimal_control_problem/cmake/ament_cmake_export_include_directories-extras.cmake
[0.624s] -- Up-to-date symlink: /home/xsm/R1_ws/install/optimal_control_problem/share/optimal_control_problem/cmake/optimal_control_problemConfig.cmake
[0.624s] -- Up-to-date symlink: /home/xsm/R1_ws/install/optimal_control_problem/share/optimal_control_problem/cmake/optimal_control_problemConfig-version.cmake
[0.624s] -- Up-to-date symlink: /home/xsm/R1_ws/install/optimal_control_problem/share/optimal_control_problem/package.xml
[0.624s] -- Up-to-date: /home/xsm/R1_ws/install/optimal_control_problem/lib/liboptimal_control_problem.so
[0.627s] Invoked command in '/home/xsm/R1_ws/build/optimal_control_problem' returned '0': CMAKE_PREFIX_PATH=${CMAKE_PREFIX_PATH}:/home/xsm/R1_ws/install/gui_pkg:/opt/ros/humble /usr/bin/cmake --install /home/xsm/R1_ws/build/optimal_control_problem
