-- The C compiler identification is GNU 11.4.0
-- The CXX compiler identification is GNU 11.4.0
-- Detecting C compiler ABI info
-- Detecting C compiler ABI info - done
-- Check for working C compiler: /usr/bin/cc - skipped
-- Detecting C compile features
-- Detecting C compile features - done
-- Detecting CXX compiler ABI info
-- Detecting CXX compiler ABI info - done
-- Check for working CXX compiler: /usr/bin/c++ - skipped
-- Detecting CXX compile features
-- Detecting CXX compile features - done
-- Found ament_cmake: 1.3.10 (/opt/ros/humble/share/ament_cmake/cmake)
-- Found Python3: /usr/bin/python3 (found version "3.10.12") found components: Interpreter 
-- Override CMake install command with custom implementation using symlinks instead of copying resources
-- Found nav_msgs: 4.2.4 (/opt/ros/humble/share/nav_msgs/cmake)
-- Found rosidl_generator_c: 3.1.5 (/opt/ros/humble/share/rosidl_generator_c/cmake)
-- Found rosidl_adapter: 3.1.5 (/opt/ros/humble/share/rosidl_adapter/cmake)
-- Found rosidl_generator_cpp: 3.1.5 (/opt/ros/humble/share/rosidl_generator_cpp/cmake)
-- Using all available rosidl_typesupport_c: rosidl_typesupport_fastrtps_c;rosidl_typesupport_introspection_c
-- Using all available rosidl_typesupport_cpp: rosidl_typesupport_fastrtps_cpp;rosidl_typesupport_introspection_cpp
-- Found rclcpp: 16.0.10 (/opt/ros/humble/share/rclcpp/cmake)
-- Found rmw_implementation_cmake: 6.1.2 (/opt/ros/humble/share/rmw_implementation_cmake/cmake)
-- Found rmw_fastrtps_cpp: 6.2.7 (/opt/ros/humble/share/rmw_fastrtps_cpp/cmake)
-- Found OpenSSL: /usr/lib/x86_64-linux-gnu/libcrypto.so (found version "3.0.2")  
-- Found FastRTPS: /opt/ros/humble/include  
-- Using RMW implementation 'rmw_fastrtps_cpp' as default
-- Looking for pthread.h
-- Looking for pthread.h - found
-- Performing Test CMAKE_HAVE_LIBC_PTHREAD
-- Performing Test CMAKE_HAVE_LIBC_PTHREAD - Success
-- Found Threads: TRUE  
-- Found mit_msgs: 0.0.0 (/home/xsm/R1_ws/install/mit_msgs/share/mit_msgs/cmake)
-- Found gazebo_ros: 3.9.0 (/opt/ros/humble/share/gazebo_ros/cmake)
-- Found PkgConfig: /usr/bin/pkg-config (found version "0.29.2") 
-- Checking for module 'bullet>=2.82'
--   Found bullet, version 3.05
-- Found fcl: /usr/include (found suitable version "0.7.0", minimum required is "0.5.0") 
-- Found assimp: /usr/include (found version "5.2.0") 
-- Found DART: /usr/include (Required is at least version "6.6") found components: dart 
-- Found Boost: /usr/lib/x86_64-linux-gnu/cmake/Boost-1.74.0/BoostConfig.cmake (found suitable version "1.74.0", minimum required is "1.40.0") found components: thread system filesystem program_options regex iostreams date_time 
-- Found Protobuf: /usr/lib/x86_64-linux-gnu/libprotobuf.so (found version "3.12.4") 
-- Looking for ignition-math6 -- found version 6.15.1
-- Searching for dependencies of ignition-math6
-- Looking for OGRE...
-- OGRE_PREFIX_WATCH changed.
-- Checking for module 'OGRE'
--   Found OGRE, version 1.9.0
-- Found Ogre Ghadamon (1.9.0)
-- Found OGRE: optimized;/usr/lib/x86_64-linux-gnu/libOgreMain.so;debug;/usr/lib/x86_64-linux-gnu/libOgreMain.so
-- Looking for OGRE_Paging...
-- Found OGRE_Paging: optimized;/usr/lib/x86_64-linux-gnu/libOgrePaging.so;debug;/usr/lib/x86_64-linux-gnu/libOgrePaging.so
-- Looking for OGRE_Terrain...
-- Found OGRE_Terrain: optimized;/usr/lib/x86_64-linux-gnu/libOgreTerrain.so;debug;/usr/lib/x86_64-linux-gnu/libOgreTerrain.so
-- Looking for OGRE_Property...
-- Found OGRE_Property: optimized;/usr/lib/x86_64-linux-gnu/libOgreProperty.so;debug;/usr/lib/x86_64-linux-gnu/libOgreProperty.so
-- Looking for OGRE_RTShaderSystem...
-- Found OGRE_RTShaderSystem: optimized;/usr/lib/x86_64-linux-gnu/libOgreRTShaderSystem.so;debug;/usr/lib/x86_64-linux-gnu/libOgreRTShaderSystem.so
-- Looking for OGRE_Volume...
-- Found OGRE_Volume: optimized;/usr/lib/x86_64-linux-gnu/libOgreVolume.so;debug;/usr/lib/x86_64-linux-gnu/libOgreVolume.so
-- Looking for OGRE_Overlay...
-- Found OGRE_Overlay: optimized;/usr/lib/x86_64-linux-gnu/libOgreOverlay.so;debug;/usr/lib/x86_64-linux-gnu/libOgreOverlay.so
-- Looking for ignition-math6 -- found version 6.15.1
-- Looking for ignition-transport8 -- found version 8.2.1
-- Searching for dependencies of ignition-transport8
-- Found Protobuf: /usr/lib/x86_64-linux-gnu/libprotobuf.so (found suitable version "3.12.4", minimum required is "3") 
-- Config-file not installed for ZeroMQ -- checking for pkg-config
-- Checking for module 'libzmq >= 4'
--   Found libzmq , version 4.3.4
-- Found ZeroMQ: TRUE (Required is at least version "4") 
-- Checking for module 'uuid'
--   Found uuid, version 2.37.2
-- Found UUID: TRUE  
-- Looking for ignition-msgs5 -- found version 5.8.1
-- Searching for dependencies of ignition-msgs5
-- Looking for ignition-math6 -- found version 6.15.1
-- Checking for module 'tinyxml2'
--   Found tinyxml2, version 9.0.0
-- Looking for ignition-msgs5 -- found version 5.8.1
-- Looking for ignition-common3 -- found version 3.14.0
-- Searching for dependencies of ignition-common3
-- Looking for dlfcn.h - found
-- Looking for libdl - found
-- Found DL: TRUE  
-- Found tinyobjloader: /usr/lib/x86_64-linux-gnu/cmake/tinyobjloader/tinyobjloader-config.cmake (found version "2.0.0") 
-- Searching for <ignition-common3> component [graphics]
-- Looking for ignition-common3-graphics -- found version 3.14.0
-- Searching for dependencies of ignition-common3-graphics
-- Looking for ignition-math6 -- found version 6.15.1
-- Looking for ignition-fuel_tools4 -- found version 4.4.0
-- Searching for dependencies of ignition-fuel_tools4
-- Found CURL: /usr/lib/x86_64-linux-gnu/libcurl.so (found version "7.81.0")  
-- Checking for module 'jsoncpp'
--   Found jsoncpp, version 1.9.5
-- Found JSONCPP: TRUE  
-- Checking for module 'libzip'
--   Found libzip, version 1.7.3
-- Found ZIP: TRUE  
-- Looking for ignition-common3 -- found version 3.14.0
-- Looking for ignition-math6 -- found version 6.15.1
-- Looking for ignition-msgs5 -- found version 5.8.1
-- Gazebo version: 11.10
-- Checking for module 'tbb'
--   Found tbb, version 2021.5.0
-- Found gazebo_msgs: 3.9.0 (/opt/ros/humble/share/gazebo_msgs/cmake)
-- Found gazebo_ros_pkgs: 3.9.0 (/opt/ros/humble/share/gazebo_ros_pkgs/cmake)
-- Found lock_utils: 0.0.0 (/home/xsm/R1_ws/install/lock_utils/share/lock_utils/cmake)
-- Found urdf: 2.6.1 (/opt/ros/humble/share/urdf/cmake)
-- Found tf2: 0.25.8 (/opt/ros/humble/share/tf2/cmake)
-- Checking include directories for yaml-cpp
-- No include directories found for yaml-cpp
-- Checking include directories for nav_msgs
-- Using nav_msgs_INCLUDE_DIRS
-- Checking include directories for rclcpp
-- Using rclcpp_INCLUDE_DIRS
-- Checking include directories for mit_msgs
-- Using mit_msgs_INCLUDE_DIRS
-- Checking include directories for geometry_msgs
-- Using geometry_msgs_INCLUDE_DIRS
-- Checking include directories for sensor_msgs
-- Using sensor_msgs_INCLUDE_DIRS
-- Checking include directories for gazebo_ros
-- Using gazebo_ros_INCLUDE_DIRS
-- Checking include directories for gazebo_msgs
-- Using gazebo_msgs_INCLUDE_DIRS
-- Checking include directories for gazebo_ros_pkgs
-- No include directories found for gazebo_ros_pkgs
-- Checking include directories for lock_utils
-- Using lock_utils_INCLUDE_DIRS
-- Checking include directories for urdf
-- Using urdf_INCLUDE_DIRS
-- Checking include directories for tf2
-- Using tf2_INCLUDE_DIRS
-- Processing target: arm_dynamics_hw
-- Processing target: publisher
-- Configuring done
-- Generating done
-- Build files have been written to: /home/xsm/R1_ws/build/arm_dynamics_hw
[ 60%] [32mBuilding CXX object CMakeFiles/arm_dynamics_hw.dir/src/gazebo_tuner/main.cpp.o[0m
[ 60%] [32mBuilding CXX object CMakeFiles/publisher.dir/src/publisher/publisher.cpp.o[0m
[ 60%] [32mBuilding CXX object CMakeFiles/arm_dynamics_hw.dir/src/gazebo_tuner/GazeboTuner.cpp.o[0m
[ 80%] [32m[1mLinking CXX executable publisher[0m
[ 80%] Built target publisher
[100%] [32m[1mLinking CXX executable arm_dynamics_hw[0m
[100%] Built target arm_dynamics_hw
-- Install configuration: "RelWithDebInfo"
-- Execute custom install script
-- Up-to-date symlink: /home/xsm/R1_ws/install/arm_dynamics_hw/lib/arm_dynamics_hw//arm_dynamics_hw
-- Up-to-date symlink: /home/xsm/R1_ws/install/arm_dynamics_hw/lib/arm_dynamics_hw//publisher
-- Up-to-date symlink: /home/xsm/R1_ws/install/arm_dynamics_hw/include/gazebo_tuner/GazeboTuner.h
-- Up-to-date symlink: /home/xsm/R1_ws/install/arm_dynamics_hw/share/arm_dynamics_hw//config/RC_config.yaml
-- Up-to-date symlink: /home/xsm/R1_ws/install/arm_dynamics_hw/share/arm_dynamics_hw//config/effort_control.yaml
-- Up-to-date symlink: /home/xsm/R1_ws/install/arm_dynamics_hw/share/arm_dynamics_hw//include/gazebo_tuner/GazeboTuner.h
-- Up-to-date symlink: /home/xsm/R1_ws/install/arm_dynamics_hw/share/arm_dynamics_hw//launch/arm_dynamics.launch.py
-- Up-to-date symlink: /home/xsm/R1_ws/install/arm_dynamics_hw/share/arm_dynamics_hw//launch/get_entity_state.py
-- Up-to-date symlink: /home/xsm/R1_ws/install/arm_dynamics_hw/share/arm_dynamics_hw//launch/gui.py
-- Up-to-date symlink: /home/xsm/R1_ws/install/arm_dynamics_hw/share/arm_dynamics_hw//urdf/ARMvertical.csv
-- Up-to-date symlink: /home/xsm/R1_ws/install/arm_dynamics_hw/share/arm_dynamics_hw//urdf/ARMvertical.urdf
-- Up-to-date symlink: /home/xsm/R1_ws/install/arm_dynamics_hw/share/arm_dynamics_hw//urdf/ARMvertical/CMakeLists.txt
-- Up-to-date symlink: /home/xsm/R1_ws/install/arm_dynamics_hw/share/arm_dynamics_hw//urdf/ARMvertical/config/joint_names_ARMvertical.yaml
-- Up-to-date symlink: /home/xsm/R1_ws/install/arm_dynamics_hw/share/arm_dynamics_hw//urdf/ARMvertical/export.log
-- Up-to-date symlink: /home/xsm/R1_ws/install/arm_dynamics_hw/share/arm_dynamics_hw//urdf/ARMvertical/launch/display.launch
-- Up-to-date symlink: /home/xsm/R1_ws/install/arm_dynamics_hw/share/arm_dynamics_hw//urdf/ARMvertical/launch/gazebo.launch
-- Up-to-date symlink: /home/xsm/R1_ws/install/arm_dynamics_hw/share/arm_dynamics_hw//urdf/ARMvertical/meshes/base_link.STL
-- Up-to-date symlink: /home/xsm/R1_ws/install/arm_dynamics_hw/share/arm_dynamics_hw//urdf/ARMvertical/meshes/link1.STL
-- Up-to-date symlink: /home/xsm/R1_ws/install/arm_dynamics_hw/share/arm_dynamics_hw//urdf/ARMvertical/meshes/link2.STL
-- Up-to-date symlink: /home/xsm/R1_ws/install/arm_dynamics_hw/share/arm_dynamics_hw//urdf/ARMvertical/meshes/link3.STL
-- Up-to-date symlink: /home/xsm/R1_ws/install/arm_dynamics_hw/share/arm_dynamics_hw//urdf/ARMvertical/package.xml
-- Up-to-date symlink: /home/xsm/R1_ws/install/arm_dynamics_hw/share/arm_dynamics_hw//urdf/ARMvertical/urdf/ARM_gazebo_autoexport.urdf
-- Up-to-date symlink: /home/xsm/R1_ws/install/arm_dynamics_hw/share/arm_dynamics_hw//urdf/ARMvertical/urdf/ARM_gazebo_off_collsion.urdf
-- Up-to-date symlink: /home/xsm/R1_ws/install/arm_dynamics_hw/share/arm_dynamics_hw//urdf/ARMvertical/urdf/ARMvertical.csv
-- Up-to-date symlink: /home/xsm/R1_ws/install/arm_dynamics_hw/share/arm_dynamics_hw//urdf/ARMvertical/urdf/ARMvertical.urdf
-- Up-to-date symlink: /home/xsm/R1_ws/install/arm_dynamics_hw/share/arm_dynamics_hw//urdf/R1ARMvertical.csv
-- Up-to-date symlink: /home/xsm/R1_ws/install/arm_dynamics_hw/share/arm_dynamics_hw//urdf/R1ARMvertical.urdf
-- Up-to-date symlink: /home/xsm/R1_ws/install/arm_dynamics_hw/share/arm_dynamics_hw//urdf/R1arm.urdf
-- Up-to-date symlink: /home/xsm/R1_ws/install/arm_dynamics_hw/share/arm_dynamics_hw//urdf/R1arm_control.urdf
-- Up-to-date symlink: /home/xsm/R1_ws/install/arm_dynamics_hw/share/arm_dynamics_hw//urdf/R1arm_off_collison.urdf
-- Up-to-date symlink: /home/xsm/R1_ws/install/arm_dynamics_hw/share/arm_dynamics_hw//urdf/meshes/base_link.STL
-- Up-to-date symlink: /home/xsm/R1_ws/install/arm_dynamics_hw/share/arm_dynamics_hw//urdf/meshes/link1.STL
-- Up-to-date symlink: /home/xsm/R1_ws/install/arm_dynamics_hw/share/arm_dynamics_hw//urdf/meshes/link2.STL
-- Up-to-date symlink: /home/xsm/R1_ws/install/arm_dynamics_hw/share/arm_dynamics_hw//urdf/meshes/link3.STL
-- Up-to-date symlink: /home/xsm/R1_ws/install/arm_dynamics_hw/share/arm_dynamics_hw//worlds/empty_world.world
-- Up-to-date symlink: /home/xsm/R1_ws/install/arm_dynamics_hw/share/ament_index/resource_index/package_run_dependencies/arm_dynamics_hw
-- Up-to-date symlink: /home/xsm/R1_ws/install/arm_dynamics_hw/share/ament_index/resource_index/parent_prefix_path/arm_dynamics_hw
-- Up-to-date symlink: /home/xsm/R1_ws/install/arm_dynamics_hw/share/arm_dynamics_hw/environment/ament_prefix_path.sh
-- Up-to-date symlink: /home/xsm/R1_ws/install/arm_dynamics_hw/share/arm_dynamics_hw/environment/ament_prefix_path.dsv
-- Up-to-date symlink: /home/xsm/R1_ws/install/arm_dynamics_hw/share/arm_dynamics_hw/environment/path.sh
-- Up-to-date symlink: /home/xsm/R1_ws/install/arm_dynamics_hw/share/arm_dynamics_hw/environment/path.dsv
-- Up-to-date symlink: /home/xsm/R1_ws/install/arm_dynamics_hw/share/arm_dynamics_hw/local_setup.bash
-- Up-to-date symlink: /home/xsm/R1_ws/install/arm_dynamics_hw/share/arm_dynamics_hw/local_setup.sh
-- Up-to-date symlink: /home/xsm/R1_ws/install/arm_dynamics_hw/share/arm_dynamics_hw/local_setup.zsh
-- Up-to-date symlink: /home/xsm/R1_ws/install/arm_dynamics_hw/share/arm_dynamics_hw/local_setup.dsv
-- Symlinking: /home/xsm/R1_ws/install/arm_dynamics_hw/share/arm_dynamics_hw/package.dsv
-- Up-to-date symlink: /home/xsm/R1_ws/install/arm_dynamics_hw/share/ament_index/resource_index/packages/arm_dynamics_hw
-- Up-to-date symlink: /home/xsm/R1_ws/install/arm_dynamics_hw/share/arm_dynamics_hw/cmake/ament_cmake_export_dependencies-extras.cmake
-- Up-to-date symlink: /home/xsm/R1_ws/install/arm_dynamics_hw/share/arm_dynamics_hw/cmake/ament_cmake_export_include_directories-extras.cmake
-- Up-to-date symlink: /home/xsm/R1_ws/install/arm_dynamics_hw/share/arm_dynamics_hw/cmake/arm_dynamics_hwConfig.cmake
-- Up-to-date symlink: /home/xsm/R1_ws/install/arm_dynamics_hw/share/arm_dynamics_hw/cmake/arm_dynamics_hwConfig-version.cmake
-- Up-to-date symlink: /home/xsm/R1_ws/install/arm_dynamics_hw/share/arm_dynamics_hw/package.xml
