[0.016s] Invoking command in '/home/xsm/R1_ws/build/armend_visualize': CMAKE_PREFIX_PATH=/home/xsm/R1_ws/install/mit_msgs:/home/xsm/R1_ws/install/xsmmsg:/home/xsm/R1_ws/install/xsm_msg:/home/xsm/R1_ws/install/optimal_control_problem:/home/xsm/R1_ws/install/arm_dynamics_hw:/home/xsm/R1_ws/install/armForwardkinematics:/home/xsm/R1_ws/install/lock_utils:/home/xsm/R1_ws/install/gui_pkg:/opt/ros/humble LD_LIBRARY_PATH=/home/xsm/R1_ws/install/mit_msgs/lib:/home/xsm/R1_ws/install/xsmmsg/lib:/home/xsm/R1_ws/install/xsm_msg/lib:/home/xsm/R1_ws/install/optimal_control_problem/lib:/home/xsm/R1_ws/install/lock_utils/lib:/usr/lib/x86_64-linux-gnu/gazebo-11/plugins:/opt/ros/humble/opt/rviz_ogre_vendor/lib:/opt/ros/humble/lib/x86_64-linux-gnu:/opt/ros/humble/lib:/usr/share/gazebo/../../lib/x86_64-linux-gnu/gazebo-11/plugins:/usr/lib/nvidia:/usr/share/gazebo/../../lib/x86_64-linux-gnu/gazebo-11/plugins:/usr/share/gazebo/../../lib/x86_64-linux-gnu/gazebo-11/plugins:/usr/lib/nvidia /usr/bin/cmake --build /home/xsm/R1_ws/build/armend_visualize -- -j16 -l16
[0.069s] [35m[1mConsolidate compiler generated dependencies of target main[0m
[0.096s] [ 50%] [32mBuilding CXX object CMakeFiles/main.dir/src/main.cpp.o[0m
[0.103s] [01m[Kcc1plus:[m[K [01;35m[Kwarning: [m[K/home/xsm/R1_ws/src/armend_visualize/include/armend_visualize/visualize.hpp: not a directory
[6.356s] [100%] [32m[1mLinking CXX executable main[0m
[6.631s] [100%] Built target main
[6.645s] Invoked command in '/home/xsm/R1_ws/build/armend_visualize' returned '0': CMAKE_PREFIX_PATH=/home/xsm/R1_ws/install/mit_msgs:/home/xsm/R1_ws/install/xsmmsg:/home/xsm/R1_ws/install/xsm_msg:/home/xsm/R1_ws/install/optimal_control_problem:/home/xsm/R1_ws/install/arm_dynamics_hw:/home/xsm/R1_ws/install/armForwardkinematics:/home/xsm/R1_ws/install/lock_utils:/home/xsm/R1_ws/install/gui_pkg:/opt/ros/humble LD_LIBRARY_PATH=/home/xsm/R1_ws/install/mit_msgs/lib:/home/xsm/R1_ws/install/xsmmsg/lib:/home/xsm/R1_ws/install/xsm_msg/lib:/home/xsm/R1_ws/install/optimal_control_problem/lib:/home/xsm/R1_ws/install/lock_utils/lib:/usr/lib/x86_64-linux-gnu/gazebo-11/plugins:/opt/ros/humble/opt/rviz_ogre_vendor/lib:/opt/ros/humble/lib/x86_64-linux-gnu:/opt/ros/humble/lib:/usr/share/gazebo/../../lib/x86_64-linux-gnu/gazebo-11/plugins:/usr/lib/nvidia:/usr/share/gazebo/../../lib/x86_64-linux-gnu/gazebo-11/plugins:/usr/share/gazebo/../../lib/x86_64-linux-gnu/gazebo-11/plugins:/usr/lib/nvidia /usr/bin/cmake --build /home/xsm/R1_ws/build/armend_visualize -- -j16 -l16
[6.709s] Invoking command in '/home/xsm/R1_ws/build/armend_visualize': CMAKE_PREFIX_PATH=/home/xsm/R1_ws/install/mit_msgs:/home/xsm/R1_ws/install/xsmmsg:/home/xsm/R1_ws/install/xsm_msg:/home/xsm/R1_ws/install/optimal_control_problem:/home/xsm/R1_ws/install/arm_dynamics_hw:/home/xsm/R1_ws/install/armForwardkinematics:/home/xsm/R1_ws/install/lock_utils:/home/xsm/R1_ws/install/gui_pkg:/opt/ros/humble LD_LIBRARY_PATH=/home/xsm/R1_ws/install/mit_msgs/lib:/home/xsm/R1_ws/install/xsmmsg/lib:/home/xsm/R1_ws/install/xsm_msg/lib:/home/xsm/R1_ws/install/optimal_control_problem/lib:/home/xsm/R1_ws/install/lock_utils/lib:/usr/lib/x86_64-linux-gnu/gazebo-11/plugins:/opt/ros/humble/opt/rviz_ogre_vendor/lib:/opt/ros/humble/lib/x86_64-linux-gnu:/opt/ros/humble/lib:/usr/share/gazebo/../../lib/x86_64-linux-gnu/gazebo-11/plugins:/usr/lib/nvidia:/usr/share/gazebo/../../lib/x86_64-linux-gnu/gazebo-11/plugins:/usr/share/gazebo/../../lib/x86_64-linux-gnu/gazebo-11/plugins:/usr/lib/nvidia /usr/bin/cmake --install /home/xsm/R1_ws/build/armend_visualize
[6.718s] -- Install configuration: ""
[6.718s] -- Installing: /home/xsm/R1_ws/install/armend_visualize/lib/armend_visualize/main
[6.722s] -- Set runtime path of "/home/xsm/R1_ws/install/armend_visualize/lib/armend_visualize/main" to ""
[6.722s] -- Up-to-date: /home/xsm/R1_ws/install/armend_visualize/share/ament_index/resource_index/package_run_dependencies/armend_visualize
[6.722s] -- Up-to-date: /home/xsm/R1_ws/install/armend_visualize/share/ament_index/resource_index/parent_prefix_path/armend_visualize
[6.723s] -- Up-to-date: /home/xsm/R1_ws/install/armend_visualize/share/armend_visualize/environment/ament_prefix_path.sh
[6.723s] -- Up-to-date: /home/xsm/R1_ws/install/armend_visualize/share/armend_visualize/environment/ament_prefix_path.dsv
[6.723s] -- Up-to-date: /home/xsm/R1_ws/install/armend_visualize/share/armend_visualize/environment/path.sh
[6.723s] -- Up-to-date: /home/xsm/R1_ws/install/armend_visualize/share/armend_visualize/environment/path.dsv
[6.723s] -- Up-to-date: /home/xsm/R1_ws/install/armend_visualize/share/armend_visualize/local_setup.bash
[6.723s] -- Up-to-date: /home/xsm/R1_ws/install/armend_visualize/share/armend_visualize/local_setup.sh
[6.723s] -- Up-to-date: /home/xsm/R1_ws/install/armend_visualize/share/armend_visualize/local_setup.zsh
[6.723s] -- Up-to-date: /home/xsm/R1_ws/install/armend_visualize/share/armend_visualize/local_setup.dsv
[6.723s] -- Installing: /home/xsm/R1_ws/install/armend_visualize/share/armend_visualize/package.dsv
[6.723s] -- Up-to-date: /home/xsm/R1_ws/install/armend_visualize/share/ament_index/resource_index/packages/armend_visualize
[6.723s] -- Up-to-date: /home/xsm/R1_ws/install/armend_visualize/share/armend_visualize/cmake/armend_visualizeConfig.cmake
[6.723s] -- Up-to-date: /home/xsm/R1_ws/install/armend_visualize/share/armend_visualize/cmake/armend_visualizeConfig-version.cmake
[6.723s] -- Up-to-date: /home/xsm/R1_ws/install/armend_visualize/share/armend_visualize/package.xml
[6.725s] Invoked command in '/home/xsm/R1_ws/build/armend_visualize' returned '0': CMAKE_PREFIX_PATH=/home/xsm/R1_ws/install/mit_msgs:/home/xsm/R1_ws/install/xsmmsg:/home/xsm/R1_ws/install/xsm_msg:/home/xsm/R1_ws/install/optimal_control_problem:/home/xsm/R1_ws/install/arm_dynamics_hw:/home/xsm/R1_ws/install/armForwardkinematics:/home/xsm/R1_ws/install/lock_utils:/home/xsm/R1_ws/install/gui_pkg:/opt/ros/humble LD_LIBRARY_PATH=/home/xsm/R1_ws/install/mit_msgs/lib:/home/xsm/R1_ws/install/xsmmsg/lib:/home/xsm/R1_ws/install/xsm_msg/lib:/home/xsm/R1_ws/install/optimal_control_problem/lib:/home/xsm/R1_ws/install/lock_utils/lib:/usr/lib/x86_64-linux-gnu/gazebo-11/plugins:/opt/ros/humble/opt/rviz_ogre_vendor/lib:/opt/ros/humble/lib/x86_64-linux-gnu:/opt/ros/humble/lib:/usr/share/gazebo/../../lib/x86_64-linux-gnu/gazebo-11/plugins:/usr/lib/nvidia:/usr/share/gazebo/../../lib/x86_64-linux-gnu/gazebo-11/plugins:/usr/share/gazebo/../../lib/x86_64-linux-gnu/gazebo-11/plugins:/usr/lib/nvidia /usr/bin/cmake --install /home/xsm/R1_ws/build/armend_visualize
