[0.017s] Invoking command in '/home/xsm/R1_ws/build/lock_utils': CMAKE_PREFIX_PATH=${CMAKE_PREFIX_PATH}:/home/xsm/R1_ws/install/gui_pkg:/opt/ros/humble /usr/bin/cmake /home/xsm/R1_ws/src/public/lock_utils -DAMENT_CMAKE_SYMLINK_INSTALL=1 -DCMAKE_INSTALL_PREFIX=/home/xsm/R1_ws/install/lock_utils
[0.079s] -- The C compiler identification is GNU 11.4.0
[0.135s] -- The CXX compiler identification is GNU 11.4.0
[0.142s] -- Detecting C compiler ABI info
[0.229s] -- Detecting C compiler ABI info - done
[0.234s] -- Check for working C compiler: /usr/bin/cc - skipped
[0.234s] -- Detecting C compile features
[0.234s] -- Detecting C compile features - done
[0.237s] -- Detecting CXX compiler ABI info
[0.337s] -- Detecting CXX compiler ABI info - done
[0.342s] -- Check for working CXX compiler: /usr/bin/c++ - skipped
[0.343s] -- Detecting CXX compile features
[0.343s] -- Detecting CXX compile features - done
[0.346s] -- Found ament_cmake: 1.3.10 (/opt/ros/humble/share/ament_cmake/cmake)
[0.536s] -- Found Python3: /usr/bin/python3 (found version "3.10.12") found components: Interpreter 
[0.596s] -- Override CMake install command with custom implementation using symlinks instead of copying resources
[0.628s] -- Found rclcpp: 16.0.10 (/opt/ros/humble/share/rclcpp/cmake)
[0.668s] -- Found rosidl_generator_c: 3.1.5 (/opt/ros/humble/share/rosidl_generator_c/cmake)
[0.673s] -- Found rosidl_adapter: 3.1.5 (/opt/ros/humble/share/rosidl_adapter/cmake)
[0.681s] -- Found rosidl_generator_cpp: 3.1.5 (/opt/ros/humble/share/rosidl_generator_cpp/cmake)
[0.692s] -- Using all available rosidl_typesupport_c: rosidl_typesupport_fastrtps_c;rosidl_typesupport_introspection_c
[0.707s] -- Using all available rosidl_typesupport_cpp: rosidl_typesupport_fastrtps_cpp;rosidl_typesupport_introspection_cpp
[0.747s] -- Found rmw_implementation_cmake: 6.1.2 (/opt/ros/humble/share/rmw_implementation_cmake/cmake)
[0.750s] -- Found rmw_fastrtps_cpp: 6.2.7 (/opt/ros/humble/share/rmw_fastrtps_cpp/cmake)
[0.886s] -- Found OpenSSL: /usr/lib/x86_64-linux-gnu/libcrypto.so (found version "3.0.2")  
[0.916s] -- Found FastRTPS: /opt/ros/humble/include  
[0.964s] -- Using RMW implementation 'rmw_fastrtps_cpp' as default
[0.973s] -- Looking for pthread.h
[1.071s] -- Looking for pthread.h - found
[1.071s] -- Performing Test CMAKE_HAVE_LIBC_PTHREAD
[1.163s] -- Performing Test CMAKE_HAVE_LIBC_PTHREAD - Success
[1.165s] -- Found Threads: TRUE  
[1.205s] -- Checking include directories for rclcpp
[1.205s] -- Using rclcpp_INCLUDE_DIRS
[1.206s] -- Checking include directories for ament_cmake
[1.206s] -- No include directories found for ament_cmake
[1.206s] -- Processing target: lock_utils
[1.274s] -- Configuring done
[1.282s] -- Generating done
[1.284s] -- Build files have been written to: /home/xsm/R1_ws/build/lock_utils
[1.298s] Invoked command in '/home/xsm/R1_ws/build/lock_utils' returned '0': CMAKE_PREFIX_PATH=${CMAKE_PREFIX_PATH}:/home/xsm/R1_ws/install/gui_pkg:/opt/ros/humble /usr/bin/cmake /home/xsm/R1_ws/src/public/lock_utils -DAMENT_CMAKE_SYMLINK_INSTALL=1 -DCMAKE_INSTALL_PREFIX=/home/xsm/R1_ws/install/lock_utils
[1.300s] Invoking command in '/home/xsm/R1_ws/build/lock_utils': CMAKE_PREFIX_PATH=${CMAKE_PREFIX_PATH}:/home/xsm/R1_ws/install/gui_pkg:/opt/ros/humble /usr/bin/cmake --build /home/xsm/R1_ws/build/lock_utils -- -j16 -l16
[1.389s] [ 66%] [32mBuilding CXX object CMakeFiles/lock_utils.dir/src/SaveParseCSV.cpp.o[0m
[1.389s] [ 66%] [32mBuilding CXX object CMakeFiles/lock_utils.dir/src/Filters.cpp.o[0m
[2.282s] [100%] [32m[1mLinking CXX shared library liblock_utils.so[0m
[2.395s] [100%] Built target lock_utils
[2.412s] Invoked command in '/home/xsm/R1_ws/build/lock_utils' returned '0': CMAKE_PREFIX_PATH=${CMAKE_PREFIX_PATH}:/home/xsm/R1_ws/install/gui_pkg:/opt/ros/humble /usr/bin/cmake --build /home/xsm/R1_ws/build/lock_utils -- -j16 -l16
[2.512s] Invoking command in '/home/xsm/R1_ws/build/lock_utils': CMAKE_PREFIX_PATH=${CMAKE_PREFIX_PATH}:/home/xsm/R1_ws/install/gui_pkg:/opt/ros/humble /usr/bin/cmake --install /home/xsm/R1_ws/build/lock_utils
[2.524s] -- Install configuration: "RelWithDebInfo"
[2.524s] -- Execute custom install script
[2.525s] -- Up-to-date symlink: /home/xsm/R1_ws/install/lock_utils/share/lock_utils/environment/library_path.sh
[2.525s] -- Up-to-date symlink: /home/xsm/R1_ws/install/lock_utils/share/lock_utils/environment/library_path.dsv
[2.525s] -- Up-to-date symlink: /home/xsm/R1_ws/install/lock_utils/include/lock_utils/Fliters.h
[2.526s] -- Up-to-date symlink: /home/xsm/R1_ws/install/lock_utils/include/lock_utils/SaveParseCSV.h
[2.526s] -- Up-to-date symlink: /home/xsm/R1_ws/install/lock_utils/include/lock_utils/readme_csv.md
[2.526s] -- Up-to-date symlink: /home/xsm/R1_ws/install/lock_utils/include/lock_utils/readme_filter.md
[2.526s] -- Up-to-date symlink: /home/xsm/R1_ws/install/lock_utils/share/lock_utils//include/lock_utils/Fliters.h
[2.526s] -- Up-to-date symlink: /home/xsm/R1_ws/install/lock_utils/share/lock_utils//include/lock_utils/SaveParseCSV.h
[2.526s] -- Up-to-date symlink: /home/xsm/R1_ws/install/lock_utils/share/lock_utils//include/lock_utils/readme_csv.md
[2.526s] -- Up-to-date symlink: /home/xsm/R1_ws/install/lock_utils/share/lock_utils//include/lock_utils/readme_filter.md
[2.527s] -- Up-to-date symlink: /home/xsm/R1_ws/install/lock_utils/share/ament_index/resource_index/package_run_dependencies/lock_utils
[2.527s] -- Up-to-date symlink: /home/xsm/R1_ws/install/lock_utils/share/ament_index/resource_index/parent_prefix_path/lock_utils
[2.527s] -- Up-to-date symlink: /home/xsm/R1_ws/install/lock_utils/share/lock_utils/environment/ament_prefix_path.sh
[2.527s] -- Up-to-date symlink: /home/xsm/R1_ws/install/lock_utils/share/lock_utils/environment/ament_prefix_path.dsv
[2.527s] -- Up-to-date symlink: /home/xsm/R1_ws/install/lock_utils/share/lock_utils/environment/path.sh
[2.528s] -- Up-to-date symlink: /home/xsm/R1_ws/install/lock_utils/share/lock_utils/environment/path.dsv
[2.528s] -- Up-to-date symlink: /home/xsm/R1_ws/install/lock_utils/share/lock_utils/local_setup.bash
[2.528s] -- Up-to-date symlink: /home/xsm/R1_ws/install/lock_utils/share/lock_utils/local_setup.sh
[2.528s] -- Up-to-date symlink: /home/xsm/R1_ws/install/lock_utils/share/lock_utils/local_setup.zsh
[2.528s] -- Up-to-date symlink: /home/xsm/R1_ws/install/lock_utils/share/lock_utils/local_setup.dsv
[2.528s] -- Symlinking: /home/xsm/R1_ws/install/lock_utils/share/lock_utils/package.dsv
[2.544s] -- Up-to-date symlink: /home/xsm/R1_ws/install/lock_utils/share/ament_index/resource_index/packages/lock_utils
[2.544s] -- Up-to-date symlink: /home/xsm/R1_ws/install/lock_utils/share/lock_utils/cmake/ament_cmake_export_libraries-extras.cmake
[2.544s] -- Up-to-date symlink: /home/xsm/R1_ws/install/lock_utils/share/lock_utils/cmake/ament_cmake_export_dependencies-extras.cmake
[2.544s] -- Up-to-date symlink: /home/xsm/R1_ws/install/lock_utils/share/lock_utils/cmake/ament_cmake_export_include_directories-extras.cmake
[2.544s] -- Up-to-date symlink: /home/xsm/R1_ws/install/lock_utils/share/lock_utils/cmake/lock_utilsConfig.cmake
[2.544s] -- Up-to-date symlink: /home/xsm/R1_ws/install/lock_utils/share/lock_utils/cmake/lock_utilsConfig-version.cmake
[2.544s] -- Up-to-date symlink: /home/xsm/R1_ws/install/lock_utils/share/lock_utils/package.xml
[2.544s] -- Installing: /home/xsm/R1_ws/install/lock_utils/lib/liblock_utils.so
[2.545s] -- Set runtime path of "/home/xsm/R1_ws/install/lock_utils/lib/liblock_utils.so" to ""
[2.548s] Invoked command in '/home/xsm/R1_ws/build/lock_utils' returned '0': CMAKE_PREFIX_PATH=${CMAKE_PREFIX_PATH}:/home/xsm/R1_ws/install/gui_pkg:/opt/ros/humble /usr/bin/cmake --install /home/xsm/R1_ws/build/lock_utils
