[0.017s] Invoking command in '/home/xsm/R1_ws/build/mit_msgs': CMAKE_PREFIX_PATH=${CMAKE_PREFIX_PATH}:/home/xsm/R1_ws/install/gui_pkg:/opt/ros/humble /usr/bin/cmake /home/xsm/R1_ws/src/public/mit_msgs -DCMAKE_INSTALL_PREFIX=/home/xsm/R1_ws/install/mit_msgs
[0.075s] -- The C compiler identification is GNU 11.4.0
[0.128s] -- The CXX compiler identification is GNU 11.4.0
[0.136s] -- Detecting C compiler ABI info
[0.213s] -- Detecting C compiler ABI info - done
[0.218s] -- Check for working C compiler: /usr/bin/cc - skipped
[0.218s] -- Detecting C compile features
[0.218s] -- Detecting C compile features - done
[0.220s] -- Detecting CXX compiler ABI info
[0.309s] -- Detecting CXX compiler ABI info - done
[0.314s] -- Check for working CXX compiler: /usr/bin/c++ - skipped
[0.314s] -- Detecting CXX compile features
[0.314s] -- Detecting CXX compile features - done
[0.316s] -- Found ament_cmake: 1.3.10 (/opt/ros/humble/share/ament_cmake/cmake)
[0.481s] -- Found Python3: /usr/bin/python3 (found version "3.10.12") found components: Interpreter 
[0.558s] -- Found geometry_msgs: 4.2.4 (/opt/ros/humble/share/geometry_msgs/cmake)
[0.586s] -- Found rosidl_generator_c: 3.1.5 (/opt/ros/humble/share/rosidl_generator_c/cmake)
[0.589s] -- Found rosidl_adapter: 3.1.5 (/opt/ros/humble/share/rosidl_adapter/cmake)
[0.595s] -- Found rosidl_generator_cpp: 3.1.5 (/opt/ros/humble/share/rosidl_generator_cpp/cmake)
[0.604s] -- Using all available rosidl_typesupport_c: rosidl_typesupport_fastrtps_c;rosidl_typesupport_introspection_c
[0.616s] -- Using all available rosidl_typesupport_cpp: rosidl_typesupport_fastrtps_cpp;rosidl_typesupport_introspection_cpp
[0.644s] -- Found sensor_msgs: 4.2.4 (/opt/ros/humble/share/sensor_msgs/cmake)
[0.656s] -- Found rosidl_default_generators: 1.2.0 (/opt/ros/humble/share/rosidl_default_generators/cmake)
[0.951s] -- Found ament_cmake_ros: 0.10.0 (/opt/ros/humble/share/ament_cmake_ros/cmake)
[1.369s] -- Using all available rosidl_typesupport_c: rosidl_typesupport_fastrtps_c;rosidl_typesupport_introspection_c
[1.542s] -- Using all available rosidl_typesupport_cpp: rosidl_typesupport_fastrtps_cpp;rosidl_typesupport_introspection_cpp
[1.568s] -- Found PythonInterp: /usr/bin/python3 (found suitable version "3.10.12", minimum required is "3.6") 
[1.569s] -- Found python_cmake_module: 0.10.0 (/opt/ros/humble/share/python_cmake_module/cmake)
[1.599s] -- Found PythonLibs: /usr/lib/x86_64-linux-gnu/libpython3.10.so (found suitable version "3.10.12", minimum required is "3.5") 
[1.599s] -- Using PYTHON_EXECUTABLE: /usr/bin/python3
[1.599s] -- Using PYTHON_INCLUDE_DIRS: /usr/include/python3.10
[1.599s] -- Using PYTHON_LIBRARIES: /usr/lib/x86_64-linux-gnu/libpython3.10.so
[1.625s] -- Found PythonExtra: .so  
[1.692s] -- Configuring done
[1.724s] -- Generating done
[1.726s] -- Build files have been written to: /home/xsm/R1_ws/build/mit_msgs
[1.736s] Invoked command in '/home/xsm/R1_ws/build/mit_msgs' returned '0': CMAKE_PREFIX_PATH=${CMAKE_PREFIX_PATH}:/home/xsm/R1_ws/install/gui_pkg:/opt/ros/humble /usr/bin/cmake /home/xsm/R1_ws/src/public/mit_msgs -DCMAKE_INSTALL_PREFIX=/home/xsm/R1_ws/install/mit_msgs
[1.737s] Invoking command in '/home/xsm/R1_ws/build/mit_msgs': CMAKE_PREFIX_PATH=${CMAKE_PREFIX_PATH}:/home/xsm/R1_ws/install/gui_pkg:/opt/ros/humble /usr/bin/cmake --build /home/xsm/R1_ws/build/mit_msgs -- -j16 -l16
[1.789s] [  2%] [34m[1mGenerating C code for ROS interfaces[0m
[1.804s] [  4%] [34m[1mGenerating C++ code for ROS interfaces[0m
[1.815s] [  4%] Built target ament_cmake_python_copy_mit_msgs
[2.024s] running egg_info
[2.024s] creating mit_msgs.egg-info
[2.025s] writing mit_msgs.egg-info/PKG-INFO
[2.025s] writing dependency_links to mit_msgs.egg-info/dependency_links.txt
[2.025s] writing top-level names to mit_msgs.egg-info/top_level.txt
[2.025s] writing manifest file 'mit_msgs.egg-info/SOURCES.txt'
[2.028s] reading manifest file 'mit_msgs.egg-info/SOURCES.txt'
[2.028s] writing manifest file 'mit_msgs.egg-info/SOURCES.txt'
[2.080s] [  4%] Built target ament_cmake_python_build_mit_msgs_egg
[2.087s] [  6%] [32mBuilding C object CMakeFiles/mit_msgs__rosidl_generator_c.dir/rosidl_generator_c/mit_msgs/msg/detail/mit_joint_command__functions.c.o[0m
[2.088s] [  8%] [32mBuilding C object CMakeFiles/mit_msgs__rosidl_generator_c.dir/rosidl_generator_c/mit_msgs/msg/detail/mit_joint_commands__functions.c.o[0m
[2.090s] [ 10%] [32mBuilding C object CMakeFiles/mit_msgs__rosidl_generator_c.dir/rosidl_generator_c/mit_msgs/msg/detail/mit_low_state__functions.c.o[0m
[2.091s] [ 10%] Built target mit_msgs__cpp
[2.106s] [ 17%] [34m[1mGenerating C++ type support for eProsima Fast-RTPS[0m
[2.106s] [ 17%] [34m[1mGenerating C++ introspection for ROS interfaces[0m
[2.106s] [ 17%] [34m[1mGenerating C++ type support dispatch for ROS interfaces[0m
[2.144s] [ 19%] [32m[1mLinking C shared library libmit_msgs__rosidl_generator_c.so[0m
[2.192s] [ 19%] Built target mit_msgs__rosidl_generator_c
[2.208s] [ 25%] [34m[1mGenerating C type support dispatch for ROS interfaces[0m
[2.208s] [ 25%] [34m[1mGenerating C introspection for ROS interfaces[0m
[2.208s] [ 25%] [34m[1mGenerating C type support for eProsima Fast-RTPS[0m
[2.368s] [ 29%] [32mBuilding CXX object CMakeFiles/mit_msgs__rosidl_typesupport_cpp.dir/rosidl_typesupport_cpp/mit_msgs/msg/mit_low_state__type_support.cpp.o[0m
[2.368s] [ 29%] [32mBuilding CXX object CMakeFiles/mit_msgs__rosidl_typesupport_cpp.dir/rosidl_typesupport_cpp/mit_msgs/msg/mit_joint_command__type_support.cpp.o[0m
[2.368s] [ 31%] [32mBuilding CXX object CMakeFiles/mit_msgs__rosidl_typesupport_cpp.dir/rosidl_typesupport_cpp/mit_msgs/msg/mit_joint_commands__type_support.cpp.o[0m
[2.392s] [ 38%] [32mBuilding CXX object CMakeFiles/mit_msgs__rosidl_typesupport_introspection_cpp.dir/rosidl_typesupport_introspection_cpp/mit_msgs/msg/detail/mit_joint_command__type_support.cpp.o[0m
[2.392s] [ 38%] [32mBuilding CXX object CMakeFiles/mit_msgs__rosidl_typesupport_introspection_cpp.dir/rosidl_typesupport_introspection_cpp/mit_msgs/msg/detail/mit_joint_commands__type_support.cpp.o[0m
[2.392s] [ 38%] [32mBuilding CXX object CMakeFiles/mit_msgs__rosidl_typesupport_introspection_cpp.dir/rosidl_typesupport_introspection_cpp/mit_msgs/msg/detail/mit_low_state__type_support.cpp.o[0m
[2.409s] [ 44%] [32mBuilding CXX object CMakeFiles/mit_msgs__rosidl_typesupport_fastrtps_cpp.dir/rosidl_typesupport_fastrtps_cpp/mit_msgs/msg/detail/dds_fastrtps/mit_joint_commands__type_support.cpp.o[0m
[2.409s] [ 44%] [32mBuilding CXX object CMakeFiles/mit_msgs__rosidl_typesupport_fastrtps_cpp.dir/rosidl_typesupport_fastrtps_cpp/mit_msgs/msg/detail/dds_fastrtps/mit_joint_command__type_support.cpp.o[0m
[2.409s] [ 44%] [32mBuilding CXX object CMakeFiles/mit_msgs__rosidl_typesupport_fastrtps_cpp.dir/rosidl_typesupport_fastrtps_cpp/mit_msgs/msg/detail/dds_fastrtps/mit_low_state__type_support.cpp.o[0m
[2.519s] [ 46%] [32mBuilding CXX object CMakeFiles/mit_msgs__rosidl_typesupport_c.dir/rosidl_typesupport_c/mit_msgs/msg/mit_low_state__type_support.cpp.o[0m
[2.519s] [ 51%] [32mBuilding CXX object CMakeFiles/mit_msgs__rosidl_typesupport_c.dir/rosidl_typesupport_c/mit_msgs/msg/mit_joint_commands__type_support.cpp.o[0m
[2.519s] [ 51%] [32mBuilding CXX object CMakeFiles/mit_msgs__rosidl_typesupport_c.dir/rosidl_typesupport_c/mit_msgs/msg/mit_joint_command__type_support.cpp.o[0m
[2.595s] [ 53%] [32m[1mLinking CXX shared library libmit_msgs__rosidl_typesupport_c.so[0m
[2.623s] [ 55%] [32mBuilding C object CMakeFiles/mit_msgs__rosidl_typesupport_introspection_c.dir/rosidl_typesupport_introspection_c/mit_msgs/msg/detail/mit_joint_commands__type_support.c.o[0m
[2.625s] [ 57%] [32mBuilding C object CMakeFiles/mit_msgs__rosidl_typesupport_introspection_c.dir/rosidl_typesupport_introspection_c/mit_msgs/msg/detail/mit_joint_command__type_support.c.o[0m
[2.625s] [ 59%] [32mBuilding C object CMakeFiles/mit_msgs__rosidl_typesupport_introspection_c.dir/rosidl_typesupport_introspection_c/mit_msgs/msg/detail/mit_low_state__type_support.c.o[0m
[2.639s] [ 61%] [32mBuilding CXX object CMakeFiles/mit_msgs__rosidl_typesupport_fastrtps_c.dir/rosidl_typesupport_fastrtps_c/mit_msgs/msg/detail/mit_joint_command__type_support_c.cpp.o[0m
[2.646s] [ 63%] [32mBuilding CXX object CMakeFiles/mit_msgs__rosidl_typesupport_fastrtps_c.dir/rosidl_typesupport_fastrtps_c/mit_msgs/msg/detail/mit_joint_commands__type_support_c.cpp.o[0m
[2.650s] [ 65%] [32mBuilding CXX object CMakeFiles/mit_msgs__rosidl_typesupport_fastrtps_c.dir/rosidl_typesupport_fastrtps_c/mit_msgs/msg/detail/mit_low_state__type_support_c.cpp.o[0m
[2.701s] [ 65%] Built target mit_msgs__rosidl_typesupport_c
[2.736s] [ 68%] [32m[1mLinking C shared library libmit_msgs__rosidl_typesupport_introspection_c.so[0m
[2.756s] [ 70%] [32m[1mLinking CXX shared library libmit_msgs__rosidl_typesupport_cpp.so[0m
[2.811s] [ 70%] Built target mit_msgs__rosidl_typesupport_introspection_c
[2.849s] [ 70%] Built target mit_msgs__rosidl_typesupport_cpp
[2.906s] [ 72%] [32m[1mLinking CXX shared library libmit_msgs__rosidl_typesupport_introspection_cpp.so[0m
[2.981s] [ 74%] [32m[1mLinking CXX shared library libmit_msgs__rosidl_typesupport_fastrtps_cpp.so[0m
[3.012s] [ 74%] Built target mit_msgs__rosidl_typesupport_introspection_cpp
[3.038s] [ 76%] [32m[1mLinking CXX shared library libmit_msgs__rosidl_typesupport_fastrtps_c.so[0m
[3.075s] [ 76%] Built target mit_msgs__rosidl_typesupport_fastrtps_cpp
[3.119s] [ 76%] Built target mit_msgs__rosidl_typesupport_fastrtps_c
[3.151s] [ 76%] Built target mit_msgs
[3.181s] [ 78%] [34m[1mGenerating Python code for ROS interfaces[0m
[3.537s] [ 78%] Built target mit_msgs__py
[3.567s] [ 85%] [32mBuilding C object CMakeFiles/mit_msgs__rosidl_generator_py.dir/rosidl_generator_py/mit_msgs/msg/_mit_joint_commands_s.c.o[0m
[3.567s] [ 85%] [32mBuilding C object CMakeFiles/mit_msgs__rosidl_generator_py.dir/rosidl_generator_py/mit_msgs/msg/_mit_joint_command_s.c.o[0m
[3.567s] [ 85%] [32mBuilding C object CMakeFiles/mit_msgs__rosidl_generator_py.dir/rosidl_generator_py/mit_msgs/msg/_mit_low_state_s.c.o[0m
[3.657s] [ 87%] [32m[1mLinking C shared library rosidl_generator_py/mit_msgs/libmit_msgs__rosidl_generator_py.so[0m
[3.706s] [ 87%] Built target mit_msgs__rosidl_generator_py
[3.736s] [ 93%] [32mBuilding C object CMakeFiles/mit_msgs__rosidl_typesupport_introspection_c__pyext.dir/rosidl_generator_py/mit_msgs/_mit_msgs_s.ep.rosidl_typesupport_introspection_c.c.o[0m
[3.736s] [ 93%] [32mBuilding C object CMakeFiles/mit_msgs__rosidl_typesupport_fastrtps_c__pyext.dir/rosidl_generator_py/mit_msgs/_mit_msgs_s.ep.rosidl_typesupport_fastrtps_c.c.o[0m
[3.736s] [ 93%] [32mBuilding C object CMakeFiles/mit_msgs__rosidl_typesupport_c__pyext.dir/rosidl_generator_py/mit_msgs/_mit_msgs_s.ep.rosidl_typesupport_c.c.o[0m
[3.830s] [100%] [32m[1mLinking C shared library rosidl_generator_py/mit_msgs/mit_msgs_s__rosidl_typesupport_introspection_c.cpython-310-x86_64-linux-gnu.so[0m
[3.830s] [100%] [32m[1mLinking C shared library rosidl_generator_py/mit_msgs/mit_msgs_s__rosidl_typesupport_c.cpython-310-x86_64-linux-gnu.so[0m
[3.830s] [100%] [32m[1mLinking C shared library rosidl_generator_py/mit_msgs/mit_msgs_s__rosidl_typesupport_fastrtps_c.cpython-310-x86_64-linux-gnu.so[0m
[3.880s] [100%] Built target mit_msgs__rosidl_typesupport_c__pyext
[3.880s] [100%] Built target mit_msgs__rosidl_typesupport_fastrtps_c__pyext
[3.880s] [100%] Built target mit_msgs__rosidl_typesupport_introspection_c__pyext
[3.894s] Invoked command in '/home/xsm/R1_ws/build/mit_msgs' returned '0': CMAKE_PREFIX_PATH=${CMAKE_PREFIX_PATH}:/home/xsm/R1_ws/install/gui_pkg:/opt/ros/humble /usr/bin/cmake --build /home/xsm/R1_ws/build/mit_msgs -- -j16 -l16
[4.148s] Invoking command in '/home/xsm/R1_ws/build/mit_msgs': CMAKE_PREFIX_PATH=${CMAKE_PREFIX_PATH}:/home/xsm/R1_ws/install/gui_pkg:/opt/ros/humble /usr/bin/cmake --install /home/xsm/R1_ws/build/mit_msgs
[4.157s] -- Install configuration: ""
[4.157s] -- Installing: /home/xsm/R1_ws/install/mit_msgs/share/ament_index/resource_index/rosidl_interfaces/mit_msgs
[4.157s] -- Installing: /home/xsm/R1_ws/install/mit_msgs/include/mit_msgs/mit_msgs
[4.158s] -- Installing: /home/xsm/R1_ws/install/mit_msgs/include/mit_msgs/mit_msgs/msg
[4.158s] -- Installing: /home/xsm/R1_ws/install/mit_msgs/include/mit_msgs/mit_msgs/msg/rosidl_generator_c__visibility_control.h
[4.158s] -- Installing: /home/xsm/R1_ws/install/mit_msgs/include/mit_msgs/mit_msgs/msg/mit_low_state.h
[4.158s] -- Installing: /home/xsm/R1_ws/install/mit_msgs/include/mit_msgs/mit_msgs/msg/detail
[4.158s] -- Installing: /home/xsm/R1_ws/install/mit_msgs/include/mit_msgs/mit_msgs/msg/detail/mit_joint_commands__type_support.h
[4.158s] -- Installing: /home/xsm/R1_ws/install/mit_msgs/include/mit_msgs/mit_msgs/msg/detail/mit_joint_command__type_support.h
[4.158s] -- Installing: /home/xsm/R1_ws/install/mit_msgs/include/mit_msgs/mit_msgs/msg/detail/mit_joint_command__functions.h
[4.158s] -- Installing: /home/xsm/R1_ws/install/mit_msgs/include/mit_msgs/mit_msgs/msg/detail/mit_low_state__type_support.h
[4.158s] -- Installing: /home/xsm/R1_ws/install/mit_msgs/include/mit_msgs/mit_msgs/msg/detail/mit_joint_commands__functions.h
[4.158s] -- Installing: /home/xsm/R1_ws/install/mit_msgs/include/mit_msgs/mit_msgs/msg/detail/mit_joint_commands__functions.c
[4.159s] -- Installing: /home/xsm/R1_ws/install/mit_msgs/include/mit_msgs/mit_msgs/msg/detail/mit_joint_command__functions.c
[4.159s] -- Installing: /home/xsm/R1_ws/install/mit_msgs/include/mit_msgs/mit_msgs/msg/detail/mit_low_state__struct.h
[4.159s] -- Installing: /home/xsm/R1_ws/install/mit_msgs/include/mit_msgs/mit_msgs/msg/detail/mit_low_state__functions.c
[4.159s] -- Installing: /home/xsm/R1_ws/install/mit_msgs/include/mit_msgs/mit_msgs/msg/detail/mit_joint_commands__struct.h
[4.159s] -- Installing: /home/xsm/R1_ws/install/mit_msgs/include/mit_msgs/mit_msgs/msg/detail/mit_low_state__functions.h
[4.159s] -- Installing: /home/xsm/R1_ws/install/mit_msgs/include/mit_msgs/mit_msgs/msg/detail/mit_joint_command__struct.h
[4.159s] -- Installing: /home/xsm/R1_ws/install/mit_msgs/include/mit_msgs/mit_msgs/msg/mit_joint_command.h
[4.159s] -- Installing: /home/xsm/R1_ws/install/mit_msgs/include/mit_msgs/mit_msgs/msg/mit_joint_commands.h
[4.159s] -- Installing: /home/xsm/R1_ws/install/mit_msgs/share/mit_msgs/environment/library_path.sh
[4.160s] -- Installing: /home/xsm/R1_ws/install/mit_msgs/share/mit_msgs/environment/library_path.dsv
[4.160s] -- Installing: /home/xsm/R1_ws/install/mit_msgs/lib/libmit_msgs__rosidl_generator_c.so
[4.160s] -- Set runtime path of "/home/xsm/R1_ws/install/mit_msgs/lib/libmit_msgs__rosidl_generator_c.so" to ""
[4.160s] -- Up-to-date: /home/xsm/R1_ws/install/mit_msgs/include/mit_msgs/mit_msgs
[4.160s] -- Up-to-date: /home/xsm/R1_ws/install/mit_msgs/include/mit_msgs/mit_msgs/msg
[4.160s] -- Installing: /home/xsm/R1_ws/install/mit_msgs/include/mit_msgs/mit_msgs/msg/rosidl_typesupport_fastrtps_c__visibility_control.h
[4.160s] -- Up-to-date: /home/xsm/R1_ws/install/mit_msgs/include/mit_msgs/mit_msgs/msg/detail
[4.160s] -- Installing: /home/xsm/R1_ws/install/mit_msgs/include/mit_msgs/mit_msgs/msg/detail/mit_low_state__rosidl_typesupport_fastrtps_c.h
[4.160s] -- Installing: /home/xsm/R1_ws/install/mit_msgs/include/mit_msgs/mit_msgs/msg/detail/mit_joint_commands__rosidl_typesupport_fastrtps_c.h
[4.161s] -- Installing: /home/xsm/R1_ws/install/mit_msgs/include/mit_msgs/mit_msgs/msg/detail/mit_joint_command__rosidl_typesupport_fastrtps_c.h
[4.161s] -- Installing: /home/xsm/R1_ws/install/mit_msgs/lib/libmit_msgs__rosidl_typesupport_fastrtps_c.so
[4.161s] -- Set runtime path of "/home/xsm/R1_ws/install/mit_msgs/lib/libmit_msgs__rosidl_typesupport_fastrtps_c.so" to ""
[4.161s] -- Up-to-date: /home/xsm/R1_ws/install/mit_msgs/include/mit_msgs/mit_msgs
[4.161s] -- Up-to-date: /home/xsm/R1_ws/install/mit_msgs/include/mit_msgs/mit_msgs/msg
[4.161s] -- Installing: /home/xsm/R1_ws/install/mit_msgs/include/mit_msgs/mit_msgs/msg/mit_joint_command.hpp
[4.161s] -- Installing: /home/xsm/R1_ws/install/mit_msgs/include/mit_msgs/mit_msgs/msg/mit_low_state.hpp
[4.161s] -- Up-to-date: /home/xsm/R1_ws/install/mit_msgs/include/mit_msgs/mit_msgs/msg/detail
[4.161s] -- Installing: /home/xsm/R1_ws/install/mit_msgs/include/mit_msgs/mit_msgs/msg/detail/mit_low_state__builder.hpp
[4.161s] -- Installing: /home/xsm/R1_ws/install/mit_msgs/include/mit_msgs/mit_msgs/msg/detail/mit_joint_commands__traits.hpp
[4.162s] -- Installing: /home/xsm/R1_ws/install/mit_msgs/include/mit_msgs/mit_msgs/msg/detail/mit_joint_command__builder.hpp
[4.162s] -- Installing: /home/xsm/R1_ws/install/mit_msgs/include/mit_msgs/mit_msgs/msg/detail/mit_low_state__traits.hpp
[4.162s] -- Installing: /home/xsm/R1_ws/install/mit_msgs/include/mit_msgs/mit_msgs/msg/detail/mit_joint_command__struct.hpp
[4.162s] -- Installing: /home/xsm/R1_ws/install/mit_msgs/include/mit_msgs/mit_msgs/msg/detail/mit_joint_commands__struct.hpp
[4.162s] -- Installing: /home/xsm/R1_ws/install/mit_msgs/include/mit_msgs/mit_msgs/msg/detail/mit_joint_commands__builder.hpp
[4.162s] -- Installing: /home/xsm/R1_ws/install/mit_msgs/include/mit_msgs/mit_msgs/msg/detail/mit_joint_command__traits.hpp
[4.162s] -- Installing: /home/xsm/R1_ws/install/mit_msgs/include/mit_msgs/mit_msgs/msg/detail/mit_low_state__struct.hpp
[4.162s] -- Installing: /home/xsm/R1_ws/install/mit_msgs/include/mit_msgs/mit_msgs/msg/mit_joint_commands.hpp
[4.162s] -- Up-to-date: /home/xsm/R1_ws/install/mit_msgs/include/mit_msgs/mit_msgs
[4.162s] -- Up-to-date: /home/xsm/R1_ws/install/mit_msgs/include/mit_msgs/mit_msgs/msg
[4.163s] -- Installing: /home/xsm/R1_ws/install/mit_msgs/include/mit_msgs/mit_msgs/msg/rosidl_typesupport_fastrtps_cpp__visibility_control.h
[4.163s] -- Up-to-date: /home/xsm/R1_ws/install/mit_msgs/include/mit_msgs/mit_msgs/msg/detail
[4.163s] -- Installing: /home/xsm/R1_ws/install/mit_msgs/include/mit_msgs/mit_msgs/msg/detail/dds_fastrtps
[4.163s] -- Installing: /home/xsm/R1_ws/install/mit_msgs/include/mit_msgs/mit_msgs/msg/detail/mit_low_state__rosidl_typesupport_fastrtps_cpp.hpp
[4.163s] -- Installing: /home/xsm/R1_ws/install/mit_msgs/include/mit_msgs/mit_msgs/msg/detail/mit_joint_commands__rosidl_typesupport_fastrtps_cpp.hpp
[4.163s] -- Installing: /home/xsm/R1_ws/install/mit_msgs/include/mit_msgs/mit_msgs/msg/detail/mit_joint_command__rosidl_typesupport_fastrtps_cpp.hpp
[4.163s] -- Installing: /home/xsm/R1_ws/install/mit_msgs/lib/libmit_msgs__rosidl_typesupport_fastrtps_cpp.so
[4.163s] -- Set runtime path of "/home/xsm/R1_ws/install/mit_msgs/lib/libmit_msgs__rosidl_typesupport_fastrtps_cpp.so" to ""
[4.164s] -- Up-to-date: /home/xsm/R1_ws/install/mit_msgs/include/mit_msgs/mit_msgs
[4.164s] -- Up-to-date: /home/xsm/R1_ws/install/mit_msgs/include/mit_msgs/mit_msgs/msg
[4.164s] -- Installing: /home/xsm/R1_ws/install/mit_msgs/include/mit_msgs/mit_msgs/msg/rosidl_typesupport_introspection_c__visibility_control.h
[4.164s] -- Up-to-date: /home/xsm/R1_ws/install/mit_msgs/include/mit_msgs/mit_msgs/msg/detail
[4.164s] -- Installing: /home/xsm/R1_ws/install/mit_msgs/include/mit_msgs/mit_msgs/msg/detail/mit_low_state__type_support.c
[4.164s] -- Installing: /home/xsm/R1_ws/install/mit_msgs/include/mit_msgs/mit_msgs/msg/detail/mit_joint_command__type_support.c
[4.164s] -- Installing: /home/xsm/R1_ws/install/mit_msgs/include/mit_msgs/mit_msgs/msg/detail/mit_joint_commands__rosidl_typesupport_introspection_c.h
[4.164s] -- Installing: /home/xsm/R1_ws/install/mit_msgs/include/mit_msgs/mit_msgs/msg/detail/mit_low_state__rosidl_typesupport_introspection_c.h
[4.164s] -- Installing: /home/xsm/R1_ws/install/mit_msgs/include/mit_msgs/mit_msgs/msg/detail/mit_joint_commands__type_support.c
[4.164s] -- Installing: /home/xsm/R1_ws/install/mit_msgs/include/mit_msgs/mit_msgs/msg/detail/mit_joint_command__rosidl_typesupport_introspection_c.h
[4.164s] -- Installing: /home/xsm/R1_ws/install/mit_msgs/lib/libmit_msgs__rosidl_typesupport_introspection_c.so
[4.165s] -- Set runtime path of "/home/xsm/R1_ws/install/mit_msgs/lib/libmit_msgs__rosidl_typesupport_introspection_c.so" to ""
[4.165s] -- Installing: /home/xsm/R1_ws/install/mit_msgs/lib/libmit_msgs__rosidl_typesupport_c.so
[4.165s] -- Set runtime path of "/home/xsm/R1_ws/install/mit_msgs/lib/libmit_msgs__rosidl_typesupport_c.so" to ""
[4.165s] -- Up-to-date: /home/xsm/R1_ws/install/mit_msgs/include/mit_msgs/mit_msgs
[4.165s] -- Up-to-date: /home/xsm/R1_ws/install/mit_msgs/include/mit_msgs/mit_msgs/msg
[4.165s] -- Up-to-date: /home/xsm/R1_ws/install/mit_msgs/include/mit_msgs/mit_msgs/msg/detail
[4.165s] -- Installing: /home/xsm/R1_ws/install/mit_msgs/include/mit_msgs/mit_msgs/msg/detail/mit_joint_command__type_support.cpp
[4.165s] -- Installing: /home/xsm/R1_ws/install/mit_msgs/include/mit_msgs/mit_msgs/msg/detail/mit_low_state__rosidl_typesupport_introspection_cpp.hpp
[4.165s] -- Installing: /home/xsm/R1_ws/install/mit_msgs/include/mit_msgs/mit_msgs/msg/detail/mit_joint_command__rosidl_typesupport_introspection_cpp.hpp
[4.165s] -- Installing: /home/xsm/R1_ws/install/mit_msgs/include/mit_msgs/mit_msgs/msg/detail/mit_joint_commands__rosidl_typesupport_introspection_cpp.hpp
[4.166s] -- Installing: /home/xsm/R1_ws/install/mit_msgs/include/mit_msgs/mit_msgs/msg/detail/mit_joint_commands__type_support.cpp
[4.166s] -- Installing: /home/xsm/R1_ws/install/mit_msgs/include/mit_msgs/mit_msgs/msg/detail/mit_low_state__type_support.cpp
[4.166s] -- Installing: /home/xsm/R1_ws/install/mit_msgs/lib/libmit_msgs__rosidl_typesupport_introspection_cpp.so
[4.166s] -- Set runtime path of "/home/xsm/R1_ws/install/mit_msgs/lib/libmit_msgs__rosidl_typesupport_introspection_cpp.so" to ""
[4.166s] -- Installing: /home/xsm/R1_ws/install/mit_msgs/lib/libmit_msgs__rosidl_typesupport_cpp.so
[4.167s] -- Set runtime path of "/home/xsm/R1_ws/install/mit_msgs/lib/libmit_msgs__rosidl_typesupport_cpp.so" to ""
[4.167s] -- Installing: /home/xsm/R1_ws/install/mit_msgs/share/mit_msgs/environment/pythonpath.sh
[4.167s] -- Installing: /home/xsm/R1_ws/install/mit_msgs/share/mit_msgs/environment/pythonpath.dsv
[4.167s] -- Installing: /home/xsm/R1_ws/install/mit_msgs/local/lib/python3.10/dist-packages/mit_msgs-0.0.0-py3.10.egg-info
[4.167s] -- Installing: /home/xsm/R1_ws/install/mit_msgs/local/lib/python3.10/dist-packages/mit_msgs-0.0.0-py3.10.egg-info/PKG-INFO
[4.167s] -- Installing: /home/xsm/R1_ws/install/mit_msgs/local/lib/python3.10/dist-packages/mit_msgs-0.0.0-py3.10.egg-info/SOURCES.txt
[4.167s] -- Installing: /home/xsm/R1_ws/install/mit_msgs/local/lib/python3.10/dist-packages/mit_msgs-0.0.0-py3.10.egg-info/dependency_links.txt
[4.167s] -- Installing: /home/xsm/R1_ws/install/mit_msgs/local/lib/python3.10/dist-packages/mit_msgs-0.0.0-py3.10.egg-info/top_level.txt
[4.167s] -- Installing: /home/xsm/R1_ws/install/mit_msgs/local/lib/python3.10/dist-packages/mit_msgs
[4.168s] -- Installing: /home/xsm/R1_ws/install/mit_msgs/local/lib/python3.10/dist-packages/mit_msgs/__init__.py
[4.168s] -- Installing: /home/xsm/R1_ws/install/mit_msgs/local/lib/python3.10/dist-packages/mit_msgs/mit_msgs_s__rosidl_typesupport_c.cpython-310-x86_64-linux-gnu.so
[4.168s] -- Installing: /home/xsm/R1_ws/install/mit_msgs/local/lib/python3.10/dist-packages/mit_msgs/_mit_msgs_s.ep.rosidl_typesupport_c.c
[4.168s] -- Installing: /home/xsm/R1_ws/install/mit_msgs/local/lib/python3.10/dist-packages/mit_msgs/mit_msgs_s__rosidl_typesupport_fastrtps_c.cpython-310-x86_64-linux-gnu.so
[4.168s] -- Installing: /home/xsm/R1_ws/install/mit_msgs/local/lib/python3.10/dist-packages/mit_msgs/_mit_msgs_s.ep.rosidl_typesupport_introspection_c.c
[4.168s] -- Installing: /home/xsm/R1_ws/install/mit_msgs/local/lib/python3.10/dist-packages/mit_msgs/msg
[4.168s] -- Installing: /home/xsm/R1_ws/install/mit_msgs/local/lib/python3.10/dist-packages/mit_msgs/msg/__init__.py
[4.168s] -- Installing: /home/xsm/R1_ws/install/mit_msgs/local/lib/python3.10/dist-packages/mit_msgs/msg/_mit_joint_commands.py
[4.168s] -- Installing: /home/xsm/R1_ws/install/mit_msgs/local/lib/python3.10/dist-packages/mit_msgs/msg/_mit_joint_command_s.c
[4.168s] -- Installing: /home/xsm/R1_ws/install/mit_msgs/local/lib/python3.10/dist-packages/mit_msgs/msg/_mit_low_state.py
[4.169s] -- Installing: /home/xsm/R1_ws/install/mit_msgs/local/lib/python3.10/dist-packages/mit_msgs/msg/_mit_joint_commands_s.c
[4.169s] -- Installing: /home/xsm/R1_ws/install/mit_msgs/local/lib/python3.10/dist-packages/mit_msgs/msg/_mit_joint_command.py
[4.169s] -- Installing: /home/xsm/R1_ws/install/mit_msgs/local/lib/python3.10/dist-packages/mit_msgs/msg/_mit_low_state_s.c
[4.169s] -- Installing: /home/xsm/R1_ws/install/mit_msgs/local/lib/python3.10/dist-packages/mit_msgs/_mit_msgs_s.ep.rosidl_typesupport_fastrtps_c.c
[4.169s] -- Installing: /home/xsm/R1_ws/install/mit_msgs/local/lib/python3.10/dist-packages/mit_msgs/libmit_msgs__rosidl_generator_py.so
[4.169s] -- Installing: /home/xsm/R1_ws/install/mit_msgs/local/lib/python3.10/dist-packages/mit_msgs/mit_msgs_s__rosidl_typesupport_introspection_c.cpython-310-x86_64-linux-gnu.so
[4.199s] Listing '/home/xsm/R1_ws/install/mit_msgs/local/lib/python3.10/dist-packages/mit_msgs'...
[4.199s] Compiling '/home/xsm/R1_ws/install/mit_msgs/local/lib/python3.10/dist-packages/mit_msgs/__init__.py'...
[4.199s] Listing '/home/xsm/R1_ws/install/mit_msgs/local/lib/python3.10/dist-packages/mit_msgs/msg'...
[4.200s] Compiling '/home/xsm/R1_ws/install/mit_msgs/local/lib/python3.10/dist-packages/mit_msgs/msg/__init__.py'...
[4.200s] Compiling '/home/xsm/R1_ws/install/mit_msgs/local/lib/python3.10/dist-packages/mit_msgs/msg/_mit_joint_command.py'...
[4.200s] Compiling '/home/xsm/R1_ws/install/mit_msgs/local/lib/python3.10/dist-packages/mit_msgs/msg/_mit_joint_commands.py'...
[4.200s] Compiling '/home/xsm/R1_ws/install/mit_msgs/local/lib/python3.10/dist-packages/mit_msgs/msg/_mit_low_state.py'...
[4.204s] -- Installing: /home/xsm/R1_ws/install/mit_msgs/local/lib/python3.10/dist-packages/mit_msgs/mit_msgs_s__rosidl_typesupport_fastrtps_c.cpython-310-x86_64-linux-gnu.so
[4.204s] -- Set runtime path of "/home/xsm/R1_ws/install/mit_msgs/local/lib/python3.10/dist-packages/mit_msgs/mit_msgs_s__rosidl_typesupport_fastrtps_c.cpython-310-x86_64-linux-gnu.so" to ""
[4.204s] -- Installing: /home/xsm/R1_ws/install/mit_msgs/local/lib/python3.10/dist-packages/mit_msgs/mit_msgs_s__rosidl_typesupport_introspection_c.cpython-310-x86_64-linux-gnu.so
[4.205s] -- Set runtime path of "/home/xsm/R1_ws/install/mit_msgs/local/lib/python3.10/dist-packages/mit_msgs/mit_msgs_s__rosidl_typesupport_introspection_c.cpython-310-x86_64-linux-gnu.so" to ""
[4.205s] -- Installing: /home/xsm/R1_ws/install/mit_msgs/local/lib/python3.10/dist-packages/mit_msgs/mit_msgs_s__rosidl_typesupport_c.cpython-310-x86_64-linux-gnu.so
[4.205s] -- Set runtime path of "/home/xsm/R1_ws/install/mit_msgs/local/lib/python3.10/dist-packages/mit_msgs/mit_msgs_s__rosidl_typesupport_c.cpython-310-x86_64-linux-gnu.so" to ""
[4.205s] -- Installing: /home/xsm/R1_ws/install/mit_msgs/lib/libmit_msgs__rosidl_generator_py.so
[4.206s] -- Set runtime path of "/home/xsm/R1_ws/install/mit_msgs/lib/libmit_msgs__rosidl_generator_py.so" to ""
[4.206s] -- Installing: /home/xsm/R1_ws/install/mit_msgs/share/mit_msgs/msg/MITJointCommand.idl
[4.206s] -- Installing: /home/xsm/R1_ws/install/mit_msgs/share/mit_msgs/msg/MITJointCommands.idl
[4.206s] -- Installing: /home/xsm/R1_ws/install/mit_msgs/share/mit_msgs/msg/MITLowState.idl
[4.206s] -- Installing: /home/xsm/R1_ws/install/mit_msgs/share/mit_msgs/msg/MITJointCommand.msg
[4.206s] -- Installing: /home/xsm/R1_ws/install/mit_msgs/share/mit_msgs/msg/MITJointCommands.msg
[4.206s] -- Installing: /home/xsm/R1_ws/install/mit_msgs/share/mit_msgs/msg/MITLowState.msg
[4.206s] -- Installing: /home/xsm/R1_ws/install/mit_msgs/share/ament_index/resource_index/package_run_dependencies/mit_msgs
[4.207s] -- Installing: /home/xsm/R1_ws/install/mit_msgs/share/ament_index/resource_index/parent_prefix_path/mit_msgs
[4.207s] -- Installing: /home/xsm/R1_ws/install/mit_msgs/share/mit_msgs/environment/ament_prefix_path.sh
[4.207s] -- Installing: /home/xsm/R1_ws/install/mit_msgs/share/mit_msgs/environment/ament_prefix_path.dsv
[4.207s] -- Installing: /home/xsm/R1_ws/install/mit_msgs/share/mit_msgs/environment/path.sh
[4.207s] -- Installing: /home/xsm/R1_ws/install/mit_msgs/share/mit_msgs/environment/path.dsv
[4.207s] -- Installing: /home/xsm/R1_ws/install/mit_msgs/share/mit_msgs/local_setup.bash
[4.207s] -- Installing: /home/xsm/R1_ws/install/mit_msgs/share/mit_msgs/local_setup.sh
[4.208s] -- Installing: /home/xsm/R1_ws/install/mit_msgs/share/mit_msgs/local_setup.zsh
[4.208s] -- Installing: /home/xsm/R1_ws/install/mit_msgs/share/mit_msgs/local_setup.dsv
[4.208s] -- Installing: /home/xsm/R1_ws/install/mit_msgs/share/mit_msgs/package.dsv
[4.208s] -- Installing: /home/xsm/R1_ws/install/mit_msgs/share/ament_index/resource_index/packages/mit_msgs
[4.208s] -- Installing: /home/xsm/R1_ws/install/mit_msgs/share/mit_msgs/cmake/export_mit_msgs__rosidl_generator_cExport.cmake
[4.208s] -- Installing: /home/xsm/R1_ws/install/mit_msgs/share/mit_msgs/cmake/export_mit_msgs__rosidl_generator_cExport-noconfig.cmake
[4.208s] -- Installing: /home/xsm/R1_ws/install/mit_msgs/share/mit_msgs/cmake/export_mit_msgs__rosidl_typesupport_fastrtps_cExport.cmake
[4.208s] -- Installing: /home/xsm/R1_ws/install/mit_msgs/share/mit_msgs/cmake/export_mit_msgs__rosidl_typesupport_fastrtps_cExport-noconfig.cmake
[4.209s] -- Installing: /home/xsm/R1_ws/install/mit_msgs/share/mit_msgs/cmake/export_mit_msgs__rosidl_generator_cppExport.cmake
[4.209s] -- Installing: /home/xsm/R1_ws/install/mit_msgs/share/mit_msgs/cmake/export_mit_msgs__rosidl_typesupport_fastrtps_cppExport.cmake
[4.209s] -- Installing: /home/xsm/R1_ws/install/mit_msgs/share/mit_msgs/cmake/export_mit_msgs__rosidl_typesupport_fastrtps_cppExport-noconfig.cmake
[4.209s] -- Installing: /home/xsm/R1_ws/install/mit_msgs/share/mit_msgs/cmake/mit_msgs__rosidl_typesupport_introspection_cExport.cmake
[4.209s] -- Installing: /home/xsm/R1_ws/install/mit_msgs/share/mit_msgs/cmake/mit_msgs__rosidl_typesupport_introspection_cExport-noconfig.cmake
[4.209s] -- Installing: /home/xsm/R1_ws/install/mit_msgs/share/mit_msgs/cmake/mit_msgs__rosidl_typesupport_cExport.cmake
[4.209s] -- Installing: /home/xsm/R1_ws/install/mit_msgs/share/mit_msgs/cmake/mit_msgs__rosidl_typesupport_cExport-noconfig.cmake
[4.210s] -- Installing: /home/xsm/R1_ws/install/mit_msgs/share/mit_msgs/cmake/mit_msgs__rosidl_typesupport_introspection_cppExport.cmake
[4.210s] -- Installing: /home/xsm/R1_ws/install/mit_msgs/share/mit_msgs/cmake/mit_msgs__rosidl_typesupport_introspection_cppExport-noconfig.cmake
[4.210s] -- Installing: /home/xsm/R1_ws/install/mit_msgs/share/mit_msgs/cmake/mit_msgs__rosidl_typesupport_cppExport.cmake
[4.210s] -- Installing: /home/xsm/R1_ws/install/mit_msgs/share/mit_msgs/cmake/mit_msgs__rosidl_typesupport_cppExport-noconfig.cmake
[4.210s] -- Installing: /home/xsm/R1_ws/install/mit_msgs/share/mit_msgs/cmake/export_mit_msgs__rosidl_generator_pyExport.cmake
[4.210s] -- Installing: /home/xsm/R1_ws/install/mit_msgs/share/mit_msgs/cmake/export_mit_msgs__rosidl_generator_pyExport-noconfig.cmake
[4.210s] -- Installing: /home/xsm/R1_ws/install/mit_msgs/share/mit_msgs/cmake/rosidl_cmake-extras.cmake
[4.210s] -- Installing: /home/xsm/R1_ws/install/mit_msgs/share/mit_msgs/cmake/ament_cmake_export_dependencies-extras.cmake
[4.211s] -- Installing: /home/xsm/R1_ws/install/mit_msgs/share/mit_msgs/cmake/ament_cmake_export_include_directories-extras.cmake
[4.211s] -- Installing: /home/xsm/R1_ws/install/mit_msgs/share/mit_msgs/cmake/ament_cmake_export_libraries-extras.cmake
[4.211s] -- Installing: /home/xsm/R1_ws/install/mit_msgs/share/mit_msgs/cmake/ament_cmake_export_targets-extras.cmake
[4.211s] -- Installing: /home/xsm/R1_ws/install/mit_msgs/share/mit_msgs/cmake/rosidl_cmake_export_typesupport_targets-extras.cmake
[4.211s] -- Installing: /home/xsm/R1_ws/install/mit_msgs/share/mit_msgs/cmake/rosidl_cmake_export_typesupport_libraries-extras.cmake
[4.211s] -- Installing: /home/xsm/R1_ws/install/mit_msgs/share/mit_msgs/cmake/mit_msgsConfig.cmake
[4.211s] -- Installing: /home/xsm/R1_ws/install/mit_msgs/share/mit_msgs/cmake/mit_msgsConfig-version.cmake
[4.211s] -- Installing: /home/xsm/R1_ws/install/mit_msgs/share/mit_msgs/package.xml
[4.215s] Invoked command in '/home/xsm/R1_ws/build/mit_msgs' returned '0': CMAKE_PREFIX_PATH=${CMAKE_PREFIX_PATH}:/home/xsm/R1_ws/install/gui_pkg:/opt/ros/humble /usr/bin/cmake --install /home/xsm/R1_ws/build/mit_msgs
