[0.016s] Invoking command in '/home/xsm/R1_ws/build/armend_visualize': CMAKE_PREFIX_PATH=/home/xsm/R1_ws/install/mit_msgs:/home/xsm/R1_ws/install/xsmmsg:/home/xsm/R1_ws/install/xsm_msg:/home/xsm/R1_ws/install/optimal_control_problem:/home/xsm/R1_ws/install/armend_visualize:/home/xsm/R1_ws/install/arm_dynamics_hw:/home/xsm/R1_ws/install/armForwardkinematics:/home/xsm/R1_ws/install/lock_utils:/home/xsm/R1_ws/install/gui_pkg:/opt/ros/humble LD_LIBRARY_PATH=/home/xsm/R1_ws/install/mit_msgs/lib:/home/xsm/R1_ws/install/xsmmsg/lib:/home/xsm/R1_ws/install/xsm_msg/lib:/home/xsm/R1_ws/install/optimal_control_problem/lib:/home/xsm/R1_ws/install/lock_utils/lib:/usr/lib/x86_64-linux-gnu/gazebo-11/plugins:/opt/ros/humble/opt/rviz_ogre_vendor/lib:/opt/ros/humble/lib/x86_64-linux-gnu:/opt/ros/humble/lib:/usr/share/gazebo/../../lib/x86_64-linux-gnu/gazebo-11/plugins:/usr/lib/nvidia:/usr/share/gazebo/../../lib/x86_64-linux-gnu/gazebo-11/plugins:/usr/share/gazebo/../../lib/x86_64-linux-gnu/gazebo-11/plugins:/usr/lib/nvidia /usr/bin/cmake --build /home/xsm/R1_ws/build/armend_visualize -- -j16 -l16
[0.086s] [100%] Built target main
[0.098s] Invoked command in '/home/xsm/R1_ws/build/armend_visualize' returned '0': CMAKE_PREFIX_PATH=/home/xsm/R1_ws/install/mit_msgs:/home/xsm/R1_ws/install/xsmmsg:/home/xsm/R1_ws/install/xsm_msg:/home/xsm/R1_ws/install/optimal_control_problem:/home/xsm/R1_ws/install/armend_visualize:/home/xsm/R1_ws/install/arm_dynamics_hw:/home/xsm/R1_ws/install/armForwardkinematics:/home/xsm/R1_ws/install/lock_utils:/home/xsm/R1_ws/install/gui_pkg:/opt/ros/humble LD_LIBRARY_PATH=/home/xsm/R1_ws/install/mit_msgs/lib:/home/xsm/R1_ws/install/xsmmsg/lib:/home/xsm/R1_ws/install/xsm_msg/lib:/home/xsm/R1_ws/install/optimal_control_problem/lib:/home/xsm/R1_ws/install/lock_utils/lib:/usr/lib/x86_64-linux-gnu/gazebo-11/plugins:/opt/ros/humble/opt/rviz_ogre_vendor/lib:/opt/ros/humble/lib/x86_64-linux-gnu:/opt/ros/humble/lib:/usr/share/gazebo/../../lib/x86_64-linux-gnu/gazebo-11/plugins:/usr/lib/nvidia:/usr/share/gazebo/../../lib/x86_64-linux-gnu/gazebo-11/plugins:/usr/share/gazebo/../../lib/x86_64-linux-gnu/gazebo-11/plugins:/usr/lib/nvidia /usr/bin/cmake --build /home/xsm/R1_ws/build/armend_visualize -- -j16 -l16
[0.151s] Invoking command in '/home/xsm/R1_ws/build/armend_visualize': CMAKE_PREFIX_PATH=/home/xsm/R1_ws/install/mit_msgs:/home/xsm/R1_ws/install/xsmmsg:/home/xsm/R1_ws/install/xsm_msg:/home/xsm/R1_ws/install/optimal_control_problem:/home/xsm/R1_ws/install/armend_visualize:/home/xsm/R1_ws/install/arm_dynamics_hw:/home/xsm/R1_ws/install/armForwardkinematics:/home/xsm/R1_ws/install/lock_utils:/home/xsm/R1_ws/install/gui_pkg:/opt/ros/humble LD_LIBRARY_PATH=/home/xsm/R1_ws/install/mit_msgs/lib:/home/xsm/R1_ws/install/xsmmsg/lib:/home/xsm/R1_ws/install/xsm_msg/lib:/home/xsm/R1_ws/install/optimal_control_problem/lib:/home/xsm/R1_ws/install/lock_utils/lib:/usr/lib/x86_64-linux-gnu/gazebo-11/plugins:/opt/ros/humble/opt/rviz_ogre_vendor/lib:/opt/ros/humble/lib/x86_64-linux-gnu:/opt/ros/humble/lib:/usr/share/gazebo/../../lib/x86_64-linux-gnu/gazebo-11/plugins:/usr/lib/nvidia:/usr/share/gazebo/../../lib/x86_64-linux-gnu/gazebo-11/plugins:/usr/share/gazebo/../../lib/x86_64-linux-gnu/gazebo-11/plugins:/usr/lib/nvidia /usr/bin/cmake --install /home/xsm/R1_ws/build/armend_visualize
[0.160s] -- Install configuration: ""
[0.160s] -- Up-to-date: /home/xsm/R1_ws/install/armend_visualize/lib/armend_visualize/main
[0.160s] -- Up-to-date: /home/xsm/R1_ws/install/armend_visualize/share/armend_visualize/launch
[0.160s] -- Up-to-date: /home/xsm/R1_ws/install/armend_visualize/share/armend_visualize/launch/visual_launch.py
[0.160s] -- Up-to-date: /home/xsm/R1_ws/install/armend_visualize/share/ament_index/resource_index/package_run_dependencies/armend_visualize
[0.160s] -- Up-to-date: /home/xsm/R1_ws/install/armend_visualize/share/ament_index/resource_index/parent_prefix_path/armend_visualize
[0.160s] -- Up-to-date: /home/xsm/R1_ws/install/armend_visualize/share/armend_visualize/environment/ament_prefix_path.sh
[0.161s] -- Up-to-date: /home/xsm/R1_ws/install/armend_visualize/share/armend_visualize/environment/ament_prefix_path.dsv
[0.161s] -- Up-to-date: /home/xsm/R1_ws/install/armend_visualize/share/armend_visualize/environment/path.sh
[0.161s] -- Up-to-date: /home/xsm/R1_ws/install/armend_visualize/share/armend_visualize/environment/path.dsv
[0.161s] -- Up-to-date: /home/xsm/R1_ws/install/armend_visualize/share/armend_visualize/local_setup.bash
[0.161s] -- Up-to-date: /home/xsm/R1_ws/install/armend_visualize/share/armend_visualize/local_setup.sh
[0.161s] -- Up-to-date: /home/xsm/R1_ws/install/armend_visualize/share/armend_visualize/local_setup.zsh
[0.161s] -- Up-to-date: /home/xsm/R1_ws/install/armend_visualize/share/armend_visualize/local_setup.dsv
[0.161s] -- Up-to-date: /home/xsm/R1_ws/install/armend_visualize/share/armend_visualize/package.dsv
[0.161s] -- Up-to-date: /home/xsm/R1_ws/install/armend_visualize/share/ament_index/resource_index/packages/armend_visualize
[0.161s] -- Up-to-date: /home/xsm/R1_ws/install/armend_visualize/share/armend_visualize/cmake/armend_visualizeConfig.cmake
[0.161s] -- Up-to-date: /home/xsm/R1_ws/install/armend_visualize/share/armend_visualize/cmake/armend_visualizeConfig-version.cmake
[0.161s] -- Up-to-date: /home/xsm/R1_ws/install/armend_visualize/share/armend_visualize/package.xml
[0.163s] Invoked command in '/home/xsm/R1_ws/build/armend_visualize' returned '0': CMAKE_PREFIX_PATH=/home/xsm/R1_ws/install/mit_msgs:/home/xsm/R1_ws/install/xsmmsg:/home/xsm/R1_ws/install/xsm_msg:/home/xsm/R1_ws/install/optimal_control_problem:/home/xsm/R1_ws/install/armend_visualize:/home/xsm/R1_ws/install/arm_dynamics_hw:/home/xsm/R1_ws/install/armForwardkinematics:/home/xsm/R1_ws/install/lock_utils:/home/xsm/R1_ws/install/gui_pkg:/opt/ros/humble LD_LIBRARY_PATH=/home/xsm/R1_ws/install/mit_msgs/lib:/home/xsm/R1_ws/install/xsmmsg/lib:/home/xsm/R1_ws/install/xsm_msg/lib:/home/xsm/R1_ws/install/optimal_control_problem/lib:/home/xsm/R1_ws/install/lock_utils/lib:/usr/lib/x86_64-linux-gnu/gazebo-11/plugins:/opt/ros/humble/opt/rviz_ogre_vendor/lib:/opt/ros/humble/lib/x86_64-linux-gnu:/opt/ros/humble/lib:/usr/share/gazebo/../../lib/x86_64-linux-gnu/gazebo-11/plugins:/usr/lib/nvidia:/usr/share/gazebo/../../lib/x86_64-linux-gnu/gazebo-11/plugins:/usr/share/gazebo/../../lib/x86_64-linux-gnu/gazebo-11/plugins:/usr/lib/nvidia /usr/bin/cmake --install /home/xsm/R1_ws/build/armend_visualize
