[0.013s] Invoking command in '/home/xsm/R1_ws/build/armForwardkinematics': CMAKE_PREFIX_PATH=/home/xsm/R1_ws/install/mit_msgs:/home/xsm/R1_ws/install/optimal_control_problem:/home/xsm/R1_ws/install/arm_dynamics_hw:/home/xsm/R1_ws/install/armForwardkinematics:/home/xsm/R1_ws/install/lock_utils:/home/xsm/R1_ws/install/gui_pkg:/opt/ros/humble LD_LIBRARY_PATH=/home/xsm/R1_ws/install/mit_msgs/lib:/home/xsm/R1_ws/install/optimal_control_problem/lib:/home/xsm/R1_ws/install/lock_utils/lib:/usr/lib/x86_64-linux-gnu/gazebo-11/plugins:/opt/ros/humble/opt/rviz_ogre_vendor/lib:/opt/ros/humble/lib/x86_64-linux-gnu:/opt/ros/humble/lib:/usr/share/gazebo/../../lib/x86_64-linux-gnu/gazebo-11/plugins:/usr/lib/nvidia /usr/bin/cmake --build /home/xsm/R1_ws/build/armForwardkinematics -- -j16 -l16
[0.074s] [35m[1mConsolidate compiler generated dependencies of target pino_armkine_node[0m
[0.137s] [ 14%] [32mBuilding CXX object CMakeFiles/pino_armkine_node.dir/source/ForwardkinematicsT/path.cpp.o[0m
[5.319s] [ 28%] [32m[1mLinking CXX executable pino_armkine_node[0m
[5.869s] [100%] Built target pino_armkine_node
[5.882s] Invoked command in '/home/xsm/R1_ws/build/armForwardkinematics' returned '0': CMAKE_PREFIX_PATH=/home/xsm/R1_ws/install/mit_msgs:/home/xsm/R1_ws/install/optimal_control_problem:/home/xsm/R1_ws/install/arm_dynamics_hw:/home/xsm/R1_ws/install/armForwardkinematics:/home/xsm/R1_ws/install/lock_utils:/home/xsm/R1_ws/install/gui_pkg:/opt/ros/humble LD_LIBRARY_PATH=/home/xsm/R1_ws/install/mit_msgs/lib:/home/xsm/R1_ws/install/optimal_control_problem/lib:/home/xsm/R1_ws/install/lock_utils/lib:/usr/lib/x86_64-linux-gnu/gazebo-11/plugins:/opt/ros/humble/opt/rviz_ogre_vendor/lib:/opt/ros/humble/lib/x86_64-linux-gnu:/opt/ros/humble/lib:/usr/share/gazebo/../../lib/x86_64-linux-gnu/gazebo-11/plugins:/usr/lib/nvidia /usr/bin/cmake --build /home/xsm/R1_ws/build/armForwardkinematics -- -j16 -l16
[5.966s] Invoking command in '/home/xsm/R1_ws/build/armForwardkinematics': CMAKE_PREFIX_PATH=/home/xsm/R1_ws/install/mit_msgs:/home/xsm/R1_ws/install/optimal_control_problem:/home/xsm/R1_ws/install/arm_dynamics_hw:/home/xsm/R1_ws/install/armForwardkinematics:/home/xsm/R1_ws/install/lock_utils:/home/xsm/R1_ws/install/gui_pkg:/opt/ros/humble LD_LIBRARY_PATH=/home/xsm/R1_ws/install/mit_msgs/lib:/home/xsm/R1_ws/install/optimal_control_problem/lib:/home/xsm/R1_ws/install/lock_utils/lib:/usr/lib/x86_64-linux-gnu/gazebo-11/plugins:/opt/ros/humble/opt/rviz_ogre_vendor/lib:/opt/ros/humble/lib/x86_64-linux-gnu:/opt/ros/humble/lib:/usr/share/gazebo/../../lib/x86_64-linux-gnu/gazebo-11/plugins:/usr/lib/nvidia /usr/bin/cmake --install /home/xsm/R1_ws/build/armForwardkinematics
[5.974s] -- Install configuration: ""
[5.974s] -- Execute custom install script
[5.974s] -- Up-to-date symlink: /home/xsm/R1_ws/install/armForwardkinematics/lib/armForwardkinematics/pino_armkine_node
[5.975s] -- Up-to-date symlink: /home/xsm/R1_ws/install/armForwardkinematics/share/armForwardkinematics/launch/armInv.py
[5.975s] -- Up-to-date symlink: /home/xsm/R1_ws/install/armForwardkinematics/share/armForwardkinematics//config/config.yaml
[5.975s] -- Up-to-date symlink: /home/xsm/R1_ws/install/armForwardkinematics/share/ament_index/resource_index/package_run_dependencies/armForwardkinematics
[5.975s] -- Up-to-date symlink: /home/xsm/R1_ws/install/armForwardkinematics/share/ament_index/resource_index/parent_prefix_path/armForwardkinematics
[5.975s] -- Up-to-date symlink: /home/xsm/R1_ws/install/armForwardkinematics/share/armForwardkinematics/environment/ament_prefix_path.sh
[5.975s] -- Up-to-date symlink: /home/xsm/R1_ws/install/armForwardkinematics/share/armForwardkinematics/environment/ament_prefix_path.dsv
[5.975s] -- Up-to-date symlink: /home/xsm/R1_ws/install/armForwardkinematics/share/armForwardkinematics/environment/path.sh
[5.976s] -- Up-to-date symlink: /home/xsm/R1_ws/install/armForwardkinematics/share/armForwardkinematics/environment/path.dsv
[5.976s] -- Up-to-date symlink: /home/xsm/R1_ws/install/armForwardkinematics/share/armForwardkinematics/local_setup.bash
[5.976s] -- Up-to-date symlink: /home/xsm/R1_ws/install/armForwardkinematics/share/armForwardkinematics/local_setup.sh
[5.976s] -- Up-to-date symlink: /home/xsm/R1_ws/install/armForwardkinematics/share/armForwardkinematics/local_setup.zsh
[5.976s] -- Up-to-date symlink: /home/xsm/R1_ws/install/armForwardkinematics/share/armForwardkinematics/local_setup.dsv
[5.976s] -- Symlinking: /home/xsm/R1_ws/install/armForwardkinematics/share/armForwardkinematics/package.dsv
[5.986s] -- Up-to-date symlink: /home/xsm/R1_ws/install/armForwardkinematics/share/ament_index/resource_index/packages/armForwardkinematics
[5.986s] -- Up-to-date symlink: /home/xsm/R1_ws/install/armForwardkinematics/share/armForwardkinematics/cmake/armForwardkinematicsConfig.cmake
[5.986s] -- Up-to-date symlink: /home/xsm/R1_ws/install/armForwardkinematics/share/armForwardkinematics/cmake/armForwardkinematicsConfig-version.cmake
[5.986s] -- Up-to-date symlink: /home/xsm/R1_ws/install/armForwardkinematics/share/armForwardkinematics/package.xml
[5.989s] Invoked command in '/home/xsm/R1_ws/build/armForwardkinematics' returned '0': CMAKE_PREFIX_PATH=/home/xsm/R1_ws/install/mit_msgs:/home/xsm/R1_ws/install/optimal_control_problem:/home/xsm/R1_ws/install/arm_dynamics_hw:/home/xsm/R1_ws/install/armForwardkinematics:/home/xsm/R1_ws/install/lock_utils:/home/xsm/R1_ws/install/gui_pkg:/opt/ros/humble LD_LIBRARY_PATH=/home/xsm/R1_ws/install/mit_msgs/lib:/home/xsm/R1_ws/install/optimal_control_problem/lib:/home/xsm/R1_ws/install/lock_utils/lib:/usr/lib/x86_64-linux-gnu/gazebo-11/plugins:/opt/ros/humble/opt/rviz_ogre_vendor/lib:/opt/ros/humble/lib/x86_64-linux-gnu:/opt/ros/humble/lib:/usr/share/gazebo/../../lib/x86_64-linux-gnu/gazebo-11/plugins:/usr/lib/nvidia /usr/bin/cmake --install /home/xsm/R1_ws/build/armForwardkinematics
