[0.074s] DEBUG:colcon:Command line arguments: ['/usr/bin/colcon', 'build', '--cmake-args', '-DCMAKE_EXPORT_COMPILE_COMMANDS=ON']
[0.074s] DEBUG:colcon:Parsed command line arguments: Namespace(log_base=None, log_level=None, verb_name='build', build_base='build', install_base='install', merge_install=False, symlink_install=False, test_result_base=None, continue_on_error=False, executor='parallel', parallel_workers=16, event_handlers=None, ignore_user_meta=False, metas=['./colcon.meta'], base_paths=['.'], packages_ignore=None, packages_ignore_regex=None, paths=None, packages_up_to=None, packages_up_to_regex=None, packages_above=None, packages_above_and_dependencies=None, packages_above_depth=None, packages_select_by_dep=None, packages_skip_by_dep=None, packages_skip_up_to=None, packages_select_build_failed=False, packages_skip_build_finished=False, packages_select_test_failures=False, packages_skip_test_passed=False, packages_select=None, packages_skip=None, packages_select_regex=None, packages_skip_regex=None, packages_start=None, packages_end=None, allow_overriding=[], cmake_args=['-DCMAKE_EXPORT_COMPILE_COMMANDS=ON'], cmake_target=None, cmake_target_skip_unavailable=False, cmake_clean_cache=False, cmake_clean_first=False, cmake_force_configure=False, ament_cmake_args=None, catkin_cmake_args=None, catkin_skip_building_tests=False, verb_parser=<colcon_defaults.argument_parser.defaults.DefaultArgumentsDecorator object at 0x7d27d994c7c0>, verb_extension=<colcon_core.verb.build.BuildVerb object at 0x7d27d9a753f0>, main=<bound method BuildVerb.main of <colcon_core.verb.build.BuildVerb object at 0x7d27d9a753f0>>)
[0.196s] Level 1:colcon.colcon_core.package_discovery:discover_packages(colcon_meta) check parameters
[0.196s] Level 1:colcon.colcon_core.package_discovery:discover_packages(recursive) check parameters
[0.196s] Level 1:colcon.colcon_core.package_discovery:discover_packages(ignore) check parameters
[0.196s] Level 1:colcon.colcon_core.package_discovery:discover_packages(path) check parameters
[0.196s] Level 1:colcon.colcon_core.package_discovery:discover_packages(colcon_meta) discover
[0.196s] Level 1:colcon.colcon_core.package_discovery:discover_packages(recursive) discover
[0.196s] INFO:colcon.colcon_core.package_discovery:Crawling recursively for packages in '/home/xsm/R1_ws'
[0.196s] Level 1:colcon.colcon_core.package_identification:_identify(.) by extensions ['ignore', 'ignore_ament_install']
[0.196s] Level 1:colcon.colcon_core.package_identification:_identify(.) by extension 'ignore'
[0.196s] Level 1:colcon.colcon_core.package_identification:_identify(.) by extension 'ignore_ament_install'
[0.196s] Level 1:colcon.colcon_core.package_identification:_identify(.) by extensions ['colcon_pkg']
[0.196s] Level 1:colcon.colcon_core.package_identification:_identify(.) by extension 'colcon_pkg'
[0.196s] Level 1:colcon.colcon_core.package_identification:_identify(.) by extensions ['colcon_meta']
[0.196s] Level 1:colcon.colcon_core.package_identification:_identify(.) by extension 'colcon_meta'
[0.196s] Level 1:colcon.colcon_core.package_identification:_identify(.) by extensions ['ros']
[0.196s] Level 1:colcon.colcon_core.package_identification:_identify(.) by extension 'ros'
[0.205s] Level 1:colcon.colcon_core.package_identification:_identify(.) by extensions ['cmake', 'python']
[0.205s] Level 1:colcon.colcon_core.package_identification:_identify(.) by extension 'cmake'
[0.205s] Level 1:colcon.colcon_core.package_identification:_identify(.) by extension 'python'
[0.205s] Level 1:colcon.colcon_core.package_identification:_identify(.) by extensions ['python_setup_py']
[0.205s] Level 1:colcon.colcon_core.package_identification:_identify(.) by extension 'python_setup_py'
[0.205s] Level 1:colcon.colcon_core.package_identification:_identify(build) by extensions ['ignore', 'ignore_ament_install']
[0.205s] Level 1:colcon.colcon_core.package_identification:_identify(build) by extension 'ignore'
[0.205s] Level 1:colcon.colcon_core.package_identification:_identify(build) ignored
[0.205s] Level 1:colcon.colcon_core.package_identification:_identify(install) by extensions ['ignore', 'ignore_ament_install']
[0.205s] Level 1:colcon.colcon_core.package_identification:_identify(install) by extension 'ignore'
[0.205s] Level 1:colcon.colcon_core.package_identification:_identify(install) ignored
[0.205s] Level 1:colcon.colcon_core.package_identification:_identify(log) by extensions ['ignore', 'ignore_ament_install']
[0.205s] Level 1:colcon.colcon_core.package_identification:_identify(log) by extension 'ignore'
[0.205s] Level 1:colcon.colcon_core.package_identification:_identify(log) ignored
[0.206s] Level 1:colcon.colcon_core.package_identification:_identify(src) by extensions ['ignore', 'ignore_ament_install']
[0.206s] Level 1:colcon.colcon_core.package_identification:_identify(src) by extension 'ignore'
[0.206s] Level 1:colcon.colcon_core.package_identification:_identify(src) by extension 'ignore_ament_install'
[0.206s] Level 1:colcon.colcon_core.package_identification:_identify(src) by extensions ['colcon_pkg']
[0.206s] Level 1:colcon.colcon_core.package_identification:_identify(src) by extension 'colcon_pkg'
[0.206s] Level 1:colcon.colcon_core.package_identification:_identify(src) by extensions ['colcon_meta']
[0.206s] Level 1:colcon.colcon_core.package_identification:_identify(src) by extension 'colcon_meta'
[0.206s] Level 1:colcon.colcon_core.package_identification:_identify(src) by extensions ['ros']
[0.206s] Level 1:colcon.colcon_core.package_identification:_identify(src) by extension 'ros'
[0.206s] Level 1:colcon.colcon_core.package_identification:_identify(src) by extensions ['cmake', 'python']
[0.206s] Level 1:colcon.colcon_core.package_identification:_identify(src) by extension 'cmake'
[0.206s] Level 1:colcon.colcon_core.package_identification:_identify(src) by extension 'python'
[0.206s] Level 1:colcon.colcon_core.package_identification:_identify(src) by extensions ['python_setup_py']
[0.206s] Level 1:colcon.colcon_core.package_identification:_identify(src) by extension 'python_setup_py'
[0.206s] Level 1:colcon.colcon_core.package_identification:_identify(src/armForwardkinematics) by extensions ['ignore', 'ignore_ament_install']
[0.206s] Level 1:colcon.colcon_core.package_identification:_identify(src/armForwardkinematics) by extension 'ignore'
[0.206s] Level 1:colcon.colcon_core.package_identification:_identify(src/armForwardkinematics) by extension 'ignore_ament_install'
[0.206s] Level 1:colcon.colcon_core.package_identification:_identify(src/armForwardkinematics) by extensions ['colcon_pkg']
[0.206s] Level 1:colcon.colcon_core.package_identification:_identify(src/armForwardkinematics) by extension 'colcon_pkg'
[0.206s] Level 1:colcon.colcon_core.package_identification:_identify(src/armForwardkinematics) by extensions ['colcon_meta']
[0.206s] Level 1:colcon.colcon_core.package_identification:_identify(src/armForwardkinematics) by extension 'colcon_meta'
[0.206s] Level 1:colcon.colcon_core.package_identification:_identify(src/armForwardkinematics) by extensions ['ros']
[0.206s] Level 1:colcon.colcon_core.package_identification:_identify(src/armForwardkinematics) by extension 'ros'
[0.208s] DEBUG:colcon.colcon_core.package_identification:Package 'src/armForwardkinematics' with type 'ros.ament_cmake' and name 'armForwardkinematics'
[0.208s] Level 1:colcon.colcon_core.package_identification:_identify(src/arm_dynamics_hw) by extensions ['ignore', 'ignore_ament_install']
[0.208s] Level 1:colcon.colcon_core.package_identification:_identify(src/arm_dynamics_hw) by extension 'ignore'
[0.208s] Level 1:colcon.colcon_core.package_identification:_identify(src/arm_dynamics_hw) by extension 'ignore_ament_install'
[0.208s] Level 1:colcon.colcon_core.package_identification:_identify(src/arm_dynamics_hw) by extensions ['colcon_pkg']
[0.208s] Level 1:colcon.colcon_core.package_identification:_identify(src/arm_dynamics_hw) by extension 'colcon_pkg'
[0.208s] Level 1:colcon.colcon_core.package_identification:_identify(src/arm_dynamics_hw) by extensions ['colcon_meta']
[0.208s] Level 1:colcon.colcon_core.package_identification:_identify(src/arm_dynamics_hw) by extension 'colcon_meta'
[0.208s] Level 1:colcon.colcon_core.package_identification:_identify(src/arm_dynamics_hw) by extensions ['ros']
[0.208s] Level 1:colcon.colcon_core.package_identification:_identify(src/arm_dynamics_hw) by extension 'ros'
[0.209s] DEBUG:colcon.colcon_core.package_identification:Package 'src/arm_dynamics_hw' with type 'ros.ament_cmake' and name 'arm_dynamics_hw'
[0.209s] Level 1:colcon.colcon_core.package_identification:_identify(src/gui_pkg) by extensions ['ignore', 'ignore_ament_install']
[0.209s] Level 1:colcon.colcon_core.package_identification:_identify(src/gui_pkg) by extension 'ignore'
[0.209s] Level 1:colcon.colcon_core.package_identification:_identify(src/gui_pkg) by extension 'ignore_ament_install'
[0.209s] Level 1:colcon.colcon_core.package_identification:_identify(src/gui_pkg) by extensions ['colcon_pkg']
[0.209s] Level 1:colcon.colcon_core.package_identification:_identify(src/gui_pkg) by extension 'colcon_pkg'
[0.209s] Level 1:colcon.colcon_core.package_identification:_identify(src/gui_pkg) by extensions ['colcon_meta']
[0.210s] Level 1:colcon.colcon_core.package_identification:_identify(src/gui_pkg) by extension 'colcon_meta'
[0.210s] Level 1:colcon.colcon_core.package_identification:_identify(src/gui_pkg) by extensions ['ros']
[0.210s] Level 1:colcon.colcon_core.package_identification:_identify(src/gui_pkg) by extension 'ros'
[0.210s] DEBUG:colcon.colcon_core.package_identification:Package 'src/gui_pkg' with type 'ros.ament_python' and name 'gui_pkg'
[0.210s] Level 1:colcon.colcon_core.package_identification:_identify(src/public) by extensions ['ignore', 'ignore_ament_install']
[0.210s] Level 1:colcon.colcon_core.package_identification:_identify(src/public) by extension 'ignore'
[0.210s] Level 1:colcon.colcon_core.package_identification:_identify(src/public) by extension 'ignore_ament_install'
[0.210s] Level 1:colcon.colcon_core.package_identification:_identify(src/public) by extensions ['colcon_pkg']
[0.210s] Level 1:colcon.colcon_core.package_identification:_identify(src/public) by extension 'colcon_pkg'
[0.210s] Level 1:colcon.colcon_core.package_identification:_identify(src/public) by extensions ['colcon_meta']
[0.210s] Level 1:colcon.colcon_core.package_identification:_identify(src/public) by extension 'colcon_meta'
[0.210s] Level 1:colcon.colcon_core.package_identification:_identify(src/public) by extensions ['ros']
[0.210s] Level 1:colcon.colcon_core.package_identification:_identify(src/public) by extension 'ros'
[0.210s] Level 1:colcon.colcon_core.package_identification:_identify(src/public) by extensions ['cmake', 'python']
[0.210s] Level 1:colcon.colcon_core.package_identification:_identify(src/public) by extension 'cmake'
[0.210s] Level 1:colcon.colcon_core.package_identification:_identify(src/public) by extension 'python'
[0.210s] Level 1:colcon.colcon_core.package_identification:_identify(src/public) by extensions ['python_setup_py']
[0.210s] Level 1:colcon.colcon_core.package_identification:_identify(src/public) by extension 'python_setup_py'
[0.211s] Level 1:colcon.colcon_core.package_identification:_identify(src/public/OptimalControlProblem) by extensions ['ignore', 'ignore_ament_install']
[0.211s] Level 1:colcon.colcon_core.package_identification:_identify(src/public/OptimalControlProblem) by extension 'ignore'
[0.211s] Level 1:colcon.colcon_core.package_identification:_identify(src/public/OptimalControlProblem) by extension 'ignore_ament_install'
[0.211s] Level 1:colcon.colcon_core.package_identification:_identify(src/public/OptimalControlProblem) by extensions ['colcon_pkg']
[0.211s] Level 1:colcon.colcon_core.package_identification:_identify(src/public/OptimalControlProblem) by extension 'colcon_pkg'
[0.211s] Level 1:colcon.colcon_core.package_identification:_identify(src/public/OptimalControlProblem) by extensions ['colcon_meta']
[0.211s] Level 1:colcon.colcon_core.package_identification:_identify(src/public/OptimalControlProblem) by extension 'colcon_meta'
[0.211s] Level 1:colcon.colcon_core.package_identification:_identify(src/public/OptimalControlProblem) by extensions ['ros']
[0.211s] Level 1:colcon.colcon_core.package_identification:_identify(src/public/OptimalControlProblem) by extension 'ros'
[0.211s] DEBUG:colcon.colcon_core.package_identification:Package 'src/public/OptimalControlProblem' with type 'ros.ament_cmake' and name 'optimal_control_problem'
[0.211s] Level 1:colcon.colcon_core.package_identification:_identify(src/public/lock_utils) by extensions ['ignore', 'ignore_ament_install']
[0.211s] Level 1:colcon.colcon_core.package_identification:_identify(src/public/lock_utils) by extension 'ignore'
[0.211s] Level 1:colcon.colcon_core.package_identification:_identify(src/public/lock_utils) by extension 'ignore_ament_install'
[0.211s] Level 1:colcon.colcon_core.package_identification:_identify(src/public/lock_utils) by extensions ['colcon_pkg']
[0.211s] Level 1:colcon.colcon_core.package_identification:_identify(src/public/lock_utils) by extension 'colcon_pkg'
[0.212s] Level 1:colcon.colcon_core.package_identification:_identify(src/public/lock_utils) by extensions ['colcon_meta']
[0.212s] Level 1:colcon.colcon_core.package_identification:_identify(src/public/lock_utils) by extension 'colcon_meta'
[0.212s] Level 1:colcon.colcon_core.package_identification:_identify(src/public/lock_utils) by extensions ['ros']
[0.212s] Level 1:colcon.colcon_core.package_identification:_identify(src/public/lock_utils) by extension 'ros'
[0.212s] DEBUG:colcon.colcon_core.package_identification:Package 'src/public/lock_utils' with type 'ros.ament_cmake' and name 'lock_utils'
[0.212s] Level 1:colcon.colcon_core.package_identification:_identify(src/public/mit_msgs) by extensions ['ignore', 'ignore_ament_install']
[0.212s] Level 1:colcon.colcon_core.package_identification:_identify(src/public/mit_msgs) by extension 'ignore'
[0.212s] Level 1:colcon.colcon_core.package_identification:_identify(src/public/mit_msgs) by extension 'ignore_ament_install'
[0.212s] Level 1:colcon.colcon_core.package_identification:_identify(src/public/mit_msgs) by extensions ['colcon_pkg']
[0.212s] Level 1:colcon.colcon_core.package_identification:_identify(src/public/mit_msgs) by extension 'colcon_pkg'
[0.212s] Level 1:colcon.colcon_core.package_identification:_identify(src/public/mit_msgs) by extensions ['colcon_meta']
[0.212s] Level 1:colcon.colcon_core.package_identification:_identify(src/public/mit_msgs) by extension 'colcon_meta'
[0.212s] Level 1:colcon.colcon_core.package_identification:_identify(src/public/mit_msgs) by extensions ['ros']
[0.212s] Level 1:colcon.colcon_core.package_identification:_identify(src/public/mit_msgs) by extension 'ros'
[0.213s] DEBUG:colcon.colcon_core.package_identification:Package 'src/public/mit_msgs' with type 'ros.ament_cmake' and name 'mit_msgs'
[0.213s] Level 1:colcon.colcon_core.package_discovery:discover_packages(recursive) using defaults
[0.213s] Level 1:colcon.colcon_core.package_discovery:discover_packages(ignore) discover
[0.213s] Level 1:colcon.colcon_core.package_discovery:discover_packages(ignore) using defaults
[0.213s] Level 1:colcon.colcon_core.package_discovery:discover_packages(path) discover
[0.213s] Level 1:colcon.colcon_core.package_discovery:discover_packages(path) using defaults
[0.239s] Level 1:colcon.colcon_core.package_discovery:discover_packages(prefix_path) check parameters
[0.240s] Level 1:colcon.colcon_core.package_discovery:discover_packages(prefix_path) discover
[0.241s] DEBUG:colcon.colcon_installed_package_information.package_discovery:Found 6 installed packages in /home/xsm/R1_ws/install
[0.242s] DEBUG:colcon.colcon_installed_package_information.package_discovery:Found 336 installed packages in /opt/ros/humble
[0.243s] Level 1:colcon.colcon_core.package_discovery:discover_packages(prefix_path) using defaults
[0.275s] Level 5:colcon.colcon_core.verb:set package 'gui_pkg' build argument 'cmake_args' from command line to '['-DCMAKE_EXPORT_COMPILE_COMMANDS=ON']'
[0.275s] Level 5:colcon.colcon_core.verb:set package 'gui_pkg' build argument 'cmake_target' from command line to 'None'
[0.275s] Level 5:colcon.colcon_core.verb:set package 'gui_pkg' build argument 'cmake_target_skip_unavailable' from command line to 'False'
[0.275s] Level 5:colcon.colcon_core.verb:set package 'gui_pkg' build argument 'cmake_clean_cache' from command line to 'False'
[0.275s] Level 5:colcon.colcon_core.verb:set package 'gui_pkg' build argument 'cmake_clean_first' from command line to 'False'
[0.275s] Level 5:colcon.colcon_core.verb:set package 'gui_pkg' build argument 'cmake_force_configure' from command line to 'False'
[0.275s] Level 5:colcon.colcon_core.verb:set package 'gui_pkg' build argument 'ament_cmake_args' from command line to 'None'
[0.275s] Level 5:colcon.colcon_core.verb:set package 'gui_pkg' build argument 'catkin_cmake_args' from command line to 'None'
[0.275s] Level 5:colcon.colcon_core.verb:set package 'gui_pkg' build argument 'catkin_skip_building_tests' from command line to 'False'
[0.275s] DEBUG:colcon.colcon_core.verb:Building package 'gui_pkg' with the following arguments: {'ament_cmake_args': None, 'build_base': '/home/xsm/R1_ws/build/gui_pkg', 'catkin_cmake_args': None, 'catkin_skip_building_tests': False, 'cmake_args': ['-DCMAKE_EXPORT_COMPILE_COMMANDS=ON'], 'cmake_clean_cache': False, 'cmake_clean_first': False, 'cmake_force_configure': False, 'cmake_target': None, 'cmake_target_skip_unavailable': False, 'install_base': '/home/xsm/R1_ws/install/gui_pkg', 'merge_install': False, 'path': '/home/xsm/R1_ws/src/gui_pkg', 'symlink_install': False, 'test_result_base': None}
[0.276s] Level 5:colcon.colcon_core.verb:set package 'lock_utils' build argument 'cmake_args' from command line to '['-DCMAKE_EXPORT_COMPILE_COMMANDS=ON']'
[0.276s] Level 5:colcon.colcon_core.verb:set package 'lock_utils' build argument 'cmake_target' from command line to 'None'
[0.276s] Level 5:colcon.colcon_core.verb:set package 'lock_utils' build argument 'cmake_target_skip_unavailable' from command line to 'False'
[0.276s] Level 5:colcon.colcon_core.verb:set package 'lock_utils' build argument 'cmake_clean_cache' from command line to 'False'
[0.276s] Level 5:colcon.colcon_core.verb:set package 'lock_utils' build argument 'cmake_clean_first' from command line to 'False'
[0.276s] Level 5:colcon.colcon_core.verb:set package 'lock_utils' build argument 'cmake_force_configure' from command line to 'False'
[0.276s] Level 5:colcon.colcon_core.verb:set package 'lock_utils' build argument 'ament_cmake_args' from command line to 'None'
[0.276s] Level 5:colcon.colcon_core.verb:set package 'lock_utils' build argument 'catkin_cmake_args' from command line to 'None'
[0.276s] Level 5:colcon.colcon_core.verb:set package 'lock_utils' build argument 'catkin_skip_building_tests' from command line to 'False'
[0.276s] DEBUG:colcon.colcon_core.verb:Building package 'lock_utils' with the following arguments: {'ament_cmake_args': None, 'build_base': '/home/xsm/R1_ws/build/lock_utils', 'catkin_cmake_args': None, 'catkin_skip_building_tests': False, 'cmake_args': ['-DCMAKE_EXPORT_COMPILE_COMMANDS=ON'], 'cmake_clean_cache': False, 'cmake_clean_first': False, 'cmake_force_configure': False, 'cmake_target': None, 'cmake_target_skip_unavailable': False, 'install_base': '/home/xsm/R1_ws/install/lock_utils', 'merge_install': False, 'path': '/home/xsm/R1_ws/src/public/lock_utils', 'symlink_install': False, 'test_result_base': None}
[0.276s] Level 5:colcon.colcon_core.verb:set package 'mit_msgs' build argument 'cmake_args' from command line to '['-DCMAKE_EXPORT_COMPILE_COMMANDS=ON']'
[0.276s] Level 5:colcon.colcon_core.verb:set package 'mit_msgs' build argument 'cmake_target' from command line to 'None'
[0.276s] Level 5:colcon.colcon_core.verb:set package 'mit_msgs' build argument 'cmake_target_skip_unavailable' from command line to 'False'
[0.276s] Level 5:colcon.colcon_core.verb:set package 'mit_msgs' build argument 'cmake_clean_cache' from command line to 'False'
[0.276s] Level 5:colcon.colcon_core.verb:set package 'mit_msgs' build argument 'cmake_clean_first' from command line to 'False'
[0.276s] Level 5:colcon.colcon_core.verb:set package 'mit_msgs' build argument 'cmake_force_configure' from command line to 'False'
[0.276s] Level 5:colcon.colcon_core.verb:set package 'mit_msgs' build argument 'ament_cmake_args' from command line to 'None'
[0.276s] Level 5:colcon.colcon_core.verb:set package 'mit_msgs' build argument 'catkin_cmake_args' from command line to 'None'
[0.276s] Level 5:colcon.colcon_core.verb:set package 'mit_msgs' build argument 'catkin_skip_building_tests' from command line to 'False'
[0.276s] DEBUG:colcon.colcon_core.verb:Building package 'mit_msgs' with the following arguments: {'ament_cmake_args': None, 'build_base': '/home/xsm/R1_ws/build/mit_msgs', 'catkin_cmake_args': None, 'catkin_skip_building_tests': False, 'cmake_args': ['-DCMAKE_EXPORT_COMPILE_COMMANDS=ON'], 'cmake_clean_cache': False, 'cmake_clean_first': False, 'cmake_force_configure': False, 'cmake_target': None, 'cmake_target_skip_unavailable': False, 'install_base': '/home/xsm/R1_ws/install/mit_msgs', 'merge_install': False, 'path': '/home/xsm/R1_ws/src/public/mit_msgs', 'symlink_install': False, 'test_result_base': None}
[0.276s] Level 5:colcon.colcon_core.verb:set package 'optimal_control_problem' build argument 'cmake_args' from command line to '['-DCMAKE_EXPORT_COMPILE_COMMANDS=ON']'
[0.276s] Level 5:colcon.colcon_core.verb:set package 'optimal_control_problem' build argument 'cmake_target' from command line to 'None'
[0.276s] Level 5:colcon.colcon_core.verb:set package 'optimal_control_problem' build argument 'cmake_target_skip_unavailable' from command line to 'False'
[0.276s] Level 5:colcon.colcon_core.verb:set package 'optimal_control_problem' build argument 'cmake_clean_cache' from command line to 'False'
[0.276s] Level 5:colcon.colcon_core.verb:set package 'optimal_control_problem' build argument 'cmake_clean_first' from command line to 'False'
[0.276s] Level 5:colcon.colcon_core.verb:set package 'optimal_control_problem' build argument 'cmake_force_configure' from command line to 'False'
[0.277s] Level 5:colcon.colcon_core.verb:set package 'optimal_control_problem' build argument 'ament_cmake_args' from command line to 'None'
[0.277s] Level 5:colcon.colcon_core.verb:set package 'optimal_control_problem' build argument 'catkin_cmake_args' from command line to 'None'
[0.277s] Level 5:colcon.colcon_core.verb:set package 'optimal_control_problem' build argument 'catkin_skip_building_tests' from command line to 'False'
[0.277s] DEBUG:colcon.colcon_core.verb:Building package 'optimal_control_problem' with the following arguments: {'ament_cmake_args': None, 'build_base': '/home/xsm/R1_ws/build/optimal_control_problem', 'catkin_cmake_args': None, 'catkin_skip_building_tests': False, 'cmake_args': ['-DCMAKE_EXPORT_COMPILE_COMMANDS=ON'], 'cmake_clean_cache': False, 'cmake_clean_first': False, 'cmake_force_configure': False, 'cmake_target': None, 'cmake_target_skip_unavailable': False, 'install_base': '/home/xsm/R1_ws/install/optimal_control_problem', 'merge_install': False, 'path': '/home/xsm/R1_ws/src/public/OptimalControlProblem', 'symlink_install': False, 'test_result_base': None}
[0.277s] Level 5:colcon.colcon_core.verb:set package 'armForwardkinematics' build argument 'cmake_args' from command line to '['-DCMAKE_EXPORT_COMPILE_COMMANDS=ON']'
[0.277s] Level 5:colcon.colcon_core.verb:set package 'armForwardkinematics' build argument 'cmake_target' from command line to 'None'
[0.277s] Level 5:colcon.colcon_core.verb:set package 'armForwardkinematics' build argument 'cmake_target_skip_unavailable' from command line to 'False'
[0.277s] Level 5:colcon.colcon_core.verb:set package 'armForwardkinematics' build argument 'cmake_clean_cache' from command line to 'False'
[0.277s] Level 5:colcon.colcon_core.verb:set package 'armForwardkinematics' build argument 'cmake_clean_first' from command line to 'False'
[0.277s] Level 5:colcon.colcon_core.verb:set package 'armForwardkinematics' build argument 'cmake_force_configure' from command line to 'False'
[0.277s] Level 5:colcon.colcon_core.verb:set package 'armForwardkinematics' build argument 'ament_cmake_args' from command line to 'None'
[0.277s] Level 5:colcon.colcon_core.verb:set package 'armForwardkinematics' build argument 'catkin_cmake_args' from command line to 'None'
[0.277s] Level 5:colcon.colcon_core.verb:set package 'armForwardkinematics' build argument 'catkin_skip_building_tests' from command line to 'False'
[0.277s] DEBUG:colcon.colcon_core.verb:Building package 'armForwardkinematics' with the following arguments: {'ament_cmake_args': None, 'build_base': '/home/xsm/R1_ws/build/armForwardkinematics', 'catkin_cmake_args': None, 'catkin_skip_building_tests': False, 'cmake_args': ['-DCMAKE_EXPORT_COMPILE_COMMANDS=ON'], 'cmake_clean_cache': False, 'cmake_clean_first': False, 'cmake_force_configure': False, 'cmake_target': None, 'cmake_target_skip_unavailable': False, 'install_base': '/home/xsm/R1_ws/install/armForwardkinematics', 'merge_install': False, 'path': '/home/xsm/R1_ws/src/armForwardkinematics', 'symlink_install': False, 'test_result_base': None}
[0.277s] Level 5:colcon.colcon_core.verb:set package 'arm_dynamics_hw' build argument 'cmake_args' from command line to '['-DCMAKE_EXPORT_COMPILE_COMMANDS=ON']'
[0.277s] Level 5:colcon.colcon_core.verb:set package 'arm_dynamics_hw' build argument 'cmake_target' from command line to 'None'
[0.277s] Level 5:colcon.colcon_core.verb:set package 'arm_dynamics_hw' build argument 'cmake_target_skip_unavailable' from command line to 'False'
[0.277s] Level 5:colcon.colcon_core.verb:set package 'arm_dynamics_hw' build argument 'cmake_clean_cache' from command line to 'False'
[0.277s] Level 5:colcon.colcon_core.verb:set package 'arm_dynamics_hw' build argument 'cmake_clean_first' from command line to 'False'
[0.277s] Level 5:colcon.colcon_core.verb:set package 'arm_dynamics_hw' build argument 'cmake_force_configure' from command line to 'False'
[0.277s] Level 5:colcon.colcon_core.verb:set package 'arm_dynamics_hw' build argument 'ament_cmake_args' from command line to 'None'
[0.277s] Level 5:colcon.colcon_core.verb:set package 'arm_dynamics_hw' build argument 'catkin_cmake_args' from command line to 'None'
[0.277s] Level 5:colcon.colcon_core.verb:set package 'arm_dynamics_hw' build argument 'catkin_skip_building_tests' from command line to 'False'
[0.277s] DEBUG:colcon.colcon_core.verb:Building package 'arm_dynamics_hw' with the following arguments: {'ament_cmake_args': None, 'build_base': '/home/xsm/R1_ws/build/arm_dynamics_hw', 'catkin_cmake_args': None, 'catkin_skip_building_tests': False, 'cmake_args': ['-DCMAKE_EXPORT_COMPILE_COMMANDS=ON'], 'cmake_clean_cache': False, 'cmake_clean_first': False, 'cmake_force_configure': False, 'cmake_target': None, 'cmake_target_skip_unavailable': False, 'install_base': '/home/xsm/R1_ws/install/arm_dynamics_hw', 'merge_install': False, 'path': '/home/xsm/R1_ws/src/arm_dynamics_hw', 'symlink_install': False, 'test_result_base': None}
[0.277s] INFO:colcon.colcon_core.executor:Executing jobs using 'parallel' executor
[0.278s] DEBUG:colcon.colcon_parallel_executor.executor.parallel:run_until_complete
[0.278s] INFO:colcon.colcon_ros.task.ament_cmake.build:Building ROS package in '/home/xsm/R1_ws/src/public/mit_msgs' with build type 'ament_cmake'
[0.279s] INFO:colcon.colcon_cmake.task.cmake.build:Building CMake package in '/home/xsm/R1_ws/src/public/mit_msgs'
[0.280s] INFO:colcon.colcon_core.plugin_system:Skipping extension 'colcon_core.shell.bat': Not used on non-Windows systems
[0.280s] INFO:colcon.colcon_core.shell:Skip shell extension 'powershell' for command environment: Not usable outside of PowerShell
[0.280s] DEBUG:colcon.colcon_core.shell:Skip shell extension 'dsv' for command environment
[0.283s] INFO:colcon.colcon_ros.task.ament_cmake.build:Building ROS package in '/home/xsm/R1_ws/src/public/lock_utils' with build type 'ament_cmake'
[0.283s] INFO:colcon.colcon_cmake.task.cmake.build:Building CMake package in '/home/xsm/R1_ws/src/public/lock_utils'
[0.284s] INFO:colcon.colcon_core.shell:Skip shell extension 'powershell' for command environment: Not usable outside of PowerShell
[0.284s] DEBUG:colcon.colcon_core.shell:Skip shell extension 'dsv' for command environment
[0.287s] INFO:colcon.colcon_ros.task.ament_python.build:Building ROS package in '/home/xsm/R1_ws/src/gui_pkg' with build type 'ament_python'
[0.288s] Level 1:colcon.colcon_core.shell:create_environment_hook('gui_pkg', 'ament_prefix_path')
[0.288s] INFO:colcon.colcon_core.shell:Creating environment hook '/home/xsm/R1_ws/install/gui_pkg/share/gui_pkg/hook/ament_prefix_path.ps1'
[0.288s] INFO:colcon.colcon_core.shell:Creating environment descriptor '/home/xsm/R1_ws/install/gui_pkg/share/gui_pkg/hook/ament_prefix_path.dsv'
[0.289s] INFO:colcon.colcon_core.shell:Creating environment hook '/home/xsm/R1_ws/install/gui_pkg/share/gui_pkg/hook/ament_prefix_path.sh'
[0.289s] INFO:colcon.colcon_core.shell:Skip shell extension 'powershell' for command environment: Not usable outside of PowerShell
[0.289s] DEBUG:colcon.colcon_core.shell:Skip shell extension 'dsv' for command environment
[0.292s] INFO:colcon.colcon_ros.task.ament_cmake.build:Building ROS package in '/home/xsm/R1_ws/src/public/OptimalControlProblem' with build type 'ament_cmake'
[0.292s] INFO:colcon.colcon_cmake.task.cmake.build:Building CMake package in '/home/xsm/R1_ws/src/public/OptimalControlProblem'
[0.292s] INFO:colcon.colcon_core.shell:Skip shell extension 'powershell' for command environment: Not usable outside of PowerShell
[0.292s] DEBUG:colcon.colcon_core.shell:Skip shell extension 'dsv' for command environment
[0.299s] DEBUG:colcon.colcon_core.event_handler.log_command:Invoking command in '/home/xsm/R1_ws/build/mit_msgs': CMAKE_PREFIX_PATH=${CMAKE_PREFIX_PATH}:/home/xsm/R1_ws/install/gui_pkg:/opt/ros/humble /usr/bin/cmake /home/xsm/R1_ws/src/public/mit_msgs -DCMAKE_EXPORT_COMPILE_COMMANDS=ON -DCMAKE_INSTALL_PREFIX=/home/xsm/R1_ws/install/mit_msgs
[0.301s] DEBUG:colcon.colcon_core.event_handler.log_command:Invoking command in '/home/xsm/R1_ws/build/lock_utils': CMAKE_PREFIX_PATH=${CMAKE_PREFIX_PATH}:/home/xsm/R1_ws/install/gui_pkg:/opt/ros/humble /usr/bin/cmake /home/xsm/R1_ws/src/public/lock_utils -DCMAKE_EXPORT_COMPILE_COMMANDS=ON -DCMAKE_INSTALL_PREFIX=/home/xsm/R1_ws/install/lock_utils
[0.501s] INFO:colcon.colcon_core.task.python.build:Building Python package in '/home/xsm/R1_ws/src/gui_pkg'
[0.501s] INFO:colcon.colcon_core.shell:Skip shell extension 'powershell' for command environment: Not usable outside of PowerShell
[0.501s] DEBUG:colcon.colcon_core.shell:Skip shell extension 'dsv' for command environment
[0.507s] DEBUG:colcon.colcon_core.event_handler.log_command:Invoking command in '/home/xsm/R1_ws/build/optimal_control_problem': CMAKE_PREFIX_PATH=${CMAKE_PREFIX_PATH}:/home/xsm/R1_ws/install/gui_pkg:/opt/ros/humble /usr/bin/cmake /home/xsm/R1_ws/src/public/OptimalControlProblem -DCMAKE_EXPORT_COMPILE_COMMANDS=ON -DCMAKE_INSTALL_PREFIX=/home/xsm/R1_ws/install/optimal_control_problem
[0.709s] DEBUG:colcon.colcon_core.event_handler.log_command:Invoked command in '/home/xsm/R1_ws/build/lock_utils' returned '0': CMAKE_PREFIX_PATH=${CMAKE_PREFIX_PATH}:/home/xsm/R1_ws/install/gui_pkg:/opt/ros/humble /usr/bin/cmake /home/xsm/R1_ws/src/public/lock_utils -DCMAKE_EXPORT_COMPILE_COMMANDS=ON -DCMAKE_INSTALL_PREFIX=/home/xsm/R1_ws/install/lock_utils
[0.711s] DEBUG:colcon.colcon_core.event_handler.log_command:Invoking command in '/home/xsm/R1_ws/build/lock_utils': CMAKE_PREFIX_PATH=${CMAKE_PREFIX_PATH}:/home/xsm/R1_ws/install/gui_pkg:/opt/ros/humble /usr/bin/cmake --build /home/xsm/R1_ws/build/lock_utils -- -j16 -l16
[0.713s] DEBUG:colcon.colcon_core.event_handler.log_command:Invoked command in '/home/xsm/R1_ws/build/optimal_control_problem' returned '0': CMAKE_PREFIX_PATH=${CMAKE_PREFIX_PATH}:/home/xsm/R1_ws/install/gui_pkg:/opt/ros/humble /usr/bin/cmake /home/xsm/R1_ws/src/public/OptimalControlProblem -DCMAKE_EXPORT_COMPILE_COMMANDS=ON -DCMAKE_INSTALL_PREFIX=/home/xsm/R1_ws/install/optimal_control_problem
[0.714s] DEBUG:colcon.colcon_core.event_handler.log_command:Invoking command in '/home/xsm/R1_ws/build/optimal_control_problem': CMAKE_PREFIX_PATH=${CMAKE_PREFIX_PATH}:/home/xsm/R1_ws/install/gui_pkg:/opt/ros/humble /usr/bin/cmake --build /home/xsm/R1_ws/build/optimal_control_problem -- -j16 -l16
[0.799s] DEBUG:colcon.colcon_core.event_handler.log_command:Invoking command in '/home/xsm/R1_ws/src/gui_pkg': PYTHONPATH=/home/xsm/R1_ws/build/gui_pkg/prefix_override:/usr/lib/python3/dist-packages/colcon_core/task/python/colcon_distutils_commands:/home/xsm/R1_ws/install/gui_pkg/lib/python3.10/site-packages:${PYTHONPATH} /usr/bin/python3 -W ignore:setup.py install is deprecated setup.py egg_info --egg-base ../../build/gui_pkg build --build-base /home/xsm/R1_ws/build/gui_pkg/build install --record /home/xsm/R1_ws/build/gui_pkg/install.log --single-version-externally-managed install_data
[0.800s] DEBUG:colcon.colcon_core.event_handler.log_command:Invoked command in '/home/xsm/R1_ws/build/lock_utils' returned '0': CMAKE_PREFIX_PATH=${CMAKE_PREFIX_PATH}:/home/xsm/R1_ws/install/gui_pkg:/opt/ros/humble /usr/bin/cmake --build /home/xsm/R1_ws/build/lock_utils -- -j16 -l16
[0.801s] DEBUG:colcon.colcon_core.event_handler.log_command:Invoked command in '/home/xsm/R1_ws/build/optimal_control_problem' returned '0': CMAKE_PREFIX_PATH=${CMAKE_PREFIX_PATH}:/home/xsm/R1_ws/install/gui_pkg:/opt/ros/humble /usr/bin/cmake --build /home/xsm/R1_ws/build/optimal_control_problem -- -j16 -l16
[0.880s] DEBUG:colcon.colcon_core.event_handler.log_command:Invoking command in '/home/xsm/R1_ws/build/optimal_control_problem': CMAKE_PREFIX_PATH=${CMAKE_PREFIX_PATH}:/home/xsm/R1_ws/install/gui_pkg:/opt/ros/humble /usr/bin/cmake --install /home/xsm/R1_ws/build/optimal_control_problem
[0.882s] DEBUG:colcon.colcon_core.event_handler.log_command:Invoking command in '/home/xsm/R1_ws/build/lock_utils': CMAKE_PREFIX_PATH=${CMAKE_PREFIX_PATH}:/home/xsm/R1_ws/install/gui_pkg:/opt/ros/humble /usr/bin/cmake --install /home/xsm/R1_ws/build/lock_utils
[0.907s] Level 1:colcon.colcon_core.environment:create_environment_scripts_only(lock_utils)
[0.908s] DEBUG:colcon.colcon_core.event_handler.log_command:Invoked command in '/home/xsm/R1_ws/build/lock_utils' returned '0': CMAKE_PREFIX_PATH=${CMAKE_PREFIX_PATH}:/home/xsm/R1_ws/install/gui_pkg:/opt/ros/humble /usr/bin/cmake --install /home/xsm/R1_ws/build/lock_utils
[0.909s] Level 1:colcon.colcon_core.environment:checking '/home/xsm/R1_ws/install/lock_utils' for CMake module files
[0.910s] Level 1:colcon.colcon_core.environment:checking '/home/xsm/R1_ws/install/lock_utils' for CMake config files
[0.910s] Level 1:colcon.colcon_core.shell:create_environment_hook('lock_utils', 'cmake_prefix_path')
[0.910s] INFO:colcon.colcon_core.shell:Creating environment hook '/home/xsm/R1_ws/install/lock_utils/share/lock_utils/hook/cmake_prefix_path.ps1'
[0.911s] INFO:colcon.colcon_core.shell:Creating environment descriptor '/home/xsm/R1_ws/install/lock_utils/share/lock_utils/hook/cmake_prefix_path.dsv'
[0.911s] INFO:colcon.colcon_core.shell:Creating environment hook '/home/xsm/R1_ws/install/lock_utils/share/lock_utils/hook/cmake_prefix_path.sh'
[0.911s] Level 1:colcon.colcon_core.environment:checking '/home/xsm/R1_ws/install/lock_utils/lib'
[0.911s] Level 1:colcon.colcon_core.shell:create_environment_hook('lock_utils', 'ld_library_path_lib')
[0.912s] INFO:colcon.colcon_core.shell:Creating environment hook '/home/xsm/R1_ws/install/lock_utils/share/lock_utils/hook/ld_library_path_lib.ps1'
[0.912s] INFO:colcon.colcon_core.shell:Creating environment descriptor '/home/xsm/R1_ws/install/lock_utils/share/lock_utils/hook/ld_library_path_lib.dsv'
[0.912s] INFO:colcon.colcon_core.shell:Creating environment hook '/home/xsm/R1_ws/install/lock_utils/share/lock_utils/hook/ld_library_path_lib.sh'
[0.912s] Level 1:colcon.colcon_core.environment:checking '/home/xsm/R1_ws/install/lock_utils/bin'
[0.912s] Level 1:colcon.colcon_core.environment:checking '/home/xsm/R1_ws/install/lock_utils/lib/pkgconfig/lock_utils.pc'
[0.913s] Level 1:colcon.colcon_core.environment:checking '/home/xsm/R1_ws/install/lock_utils/lib/python3.10/site-packages'
[0.913s] Level 1:colcon.colcon_core.environment:checking '/home/xsm/R1_ws/install/lock_utils/bin'
[0.913s] INFO:colcon.colcon_core.shell:Creating package script '/home/xsm/R1_ws/install/lock_utils/share/lock_utils/package.ps1'
[0.914s] INFO:colcon.colcon_core.shell:Creating package descriptor '/home/xsm/R1_ws/install/lock_utils/share/lock_utils/package.dsv'
[0.914s] INFO:colcon.colcon_core.shell:Creating package script '/home/xsm/R1_ws/install/lock_utils/share/lock_utils/package.sh'
[0.915s] INFO:colcon.colcon_core.shell:Creating package script '/home/xsm/R1_ws/install/lock_utils/share/lock_utils/package.bash'
[0.915s] INFO:colcon.colcon_core.shell:Creating package script '/home/xsm/R1_ws/install/lock_utils/share/lock_utils/package.zsh'
[0.916s] Level 1:colcon.colcon_core.environment:create_file_with_runtime_dependencies(/home/xsm/R1_ws/install/lock_utils/share/colcon-core/packages/lock_utils)
[0.917s] Level 1:colcon.colcon_core.environment:create_environment_scripts_only(optimal_control_problem)
[0.918s] Level 1:colcon.colcon_core.environment:checking '/home/xsm/R1_ws/install/optimal_control_problem' for CMake module files
[0.918s] DEBUG:colcon.colcon_core.event_handler.log_command:Invoked command in '/home/xsm/R1_ws/build/optimal_control_problem' returned '0': CMAKE_PREFIX_PATH=${CMAKE_PREFIX_PATH}:/home/xsm/R1_ws/install/gui_pkg:/opt/ros/humble /usr/bin/cmake --install /home/xsm/R1_ws/build/optimal_control_problem
[0.919s] Level 1:colcon.colcon_core.environment:checking '/home/xsm/R1_ws/install/optimal_control_problem' for CMake config files
[0.919s] Level 1:colcon.colcon_core.shell:create_environment_hook('optimal_control_problem', 'cmake_prefix_path')
[0.919s] INFO:colcon.colcon_core.shell:Creating environment hook '/home/xsm/R1_ws/install/optimal_control_problem/share/optimal_control_problem/hook/cmake_prefix_path.ps1'
[0.920s] INFO:colcon.colcon_core.shell:Creating environment descriptor '/home/xsm/R1_ws/install/optimal_control_problem/share/optimal_control_problem/hook/cmake_prefix_path.dsv'
[0.920s] INFO:colcon.colcon_core.shell:Creating environment hook '/home/xsm/R1_ws/install/optimal_control_problem/share/optimal_control_problem/hook/cmake_prefix_path.sh'
[0.921s] Level 1:colcon.colcon_core.environment:checking '/home/xsm/R1_ws/install/optimal_control_problem/lib'
[0.921s] Level 1:colcon.colcon_core.shell:create_environment_hook('optimal_control_problem', 'ld_library_path_lib')
[0.921s] INFO:colcon.colcon_core.shell:Creating environment hook '/home/xsm/R1_ws/install/optimal_control_problem/share/optimal_control_problem/hook/ld_library_path_lib.ps1'
[0.921s] INFO:colcon.colcon_core.shell:Creating environment descriptor '/home/xsm/R1_ws/install/optimal_control_problem/share/optimal_control_problem/hook/ld_library_path_lib.dsv'
[0.921s] INFO:colcon.colcon_core.shell:Creating environment hook '/home/xsm/R1_ws/install/optimal_control_problem/share/optimal_control_problem/hook/ld_library_path_lib.sh'
[0.922s] Level 1:colcon.colcon_core.environment:checking '/home/xsm/R1_ws/install/optimal_control_problem/bin'
[0.922s] Level 1:colcon.colcon_core.environment:checking '/home/xsm/R1_ws/install/optimal_control_problem/lib/pkgconfig/optimal_control_problem.pc'
[0.922s] Level 1:colcon.colcon_core.environment:checking '/home/xsm/R1_ws/install/optimal_control_problem/lib/python3.10/site-packages'
[0.922s] Level 1:colcon.colcon_core.environment:checking '/home/xsm/R1_ws/install/optimal_control_problem/bin'
[0.922s] INFO:colcon.colcon_core.shell:Creating package script '/home/xsm/R1_ws/install/optimal_control_problem/share/optimal_control_problem/package.ps1'
[0.922s] INFO:colcon.colcon_core.shell:Creating package descriptor '/home/xsm/R1_ws/install/optimal_control_problem/share/optimal_control_problem/package.dsv'
[0.923s] INFO:colcon.colcon_core.shell:Creating package script '/home/xsm/R1_ws/install/optimal_control_problem/share/optimal_control_problem/package.sh'
[0.923s] INFO:colcon.colcon_core.shell:Creating package script '/home/xsm/R1_ws/install/optimal_control_problem/share/optimal_control_problem/package.bash'
[0.923s] INFO:colcon.colcon_core.shell:Creating package script '/home/xsm/R1_ws/install/optimal_control_problem/share/optimal_control_problem/package.zsh'
[0.924s] Level 1:colcon.colcon_core.environment:create_file_with_runtime_dependencies(/home/xsm/R1_ws/install/optimal_control_problem/share/colcon-core/packages/optimal_control_problem)
[0.974s] Level 1:colcon.colcon_core.environment:create_environment_scripts_only(optimal_control_problem)
[0.974s] Level 1:colcon.colcon_core.environment:checking '/home/xsm/R1_ws/install/optimal_control_problem' for CMake module files
[0.974s] Level 1:colcon.colcon_core.environment:checking '/home/xsm/R1_ws/install/optimal_control_problem' for CMake config files
[0.975s] Level 1:colcon.colcon_core.shell:create_environment_hook('optimal_control_problem', 'cmake_prefix_path')
[0.975s] INFO:colcon.colcon_core.shell:Creating environment hook '/home/xsm/R1_ws/install/optimal_control_problem/share/optimal_control_problem/hook/cmake_prefix_path.ps1'
[0.975s] INFO:colcon.colcon_core.shell:Creating environment descriptor '/home/xsm/R1_ws/install/optimal_control_problem/share/optimal_control_problem/hook/cmake_prefix_path.dsv'
[0.975s] INFO:colcon.colcon_core.shell:Creating environment hook '/home/xsm/R1_ws/install/optimal_control_problem/share/optimal_control_problem/hook/cmake_prefix_path.sh'
[0.976s] Level 1:colcon.colcon_core.environment:checking '/home/xsm/R1_ws/install/optimal_control_problem/lib'
[0.976s] Level 1:colcon.colcon_core.shell:create_environment_hook('optimal_control_problem', 'ld_library_path_lib')
[0.976s] INFO:colcon.colcon_core.shell:Creating environment hook '/home/xsm/R1_ws/install/optimal_control_problem/share/optimal_control_problem/hook/ld_library_path_lib.ps1'
[0.976s] INFO:colcon.colcon_core.shell:Creating environment descriptor '/home/xsm/R1_ws/install/optimal_control_problem/share/optimal_control_problem/hook/ld_library_path_lib.dsv'
[0.977s] INFO:colcon.colcon_core.shell:Creating environment hook '/home/xsm/R1_ws/install/optimal_control_problem/share/optimal_control_problem/hook/ld_library_path_lib.sh'
[0.977s] Level 1:colcon.colcon_core.environment:checking '/home/xsm/R1_ws/install/optimal_control_problem/bin'
[0.977s] Level 1:colcon.colcon_core.environment:checking '/home/xsm/R1_ws/install/optimal_control_problem/lib/pkgconfig/optimal_control_problem.pc'
[0.977s] Level 1:colcon.colcon_core.environment:checking '/home/xsm/R1_ws/install/optimal_control_problem/lib/python3.10/site-packages'
[0.977s] Level 1:colcon.colcon_core.environment:checking '/home/xsm/R1_ws/install/optimal_control_problem/bin'
[0.977s] INFO:colcon.colcon_core.shell:Creating package script '/home/xsm/R1_ws/install/optimal_control_problem/share/optimal_control_problem/package.ps1'
[0.978s] INFO:colcon.colcon_core.shell:Creating package descriptor '/home/xsm/R1_ws/install/optimal_control_problem/share/optimal_control_problem/package.dsv'
[0.978s] INFO:colcon.colcon_core.shell:Creating package script '/home/xsm/R1_ws/install/optimal_control_problem/share/optimal_control_problem/package.sh'
[0.978s] INFO:colcon.colcon_core.shell:Creating package script '/home/xsm/R1_ws/install/optimal_control_problem/share/optimal_control_problem/package.bash'
[0.979s] INFO:colcon.colcon_core.shell:Creating package script '/home/xsm/R1_ws/install/optimal_control_problem/share/optimal_control_problem/package.zsh'
[0.979s] Level 1:colcon.colcon_core.environment:create_file_with_runtime_dependencies(/home/xsm/R1_ws/install/optimal_control_problem/share/colcon-core/packages/optimal_control_problem)
[0.980s] Level 1:colcon.colcon_core.environment:create_environment_scripts_only(lock_utils)
[0.980s] Level 1:colcon.colcon_core.environment:checking '/home/xsm/R1_ws/install/lock_utils' for CMake module files
[0.980s] Level 1:colcon.colcon_core.environment:checking '/home/xsm/R1_ws/install/lock_utils' for CMake config files
[0.981s] Level 1:colcon.colcon_core.shell:create_environment_hook('lock_utils', 'cmake_prefix_path')
[0.981s] INFO:colcon.colcon_core.shell:Creating environment hook '/home/xsm/R1_ws/install/lock_utils/share/lock_utils/hook/cmake_prefix_path.ps1'
[0.981s] INFO:colcon.colcon_core.shell:Creating environment descriptor '/home/xsm/R1_ws/install/lock_utils/share/lock_utils/hook/cmake_prefix_path.dsv'
[0.981s] INFO:colcon.colcon_core.shell:Creating environment hook '/home/xsm/R1_ws/install/lock_utils/share/lock_utils/hook/cmake_prefix_path.sh'
[0.982s] Level 1:colcon.colcon_core.environment:checking '/home/xsm/R1_ws/install/lock_utils/lib'
[0.982s] Level 1:colcon.colcon_core.shell:create_environment_hook('lock_utils', 'ld_library_path_lib')
[0.982s] INFO:colcon.colcon_core.shell:Creating environment hook '/home/xsm/R1_ws/install/lock_utils/share/lock_utils/hook/ld_library_path_lib.ps1'
[0.982s] INFO:colcon.colcon_core.shell:Creating environment descriptor '/home/xsm/R1_ws/install/lock_utils/share/lock_utils/hook/ld_library_path_lib.dsv'
[0.982s] INFO:colcon.colcon_core.shell:Creating environment hook '/home/xsm/R1_ws/install/lock_utils/share/lock_utils/hook/ld_library_path_lib.sh'
[0.983s] Level 1:colcon.colcon_core.environment:checking '/home/xsm/R1_ws/install/lock_utils/bin'
[0.983s] Level 1:colcon.colcon_core.environment:checking '/home/xsm/R1_ws/install/lock_utils/lib/pkgconfig/lock_utils.pc'
[0.983s] Level 1:colcon.colcon_core.environment:checking '/home/xsm/R1_ws/install/lock_utils/lib/python3.10/site-packages'
[0.983s] Level 1:colcon.colcon_core.environment:checking '/home/xsm/R1_ws/install/lock_utils/bin'
[0.983s] INFO:colcon.colcon_core.shell:Creating package script '/home/xsm/R1_ws/install/lock_utils/share/lock_utils/package.ps1'
[0.984s] INFO:colcon.colcon_core.shell:Creating package descriptor '/home/xsm/R1_ws/install/lock_utils/share/lock_utils/package.dsv'
[0.984s] INFO:colcon.colcon_core.shell:Creating package script '/home/xsm/R1_ws/install/lock_utils/share/lock_utils/package.sh'
[0.984s] INFO:colcon.colcon_core.shell:Creating package script '/home/xsm/R1_ws/install/lock_utils/share/lock_utils/package.bash'
[0.985s] INFO:colcon.colcon_core.shell:Creating package script '/home/xsm/R1_ws/install/lock_utils/share/lock_utils/package.zsh'
[0.985s] Level 1:colcon.colcon_core.environment:create_file_with_runtime_dependencies(/home/xsm/R1_ws/install/lock_utils/share/colcon-core/packages/lock_utils)
[1.051s] Level 1:colcon.colcon_core.environment:checking '/home/xsm/R1_ws/install/gui_pkg' for CMake module files
[1.051s] DEBUG:colcon.colcon_core.event_handler.log_command:Invoked command in '/home/xsm/R1_ws/src/gui_pkg' returned '0': PYTHONPATH=/home/xsm/R1_ws/build/gui_pkg/prefix_override:/usr/lib/python3/dist-packages/colcon_core/task/python/colcon_distutils_commands:/home/xsm/R1_ws/install/gui_pkg/lib/python3.10/site-packages:${PYTHONPATH} /usr/bin/python3 -W ignore:setup.py install is deprecated setup.py egg_info --egg-base ../../build/gui_pkg build --build-base /home/xsm/R1_ws/build/gui_pkg/build install --record /home/xsm/R1_ws/build/gui_pkg/install.log --single-version-externally-managed install_data
[1.052s] Level 1:colcon.colcon_core.environment:checking '/home/xsm/R1_ws/install/gui_pkg' for CMake config files
[1.052s] Level 1:colcon.colcon_core.environment:checking '/home/xsm/R1_ws/install/gui_pkg/lib'
[1.052s] Level 1:colcon.colcon_core.environment:checking '/home/xsm/R1_ws/install/gui_pkg/bin'
[1.052s] Level 1:colcon.colcon_core.environment:checking '/home/xsm/R1_ws/install/gui_pkg/lib/pkgconfig/gui_pkg.pc'
[1.052s] Level 1:colcon.colcon_core.environment:checking '/home/xsm/R1_ws/install/gui_pkg/lib/python3.10/site-packages'
[1.052s] Level 1:colcon.colcon_core.shell:create_environment_hook('gui_pkg', 'pythonpath')
[1.053s] INFO:colcon.colcon_core.shell:Creating environment hook '/home/xsm/R1_ws/install/gui_pkg/share/gui_pkg/hook/pythonpath.ps1'
[1.053s] INFO:colcon.colcon_core.shell:Creating environment descriptor '/home/xsm/R1_ws/install/gui_pkg/share/gui_pkg/hook/pythonpath.dsv'
[1.053s] INFO:colcon.colcon_core.shell:Creating environment hook '/home/xsm/R1_ws/install/gui_pkg/share/gui_pkg/hook/pythonpath.sh'
[1.054s] Level 1:colcon.colcon_core.environment:checking '/home/xsm/R1_ws/install/gui_pkg/bin'
[1.054s] Level 1:colcon.colcon_core.environment:create_environment_scripts_only(gui_pkg)
[1.054s] INFO:colcon.colcon_core.shell:Creating package script '/home/xsm/R1_ws/install/gui_pkg/share/gui_pkg/package.ps1'
[1.054s] INFO:colcon.colcon_core.shell:Creating package descriptor '/home/xsm/R1_ws/install/gui_pkg/share/gui_pkg/package.dsv'
[1.055s] INFO:colcon.colcon_core.shell:Creating package script '/home/xsm/R1_ws/install/gui_pkg/share/gui_pkg/package.sh'
[1.055s] INFO:colcon.colcon_core.shell:Creating package script '/home/xsm/R1_ws/install/gui_pkg/share/gui_pkg/package.bash'
[1.055s] INFO:colcon.colcon_core.shell:Creating package script '/home/xsm/R1_ws/install/gui_pkg/share/gui_pkg/package.zsh'
[1.056s] Level 1:colcon.colcon_core.environment:create_file_with_runtime_dependencies(/home/xsm/R1_ws/install/gui_pkg/share/colcon-core/packages/gui_pkg)
[1.527s] DEBUG:colcon.colcon_core.event_handler.log_command:Invoked command in '/home/xsm/R1_ws/build/mit_msgs' returned '0': CMAKE_PREFIX_PATH=${CMAKE_PREFIX_PATH}:/home/xsm/R1_ws/install/gui_pkg:/opt/ros/humble /usr/bin/cmake /home/xsm/R1_ws/src/public/mit_msgs -DCMAKE_EXPORT_COMPILE_COMMANDS=ON -DCMAKE_INSTALL_PREFIX=/home/xsm/R1_ws/install/mit_msgs
[1.529s] DEBUG:colcon.colcon_core.event_handler.log_command:Invoking command in '/home/xsm/R1_ws/build/mit_msgs': CMAKE_PREFIX_PATH=${CMAKE_PREFIX_PATH}:/home/xsm/R1_ws/install/gui_pkg:/opt/ros/humble /usr/bin/cmake --build /home/xsm/R1_ws/build/mit_msgs -- -j16 -l16
[1.847s] DEBUG:colcon.colcon_core.event_handler.log_command:Invoked command in '/home/xsm/R1_ws/build/mit_msgs' returned '0': CMAKE_PREFIX_PATH=${CMAKE_PREFIX_PATH}:/home/xsm/R1_ws/install/gui_pkg:/opt/ros/humble /usr/bin/cmake --build /home/xsm/R1_ws/build/mit_msgs -- -j16 -l16
[2.107s] DEBUG:colcon.colcon_core.event_handler.log_command:Invoking command in '/home/xsm/R1_ws/build/mit_msgs': CMAKE_PREFIX_PATH=${CMAKE_PREFIX_PATH}:/home/xsm/R1_ws/install/gui_pkg:/opt/ros/humble /usr/bin/cmake --install /home/xsm/R1_ws/build/mit_msgs
[2.175s] Level 1:colcon.colcon_core.environment:create_environment_scripts_only(mit_msgs)
[2.176s] Level 1:colcon.colcon_core.environment:checking '/home/xsm/R1_ws/install/mit_msgs' for CMake module files
[2.176s] DEBUG:colcon.colcon_core.event_handler.log_command:Invoked command in '/home/xsm/R1_ws/build/mit_msgs' returned '0': CMAKE_PREFIX_PATH=${CMAKE_PREFIX_PATH}:/home/xsm/R1_ws/install/gui_pkg:/opt/ros/humble /usr/bin/cmake --install /home/xsm/R1_ws/build/mit_msgs
[2.177s] Level 1:colcon.colcon_core.environment:checking '/home/xsm/R1_ws/install/mit_msgs' for CMake config files
[2.177s] Level 1:colcon.colcon_core.shell:create_environment_hook('mit_msgs', 'cmake_prefix_path')
[2.177s] INFO:colcon.colcon_core.shell:Creating environment hook '/home/xsm/R1_ws/install/mit_msgs/share/mit_msgs/hook/cmake_prefix_path.ps1'
[2.178s] INFO:colcon.colcon_core.shell:Creating environment descriptor '/home/xsm/R1_ws/install/mit_msgs/share/mit_msgs/hook/cmake_prefix_path.dsv'
[2.178s] INFO:colcon.colcon_core.shell:Creating environment hook '/home/xsm/R1_ws/install/mit_msgs/share/mit_msgs/hook/cmake_prefix_path.sh'
[2.178s] Level 1:colcon.colcon_core.environment:checking '/home/xsm/R1_ws/install/mit_msgs/lib'
[2.178s] Level 1:colcon.colcon_core.shell:create_environment_hook('mit_msgs', 'ld_library_path_lib')
[2.179s] INFO:colcon.colcon_core.shell:Creating environment hook '/home/xsm/R1_ws/install/mit_msgs/share/mit_msgs/hook/ld_library_path_lib.ps1'
[2.179s] INFO:colcon.colcon_core.shell:Creating environment descriptor '/home/xsm/R1_ws/install/mit_msgs/share/mit_msgs/hook/ld_library_path_lib.dsv'
[2.179s] INFO:colcon.colcon_core.shell:Creating environment hook '/home/xsm/R1_ws/install/mit_msgs/share/mit_msgs/hook/ld_library_path_lib.sh'
[2.179s] Level 1:colcon.colcon_core.environment:checking '/home/xsm/R1_ws/install/mit_msgs/bin'
[2.179s] Level 1:colcon.colcon_core.environment:checking '/home/xsm/R1_ws/install/mit_msgs/lib/pkgconfig/mit_msgs.pc'
[2.180s] Level 1:colcon.colcon_core.environment:checking '/home/xsm/R1_ws/install/mit_msgs/lib/python3.10/site-packages'
[2.180s] Level 1:colcon.colcon_core.environment:checking '/home/xsm/R1_ws/install/mit_msgs/bin'
[2.180s] INFO:colcon.colcon_core.shell:Creating package script '/home/xsm/R1_ws/install/mit_msgs/share/mit_msgs/package.ps1'
[2.180s] INFO:colcon.colcon_core.shell:Creating package descriptor '/home/xsm/R1_ws/install/mit_msgs/share/mit_msgs/package.dsv'
[2.181s] INFO:colcon.colcon_core.shell:Creating package script '/home/xsm/R1_ws/install/mit_msgs/share/mit_msgs/package.sh'
[2.181s] INFO:colcon.colcon_core.shell:Creating package script '/home/xsm/R1_ws/install/mit_msgs/share/mit_msgs/package.bash'
[2.181s] INFO:colcon.colcon_core.shell:Creating package script '/home/xsm/R1_ws/install/mit_msgs/share/mit_msgs/package.zsh'
[2.181s] Level 1:colcon.colcon_core.environment:create_file_with_runtime_dependencies(/home/xsm/R1_ws/install/mit_msgs/share/colcon-core/packages/mit_msgs)
[2.437s] Level 1:colcon.colcon_core.environment:create_environment_scripts_only(mit_msgs)
[2.437s] Level 1:colcon.colcon_core.environment:checking '/home/xsm/R1_ws/install/mit_msgs' for CMake module files
[2.437s] Level 1:colcon.colcon_core.environment:checking '/home/xsm/R1_ws/install/mit_msgs' for CMake config files
[2.438s] Level 1:colcon.colcon_core.shell:create_environment_hook('mit_msgs', 'cmake_prefix_path')
[2.438s] INFO:colcon.colcon_core.shell:Creating environment hook '/home/xsm/R1_ws/install/mit_msgs/share/mit_msgs/hook/cmake_prefix_path.ps1'
[2.439s] INFO:colcon.colcon_core.shell:Creating environment descriptor '/home/xsm/R1_ws/install/mit_msgs/share/mit_msgs/hook/cmake_prefix_path.dsv'
[2.439s] INFO:colcon.colcon_core.shell:Creating environment hook '/home/xsm/R1_ws/install/mit_msgs/share/mit_msgs/hook/cmake_prefix_path.sh'
[2.439s] Level 1:colcon.colcon_core.environment:checking '/home/xsm/R1_ws/install/mit_msgs/lib'
[2.439s] Level 1:colcon.colcon_core.shell:create_environment_hook('mit_msgs', 'ld_library_path_lib')
[2.439s] INFO:colcon.colcon_core.shell:Creating environment hook '/home/xsm/R1_ws/install/mit_msgs/share/mit_msgs/hook/ld_library_path_lib.ps1'
[2.440s] INFO:colcon.colcon_core.shell:Creating environment descriptor '/home/xsm/R1_ws/install/mit_msgs/share/mit_msgs/hook/ld_library_path_lib.dsv'
[2.440s] INFO:colcon.colcon_core.shell:Creating environment hook '/home/xsm/R1_ws/install/mit_msgs/share/mit_msgs/hook/ld_library_path_lib.sh'
[2.440s] Level 1:colcon.colcon_core.environment:checking '/home/xsm/R1_ws/install/mit_msgs/bin'
[2.440s] Level 1:colcon.colcon_core.environment:checking '/home/xsm/R1_ws/install/mit_msgs/lib/pkgconfig/mit_msgs.pc'
[2.440s] Level 1:colcon.colcon_core.environment:checking '/home/xsm/R1_ws/install/mit_msgs/lib/python3.10/site-packages'
[2.441s] Level 1:colcon.colcon_core.environment:checking '/home/xsm/R1_ws/install/mit_msgs/bin'
[2.441s] INFO:colcon.colcon_core.shell:Creating package script '/home/xsm/R1_ws/install/mit_msgs/share/mit_msgs/package.ps1'
[2.441s] INFO:colcon.colcon_core.shell:Creating package descriptor '/home/xsm/R1_ws/install/mit_msgs/share/mit_msgs/package.dsv'
[2.441s] INFO:colcon.colcon_core.shell:Creating package script '/home/xsm/R1_ws/install/mit_msgs/share/mit_msgs/package.sh'
[2.442s] INFO:colcon.colcon_core.shell:Creating package script '/home/xsm/R1_ws/install/mit_msgs/share/mit_msgs/package.bash'
[2.442s] INFO:colcon.colcon_core.shell:Creating package script '/home/xsm/R1_ws/install/mit_msgs/share/mit_msgs/package.zsh'
[2.442s] Level 1:colcon.colcon_core.environment:create_file_with_runtime_dependencies(/home/xsm/R1_ws/install/mit_msgs/share/colcon-core/packages/mit_msgs)
[2.443s] INFO:colcon.colcon_ros.task.ament_cmake.build:Building ROS package in '/home/xsm/R1_ws/src/armForwardkinematics' with build type 'ament_cmake'
[2.443s] INFO:colcon.colcon_cmake.task.cmake.build:Building CMake package in '/home/xsm/R1_ws/src/armForwardkinematics'
[2.443s] INFO:colcon.colcon_core.shell:Skip shell extension 'powershell' for command environment: Not usable outside of PowerShell
[2.443s] DEBUG:colcon.colcon_core.shell:Skip shell extension 'dsv' for command environment
[2.446s] INFO:colcon.colcon_ros.task.ament_cmake.build:Building ROS package in '/home/xsm/R1_ws/src/arm_dynamics_hw' with build type 'ament_cmake'
[2.446s] INFO:colcon.colcon_cmake.task.cmake.build:Building CMake package in '/home/xsm/R1_ws/src/arm_dynamics_hw'
[2.446s] INFO:colcon.colcon_core.shell:Skip shell extension 'powershell' for command environment: Not usable outside of PowerShell
[2.446s] DEBUG:colcon.colcon_core.shell:Skip shell extension 'dsv' for command environment
[2.457s] DEBUG:colcon.colcon_core.event_handler.log_command:Invoking command in '/home/xsm/R1_ws/build/armForwardkinematics': CMAKE_PREFIX_PATH=/home/xsm/R1_ws/install/mit_msgs:/home/xsm/R1_ws/install/optimal_control_problem:/home/xsm/R1_ws/install/arm_dynamics_hw:/home/xsm/R1_ws/install/armForwardkinematics:/home/xsm/R1_ws/install/lock_utils:/home/xsm/R1_ws/install/gui_pkg:/opt/ros/humble LD_LIBRARY_PATH=/home/xsm/R1_ws/install/mit_msgs/lib:/home/xsm/R1_ws/install/optimal_control_problem/lib:/home/xsm/R1_ws/install/lock_utils/lib:/usr/lib/x86_64-linux-gnu/gazebo-11/plugins:/opt/ros/humble/opt/rviz_ogre_vendor/lib:/opt/ros/humble/lib/x86_64-linux-gnu:/opt/ros/humble/lib:/usr/share/gazebo/../../lib/x86_64-linux-gnu/gazebo-11/plugins:/usr/lib/nvidia /usr/bin/cmake /home/xsm/R1_ws/src/armForwardkinematics -DCMAKE_EXPORT_COMPILE_COMMANDS=ON -DCMAKE_INSTALL_PREFIX=/home/xsm/R1_ws/install/armForwardkinematics
[2.464s] DEBUG:colcon.colcon_core.event_handler.log_command:Invoking command in '/home/xsm/R1_ws/build/arm_dynamics_hw': CMAKE_PREFIX_PATH=/home/xsm/R1_ws/install/mit_msgs:/home/xsm/R1_ws/install/lock_utils:/home/xsm/R1_ws/install/optimal_control_problem:/home/xsm/R1_ws/install/arm_dynamics_hw:/home/xsm/R1_ws/install/armForwardkinematics:/home/xsm/R1_ws/install/gui_pkg:/opt/ros/humble LD_LIBRARY_PATH=/home/xsm/R1_ws/install/mit_msgs/lib:/home/xsm/R1_ws/install/lock_utils/lib:/home/xsm/R1_ws/install/optimal_control_problem/lib:/usr/lib/x86_64-linux-gnu/gazebo-11/plugins:/opt/ros/humble/opt/rviz_ogre_vendor/lib:/opt/ros/humble/lib/x86_64-linux-gnu:/opt/ros/humble/lib:/usr/share/gazebo/../../lib/x86_64-linux-gnu/gazebo-11/plugins:/usr/lib/nvidia /usr/bin/cmake /home/xsm/R1_ws/src/arm_dynamics_hw -DCMAKE_EXPORT_COMPILE_COMMANDS=ON -DCMAKE_INSTALL_PREFIX=/home/xsm/R1_ws/install/arm_dynamics_hw
[3.679s] DEBUG:colcon.colcon_core.event_handler.log_command:Invoked command in '/home/xsm/R1_ws/build/arm_dynamics_hw' returned '0': CMAKE_PREFIX_PATH=/home/xsm/R1_ws/install/mit_msgs:/home/xsm/R1_ws/install/lock_utils:/home/xsm/R1_ws/install/optimal_control_problem:/home/xsm/R1_ws/install/arm_dynamics_hw:/home/xsm/R1_ws/install/armForwardkinematics:/home/xsm/R1_ws/install/gui_pkg:/opt/ros/humble LD_LIBRARY_PATH=/home/xsm/R1_ws/install/mit_msgs/lib:/home/xsm/R1_ws/install/lock_utils/lib:/home/xsm/R1_ws/install/optimal_control_problem/lib:/usr/lib/x86_64-linux-gnu/gazebo-11/plugins:/opt/ros/humble/opt/rviz_ogre_vendor/lib:/opt/ros/humble/lib/x86_64-linux-gnu:/opt/ros/humble/lib:/usr/share/gazebo/../../lib/x86_64-linux-gnu/gazebo-11/plugins:/usr/lib/nvidia /usr/bin/cmake /home/xsm/R1_ws/src/arm_dynamics_hw -DCMAKE_EXPORT_COMPILE_COMMANDS=ON -DCMAKE_INSTALL_PREFIX=/home/xsm/R1_ws/install/arm_dynamics_hw
[3.681s] DEBUG:colcon.colcon_core.event_handler.log_command:Invoking command in '/home/xsm/R1_ws/build/arm_dynamics_hw': CMAKE_PREFIX_PATH=/home/xsm/R1_ws/install/mit_msgs:/home/xsm/R1_ws/install/lock_utils:/home/xsm/R1_ws/install/optimal_control_problem:/home/xsm/R1_ws/install/arm_dynamics_hw:/home/xsm/R1_ws/install/armForwardkinematics:/home/xsm/R1_ws/install/gui_pkg:/opt/ros/humble LD_LIBRARY_PATH=/home/xsm/R1_ws/install/mit_msgs/lib:/home/xsm/R1_ws/install/lock_utils/lib:/home/xsm/R1_ws/install/optimal_control_problem/lib:/usr/lib/x86_64-linux-gnu/gazebo-11/plugins:/opt/ros/humble/opt/rviz_ogre_vendor/lib:/opt/ros/humble/lib/x86_64-linux-gnu:/opt/ros/humble/lib:/usr/share/gazebo/../../lib/x86_64-linux-gnu/gazebo-11/plugins:/usr/lib/nvidia /usr/bin/cmake --build /home/xsm/R1_ws/build/arm_dynamics_hw -- -j16 -l16
[3.775s] DEBUG:colcon.colcon_core.event_handler.log_command:Invoked command in '/home/xsm/R1_ws/build/arm_dynamics_hw' returned '0': CMAKE_PREFIX_PATH=/home/xsm/R1_ws/install/mit_msgs:/home/xsm/R1_ws/install/lock_utils:/home/xsm/R1_ws/install/optimal_control_problem:/home/xsm/R1_ws/install/arm_dynamics_hw:/home/xsm/R1_ws/install/armForwardkinematics:/home/xsm/R1_ws/install/gui_pkg:/opt/ros/humble LD_LIBRARY_PATH=/home/xsm/R1_ws/install/mit_msgs/lib:/home/xsm/R1_ws/install/lock_utils/lib:/home/xsm/R1_ws/install/optimal_control_problem/lib:/usr/lib/x86_64-linux-gnu/gazebo-11/plugins:/opt/ros/humble/opt/rviz_ogre_vendor/lib:/opt/ros/humble/lib/x86_64-linux-gnu:/opt/ros/humble/lib:/usr/share/gazebo/../../lib/x86_64-linux-gnu/gazebo-11/plugins:/usr/lib/nvidia /usr/bin/cmake --build /home/xsm/R1_ws/build/arm_dynamics_hw -- -j16 -l16
[3.847s] DEBUG:colcon.colcon_core.event_handler.log_command:Invoking command in '/home/xsm/R1_ws/build/arm_dynamics_hw': CMAKE_PREFIX_PATH=/home/xsm/R1_ws/install/mit_msgs:/home/xsm/R1_ws/install/lock_utils:/home/xsm/R1_ws/install/optimal_control_problem:/home/xsm/R1_ws/install/arm_dynamics_hw:/home/xsm/R1_ws/install/armForwardkinematics:/home/xsm/R1_ws/install/gui_pkg:/opt/ros/humble LD_LIBRARY_PATH=/home/xsm/R1_ws/install/mit_msgs/lib:/home/xsm/R1_ws/install/lock_utils/lib:/home/xsm/R1_ws/install/optimal_control_problem/lib:/usr/lib/x86_64-linux-gnu/gazebo-11/plugins:/opt/ros/humble/opt/rviz_ogre_vendor/lib:/opt/ros/humble/lib/x86_64-linux-gnu:/opt/ros/humble/lib:/usr/share/gazebo/../../lib/x86_64-linux-gnu/gazebo-11/plugins:/usr/lib/nvidia /usr/bin/cmake --install /home/xsm/R1_ws/build/arm_dynamics_hw
[3.876s] Level 1:colcon.colcon_core.environment:create_environment_scripts_only(arm_dynamics_hw)
[3.876s] Level 1:colcon.colcon_core.environment:checking '/home/xsm/R1_ws/install/arm_dynamics_hw' for CMake module files
[3.877s] DEBUG:colcon.colcon_core.event_handler.log_command:Invoked command in '/home/xsm/R1_ws/build/arm_dynamics_hw' returned '0': CMAKE_PREFIX_PATH=/home/xsm/R1_ws/install/mit_msgs:/home/xsm/R1_ws/install/lock_utils:/home/xsm/R1_ws/install/optimal_control_problem:/home/xsm/R1_ws/install/arm_dynamics_hw:/home/xsm/R1_ws/install/armForwardkinematics:/home/xsm/R1_ws/install/gui_pkg:/opt/ros/humble LD_LIBRARY_PATH=/home/xsm/R1_ws/install/mit_msgs/lib:/home/xsm/R1_ws/install/lock_utils/lib:/home/xsm/R1_ws/install/optimal_control_problem/lib:/usr/lib/x86_64-linux-gnu/gazebo-11/plugins:/opt/ros/humble/opt/rviz_ogre_vendor/lib:/opt/ros/humble/lib/x86_64-linux-gnu:/opt/ros/humble/lib:/usr/share/gazebo/../../lib/x86_64-linux-gnu/gazebo-11/plugins:/usr/lib/nvidia /usr/bin/cmake --install /home/xsm/R1_ws/build/arm_dynamics_hw
[3.877s] Level 1:colcon.colcon_core.environment:checking '/home/xsm/R1_ws/install/arm_dynamics_hw' for CMake config files
[3.878s] Level 1:colcon.colcon_core.shell:create_environment_hook('arm_dynamics_hw', 'cmake_prefix_path')
[3.878s] INFO:colcon.colcon_core.shell:Creating environment hook '/home/xsm/R1_ws/install/arm_dynamics_hw/share/arm_dynamics_hw/hook/cmake_prefix_path.ps1'
[3.878s] INFO:colcon.colcon_core.shell:Creating environment descriptor '/home/xsm/R1_ws/install/arm_dynamics_hw/share/arm_dynamics_hw/hook/cmake_prefix_path.dsv'
[3.879s] INFO:colcon.colcon_core.shell:Creating environment hook '/home/xsm/R1_ws/install/arm_dynamics_hw/share/arm_dynamics_hw/hook/cmake_prefix_path.sh'
[3.879s] Level 1:colcon.colcon_core.environment:checking '/home/xsm/R1_ws/install/arm_dynamics_hw/lib'
[3.879s] Level 1:colcon.colcon_core.environment:checking '/home/xsm/R1_ws/install/arm_dynamics_hw/bin'
[3.879s] Level 1:colcon.colcon_core.environment:checking '/home/xsm/R1_ws/install/arm_dynamics_hw/lib/pkgconfig/arm_dynamics_hw.pc'
[3.879s] Level 1:colcon.colcon_core.environment:checking '/home/xsm/R1_ws/install/arm_dynamics_hw/lib/python3.10/site-packages'
[3.880s] Level 1:colcon.colcon_core.environment:checking '/home/xsm/R1_ws/install/arm_dynamics_hw/bin'
[3.880s] INFO:colcon.colcon_core.shell:Creating package script '/home/xsm/R1_ws/install/arm_dynamics_hw/share/arm_dynamics_hw/package.ps1'
[3.880s] INFO:colcon.colcon_core.shell:Creating package descriptor '/home/xsm/R1_ws/install/arm_dynamics_hw/share/arm_dynamics_hw/package.dsv'
[3.880s] INFO:colcon.colcon_core.shell:Creating package script '/home/xsm/R1_ws/install/arm_dynamics_hw/share/arm_dynamics_hw/package.sh'
[3.881s] INFO:colcon.colcon_core.shell:Creating package script '/home/xsm/R1_ws/install/arm_dynamics_hw/share/arm_dynamics_hw/package.bash'
[3.881s] INFO:colcon.colcon_core.shell:Creating package script '/home/xsm/R1_ws/install/arm_dynamics_hw/share/arm_dynamics_hw/package.zsh'
[3.881s] Level 1:colcon.colcon_core.environment:create_file_with_runtime_dependencies(/home/xsm/R1_ws/install/arm_dynamics_hw/share/colcon-core/packages/arm_dynamics_hw)
[3.951s] Level 1:colcon.colcon_core.environment:create_environment_scripts_only(arm_dynamics_hw)
[3.951s] Level 1:colcon.colcon_core.environment:checking '/home/xsm/R1_ws/install/arm_dynamics_hw' for CMake module files
[3.952s] Level 1:colcon.colcon_core.environment:checking '/home/xsm/R1_ws/install/arm_dynamics_hw' for CMake config files
[3.953s] Level 1:colcon.colcon_core.shell:create_environment_hook('arm_dynamics_hw', 'cmake_prefix_path')
[3.953s] INFO:colcon.colcon_core.shell:Creating environment hook '/home/xsm/R1_ws/install/arm_dynamics_hw/share/arm_dynamics_hw/hook/cmake_prefix_path.ps1'
[3.953s] INFO:colcon.colcon_core.shell:Creating environment descriptor '/home/xsm/R1_ws/install/arm_dynamics_hw/share/arm_dynamics_hw/hook/cmake_prefix_path.dsv'
[3.954s] INFO:colcon.colcon_core.shell:Creating environment hook '/home/xsm/R1_ws/install/arm_dynamics_hw/share/arm_dynamics_hw/hook/cmake_prefix_path.sh'
[3.954s] Level 1:colcon.colcon_core.environment:checking '/home/xsm/R1_ws/install/arm_dynamics_hw/lib'
[3.954s] Level 1:colcon.colcon_core.environment:checking '/home/xsm/R1_ws/install/arm_dynamics_hw/bin'
[3.954s] Level 1:colcon.colcon_core.environment:checking '/home/xsm/R1_ws/install/arm_dynamics_hw/lib/pkgconfig/arm_dynamics_hw.pc'
[3.954s] Level 1:colcon.colcon_core.environment:checking '/home/xsm/R1_ws/install/arm_dynamics_hw/lib/python3.10/site-packages'
[3.954s] Level 1:colcon.colcon_core.environment:checking '/home/xsm/R1_ws/install/arm_dynamics_hw/bin'
[3.955s] INFO:colcon.colcon_core.shell:Creating package script '/home/xsm/R1_ws/install/arm_dynamics_hw/share/arm_dynamics_hw/package.ps1'
[3.955s] INFO:colcon.colcon_core.shell:Creating package descriptor '/home/xsm/R1_ws/install/arm_dynamics_hw/share/arm_dynamics_hw/package.dsv'
[3.955s] INFO:colcon.colcon_core.shell:Creating package script '/home/xsm/R1_ws/install/arm_dynamics_hw/share/arm_dynamics_hw/package.sh'
[3.956s] INFO:colcon.colcon_core.shell:Creating package script '/home/xsm/R1_ws/install/arm_dynamics_hw/share/arm_dynamics_hw/package.bash'
[3.956s] INFO:colcon.colcon_core.shell:Creating package script '/home/xsm/R1_ws/install/arm_dynamics_hw/share/arm_dynamics_hw/package.zsh'
[3.956s] Level 1:colcon.colcon_core.environment:create_file_with_runtime_dependencies(/home/xsm/R1_ws/install/arm_dynamics_hw/share/colcon-core/packages/arm_dynamics_hw)
[4.144s] DEBUG:colcon.colcon_core.event_handler.log_command:Invoked command in '/home/xsm/R1_ws/build/armForwardkinematics' returned '0': CMAKE_PREFIX_PATH=/home/xsm/R1_ws/install/mit_msgs:/home/xsm/R1_ws/install/optimal_control_problem:/home/xsm/R1_ws/install/arm_dynamics_hw:/home/xsm/R1_ws/install/armForwardkinematics:/home/xsm/R1_ws/install/lock_utils:/home/xsm/R1_ws/install/gui_pkg:/opt/ros/humble LD_LIBRARY_PATH=/home/xsm/R1_ws/install/mit_msgs/lib:/home/xsm/R1_ws/install/optimal_control_problem/lib:/home/xsm/R1_ws/install/lock_utils/lib:/usr/lib/x86_64-linux-gnu/gazebo-11/plugins:/opt/ros/humble/opt/rviz_ogre_vendor/lib:/opt/ros/humble/lib/x86_64-linux-gnu:/opt/ros/humble/lib:/usr/share/gazebo/../../lib/x86_64-linux-gnu/gazebo-11/plugins:/usr/lib/nvidia /usr/bin/cmake /home/xsm/R1_ws/src/armForwardkinematics -DCMAKE_EXPORT_COMPILE_COMMANDS=ON -DCMAKE_INSTALL_PREFIX=/home/xsm/R1_ws/install/armForwardkinematics
[4.146s] DEBUG:colcon.colcon_core.event_handler.log_command:Invoking command in '/home/xsm/R1_ws/build/armForwardkinematics': CMAKE_PREFIX_PATH=/home/xsm/R1_ws/install/mit_msgs:/home/xsm/R1_ws/install/optimal_control_problem:/home/xsm/R1_ws/install/arm_dynamics_hw:/home/xsm/R1_ws/install/armForwardkinematics:/home/xsm/R1_ws/install/lock_utils:/home/xsm/R1_ws/install/gui_pkg:/opt/ros/humble LD_LIBRARY_PATH=/home/xsm/R1_ws/install/mit_msgs/lib:/home/xsm/R1_ws/install/optimal_control_problem/lib:/home/xsm/R1_ws/install/lock_utils/lib:/usr/lib/x86_64-linux-gnu/gazebo-11/plugins:/opt/ros/humble/opt/rviz_ogre_vendor/lib:/opt/ros/humble/lib/x86_64-linux-gnu:/opt/ros/humble/lib:/usr/share/gazebo/../../lib/x86_64-linux-gnu/gazebo-11/plugins:/usr/lib/nvidia /usr/bin/cmake --build /home/xsm/R1_ws/build/armForwardkinematics -- -j16 -l16
[4.267s] DEBUG:colcon.colcon_core.event_handler.log_command:Invoked command in '/home/xsm/R1_ws/build/armForwardkinematics' returned '0': CMAKE_PREFIX_PATH=/home/xsm/R1_ws/install/mit_msgs:/home/xsm/R1_ws/install/optimal_control_problem:/home/xsm/R1_ws/install/arm_dynamics_hw:/home/xsm/R1_ws/install/armForwardkinematics:/home/xsm/R1_ws/install/lock_utils:/home/xsm/R1_ws/install/gui_pkg:/opt/ros/humble LD_LIBRARY_PATH=/home/xsm/R1_ws/install/mit_msgs/lib:/home/xsm/R1_ws/install/optimal_control_problem/lib:/home/xsm/R1_ws/install/lock_utils/lib:/usr/lib/x86_64-linux-gnu/gazebo-11/plugins:/opt/ros/humble/opt/rviz_ogre_vendor/lib:/opt/ros/humble/lib/x86_64-linux-gnu:/opt/ros/humble/lib:/usr/share/gazebo/../../lib/x86_64-linux-gnu/gazebo-11/plugins:/usr/lib/nvidia /usr/bin/cmake --build /home/xsm/R1_ws/build/armForwardkinematics -- -j16 -l16
[4.340s] DEBUG:colcon.colcon_core.event_handler.log_command:Invoking command in '/home/xsm/R1_ws/build/armForwardkinematics': CMAKE_PREFIX_PATH=/home/xsm/R1_ws/install/mit_msgs:/home/xsm/R1_ws/install/optimal_control_problem:/home/xsm/R1_ws/install/arm_dynamics_hw:/home/xsm/R1_ws/install/armForwardkinematics:/home/xsm/R1_ws/install/lock_utils:/home/xsm/R1_ws/install/gui_pkg:/opt/ros/humble LD_LIBRARY_PATH=/home/xsm/R1_ws/install/mit_msgs/lib:/home/xsm/R1_ws/install/optimal_control_problem/lib:/home/xsm/R1_ws/install/lock_utils/lib:/usr/lib/x86_64-linux-gnu/gazebo-11/plugins:/opt/ros/humble/opt/rviz_ogre_vendor/lib:/opt/ros/humble/lib/x86_64-linux-gnu:/opt/ros/humble/lib:/usr/share/gazebo/../../lib/x86_64-linux-gnu/gazebo-11/plugins:/usr/lib/nvidia /usr/bin/cmake --install /home/xsm/R1_ws/build/armForwardkinematics
[4.364s] Level 1:colcon.colcon_core.environment:create_environment_scripts_only(armForwardkinematics)
[4.364s] Level 1:colcon.colcon_core.environment:checking '/home/xsm/R1_ws/install/armForwardkinematics' for CMake module files
[4.365s] DEBUG:colcon.colcon_core.event_handler.log_command:Invoked command in '/home/xsm/R1_ws/build/armForwardkinematics' returned '0': CMAKE_PREFIX_PATH=/home/xsm/R1_ws/install/mit_msgs:/home/xsm/R1_ws/install/optimal_control_problem:/home/xsm/R1_ws/install/arm_dynamics_hw:/home/xsm/R1_ws/install/armForwardkinematics:/home/xsm/R1_ws/install/lock_utils:/home/xsm/R1_ws/install/gui_pkg:/opt/ros/humble LD_LIBRARY_PATH=/home/xsm/R1_ws/install/mit_msgs/lib:/home/xsm/R1_ws/install/optimal_control_problem/lib:/home/xsm/R1_ws/install/lock_utils/lib:/usr/lib/x86_64-linux-gnu/gazebo-11/plugins:/opt/ros/humble/opt/rviz_ogre_vendor/lib:/opt/ros/humble/lib/x86_64-linux-gnu:/opt/ros/humble/lib:/usr/share/gazebo/../../lib/x86_64-linux-gnu/gazebo-11/plugins:/usr/lib/nvidia /usr/bin/cmake --install /home/xsm/R1_ws/build/armForwardkinematics
[4.365s] Level 1:colcon.colcon_core.environment:checking '/home/xsm/R1_ws/install/armForwardkinematics' for CMake config files
[4.365s] Level 1:colcon.colcon_core.shell:create_environment_hook('armForwardkinematics', 'cmake_prefix_path')
[4.365s] INFO:colcon.colcon_core.shell:Creating environment hook '/home/xsm/R1_ws/install/armForwardkinematics/share/armForwardkinematics/hook/cmake_prefix_path.ps1'
[4.366s] INFO:colcon.colcon_core.shell:Creating environment descriptor '/home/xsm/R1_ws/install/armForwardkinematics/share/armForwardkinematics/hook/cmake_prefix_path.dsv'
[4.366s] INFO:colcon.colcon_core.shell:Creating environment hook '/home/xsm/R1_ws/install/armForwardkinematics/share/armForwardkinematics/hook/cmake_prefix_path.sh'
[4.367s] Level 1:colcon.colcon_core.environment:checking '/home/xsm/R1_ws/install/armForwardkinematics/lib'
[4.367s] Level 1:colcon.colcon_core.environment:checking '/home/xsm/R1_ws/install/armForwardkinematics/bin'
[4.367s] Level 1:colcon.colcon_core.environment:checking '/home/xsm/R1_ws/install/armForwardkinematics/lib/pkgconfig/armForwardkinematics.pc'
[4.367s] Level 1:colcon.colcon_core.environment:checking '/home/xsm/R1_ws/install/armForwardkinematics/lib/python3.10/site-packages'
[4.367s] Level 1:colcon.colcon_core.environment:checking '/home/xsm/R1_ws/install/armForwardkinematics/bin'
[4.367s] INFO:colcon.colcon_core.shell:Creating package script '/home/xsm/R1_ws/install/armForwardkinematics/share/armForwardkinematics/package.ps1'
[4.368s] INFO:colcon.colcon_core.shell:Creating package descriptor '/home/xsm/R1_ws/install/armForwardkinematics/share/armForwardkinematics/package.dsv'
[4.368s] INFO:colcon.colcon_core.shell:Creating package script '/home/xsm/R1_ws/install/armForwardkinematics/share/armForwardkinematics/package.sh'
[4.368s] INFO:colcon.colcon_core.shell:Creating package script '/home/xsm/R1_ws/install/armForwardkinematics/share/armForwardkinematics/package.bash'
[4.369s] INFO:colcon.colcon_core.shell:Creating package script '/home/xsm/R1_ws/install/armForwardkinematics/share/armForwardkinematics/package.zsh'
[4.369s] Level 1:colcon.colcon_core.environment:create_file_with_runtime_dependencies(/home/xsm/R1_ws/install/armForwardkinematics/share/colcon-core/packages/armForwardkinematics)
[4.442s] Level 1:colcon.colcon_core.environment:create_environment_scripts_only(armForwardkinematics)
[4.442s] Level 1:colcon.colcon_core.environment:checking '/home/xsm/R1_ws/install/armForwardkinematics' for CMake module files
[4.443s] Level 1:colcon.colcon_core.environment:checking '/home/xsm/R1_ws/install/armForwardkinematics' for CMake config files
[4.443s] Level 1:colcon.colcon_core.shell:create_environment_hook('armForwardkinematics', 'cmake_prefix_path')
[4.443s] INFO:colcon.colcon_core.shell:Creating environment hook '/home/xsm/R1_ws/install/armForwardkinematics/share/armForwardkinematics/hook/cmake_prefix_path.ps1'
[4.444s] INFO:colcon.colcon_core.shell:Creating environment descriptor '/home/xsm/R1_ws/install/armForwardkinematics/share/armForwardkinematics/hook/cmake_prefix_path.dsv'
[4.444s] INFO:colcon.colcon_core.shell:Creating environment hook '/home/xsm/R1_ws/install/armForwardkinematics/share/armForwardkinematics/hook/cmake_prefix_path.sh'
[4.444s] Level 1:colcon.colcon_core.environment:checking '/home/xsm/R1_ws/install/armForwardkinematics/lib'
[4.445s] Level 1:colcon.colcon_core.environment:checking '/home/xsm/R1_ws/install/armForwardkinematics/bin'
[4.445s] Level 1:colcon.colcon_core.environment:checking '/home/xsm/R1_ws/install/armForwardkinematics/lib/pkgconfig/armForwardkinematics.pc'
[4.445s] Level 1:colcon.colcon_core.environment:checking '/home/xsm/R1_ws/install/armForwardkinematics/lib/python3.10/site-packages'
[4.445s] Level 1:colcon.colcon_core.environment:checking '/home/xsm/R1_ws/install/armForwardkinematics/bin'
[4.445s] INFO:colcon.colcon_core.shell:Creating package script '/home/xsm/R1_ws/install/armForwardkinematics/share/armForwardkinematics/package.ps1'
[4.445s] INFO:colcon.colcon_core.shell:Creating package descriptor '/home/xsm/R1_ws/install/armForwardkinematics/share/armForwardkinematics/package.dsv'
[4.446s] INFO:colcon.colcon_core.shell:Creating package script '/home/xsm/R1_ws/install/armForwardkinematics/share/armForwardkinematics/package.sh'
[4.446s] INFO:colcon.colcon_core.shell:Creating package script '/home/xsm/R1_ws/install/armForwardkinematics/share/armForwardkinematics/package.bash'
[4.446s] INFO:colcon.colcon_core.shell:Creating package script '/home/xsm/R1_ws/install/armForwardkinematics/share/armForwardkinematics/package.zsh'
[4.447s] Level 1:colcon.colcon_core.environment:create_file_with_runtime_dependencies(/home/xsm/R1_ws/install/armForwardkinematics/share/colcon-core/packages/armForwardkinematics)
[4.447s] DEBUG:colcon.colcon_parallel_executor.executor.parallel:closing loop
[4.447s] DEBUG:colcon.colcon_parallel_executor.executor.parallel:loop closed
[4.447s] DEBUG:colcon.colcon_parallel_executor.executor.parallel:run_until_complete finished with '0'
[4.447s] DEBUG:colcon.colcon_core.event_reactor:joining thread
[4.452s] INFO:colcon.colcon_core.plugin_system:Skipping extension 'colcon_notification.desktop_notification.terminal_notifier': Not used on non-Darwin systems
[4.452s] INFO:colcon.colcon_core.plugin_system:Skipping extension 'colcon_notification.desktop_notification.win32': Not used on non-Windows systems
[4.452s] INFO:colcon.colcon_notification.desktop_notification:Sending desktop notification using 'notify2'
[4.461s] DEBUG:colcon.colcon_core.event_reactor:joined thread
[4.462s] INFO:colcon.colcon_core.shell:Creating prefix script '/home/xsm/R1_ws/install/local_setup.ps1'
[4.463s] INFO:colcon.colcon_core.shell:Creating prefix util module '/home/xsm/R1_ws/install/_local_setup_util_ps1.py'
[4.464s] INFO:colcon.colcon_core.shell:Creating prefix chain script '/home/xsm/R1_ws/install/setup.ps1'
[4.465s] INFO:colcon.colcon_core.shell:Creating prefix script '/home/xsm/R1_ws/install/local_setup.sh'
[4.466s] INFO:colcon.colcon_core.shell:Creating prefix util module '/home/xsm/R1_ws/install/_local_setup_util_sh.py'
[4.466s] INFO:colcon.colcon_core.shell:Creating prefix chain script '/home/xsm/R1_ws/install/setup.sh'
[4.467s] INFO:colcon.colcon_core.shell:Creating prefix script '/home/xsm/R1_ws/install/local_setup.bash'
[4.467s] INFO:colcon.colcon_core.shell:Creating prefix chain script '/home/xsm/R1_ws/install/setup.bash'
[4.468s] INFO:colcon.colcon_core.shell:Creating prefix script '/home/xsm/R1_ws/install/local_setup.zsh'
[4.469s] INFO:colcon.colcon_core.shell:Creating prefix chain script '/home/xsm/R1_ws/install/setup.zsh'
