[0.228s] Invoking command in '/home/xsm/R1_ws/build/xsm_msg': CMAKE_PREFIX_PATH=${CMAKE_PREFIX_PATH}:/home/xsm/R1_ws/install/gui_pkg:/opt/ros/humble /usr/bin/cmake /home/xsm/R1_ws/src/xsm_msg -DCMAKE_EXPORT_COMPILE_COMMANDS=ON -DCMAKE_INSTALL_PREFIX=/home/xsm/R1_ws/install/xsm_msg
[0.240s] -- Found ament_cmake: 1.3.10 (/opt/ros/humble/share/ament_cmake/cmake)
[0.366s] -- Found rosidl_default_generators: 1.2.0 (/opt/ros/humble/share/rosidl_default_generators/cmake)
[0.368s] -- Using all available rosidl_typesupport_c: rosidl_typesupport_fastrtps_c;rosidl_typesupport_introspection_c
[0.370s] -- Found rosidl_adapter: 3.1.5 (/opt/ros/humble/share/rosidl_adapter/cmake)
[0.396s] -- Using all available rosidl_typesupport_cpp: rosidl_typesupport_fastrtps_cpp;rosidl_typesupport_introspection_cpp
[0.416s] -- Found std_msgs: 4.2.4 (/opt/ros/humble/share/std_msgs/cmake)
[0.703s] -- Found ament_cmake_ros: 0.10.0 (/opt/ros/humble/share/ament_cmake_ros/cmake)
[0.908s] -- Using all available rosidl_typesupport_c: rosidl_typesupport_fastrtps_c;rosidl_typesupport_introspection_c
[1.159s] -- Using all available rosidl_typesupport_cpp: rosidl_typesupport_fastrtps_cpp;rosidl_typesupport_introspection_cpp
[1.185s] -- Found python_cmake_module: 0.10.0 (/opt/ros/humble/share/python_cmake_module/cmake)
[1.213s] -- Using PYTHON_EXECUTABLE: /usr/bin/python3
[1.213s] -- Using PYTHON_INCLUDE_DIRS: /usr/include/python3.10
[1.213s] -- Using PYTHON_LIBRARIES: /usr/lib/x86_64-linux-gnu/libpython3.10.so
[1.232s] -- Found ament_lint_auto: 0.12.11 (/opt/ros/humble/share/ament_lint_auto/cmake)
[1.239s] -- Added test 'lint_cmake' to check CMake code style
[1.240s] -- Added test 'xmllint' to check XML markup files
[1.241s] -- Configuring done
[1.264s] -- Generating done
[1.266s] -- Build files have been written to: /home/xsm/R1_ws/build/xsm_msg
[1.274s] Invoked command in '/home/xsm/R1_ws/build/xsm_msg' returned '0': CMAKE_PREFIX_PATH=${CMAKE_PREFIX_PATH}:/home/xsm/R1_ws/install/gui_pkg:/opt/ros/humble /usr/bin/cmake /home/xsm/R1_ws/src/xsm_msg -DCMAKE_EXPORT_COMPILE_COMMANDS=ON -DCMAKE_INSTALL_PREFIX=/home/xsm/R1_ws/install/xsm_msg
[1.275s] Invoking command in '/home/xsm/R1_ws/build/xsm_msg': CMAKE_PREFIX_PATH=${CMAKE_PREFIX_PATH}:/home/xsm/R1_ws/install/gui_pkg:/opt/ros/humble /usr/bin/cmake --build /home/xsm/R1_ws/build/xsm_msg -- -j16 -l16
[1.329s] [35m[1mConsolidate compiler generated dependencies of target xsm_msg__rosidl_generator_c[0m
[1.343s] [  6%] Built target xsm_msg__cpp
[1.343s] [ 12%] Built target xsm_msg__rosidl_generator_c
[1.353s] [ 12%] Built target ament_cmake_python_copy_xsm_msg
[1.357s] [35m[1mConsolidate compiler generated dependencies of target xsm_msg__rosidl_typesupport_cpp[0m
[1.357s] [35m[1mConsolidate compiler generated dependencies of target xsm_msg__rosidl_typesupport_introspection_cpp[0m
[1.357s] [35m[1mConsolidate compiler generated dependencies of target xsm_msg__rosidl_typesupport_fastrtps_cpp[0m
[1.369s] [35m[1mConsolidate compiler generated dependencies of target xsm_msg__rosidl_typesupport_introspection_c[0m
[1.369s] [35m[1mConsolidate compiler generated dependencies of target xsm_msg__rosidl_typesupport_c[0m
[1.371s] [35m[1mConsolidate compiler generated dependencies of target xsm_msg__rosidl_typesupport_fastrtps_c[0m
[1.376s] [ 32%] Built target xsm_msg__rosidl_typesupport_fastrtps_cpp
[1.376s] [ 32%] Built target xsm_msg__rosidl_typesupport_cpp
[1.376s] [ 41%] Built target xsm_msg__rosidl_typesupport_introspection_cpp
[1.386s] [ 51%] Built target xsm_msg__rosidl_typesupport_c
[1.386s] [ 61%] Built target xsm_msg__rosidl_typesupport_introspection_c
[1.392s] [ 70%] Built target xsm_msg__rosidl_typesupport_fastrtps_c
[1.430s] [ 70%] Built target xsm_msg
[1.463s] [ 74%] Built target xsm_msg__py
[1.479s] [35m[1mConsolidate compiler generated dependencies of target xsm_msg__rosidl_generator_py[0m
[1.501s] [ 80%] Built target xsm_msg__rosidl_generator_py
[1.518s] [35m[1mConsolidate compiler generated dependencies of target xsm_msg__rosidl_typesupport_c__pyext[0m
[1.518s] [35m[1mConsolidate compiler generated dependencies of target xsm_msg__rosidl_typesupport_fastrtps_c__pyext[0m
[1.518s] [35m[1mConsolidate compiler generated dependencies of target xsm_msg__rosidl_typesupport_introspection_c__pyext[0m
[1.537s] [ 87%] Built target xsm_msg__rosidl_typesupport_introspection_c__pyext
[1.537s] [ 93%] Built target xsm_msg__rosidl_typesupport_fastrtps_c__pyext
[1.538s] [100%] Built target xsm_msg__rosidl_typesupport_c__pyext
[1.581s] running egg_info
[1.582s] writing xsm_msg.egg-info/PKG-INFO
[1.582s] writing dependency_links to xsm_msg.egg-info/dependency_links.txt
[1.582s] writing top-level names to xsm_msg.egg-info/top_level.txt
[1.584s] reading manifest file 'xsm_msg.egg-info/SOURCES.txt'
[1.585s] writing manifest file 'xsm_msg.egg-info/SOURCES.txt'
[1.622s] [100%] Built target ament_cmake_python_build_xsm_msg_egg
[1.638s] Invoked command in '/home/xsm/R1_ws/build/xsm_msg' returned '0': CMAKE_PREFIX_PATH=${CMAKE_PREFIX_PATH}:/home/xsm/R1_ws/install/gui_pkg:/opt/ros/humble /usr/bin/cmake --build /home/xsm/R1_ws/build/xsm_msg -- -j16 -l16
[1.806s] Invoking command in '/home/xsm/R1_ws/build/xsm_msg': CMAKE_PREFIX_PATH=${CMAKE_PREFIX_PATH}:/home/xsm/R1_ws/install/gui_pkg:/opt/ros/humble /usr/bin/cmake --install /home/xsm/R1_ws/build/xsm_msg
[1.816s] -- Install configuration: ""
[1.816s] -- Up-to-date: /home/xsm/R1_ws/install/xsm_msg/share/ament_index/resource_index/rosidl_interfaces/xsm_msg
[1.816s] -- Up-to-date: /home/xsm/R1_ws/install/xsm_msg/include/xsm_msg/xsm_msg
[1.816s] -- Up-to-date: /home/xsm/R1_ws/install/xsm_msg/include/xsm_msg/xsm_msg/msg
[1.816s] -- Up-to-date: /home/xsm/R1_ws/install/xsm_msg/include/xsm_msg/xsm_msg/msg/rosidl_generator_c__visibility_control.h
[1.816s] -- Up-to-date: /home/xsm/R1_ws/install/xsm_msg/include/xsm_msg/xsm_msg/msg/hwrev.h
[1.816s] -- Up-to-date: /home/xsm/R1_ws/install/xsm_msg/include/xsm_msg/xsm_msg/msg/detail
[1.816s] -- Up-to-date: /home/xsm/R1_ws/install/xsm_msg/include/xsm_msg/xsm_msg/msg/detail/hwrev__functions.h
[1.817s] -- Up-to-date: /home/xsm/R1_ws/install/xsm_msg/include/xsm_msg/xsm_msg/msg/detail/hwrev__type_support.h
[1.817s] -- Up-to-date: /home/xsm/R1_ws/install/xsm_msg/include/xsm_msg/xsm_msg/msg/detail/hwrev__struct.h
[1.817s] -- Up-to-date: /home/xsm/R1_ws/install/xsm_msg/include/xsm_msg/xsm_msg/msg/detail/hwrev__functions.c
[1.817s] -- Up-to-date: /home/xsm/R1_ws/install/xsm_msg/share/xsm_msg/environment/library_path.sh
[1.817s] -- Installing: /home/xsm/R1_ws/install/xsm_msg/share/xsm_msg/environment/library_path.dsv
[1.817s] -- Up-to-date: /home/xsm/R1_ws/install/xsm_msg/lib/libxsm_msg__rosidl_generator_c.so
[1.817s] -- Up-to-date: /home/xsm/R1_ws/install/xsm_msg/include/xsm_msg/xsm_msg
[1.817s] -- Up-to-date: /home/xsm/R1_ws/install/xsm_msg/include/xsm_msg/xsm_msg/msg
[1.817s] -- Up-to-date: /home/xsm/R1_ws/install/xsm_msg/include/xsm_msg/xsm_msg/msg/rosidl_typesupport_fastrtps_c__visibility_control.h
[1.817s] -- Up-to-date: /home/xsm/R1_ws/install/xsm_msg/include/xsm_msg/xsm_msg/msg/detail
[1.817s] -- Up-to-date: /home/xsm/R1_ws/install/xsm_msg/include/xsm_msg/xsm_msg/msg/detail/hwrev__rosidl_typesupport_fastrtps_c.h
[1.817s] -- Up-to-date: /home/xsm/R1_ws/install/xsm_msg/lib/libxsm_msg__rosidl_typesupport_fastrtps_c.so
[1.817s] -- Up-to-date: /home/xsm/R1_ws/install/xsm_msg/include/xsm_msg/xsm_msg
[1.817s] -- Up-to-date: /home/xsm/R1_ws/install/xsm_msg/include/xsm_msg/xsm_msg/msg
[1.817s] -- Up-to-date: /home/xsm/R1_ws/install/xsm_msg/include/xsm_msg/xsm_msg/msg/rosidl_typesupport_introspection_c__visibility_control.h
[1.817s] -- Up-to-date: /home/xsm/R1_ws/install/xsm_msg/include/xsm_msg/xsm_msg/msg/detail
[1.817s] -- Up-to-date: /home/xsm/R1_ws/install/xsm_msg/include/xsm_msg/xsm_msg/msg/detail/hwrev__type_support.c
[1.817s] -- Up-to-date: /home/xsm/R1_ws/install/xsm_msg/include/xsm_msg/xsm_msg/msg/detail/hwrev__rosidl_typesupport_introspection_c.h
[1.818s] -- Up-to-date: /home/xsm/R1_ws/install/xsm_msg/lib/libxsm_msg__rosidl_typesupport_introspection_c.so
[1.818s] -- Up-to-date: /home/xsm/R1_ws/install/xsm_msg/lib/libxsm_msg__rosidl_typesupport_c.so
[1.818s] -- Up-to-date: /home/xsm/R1_ws/install/xsm_msg/include/xsm_msg/xsm_msg
[1.818s] -- Up-to-date: /home/xsm/R1_ws/install/xsm_msg/include/xsm_msg/xsm_msg/msg
[1.818s] -- Up-to-date: /home/xsm/R1_ws/install/xsm_msg/include/xsm_msg/xsm_msg/msg/detail
[1.818s] -- Up-to-date: /home/xsm/R1_ws/install/xsm_msg/include/xsm_msg/xsm_msg/msg/detail/hwrev__builder.hpp
[1.818s] -- Up-to-date: /home/xsm/R1_ws/install/xsm_msg/include/xsm_msg/xsm_msg/msg/detail/hwrev__traits.hpp
[1.818s] -- Up-to-date: /home/xsm/R1_ws/install/xsm_msg/include/xsm_msg/xsm_msg/msg/detail/hwrev__struct.hpp
[1.818s] -- Up-to-date: /home/xsm/R1_ws/install/xsm_msg/include/xsm_msg/xsm_msg/msg/hwrev.hpp
[1.818s] -- Up-to-date: /home/xsm/R1_ws/install/xsm_msg/include/xsm_msg/xsm_msg
[1.818s] -- Up-to-date: /home/xsm/R1_ws/install/xsm_msg/include/xsm_msg/xsm_msg/msg
[1.818s] -- Up-to-date: /home/xsm/R1_ws/install/xsm_msg/include/xsm_msg/xsm_msg/msg/rosidl_typesupport_fastrtps_cpp__visibility_control.h
[1.818s] -- Up-to-date: /home/xsm/R1_ws/install/xsm_msg/include/xsm_msg/xsm_msg/msg/detail
[1.818s] -- Up-to-date: /home/xsm/R1_ws/install/xsm_msg/include/xsm_msg/xsm_msg/msg/detail/dds_fastrtps
[1.818s] -- Up-to-date: /home/xsm/R1_ws/install/xsm_msg/include/xsm_msg/xsm_msg/msg/detail/hwrev__rosidl_typesupport_fastrtps_cpp.hpp
[1.818s] -- Up-to-date: /home/xsm/R1_ws/install/xsm_msg/lib/libxsm_msg__rosidl_typesupport_fastrtps_cpp.so
[1.818s] -- Up-to-date: /home/xsm/R1_ws/install/xsm_msg/include/xsm_msg/xsm_msg
[1.818s] -- Up-to-date: /home/xsm/R1_ws/install/xsm_msg/include/xsm_msg/xsm_msg/msg
[1.818s] -- Up-to-date: /home/xsm/R1_ws/install/xsm_msg/include/xsm_msg/xsm_msg/msg/detail
[1.818s] -- Up-to-date: /home/xsm/R1_ws/install/xsm_msg/include/xsm_msg/xsm_msg/msg/detail/hwrev__type_support.cpp
[1.819s] -- Up-to-date: /home/xsm/R1_ws/install/xsm_msg/include/xsm_msg/xsm_msg/msg/detail/hwrev__rosidl_typesupport_introspection_cpp.hpp
[1.819s] -- Up-to-date: /home/xsm/R1_ws/install/xsm_msg/lib/libxsm_msg__rosidl_typesupport_introspection_cpp.so
[1.819s] -- Up-to-date: /home/xsm/R1_ws/install/xsm_msg/lib/libxsm_msg__rosidl_typesupport_cpp.so
[1.819s] -- Up-to-date: /home/xsm/R1_ws/install/xsm_msg/share/xsm_msg/environment/pythonpath.sh
[1.819s] -- Installing: /home/xsm/R1_ws/install/xsm_msg/share/xsm_msg/environment/pythonpath.dsv
[1.819s] -- Up-to-date: /home/xsm/R1_ws/install/xsm_msg/local/lib/python3.10/dist-packages/xsm_msg-0.0.0-py3.10.egg-info
[1.819s] -- Installing: /home/xsm/R1_ws/install/xsm_msg/local/lib/python3.10/dist-packages/xsm_msg-0.0.0-py3.10.egg-info/PKG-INFO
[1.819s] -- Installing: /home/xsm/R1_ws/install/xsm_msg/local/lib/python3.10/dist-packages/xsm_msg-0.0.0-py3.10.egg-info/SOURCES.txt
[1.819s] -- Installing: /home/xsm/R1_ws/install/xsm_msg/local/lib/python3.10/dist-packages/xsm_msg-0.0.0-py3.10.egg-info/dependency_links.txt
[1.819s] -- Installing: /home/xsm/R1_ws/install/xsm_msg/local/lib/python3.10/dist-packages/xsm_msg-0.0.0-py3.10.egg-info/top_level.txt
[1.820s] -- Up-to-date: /home/xsm/R1_ws/install/xsm_msg/local/lib/python3.10/dist-packages/xsm_msg
[1.820s] -- Up-to-date: /home/xsm/R1_ws/install/xsm_msg/local/lib/python3.10/dist-packages/xsm_msg/_xsm_msg_s.ep.rosidl_typesupport_introspection_c.c
[1.820s] -- Installing: /home/xsm/R1_ws/install/xsm_msg/local/lib/python3.10/dist-packages/xsm_msg/__init__.py
[1.820s] -- Up-to-date: /home/xsm/R1_ws/install/xsm_msg/local/lib/python3.10/dist-packages/xsm_msg/xsm_msg_s__rosidl_typesupport_c.cpython-310-x86_64-linux-gnu.so
[1.820s] -- Up-to-date: /home/xsm/R1_ws/install/xsm_msg/local/lib/python3.10/dist-packages/xsm_msg/libxsm_msg__rosidl_generator_py.so
[1.820s] -- Up-to-date: /home/xsm/R1_ws/install/xsm_msg/local/lib/python3.10/dist-packages/xsm_msg/xsm_msg_s__rosidl_typesupport_introspection_c.cpython-310-x86_64-linux-gnu.so
[1.820s] -- Up-to-date: /home/xsm/R1_ws/install/xsm_msg/local/lib/python3.10/dist-packages/xsm_msg/msg
[1.820s] -- Up-to-date: /home/xsm/R1_ws/install/xsm_msg/local/lib/python3.10/dist-packages/xsm_msg/msg/__init__.py
[1.820s] -- Up-to-date: /home/xsm/R1_ws/install/xsm_msg/local/lib/python3.10/dist-packages/xsm_msg/msg/_hwrev.py
[1.820s] -- Up-to-date: /home/xsm/R1_ws/install/xsm_msg/local/lib/python3.10/dist-packages/xsm_msg/msg/_hwrev_s.c
[1.820s] -- Up-to-date: /home/xsm/R1_ws/install/xsm_msg/local/lib/python3.10/dist-packages/xsm_msg/_xsm_msg_s.ep.rosidl_typesupport_c.c
[1.820s] -- Up-to-date: /home/xsm/R1_ws/install/xsm_msg/local/lib/python3.10/dist-packages/xsm_msg/_xsm_msg_s.ep.rosidl_typesupport_fastrtps_c.c
[1.820s] -- Up-to-date: /home/xsm/R1_ws/install/xsm_msg/local/lib/python3.10/dist-packages/xsm_msg/xsm_msg_s__rosidl_typesupport_fastrtps_c.cpython-310-x86_64-linux-gnu.so
[1.849s] Listing '/home/xsm/R1_ws/install/xsm_msg/local/lib/python3.10/dist-packages/xsm_msg'...
[1.849s] Compiling '/home/xsm/R1_ws/install/xsm_msg/local/lib/python3.10/dist-packages/xsm_msg/__init__.py'...
[1.849s] Listing '/home/xsm/R1_ws/install/xsm_msg/local/lib/python3.10/dist-packages/xsm_msg/msg'...
[1.853s] -- Up-to-date: /home/xsm/R1_ws/install/xsm_msg/local/lib/python3.10/dist-packages/xsm_msg/xsm_msg_s__rosidl_typesupport_fastrtps_c.cpython-310-x86_64-linux-gnu.so
[1.853s] -- Up-to-date: /home/xsm/R1_ws/install/xsm_msg/local/lib/python3.10/dist-packages/xsm_msg/xsm_msg_s__rosidl_typesupport_introspection_c.cpython-310-x86_64-linux-gnu.so
[1.853s] -- Up-to-date: /home/xsm/R1_ws/install/xsm_msg/local/lib/python3.10/dist-packages/xsm_msg/xsm_msg_s__rosidl_typesupport_c.cpython-310-x86_64-linux-gnu.so
[1.854s] -- Up-to-date: /home/xsm/R1_ws/install/xsm_msg/lib/libxsm_msg__rosidl_generator_py.so
[1.854s] -- Up-to-date: /home/xsm/R1_ws/install/xsm_msg/share/xsm_msg/msg/Hwrev.idl
[1.854s] -- Up-to-date: /home/xsm/R1_ws/install/xsm_msg/share/xsm_msg/msg/Hwrev.msg
[1.854s] -- Up-to-date: /home/xsm/R1_ws/install/xsm_msg/share/ament_index/resource_index/package_run_dependencies/xsm_msg
[1.854s] -- Installing: /home/xsm/R1_ws/install/xsm_msg/share/ament_index/resource_index/parent_prefix_path/xsm_msg
[1.854s] -- Up-to-date: /home/xsm/R1_ws/install/xsm_msg/share/xsm_msg/environment/ament_prefix_path.sh
[1.854s] -- Installing: /home/xsm/R1_ws/install/xsm_msg/share/xsm_msg/environment/ament_prefix_path.dsv
[1.854s] -- Up-to-date: /home/xsm/R1_ws/install/xsm_msg/share/xsm_msg/environment/path.sh
[1.854s] -- Installing: /home/xsm/R1_ws/install/xsm_msg/share/xsm_msg/environment/path.dsv
[1.854s] -- Up-to-date: /home/xsm/R1_ws/install/xsm_msg/share/xsm_msg/local_setup.bash
[1.855s] -- Up-to-date: /home/xsm/R1_ws/install/xsm_msg/share/xsm_msg/local_setup.sh
[1.855s] -- Up-to-date: /home/xsm/R1_ws/install/xsm_msg/share/xsm_msg/local_setup.zsh
[1.855s] -- Installing: /home/xsm/R1_ws/install/xsm_msg/share/xsm_msg/local_setup.dsv
[1.855s] -- Installing: /home/xsm/R1_ws/install/xsm_msg/share/xsm_msg/package.dsv
[1.855s] -- Up-to-date: /home/xsm/R1_ws/install/xsm_msg/share/ament_index/resource_index/packages/xsm_msg
[1.855s] -- Up-to-date: /home/xsm/R1_ws/install/xsm_msg/share/xsm_msg/cmake/export_xsm_msg__rosidl_generator_cExport.cmake
[1.855s] -- Up-to-date: /home/xsm/R1_ws/install/xsm_msg/share/xsm_msg/cmake/export_xsm_msg__rosidl_generator_cExport-noconfig.cmake
[1.855s] -- Up-to-date: /home/xsm/R1_ws/install/xsm_msg/share/xsm_msg/cmake/export_xsm_msg__rosidl_typesupport_fastrtps_cExport.cmake
[1.855s] -- Up-to-date: /home/xsm/R1_ws/install/xsm_msg/share/xsm_msg/cmake/export_xsm_msg__rosidl_typesupport_fastrtps_cExport-noconfig.cmake
[1.855s] -- Up-to-date: /home/xsm/R1_ws/install/xsm_msg/share/xsm_msg/cmake/xsm_msg__rosidl_typesupport_introspection_cExport.cmake
[1.855s] -- Up-to-date: /home/xsm/R1_ws/install/xsm_msg/share/xsm_msg/cmake/xsm_msg__rosidl_typesupport_introspection_cExport-noconfig.cmake
[1.855s] -- Up-to-date: /home/xsm/R1_ws/install/xsm_msg/share/xsm_msg/cmake/xsm_msg__rosidl_typesupport_cExport.cmake
[1.855s] -- Up-to-date: /home/xsm/R1_ws/install/xsm_msg/share/xsm_msg/cmake/xsm_msg__rosidl_typesupport_cExport-noconfig.cmake
[1.855s] -- Up-to-date: /home/xsm/R1_ws/install/xsm_msg/share/xsm_msg/cmake/export_xsm_msg__rosidl_generator_cppExport.cmake
[1.855s] -- Up-to-date: /home/xsm/R1_ws/install/xsm_msg/share/xsm_msg/cmake/export_xsm_msg__rosidl_typesupport_fastrtps_cppExport.cmake
[1.855s] -- Up-to-date: /home/xsm/R1_ws/install/xsm_msg/share/xsm_msg/cmake/export_xsm_msg__rosidl_typesupport_fastrtps_cppExport-noconfig.cmake
[1.855s] -- Up-to-date: /home/xsm/R1_ws/install/xsm_msg/share/xsm_msg/cmake/xsm_msg__rosidl_typesupport_introspection_cppExport.cmake
[1.856s] -- Up-to-date: /home/xsm/R1_ws/install/xsm_msg/share/xsm_msg/cmake/xsm_msg__rosidl_typesupport_introspection_cppExport-noconfig.cmake
[1.856s] -- Up-to-date: /home/xsm/R1_ws/install/xsm_msg/share/xsm_msg/cmake/xsm_msg__rosidl_typesupport_cppExport.cmake
[1.856s] -- Up-to-date: /home/xsm/R1_ws/install/xsm_msg/share/xsm_msg/cmake/xsm_msg__rosidl_typesupport_cppExport-noconfig.cmake
[1.856s] -- Up-to-date: /home/xsm/R1_ws/install/xsm_msg/share/xsm_msg/cmake/export_xsm_msg__rosidl_generator_pyExport.cmake
[1.856s] -- Up-to-date: /home/xsm/R1_ws/install/xsm_msg/share/xsm_msg/cmake/export_xsm_msg__rosidl_generator_pyExport-noconfig.cmake
[1.856s] -- Up-to-date: /home/xsm/R1_ws/install/xsm_msg/share/xsm_msg/cmake/rosidl_cmake-extras.cmake
[1.856s] -- Up-to-date: /home/xsm/R1_ws/install/xsm_msg/share/xsm_msg/cmake/ament_cmake_export_include_directories-extras.cmake
[1.856s] -- Up-to-date: /home/xsm/R1_ws/install/xsm_msg/share/xsm_msg/cmake/ament_cmake_export_libraries-extras.cmake
[1.856s] -- Up-to-date: /home/xsm/R1_ws/install/xsm_msg/share/xsm_msg/cmake/ament_cmake_export_targets-extras.cmake
[1.856s] -- Up-to-date: /home/xsm/R1_ws/install/xsm_msg/share/xsm_msg/cmake/rosidl_cmake_export_typesupport_targets-extras.cmake
[1.856s] -- Up-to-date: /home/xsm/R1_ws/install/xsm_msg/share/xsm_msg/cmake/ament_cmake_export_dependencies-extras.cmake
[1.856s] -- Up-to-date: /home/xsm/R1_ws/install/xsm_msg/share/xsm_msg/cmake/rosidl_cmake_export_typesupport_libraries-extras.cmake
[1.856s] -- Up-to-date: /home/xsm/R1_ws/install/xsm_msg/share/xsm_msg/cmake/xsm_msgConfig.cmake
[1.856s] -- Up-to-date: /home/xsm/R1_ws/install/xsm_msg/share/xsm_msg/cmake/xsm_msgConfig-version.cmake
[1.856s] -- Up-to-date: /home/xsm/R1_ws/install/xsm_msg/share/xsm_msg/package.xml
[1.859s] Invoked command in '/home/xsm/R1_ws/build/xsm_msg' returned '0': CMAKE_PREFIX_PATH=${CMAKE_PREFIX_PATH}:/home/xsm/R1_ws/install/gui_pkg:/opt/ros/humble /usr/bin/cmake --install /home/xsm/R1_ws/build/xsm_msg
