[0.013s] Invoking command in '/home/xsm/R1_ws/build/xsmmsg': CMAKE_PREFIX_PATH=${CMAKE_PREFIX_PATH}:/home/xsm/R1_ws/install/gui_pkg:/opt/ros/humble /usr/bin/cmake /home/xsm/R1_ws/src/xsmmsg -DCMAKE_INSTALL_PREFIX=/home/xsm/R1_ws/install/xsmmsg
[0.071s] -- The C compiler identification is GNU 11.4.0
[0.124s] -- The CXX compiler identification is GNU 11.4.0
[0.132s] -- Detecting C compiler ABI info
[0.210s] -- Detecting C compiler ABI info - done
[0.215s] -- Check for working C compiler: /usr/bin/cc - skipped
[0.215s] -- Detecting C compile features
[0.216s] -- Detecting C compile features - done
[0.218s] -- Detecting CXX compiler ABI info
[0.303s] -- Detecting CXX compiler ABI info - done
[0.309s] -- Check for working CXX compiler: /usr/bin/c++ - skipped
[0.309s] -- Detecting CXX compile features
[0.309s] -- Detecting CXX compile features - done
[0.311s] -- Found ament_cmake: 1.3.10 (/opt/ros/humble/share/ament_cmake/cmake)
[0.465s] -- Found Python3: /usr/bin/python3 (found version "3.10.12") found components: Interpreter 
[0.545s] -- Found rosidl_default_generators: 1.2.0 (/opt/ros/humble/share/rosidl_default_generators/cmake)
[0.549s] -- Using all available rosidl_typesupport_c: rosidl_typesupport_fastrtps_c;rosidl_typesupport_introspection_c
[0.555s] -- Found rosidl_adapter: 3.1.5 (/opt/ros/humble/share/rosidl_adapter/cmake)
[0.590s] -- Using all available rosidl_typesupport_cpp: rosidl_typesupport_fastrtps_cpp;rosidl_typesupport_introspection_cpp
[0.617s] -- Found std_msgs: 4.2.4 (/opt/ros/humble/share/std_msgs/cmake)
[0.850s] -- Found ament_cmake_ros: 0.10.0 (/opt/ros/humble/share/ament_cmake_ros/cmake)
[1.026s] -- Using all available rosidl_typesupport_c: rosidl_typesupport_fastrtps_c;rosidl_typesupport_introspection_c
[1.248s] -- Using all available rosidl_typesupport_cpp: rosidl_typesupport_fastrtps_cpp;rosidl_typesupport_introspection_cpp
[1.274s] -- Found PythonInterp: /usr/bin/python3 (found suitable version "3.10.12", minimum required is "3.6") 
[1.275s] -- Found python_cmake_module: 0.10.0 (/opt/ros/humble/share/python_cmake_module/cmake)
[1.303s] -- Found PythonLibs: /usr/lib/x86_64-linux-gnu/libpython3.10.so (found suitable version "3.10.12", minimum required is "3.5") 
[1.303s] -- Using PYTHON_EXECUTABLE: /usr/bin/python3
[1.303s] -- Using PYTHON_INCLUDE_DIRS: /usr/include/python3.10
[1.303s] -- Using PYTHON_LIBRARIES: /usr/lib/x86_64-linux-gnu/libpython3.10.so
[1.326s] -- Found PythonExtra: .so  
[1.359s] -- Found ament_lint_auto: 0.12.11 (/opt/ros/humble/share/ament_lint_auto/cmake)
[1.377s] -- Added test 'lint_cmake' to check CMake code style
[1.378s] -- Added test 'xmllint' to check XML markup files
[1.380s] -- Configuring done
[1.401s] -- Generating done
[1.403s] -- Build files have been written to: /home/xsm/R1_ws/build/xsmmsg
[1.411s] Invoked command in '/home/xsm/R1_ws/build/xsmmsg' returned '0': CMAKE_PREFIX_PATH=${CMAKE_PREFIX_PATH}:/home/xsm/R1_ws/install/gui_pkg:/opt/ros/humble /usr/bin/cmake /home/xsm/R1_ws/src/xsmmsg -DCMAKE_INSTALL_PREFIX=/home/xsm/R1_ws/install/xsmmsg
[1.411s] Invoking command in '/home/xsm/R1_ws/build/xsmmsg': CMAKE_PREFIX_PATH=${CMAKE_PREFIX_PATH}:/home/xsm/R1_ws/install/gui_pkg:/opt/ros/humble /usr/bin/cmake --build /home/xsm/R1_ws/build/xsmmsg -- -j16 -l16
[1.460s] [  3%] [34m[1mGenerating C code for ROS interfaces[0m
[1.473s] [  6%] [34m[1mGenerating C++ code for ROS interfaces[0m
[1.484s] [  6%] Built target ament_cmake_python_copy_xsmmsg
[1.650s] [  6%] Built target xsmmsg__cpp
[1.658s] [  9%] [32mBuilding C object CMakeFiles/xsmmsg__rosidl_generator_c.dir/rosidl_generator_c/xsmmsg/msg/detail/hwrev__functions.c.o[0m
[1.665s] [ 19%] [34m[1mGenerating C++ type support dispatch for ROS interfaces[0m
[1.665s] [ 19%] [34m[1mGenerating C++ introspection for ROS interfaces[0m
[1.665s] [ 19%] [34m[1mGenerating C++ type support for eProsima Fast-RTPS[0m
[1.679s] running egg_info
[1.680s] creating xsmmsg.egg-info
[1.680s] writing xsmmsg.egg-info/PKG-INFO
[1.680s] writing dependency_links to xsmmsg.egg-info/dependency_links.txt
[1.680s] writing top-level names to xsmmsg.egg-info/top_level.txt
[1.680s] writing manifest file 'xsmmsg.egg-info/SOURCES.txt'
[1.682s] reading manifest file 'xsmmsg.egg-info/SOURCES.txt'
[1.682s] writing manifest file 'xsmmsg.egg-info/SOURCES.txt'
[1.705s] [ 22%] [32m[1mLinking C shared library libxsmmsg__rosidl_generator_c.so[0m
[1.717s] [ 22%] Built target ament_cmake_python_build_xsmmsg_egg
[1.751s] [ 22%] Built target xsmmsg__rosidl_generator_c
[1.766s] [ 29%] [34m[1mGenerating C type support dispatch for ROS interfaces[0m
[1.766s] [ 29%] [34m[1mGenerating C type support for eProsima Fast-RTPS[0m
[1.766s] [ 32%] [34m[1mGenerating C introspection for ROS interfaces[0m
[1.847s] [ 35%] [32mBuilding CXX object CMakeFiles/xsmmsg__rosidl_typesupport_cpp.dir/rosidl_typesupport_cpp/xsmmsg/msg/hwrev__type_support.cpp.o[0m
[1.870s] [ 41%] [32mBuilding CXX object CMakeFiles/xsmmsg__rosidl_typesupport_introspection_cpp.dir/rosidl_typesupport_introspection_cpp/xsmmsg/msg/detail/hwrev__type_support.cpp.o[0m
[1.870s] [ 41%] [32mBuilding CXX object CMakeFiles/xsmmsg__rosidl_typesupport_fastrtps_cpp.dir/rosidl_typesupport_fastrtps_cpp/xsmmsg/msg/detail/dds_fastrtps/hwrev__type_support.cpp.o[0m
[1.952s] [ 45%] [32mBuilding CXX object CMakeFiles/xsmmsg__rosidl_typesupport_c.dir/rosidl_typesupport_c/xsmmsg/msg/hwrev__type_support.cpp.o[0m
[1.967s] [ 48%] [32mBuilding CXX object CMakeFiles/xsmmsg__rosidl_typesupport_fastrtps_c.dir/rosidl_typesupport_fastrtps_c/xsmmsg/msg/detail/hwrev__type_support_c.cpp.o[0m
[1.970s] [ 51%] [32mBuilding C object CMakeFiles/xsmmsg__rosidl_typesupport_introspection_c.dir/rosidl_typesupport_introspection_c/xsmmsg/msg/detail/hwrev__type_support.c.o[0m
[1.988s] [ 54%] [32m[1mLinking CXX shared library libxsmmsg__rosidl_typesupport_c.so[0m
[2.010s] [ 58%] [32m[1mLinking C shared library libxsmmsg__rosidl_typesupport_introspection_c.so[0m
[2.042s] [ 58%] Built target xsmmsg__rosidl_typesupport_c
[2.055s] [ 58%] Built target xsmmsg__rosidl_typesupport_introspection_c
[2.066s] [ 61%] [32m[1mLinking CXX shared library libxsmmsg__rosidl_typesupport_cpp.so[0m
[2.115s] [ 61%] Built target xsmmsg__rosidl_typesupport_cpp
[2.167s] [ 64%] [32m[1mLinking CXX shared library libxsmmsg__rosidl_typesupport_introspection_cpp.so[0m
[2.171s] [ 67%] [32m[1mLinking CXX shared library libxsmmsg__rosidl_typesupport_fastrtps_cpp.so[0m
[2.223s] [ 70%] [32m[1mLinking CXX shared library libxsmmsg__rosidl_typesupport_fastrtps_c.so[0m
[2.251s] [ 70%] Built target xsmmsg__rosidl_typesupport_introspection_cpp
[2.256s] [ 70%] Built target xsmmsg__rosidl_typesupport_fastrtps_cpp
[2.294s] [ 70%] Built target xsmmsg__rosidl_typesupport_fastrtps_c
[2.322s] [ 70%] Built target xsmmsg
[2.350s] [ 74%] [34m[1mGenerating Python code for ROS interfaces[0m
[2.554s] [ 74%] Built target xsmmsg__py
[2.580s] [ 77%] [32mBuilding C object CMakeFiles/xsmmsg__rosidl_generator_py.dir/rosidl_generator_py/xsmmsg/msg/_hwrev_s.c.o[0m
[2.660s] [ 80%] [32m[1mLinking C shared library rosidl_generator_py/xsmmsg/libxsmmsg__rosidl_generator_py.so[0m
[2.702s] [ 80%] Built target xsmmsg__rosidl_generator_py
[2.731s] [ 90%] [32mBuilding C object CMakeFiles/xsmmsg__rosidl_typesupport_fastrtps_c__pyext.dir/rosidl_generator_py/xsmmsg/_xsmmsg_s.ep.rosidl_typesupport_fastrtps_c.c.o[0m
[2.731s] [ 90%] [32mBuilding C object CMakeFiles/xsmmsg__rosidl_typesupport_c__pyext.dir/rosidl_generator_py/xsmmsg/_xsmmsg_s.ep.rosidl_typesupport_c.c.o[0m
[2.731s] [ 90%] [32mBuilding C object CMakeFiles/xsmmsg__rosidl_typesupport_introspection_c__pyext.dir/rosidl_generator_py/xsmmsg/_xsmmsg_s.ep.rosidl_typesupport_introspection_c.c.o[0m
[2.819s] [ 93%] [32m[1mLinking C shared library rosidl_generator_py/xsmmsg/xsmmsg_s__rosidl_typesupport_c.cpython-310-x86_64-linux-gnu.so[0m
[2.827s] [ 96%] [32m[1mLinking C shared library rosidl_generator_py/xsmmsg/xsmmsg_s__rosidl_typesupport_introspection_c.cpython-310-x86_64-linux-gnu.so[0m
[2.828s] [100%] [32m[1mLinking C shared library rosidl_generator_py/xsmmsg/xsmmsg_s__rosidl_typesupport_fastrtps_c.cpython-310-x86_64-linux-gnu.so[0m
[2.858s] [100%] Built target xsmmsg__rosidl_typesupport_c__pyext
[2.866s] [100%] Built target xsmmsg__rosidl_typesupport_introspection_c__pyext
[2.866s] [100%] Built target xsmmsg__rosidl_typesupport_fastrtps_c__pyext
[2.879s] Invoked command in '/home/xsm/R1_ws/build/xsmmsg' returned '0': CMAKE_PREFIX_PATH=${CMAKE_PREFIX_PATH}:/home/xsm/R1_ws/install/gui_pkg:/opt/ros/humble /usr/bin/cmake --build /home/xsm/R1_ws/build/xsmmsg -- -j16 -l16
[3.033s] Invoking command in '/home/xsm/R1_ws/build/xsmmsg': CMAKE_PREFIX_PATH=${CMAKE_PREFIX_PATH}:/home/xsm/R1_ws/install/gui_pkg:/opt/ros/humble /usr/bin/cmake --install /home/xsm/R1_ws/build/xsmmsg
[3.042s] -- Install configuration: ""
[3.042s] -- Installing: /home/xsm/R1_ws/install/xsmmsg/share/ament_index/resource_index/rosidl_interfaces/xsmmsg
[3.042s] -- Installing: /home/xsm/R1_ws/install/xsmmsg/include/xsmmsg/xsmmsg
[3.042s] -- Installing: /home/xsm/R1_ws/install/xsmmsg/include/xsmmsg/xsmmsg/msg
[3.042s] -- Installing: /home/xsm/R1_ws/install/xsmmsg/include/xsmmsg/xsmmsg/msg/rosidl_generator_c__visibility_control.h
[3.042s] -- Installing: /home/xsm/R1_ws/install/xsmmsg/include/xsmmsg/xsmmsg/msg/hwrev.h
[3.042s] -- Installing: /home/xsm/R1_ws/install/xsmmsg/include/xsmmsg/xsmmsg/msg/detail
[3.043s] -- Installing: /home/xsm/R1_ws/install/xsmmsg/include/xsmmsg/xsmmsg/msg/detail/hwrev__functions.h
[3.043s] -- Installing: /home/xsm/R1_ws/install/xsmmsg/include/xsmmsg/xsmmsg/msg/detail/hwrev__type_support.h
[3.043s] -- Installing: /home/xsm/R1_ws/install/xsmmsg/include/xsmmsg/xsmmsg/msg/detail/hwrev__struct.h
[3.043s] -- Installing: /home/xsm/R1_ws/install/xsmmsg/include/xsmmsg/xsmmsg/msg/detail/hwrev__functions.c
[3.043s] -- Installing: /home/xsm/R1_ws/install/xsmmsg/share/xsmmsg/environment/library_path.sh
[3.043s] -- Installing: /home/xsm/R1_ws/install/xsmmsg/share/xsmmsg/environment/library_path.dsv
[3.043s] -- Installing: /home/xsm/R1_ws/install/xsmmsg/lib/libxsmmsg__rosidl_generator_c.so
[3.044s] -- Set runtime path of "/home/xsm/R1_ws/install/xsmmsg/lib/libxsmmsg__rosidl_generator_c.so" to ""
[3.044s] -- Up-to-date: /home/xsm/R1_ws/install/xsmmsg/include/xsmmsg/xsmmsg
[3.044s] -- Up-to-date: /home/xsm/R1_ws/install/xsmmsg/include/xsmmsg/xsmmsg/msg
[3.044s] -- Installing: /home/xsm/R1_ws/install/xsmmsg/include/xsmmsg/xsmmsg/msg/rosidl_typesupport_fastrtps_c__visibility_control.h
[3.044s] -- Up-to-date: /home/xsm/R1_ws/install/xsmmsg/include/xsmmsg/xsmmsg/msg/detail
[3.044s] -- Installing: /home/xsm/R1_ws/install/xsmmsg/include/xsmmsg/xsmmsg/msg/detail/hwrev__rosidl_typesupport_fastrtps_c.h
[3.044s] -- Installing: /home/xsm/R1_ws/install/xsmmsg/lib/libxsmmsg__rosidl_typesupport_fastrtps_c.so
[3.044s] -- Set runtime path of "/home/xsm/R1_ws/install/xsmmsg/lib/libxsmmsg__rosidl_typesupport_fastrtps_c.so" to ""
[3.045s] -- Up-to-date: /home/xsm/R1_ws/install/xsmmsg/include/xsmmsg/xsmmsg
[3.045s] -- Up-to-date: /home/xsm/R1_ws/install/xsmmsg/include/xsmmsg/xsmmsg/msg
[3.045s] -- Installing: /home/xsm/R1_ws/install/xsmmsg/include/xsmmsg/xsmmsg/msg/rosidl_typesupport_introspection_c__visibility_control.h
[3.045s] -- Up-to-date: /home/xsm/R1_ws/install/xsmmsg/include/xsmmsg/xsmmsg/msg/detail
[3.045s] -- Installing: /home/xsm/R1_ws/install/xsmmsg/include/xsmmsg/xsmmsg/msg/detail/hwrev__type_support.c
[3.045s] -- Installing: /home/xsm/R1_ws/install/xsmmsg/include/xsmmsg/xsmmsg/msg/detail/hwrev__rosidl_typesupport_introspection_c.h
[3.045s] -- Installing: /home/xsm/R1_ws/install/xsmmsg/lib/libxsmmsg__rosidl_typesupport_introspection_c.so
[3.045s] -- Set runtime path of "/home/xsm/R1_ws/install/xsmmsg/lib/libxsmmsg__rosidl_typesupport_introspection_c.so" to ""
[3.045s] -- Installing: /home/xsm/R1_ws/install/xsmmsg/lib/libxsmmsg__rosidl_typesupport_c.so
[3.046s] -- Set runtime path of "/home/xsm/R1_ws/install/xsmmsg/lib/libxsmmsg__rosidl_typesupport_c.so" to ""
[3.046s] -- Up-to-date: /home/xsm/R1_ws/install/xsmmsg/include/xsmmsg/xsmmsg
[3.046s] -- Up-to-date: /home/xsm/R1_ws/install/xsmmsg/include/xsmmsg/xsmmsg/msg
[3.046s] -- Up-to-date: /home/xsm/R1_ws/install/xsmmsg/include/xsmmsg/xsmmsg/msg/detail
[3.046s] -- Installing: /home/xsm/R1_ws/install/xsmmsg/include/xsmmsg/xsmmsg/msg/detail/hwrev__builder.hpp
[3.046s] -- Installing: /home/xsm/R1_ws/install/xsmmsg/include/xsmmsg/xsmmsg/msg/detail/hwrev__traits.hpp
[3.046s] -- Installing: /home/xsm/R1_ws/install/xsmmsg/include/xsmmsg/xsmmsg/msg/detail/hwrev__struct.hpp
[3.046s] -- Installing: /home/xsm/R1_ws/install/xsmmsg/include/xsmmsg/xsmmsg/msg/hwrev.hpp
[3.046s] -- Up-to-date: /home/xsm/R1_ws/install/xsmmsg/include/xsmmsg/xsmmsg
[3.046s] -- Up-to-date: /home/xsm/R1_ws/install/xsmmsg/include/xsmmsg/xsmmsg/msg
[3.047s] -- Installing: /home/xsm/R1_ws/install/xsmmsg/include/xsmmsg/xsmmsg/msg/rosidl_typesupport_fastrtps_cpp__visibility_control.h
[3.047s] -- Up-to-date: /home/xsm/R1_ws/install/xsmmsg/include/xsmmsg/xsmmsg/msg/detail
[3.047s] -- Installing: /home/xsm/R1_ws/install/xsmmsg/include/xsmmsg/xsmmsg/msg/detail/dds_fastrtps
[3.047s] -- Installing: /home/xsm/R1_ws/install/xsmmsg/include/xsmmsg/xsmmsg/msg/detail/hwrev__rosidl_typesupport_fastrtps_cpp.hpp
[3.047s] -- Installing: /home/xsm/R1_ws/install/xsmmsg/lib/libxsmmsg__rosidl_typesupport_fastrtps_cpp.so
[3.047s] -- Set runtime path of "/home/xsm/R1_ws/install/xsmmsg/lib/libxsmmsg__rosidl_typesupport_fastrtps_cpp.so" to ""
[3.047s] -- Up-to-date: /home/xsm/R1_ws/install/xsmmsg/include/xsmmsg/xsmmsg
[3.047s] -- Up-to-date: /home/xsm/R1_ws/install/xsmmsg/include/xsmmsg/xsmmsg/msg
[3.047s] -- Up-to-date: /home/xsm/R1_ws/install/xsmmsg/include/xsmmsg/xsmmsg/msg/detail
[3.047s] -- Installing: /home/xsm/R1_ws/install/xsmmsg/include/xsmmsg/xsmmsg/msg/detail/hwrev__type_support.cpp
[3.048s] -- Installing: /home/xsm/R1_ws/install/xsmmsg/include/xsmmsg/xsmmsg/msg/detail/hwrev__rosidl_typesupport_introspection_cpp.hpp
[3.048s] -- Installing: /home/xsm/R1_ws/install/xsmmsg/lib/libxsmmsg__rosidl_typesupport_introspection_cpp.so
[3.048s] -- Set runtime path of "/home/xsm/R1_ws/install/xsmmsg/lib/libxsmmsg__rosidl_typesupport_introspection_cpp.so" to ""
[3.048s] -- Installing: /home/xsm/R1_ws/install/xsmmsg/lib/libxsmmsg__rosidl_typesupport_cpp.so
[3.048s] -- Set runtime path of "/home/xsm/R1_ws/install/xsmmsg/lib/libxsmmsg__rosidl_typesupport_cpp.so" to ""
[3.048s] -- Installing: /home/xsm/R1_ws/install/xsmmsg/share/xsmmsg/environment/pythonpath.sh
[3.049s] -- Installing: /home/xsm/R1_ws/install/xsmmsg/share/xsmmsg/environment/pythonpath.dsv
[3.049s] -- Installing: /home/xsm/R1_ws/install/xsmmsg/local/lib/python3.10/dist-packages/xsmmsg-0.0.0-py3.10.egg-info
[3.049s] -- Installing: /home/xsm/R1_ws/install/xsmmsg/local/lib/python3.10/dist-packages/xsmmsg-0.0.0-py3.10.egg-info/PKG-INFO
[3.049s] -- Installing: /home/xsm/R1_ws/install/xsmmsg/local/lib/python3.10/dist-packages/xsmmsg-0.0.0-py3.10.egg-info/SOURCES.txt
[3.049s] -- Installing: /home/xsm/R1_ws/install/xsmmsg/local/lib/python3.10/dist-packages/xsmmsg-0.0.0-py3.10.egg-info/dependency_links.txt
[3.049s] -- Installing: /home/xsm/R1_ws/install/xsmmsg/local/lib/python3.10/dist-packages/xsmmsg-0.0.0-py3.10.egg-info/top_level.txt
[3.049s] -- Installing: /home/xsm/R1_ws/install/xsmmsg/local/lib/python3.10/dist-packages/xsmmsg
[3.049s] -- Installing: /home/xsm/R1_ws/install/xsmmsg/local/lib/python3.10/dist-packages/xsmmsg/__init__.py
[3.050s] -- Installing: /home/xsm/R1_ws/install/xsmmsg/local/lib/python3.10/dist-packages/xsmmsg/_xsmmsg_s.ep.rosidl_typesupport_fastrtps_c.c
[3.050s] -- Installing: /home/xsm/R1_ws/install/xsmmsg/local/lib/python3.10/dist-packages/xsmmsg/xsmmsg_s__rosidl_typesupport_fastrtps_c.cpython-310-x86_64-linux-gnu.so
[3.050s] -- Installing: /home/xsm/R1_ws/install/xsmmsg/local/lib/python3.10/dist-packages/xsmmsg/_xsmmsg_s.ep.rosidl_typesupport_c.c
[3.050s] -- Installing: /home/xsm/R1_ws/install/xsmmsg/local/lib/python3.10/dist-packages/xsmmsg/xsmmsg_s__rosidl_typesupport_introspection_c.cpython-310-x86_64-linux-gnu.so
[3.050s] -- Installing: /home/xsm/R1_ws/install/xsmmsg/local/lib/python3.10/dist-packages/xsmmsg/msg
[3.050s] -- Installing: /home/xsm/R1_ws/install/xsmmsg/local/lib/python3.10/dist-packages/xsmmsg/msg/__init__.py
[3.050s] -- Installing: /home/xsm/R1_ws/install/xsmmsg/local/lib/python3.10/dist-packages/xsmmsg/msg/_hwrev.py
[3.050s] -- Installing: /home/xsm/R1_ws/install/xsmmsg/local/lib/python3.10/dist-packages/xsmmsg/msg/_hwrev_s.c
[3.051s] -- Installing: /home/xsm/R1_ws/install/xsmmsg/local/lib/python3.10/dist-packages/xsmmsg/xsmmsg_s__rosidl_typesupport_c.cpython-310-x86_64-linux-gnu.so
[3.051s] -- Installing: /home/xsm/R1_ws/install/xsmmsg/local/lib/python3.10/dist-packages/xsmmsg/libxsmmsg__rosidl_generator_py.so
[3.051s] -- Installing: /home/xsm/R1_ws/install/xsmmsg/local/lib/python3.10/dist-packages/xsmmsg/_xsmmsg_s.ep.rosidl_typesupport_introspection_c.c
[3.079s] Listing '/home/xsm/R1_ws/install/xsmmsg/local/lib/python3.10/dist-packages/xsmmsg'...
[3.079s] Compiling '/home/xsm/R1_ws/install/xsmmsg/local/lib/python3.10/dist-packages/xsmmsg/__init__.py'...
[3.079s] Listing '/home/xsm/R1_ws/install/xsmmsg/local/lib/python3.10/dist-packages/xsmmsg/msg'...
[3.079s] Compiling '/home/xsm/R1_ws/install/xsmmsg/local/lib/python3.10/dist-packages/xsmmsg/msg/__init__.py'...
[3.079s] Compiling '/home/xsm/R1_ws/install/xsmmsg/local/lib/python3.10/dist-packages/xsmmsg/msg/_hwrev.py'...
[3.083s] -- Installing: /home/xsm/R1_ws/install/xsmmsg/local/lib/python3.10/dist-packages/xsmmsg/xsmmsg_s__rosidl_typesupport_fastrtps_c.cpython-310-x86_64-linux-gnu.so
[3.083s] -- Set runtime path of "/home/xsm/R1_ws/install/xsmmsg/local/lib/python3.10/dist-packages/xsmmsg/xsmmsg_s__rosidl_typesupport_fastrtps_c.cpython-310-x86_64-linux-gnu.so" to ""
[3.083s] -- Installing: /home/xsm/R1_ws/install/xsmmsg/local/lib/python3.10/dist-packages/xsmmsg/xsmmsg_s__rosidl_typesupport_introspection_c.cpython-310-x86_64-linux-gnu.so
[3.083s] -- Set runtime path of "/home/xsm/R1_ws/install/xsmmsg/local/lib/python3.10/dist-packages/xsmmsg/xsmmsg_s__rosidl_typesupport_introspection_c.cpython-310-x86_64-linux-gnu.so" to ""
[3.083s] -- Installing: /home/xsm/R1_ws/install/xsmmsg/local/lib/python3.10/dist-packages/xsmmsg/xsmmsg_s__rosidl_typesupport_c.cpython-310-x86_64-linux-gnu.so
[3.083s] -- Set runtime path of "/home/xsm/R1_ws/install/xsmmsg/local/lib/python3.10/dist-packages/xsmmsg/xsmmsg_s__rosidl_typesupport_c.cpython-310-x86_64-linux-gnu.so" to ""
[3.083s] -- Installing: /home/xsm/R1_ws/install/xsmmsg/lib/libxsmmsg__rosidl_generator_py.so
[3.083s] -- Set runtime path of "/home/xsm/R1_ws/install/xsmmsg/lib/libxsmmsg__rosidl_generator_py.so" to ""
[3.083s] -- Installing: /home/xsm/R1_ws/install/xsmmsg/share/xsmmsg/msg/Hwrev.idl
[3.084s] -- Installing: /home/xsm/R1_ws/install/xsmmsg/share/xsmmsg/msg/Hwrev.msg
[3.084s] -- Installing: /home/xsm/R1_ws/install/xsmmsg/share/ament_index/resource_index/package_run_dependencies/xsmmsg
[3.084s] -- Installing: /home/xsm/R1_ws/install/xsmmsg/share/ament_index/resource_index/parent_prefix_path/xsmmsg
[3.084s] -- Installing: /home/xsm/R1_ws/install/xsmmsg/share/xsmmsg/environment/ament_prefix_path.sh
[3.084s] -- Installing: /home/xsm/R1_ws/install/xsmmsg/share/xsmmsg/environment/ament_prefix_path.dsv
[3.084s] -- Installing: /home/xsm/R1_ws/install/xsmmsg/share/xsmmsg/environment/path.sh
[3.084s] -- Installing: /home/xsm/R1_ws/install/xsmmsg/share/xsmmsg/environment/path.dsv
[3.084s] -- Installing: /home/xsm/R1_ws/install/xsmmsg/share/xsmmsg/local_setup.bash
[3.085s] -- Installing: /home/xsm/R1_ws/install/xsmmsg/share/xsmmsg/local_setup.sh
[3.085s] -- Installing: /home/xsm/R1_ws/install/xsmmsg/share/xsmmsg/local_setup.zsh
[3.085s] -- Installing: /home/xsm/R1_ws/install/xsmmsg/share/xsmmsg/local_setup.dsv
[3.085s] -- Installing: /home/xsm/R1_ws/install/xsmmsg/share/xsmmsg/package.dsv
[3.085s] -- Installing: /home/xsm/R1_ws/install/xsmmsg/share/ament_index/resource_index/packages/xsmmsg
[3.085s] -- Installing: /home/xsm/R1_ws/install/xsmmsg/share/xsmmsg/cmake/export_xsmmsg__rosidl_generator_cExport.cmake
[3.085s] -- Installing: /home/xsm/R1_ws/install/xsmmsg/share/xsmmsg/cmake/export_xsmmsg__rosidl_generator_cExport-noconfig.cmake
[3.085s] -- Installing: /home/xsm/R1_ws/install/xsmmsg/share/xsmmsg/cmake/export_xsmmsg__rosidl_typesupport_fastrtps_cExport.cmake
[3.086s] -- Installing: /home/xsm/R1_ws/install/xsmmsg/share/xsmmsg/cmake/export_xsmmsg__rosidl_typesupport_fastrtps_cExport-noconfig.cmake
[3.086s] -- Installing: /home/xsm/R1_ws/install/xsmmsg/share/xsmmsg/cmake/xsmmsg__rosidl_typesupport_introspection_cExport.cmake
[3.086s] -- Installing: /home/xsm/R1_ws/install/xsmmsg/share/xsmmsg/cmake/xsmmsg__rosidl_typesupport_introspection_cExport-noconfig.cmake
[3.086s] -- Installing: /home/xsm/R1_ws/install/xsmmsg/share/xsmmsg/cmake/xsmmsg__rosidl_typesupport_cExport.cmake
[3.086s] -- Installing: /home/xsm/R1_ws/install/xsmmsg/share/xsmmsg/cmake/xsmmsg__rosidl_typesupport_cExport-noconfig.cmake
[3.086s] -- Installing: /home/xsm/R1_ws/install/xsmmsg/share/xsmmsg/cmake/export_xsmmsg__rosidl_generator_cppExport.cmake
[3.086s] -- Installing: /home/xsm/R1_ws/install/xsmmsg/share/xsmmsg/cmake/export_xsmmsg__rosidl_typesupport_fastrtps_cppExport.cmake
[3.087s] -- Installing: /home/xsm/R1_ws/install/xsmmsg/share/xsmmsg/cmake/export_xsmmsg__rosidl_typesupport_fastrtps_cppExport-noconfig.cmake
[3.087s] -- Installing: /home/xsm/R1_ws/install/xsmmsg/share/xsmmsg/cmake/xsmmsg__rosidl_typesupport_introspection_cppExport.cmake
[3.087s] -- Installing: /home/xsm/R1_ws/install/xsmmsg/share/xsmmsg/cmake/xsmmsg__rosidl_typesupport_introspection_cppExport-noconfig.cmake
[3.087s] -- Installing: /home/xsm/R1_ws/install/xsmmsg/share/xsmmsg/cmake/xsmmsg__rosidl_typesupport_cppExport.cmake
[3.087s] -- Installing: /home/xsm/R1_ws/install/xsmmsg/share/xsmmsg/cmake/xsmmsg__rosidl_typesupport_cppExport-noconfig.cmake
[3.087s] -- Installing: /home/xsm/R1_ws/install/xsmmsg/share/xsmmsg/cmake/export_xsmmsg__rosidl_generator_pyExport.cmake
[3.087s] -- Installing: /home/xsm/R1_ws/install/xsmmsg/share/xsmmsg/cmake/export_xsmmsg__rosidl_generator_pyExport-noconfig.cmake
[3.087s] -- Installing: /home/xsm/R1_ws/install/xsmmsg/share/xsmmsg/cmake/rosidl_cmake-extras.cmake
[3.088s] -- Installing: /home/xsm/R1_ws/install/xsmmsg/share/xsmmsg/cmake/ament_cmake_export_include_directories-extras.cmake
[3.088s] -- Installing: /home/xsm/R1_ws/install/xsmmsg/share/xsmmsg/cmake/ament_cmake_export_libraries-extras.cmake
[3.088s] -- Installing: /home/xsm/R1_ws/install/xsmmsg/share/xsmmsg/cmake/ament_cmake_export_targets-extras.cmake
[3.088s] -- Installing: /home/xsm/R1_ws/install/xsmmsg/share/xsmmsg/cmake/rosidl_cmake_export_typesupport_targets-extras.cmake
[3.088s] -- Installing: /home/xsm/R1_ws/install/xsmmsg/share/xsmmsg/cmake/ament_cmake_export_dependencies-extras.cmake
[3.088s] -- Installing: /home/xsm/R1_ws/install/xsmmsg/share/xsmmsg/cmake/rosidl_cmake_export_typesupport_libraries-extras.cmake
[3.088s] -- Installing: /home/xsm/R1_ws/install/xsmmsg/share/xsmmsg/cmake/xsmmsgConfig.cmake
[3.088s] -- Installing: /home/xsm/R1_ws/install/xsmmsg/share/xsmmsg/cmake/xsmmsgConfig-version.cmake
[3.088s] -- Installing: /home/xsm/R1_ws/install/xsmmsg/share/xsmmsg/package.xml
[3.091s] Invoked command in '/home/xsm/R1_ws/build/xsmmsg' returned '0': CMAKE_PREFIX_PATH=${CMAKE_PREFIX_PATH}:/home/xsm/R1_ws/install/gui_pkg:/opt/ros/humble /usr/bin/cmake --install /home/xsm/R1_ws/build/xsmmsg
