[33mCMake Warning at /usr/share/cmake-3.22/Modules/FindBoost.cmake:2201 (message):
  No header defined for python310; skipping header check (note: header-only
  libraries have no designated component)
Call Stack (most recent call first):
  /opt/ros/humble/lib/x86_64-linux-gnu/cmake/eigenpy/boost.cmake:144 (find_package)
  /opt/ros/humble/lib/x86_64-linux-gnu/cmake/eigenpy/eigenpyConfig.cmake:149 (SEARCH_FOR_BOOST_PYTHON)
  /usr/share/cmake-3.22/Modules/CMakeFindDependencyMacro.cmake:47 (find_package)
  /opt/ros/humble/lib/x86_64-linux-gnu/cmake/pinocchio/pinocchioConfig.cmake:160 (find_dependency)
  CMakeLists.txt:11 (find_package)

[0m
[33mCMake Warning at /usr/share/cmake-3.22/Modules/FindBoost.cmake:2201 (message):
  No header defined for python310; skipping header check (note: header-only
  libraries have no designated component)
Call Stack (most recent call first):
  CMakeLists.txt:13 (find_package)

[0m
WARNING: Package name "armForwardkinematics" does not follow the naming conventions. It should start with a lower case letter and only contain lower case letters, digits, underscores, and dashes.
[01m[K/home/xsm/R1_ws/src/armForwardkinematics/source/ForwardkinematicsT/FT_method.cpp:[m[K In member function ‘[01m[KEigen::Matrix3d FT_method::generateM(Eigen::Vector3d)[m[K’:
[01m[K/home/xsm/R1_ws/src/armForwardkinematics/source/ForwardkinematicsT/FT_method.cpp:35:12:[m[K [01;35m[Kwarning: [m[Kunused variable ‘[01m[Kq1[m[K’ [[01;35m[K]8;;https://gcc.gnu.org/onlinedocs/gcc/Warning-Options.html#index-Wunused-variable-Wunused-variable]8;;[m[K]
   35 |     double [01;35m[Kq1[m[K = q_0(0);
      |            [01;35m[K^~[m[K
[01m[K/home/xsm/R1_ws/src/armForwardkinematics/source/ForwardkinematicsT/FT_method.cpp:[m[K In member function ‘[01m[KEigen::Vector3d FT_method::generateC(Eigen::Vector3d, Eigen::Vector3d)[m[K’:
[01m[K/home/xsm/R1_ws/src/armForwardkinematics/source/ForwardkinematicsT/FT_method.cpp:64:12:[m[K [01;35m[Kwarning: [m[Kunused variable ‘[01m[Kq1[m[K’ [[01;35m[K]8;;https://gcc.gnu.org/onlinedocs/gcc/Warning-Options.html#index-Wunused-variable-Wunused-variable]8;;[m[K]
   64 |     double [01;35m[Kq1[m[K = q_0(0);
      |            [01;35m[K^~[m[K
