[0.017s] Invoking command in '/home/xsm/R1_ws/build/arm_dynamics_hw': CMAKE_PREFIX_PATH=/home/xsm/R1_ws/install/mit_msgs:/home/xsm/R1_ws/install/lock_utils:/home/xsm/R1_ws/install/optimal_control_problem:/home/xsm/R1_ws/install/arm_dynamics_hw:/home/xsm/R1_ws/install/armForwardkinematics:/home/xsm/R1_ws/install/gui_pkg:/opt/ros/humble LD_LIBRARY_PATH=/home/xsm/R1_ws/install/mit_msgs/lib:/home/xsm/R1_ws/install/lock_utils/lib:/home/xsm/R1_ws/install/optimal_control_problem/lib:/usr/lib/x86_64-linux-gnu/gazebo-11/plugins:/opt/ros/humble/opt/rviz_ogre_vendor/lib:/opt/ros/humble/lib/x86_64-linux-gnu:/opt/ros/humble/lib:/usr/share/gazebo/../../lib/x86_64-linux-gnu/gazebo-11/plugins:/usr/lib/nvidia:/usr/share/gazebo/../../lib/x86_64-linux-gnu/gazebo-11/plugins:/usr/share/gazebo/../../lib/x86_64-linux-gnu/gazebo-11/plugins:/usr/lib/nvidia /usr/bin/cmake /home/xsm/R1_ws/src/arm_dynamics_hw -DCMAKE_INSTALL_PREFIX=/home/xsm/R1_ws/install/arm_dynamics_hw
[0.080s] -- The C compiler identification is GNU 11.4.0
[0.135s] -- The CXX compiler identification is GNU 11.4.0
[0.143s] -- Detecting C compiler ABI info
[0.221s] -- Detecting C compiler ABI info - done
[0.227s] -- Check for working C compiler: /usr/bin/cc - skipped
[0.227s] -- Detecting C compile features
[0.227s] -- Detecting C compile features - done
[0.229s] -- Detecting CXX compiler ABI info
[0.316s] -- Detecting CXX compiler ABI info - done
[0.321s] -- Check for working CXX compiler: /usr/bin/c++ - skipped
[0.321s] -- Detecting CXX compile features
[0.322s] -- Detecting CXX compile features - done
[0.324s] -- Found ament_cmake: 1.3.10 (/opt/ros/humble/share/ament_cmake/cmake)
[0.494s] -- Found Python3: /usr/bin/python3 (found version "3.10.12") found components: Interpreter 
[0.575s] -- Found nav_msgs: 4.2.4 (/opt/ros/humble/share/nav_msgs/cmake)
[0.604s] -- Found rosidl_generator_c: 3.1.5 (/opt/ros/humble/share/rosidl_generator_c/cmake)
[0.608s] -- Found rosidl_adapter: 3.1.5 (/opt/ros/humble/share/rosidl_adapter/cmake)
[0.614s] -- Found rosidl_generator_cpp: 3.1.5 (/opt/ros/humble/share/rosidl_generator_cpp/cmake)
[0.623s] -- Using all available rosidl_typesupport_c: rosidl_typesupport_fastrtps_c;rosidl_typesupport_introspection_c
[0.636s] -- Using all available rosidl_typesupport_cpp: rosidl_typesupport_fastrtps_cpp;rosidl_typesupport_introspection_cpp
[0.679s] -- Found rclcpp: 16.0.10 (/opt/ros/humble/share/rclcpp/cmake)
[0.708s] -- Found rmw_implementation_cmake: 6.1.2 (/opt/ros/humble/share/rmw_implementation_cmake/cmake)
[0.710s] -- Found rmw_fastrtps_cpp: 6.2.7 (/opt/ros/humble/share/rmw_fastrtps_cpp/cmake)
[0.816s] -- Found OpenSSL: /usr/lib/x86_64-linux-gnu/libcrypto.so (found version "3.0.2")  
[0.843s] -- Found FastRTPS: /opt/ros/humble/include  
[0.885s] -- Using RMW implementation 'rmw_fastrtps_cpp' as default
[0.892s] -- Looking for pthread.h
[0.974s] -- Looking for pthread.h - found
[0.974s] -- Performing Test CMAKE_HAVE_LIBC_PTHREAD
[1.054s] -- Performing Test CMAKE_HAVE_LIBC_PTHREAD - Success
[1.055s] -- Found Threads: TRUE  
[1.083s] -- Found mit_msgs: 0.0.0 (/home/xsm/R1_ws/install/mit_msgs/share/mit_msgs/cmake)
[1.110s] -- Found gazebo_ros: 3.9.0 (/opt/ros/humble/share/gazebo_ros/cmake)
[1.120s] -- Found PkgConfig: /usr/bin/pkg-config (found version "0.29.2") 
[1.121s] -- Checking for module 'bullet>=2.82'
[1.143s] --   Found bullet, version 3.05
[1.298s] -- Found fcl: /usr/include (found suitable version "0.7.0", minimum required is "0.5.0") 
[1.386s] -- Found assimp: /usr/include (found version "5.2.0") 
[1.404s] -- Found DART: /usr/include (Required is at least version "6.6") found components: dart 
[1.431s] -- Found Boost: /usr/lib/x86_64-linux-gnu/cmake/Boost-1.74.0/BoostConfig.cmake (found suitable version "1.74.0", minimum required is "1.40.0") found components: thread system filesystem program_options regex iostreams date_time 
[1.449s] -- Found Protobuf: /usr/lib/x86_64-linux-gnu/libprotobuf.so (found version "3.12.4") 
[1.454s] -- Looking for ignition-math6 -- found version 6.15.1
[1.459s] -- Searching for dependencies of ignition-math6
[1.460s] -- Looking for OGRE...
[1.460s] -- OGRE_PREFIX_WATCH changed.
[1.467s] -- Checking for module 'OGRE'
[1.488s] --   Found OGRE, version 1.9.0
[1.542s] -- Found Ogre Ghadamon (1.9.0)
[1.548s] -- Found OGRE: optimized;/usr/lib/x86_64-linux-gnu/libOgreMain.so;debug;/usr/lib/x86_64-linux-gnu/libOgreMain.so
[1.555s] -- Looking for OGRE_Paging...
[1.561s] -- Found OGRE_Paging: optimized;/usr/lib/x86_64-linux-gnu/libOgrePaging.so;debug;/usr/lib/x86_64-linux-gnu/libOgrePaging.so
[1.561s] -- Looking for OGRE_Terrain...
[1.565s] -- Found OGRE_Terrain: optimized;/usr/lib/x86_64-linux-gnu/libOgreTerrain.so;debug;/usr/lib/x86_64-linux-gnu/libOgreTerrain.so
[1.565s] -- Looking for OGRE_Property...
[1.568s] -- Found OGRE_Property: optimized;/usr/lib/x86_64-linux-gnu/libOgreProperty.so;debug;/usr/lib/x86_64-linux-gnu/libOgreProperty.so
[1.569s] -- Looking for OGRE_RTShaderSystem...
[1.572s] -- Found OGRE_RTShaderSystem: optimized;/usr/lib/x86_64-linux-gnu/libOgreRTShaderSystem.so;debug;/usr/lib/x86_64-linux-gnu/libOgreRTShaderSystem.so
[1.572s] -- Looking for OGRE_Volume...
[1.576s] -- Found OGRE_Volume: optimized;/usr/lib/x86_64-linux-gnu/libOgreVolume.so;debug;/usr/lib/x86_64-linux-gnu/libOgreVolume.so
[1.576s] -- Looking for OGRE_Overlay...
[1.580s] -- Found OGRE_Overlay: optimized;/usr/lib/x86_64-linux-gnu/libOgreOverlay.so;debug;/usr/lib/x86_64-linux-gnu/libOgreOverlay.so
[1.667s] -- Looking for ignition-math6 -- found version 6.15.1
[1.670s] -- Looking for ignition-transport8 -- found version 8.2.1
[1.670s] -- Searching for dependencies of ignition-transport8
[1.687s] -- Found Protobuf: /usr/lib/x86_64-linux-gnu/libprotobuf.so (found suitable version "3.12.4", minimum required is "3") 
[1.698s] -- Config-file not installed for ZeroMQ -- checking for pkg-config
[1.703s] -- Checking for module 'libzmq >= 4'
[1.725s] --   Found libzmq , version 4.3.4
[1.783s] -- Found ZeroMQ: TRUE (Required is at least version "4") 
[1.790s] -- Checking for module 'uuid'
[1.814s] --   Found uuid, version 2.37.2
[1.870s] -- Found UUID: TRUE  
[1.872s] -- Looking for ignition-msgs5 -- found version 5.8.1
[1.873s] -- Searching for dependencies of ignition-msgs5
[1.892s] -- Looking for ignition-math6 -- found version 6.15.1
[1.898s] -- Checking for module 'tinyxml2'
[1.918s] --   Found tinyxml2, version 9.0.0
[1.971s] -- Looking for ignition-msgs5 -- found version 5.8.1
[1.973s] -- Looking for ignition-common3 -- found version 3.14.0
[1.974s] -- Searching for dependencies of ignition-common3
[1.974s] -- Looking for dlfcn.h - found
[1.975s] -- Looking for libdl - found
[1.976s] -- Found DL: TRUE  
[1.987s] -- Found tinyobjloader: /usr/lib/x86_64-linux-gnu/cmake/tinyobjloader/tinyobjloader-config.cmake (found version "2.0.0") 
[1.987s] -- Searching for <ignition-common3> component [graphics]
[1.990s] -- Looking for ignition-common3-graphics -- found version 3.14.0
[1.990s] -- Searching for dependencies of ignition-common3-graphics
[1.990s] -- Looking for ignition-math6 -- found version 6.15.1
[1.993s] -- Looking for ignition-fuel_tools4 -- found version 4.4.0
[1.993s] -- Searching for dependencies of ignition-fuel_tools4
[2.102s] -- Found CURL: /usr/lib/x86_64-linux-gnu/libcurl.so (found version "7.81.0")  
[2.110s] -- Checking for module 'jsoncpp'
[2.131s] --   Found jsoncpp, version 1.9.5
[2.187s] -- Found JSONCPP: TRUE  
[2.194s] -- Checking for module 'libzip'
[2.212s] --   Found libzip, version 1.7.3
[2.266s] -- Found ZIP: TRUE  
[2.266s] -- Looking for ignition-common3 -- found version 3.14.0
[2.266s] -- Looking for ignition-math6 -- found version 6.15.1
[2.267s] -- Looking for ignition-msgs5 -- found version 5.8.1
[2.270s] -- Gazebo version: 11.10
[2.270s] -- Checking for module 'tbb'
[2.291s] --   Found tbb, version 2021.5.0
[2.347s] -- Found gazebo_msgs: 3.9.0 (/opt/ros/humble/share/gazebo_msgs/cmake)
[2.376s] -- Found gazebo_ros_pkgs: 3.9.0 (/opt/ros/humble/share/gazebo_ros_pkgs/cmake)
[2.376s] -- Found lock_utils: 0.0.0 (/home/xsm/R1_ws/install/lock_utils/share/lock_utils/cmake)
[2.379s] -- Found urdf: 2.6.1 (/opt/ros/humble/share/urdf/cmake)
[2.412s] -- Found tf2: 0.25.8 (/opt/ros/humble/share/tf2/cmake)
[2.415s] -- Checking include directories for yaml-cpp
[2.415s] -- No include directories found for yaml-cpp
[2.415s] -- Checking include directories for nav_msgs
[2.415s] -- Using nav_msgs_INCLUDE_DIRS
[2.415s] -- Checking include directories for rclcpp
[2.415s] -- Using rclcpp_INCLUDE_DIRS
[2.415s] -- Checking include directories for mit_msgs
[2.415s] -- Using mit_msgs_INCLUDE_DIRS
[2.415s] -- Checking include directories for geometry_msgs
[2.415s] -- Using geometry_msgs_INCLUDE_DIRS
[2.415s] -- Checking include directories for sensor_msgs
[2.415s] -- Using sensor_msgs_INCLUDE_DIRS
[2.415s] -- Checking include directories for gazebo_ros
[2.415s] -- Using gazebo_ros_INCLUDE_DIRS
[2.415s] -- Checking include directories for gazebo_msgs
[2.415s] -- Using gazebo_msgs_INCLUDE_DIRS
[2.415s] -- Checking include directories for gazebo_ros_pkgs
[2.415s] -- No include directories found for gazebo_ros_pkgs
[2.415s] -- Checking include directories for lock_utils
[2.415s] -- Using lock_utils_INCLUDE_DIRS
[2.415s] -- Checking include directories for urdf
[2.415s] -- Using urdf_INCLUDE_DIRS
[2.416s] -- Checking include directories for tf2
[2.416s] -- Using tf2_INCLUDE_DIRS
[2.416s] -- Processing target: arm_dynamics_hw
[2.420s] -- Processing target: publisher
[2.480s] -- Configuring done
[2.513s] -- Generating done
[2.514s] -- Build files have been written to: /home/xsm/R1_ws/build/arm_dynamics_hw
