[0.014s] Invoking command in '/home/xsm/R1_ws/build/armForwardkinematics': CMAKE_PREFIX_PATH=/home/xsm/R1_ws/install/mit_msgs:/home/xsm/R1_ws/install/optimal_control_problem:/home/xsm/R1_ws/install/arm_dynamics_hw:/home/xsm/R1_ws/install/armForwardkinematics:/home/xsm/R1_ws/install/lock_utils:/home/xsm/R1_ws/install/gui_pkg:/opt/ros/humble LD_LIBRARY_PATH=/home/xsm/R1_ws/install/mit_msgs/lib:/home/xsm/R1_ws/install/optimal_control_problem/lib:/home/xsm/R1_ws/install/lock_utils/lib:/usr/lib/x86_64-linux-gnu/gazebo-11/plugins:/opt/ros/humble/opt/rviz_ogre_vendor/lib:/opt/ros/humble/lib/x86_64-linux-gnu:/opt/ros/humble/lib:/usr/share/gazebo/../../lib/x86_64-linux-gnu/gazebo-11/plugins:/usr/lib/nvidia:/usr/share/gazebo/../../lib/x86_64-linux-gnu/gazebo-11/plugins:/usr/share/gazebo/../../lib/x86_64-linux-gnu/gazebo-11/plugins:/usr/lib/nvidia /usr/bin/cmake /home/xsm/R1_ws/src/armForwardkinematics -DCMAKE_INSTALL_PREFIX=/home/xsm/R1_ws/install/armForwardkinematics
[0.028s] -- Found ament_cmake: 1.3.10 (/opt/ros/humble/share/ament_cmake/cmake)
[0.154s] -- Found rclcpp: 16.0.10 (/opt/ros/humble/share/rclcpp/cmake)
[0.175s] -- Found rosidl_generator_c: 3.1.5 (/opt/ros/humble/share/rosidl_generator_c/cmake)
[0.176s] -- Found rosidl_adapter: 3.1.5 (/opt/ros/humble/share/rosidl_adapter/cmake)
[0.180s] -- Found rosidl_generator_cpp: 3.1.5 (/opt/ros/humble/share/rosidl_generator_cpp/cmake)
[0.187s] -- Using all available rosidl_typesupport_c: rosidl_typesupport_fastrtps_c;rosidl_typesupport_introspection_c
[0.195s] -- Using all available rosidl_typesupport_cpp: rosidl_typesupport_fastrtps_cpp;rosidl_typesupport_introspection_cpp
[0.219s] -- Found rmw_implementation_cmake: 6.1.2 (/opt/ros/humble/share/rmw_implementation_cmake/cmake)
[0.220s] -- Found rmw_fastrtps_cpp: 6.2.7 (/opt/ros/humble/share/rmw_fastrtps_cpp/cmake)
[0.317s] -- Using RMW implementation 'rmw_fastrtps_cpp' as default
[0.351s] -- pinocchio FOUND. pinocchio at /opt/ros/humble/lib/x86_64-linux-gnu/libpinocchio.so
[0.351s] -- boost_filesystem FOUND. boost_filesystem at /lib/x86_64-linux-gnu/libboost_filesystem.so
[0.352s] -- boost_serialization FOUND. boost_serialization at /lib/x86_64-linux-gnu/libboost_serialization.so
[0.352s] -- boost_system FOUND. boost_system at /lib/x86_64-linux-gnu/libboost_system.so
[0.358s] -- Found Boost: /usr/include (found version "1.74.0") found components: filesystem serialization system 
[0.359s] -- eigenpy FOUND. eigenpy at /opt/ros/humble/lib/x86_64-linux-gnu/libeigenpy.so
[0.387s] -- Checking for NumPy
[0.555s] --   NUMPY_INCLUDE_DIRS=/usr/lib/python3/dist-packages/numpy/core/include
[0.641s] --   NUMPY_VERSION=1.21.5
[0.867s] -- Found Python3: /usr/bin/python3 (found version "3.10.12") found components: Interpreter Development.Module NumPy 
[0.868s] -- PythonLibraryDirs: 
[0.868s] -- PythonLibVersionString: 3.10.12
[0.891s] -- Python site lib: lib/python3.10/dist-packages
[0.891s] -- Python include dirs: /usr/include/python3.10
[0.940s] -- Checking for NumPy
[1.028s] --   NUMPY_INCLUDE_DIRS=/usr/lib/python3/dist-packages/numpy/core/include
[1.116s] --   NUMPY_VERSION=1.21.5
[1.116s] -- NumPy include dir: /usr/lib/python3/dist-packages/numpy/core/include
[1.120s] [33mCMake Warning at /usr/share/cmake-3.22/Modules/FindBoost.cmake:2201 (message):
[1.120s]   No header defined for python310; skipping header check (note: header-only
[1.120s]   libraries have no designated component)
[1.120s] Call Stack (most recent call first):
[1.120s]   /opt/ros/humble/lib/x86_64-linux-gnu/cmake/eigenpy/boost.cmake:144 (find_package)
[1.120s]   /opt/ros/humble/lib/x86_64-linux-gnu/cmake/eigenpy/eigenpyConfig.cmake:149 (SEARCH_FOR_BOOST_PYTHON)
[1.120s]   /usr/share/cmake-3.22/Modules/CMakeFindDependencyMacro.cmake:47 (find_package)
[1.120s]   /opt/ros/humble/lib/x86_64-linux-gnu/cmake/pinocchio/pinocchioConfig.cmake:160 (find_dependency)
[1.120s]   CMakeLists.txt:11 (find_package)
[1.120s] 
[1.120s] [0m
[1.120s] -- Found Boost: /usr/include (found version "1.74.0") found components: python310 
[1.120s] -- Boost_PYTHON_LIBRARY: /usr/lib/x86_64-linux-gnu/libboost_python310.so
[1.388s] -- Default C++ standard: 201703
[1.388s] -- C++ standard sufficient: Minimal required 11, currently defined: 17
[1.388s] -- CMAKE_CXX_STANDARD was not set: automatically set to currently defined standard 17
[1.389s] -- hpp-fcl FOUND. hpp-fcl at /opt/ros/humble/lib/x86_64-linux-gnu/libhpp-fcl.so
[1.394s] -- Found Boost: /usr/include (found version "1.74.0") found components: chrono serialization filesystem 
[1.395s] -- C++ standard sufficient: Minimal required 11, currently defined: 17
[1.396s] -- C++ standard sufficient: Minimal required 11, currently defined: 17
[1.399s] [33mCMake Warning at /usr/share/cmake-3.22/Modules/FindBoost.cmake:2201 (message):
[1.399s]   No header defined for python310; skipping header check (note: header-only
[1.399s]   libraries have no designated component)
[1.399s] Call Stack (most recent call first):
[1.399s]   CMakeLists.txt:13 (find_package)
[1.399s] 
[1.399s] [0m
[1.400s] -- Found Boost: /usr/include (found version "1.74.0") found components: python310 
[1.400s] -- Found mit_msgs: 0.0.0 (/home/xsm/R1_ws/install/mit_msgs/share/mit_msgs/cmake)
[1.434s] -- Found rosidl_default_generators: 1.2.0 (/opt/ros/humble/share/rosidl_default_generators/cmake)
[1.496s] -- Found Python3: /usr/bin/python3 (found version "3.10.12") found components: Interpreter 
[1.579s] [31mCMake Error at /opt/ros/humble/share/rosidl_adapter/cmake/rosidl_adapt_interfaces.cmake:59 (message):
[1.579s]   execute_process(/usr/bin/python3 -m rosidl_adapter --package-name
[1.579s]   armForwardkinematics --arguments-file
[1.579s]   /home/xsm/R1_ws/build/armForwardkinematics/rosidl_adapter__arguments__armForwardkinematics.json
[1.579s]   --output-dir
[1.579s]   /home/xsm/R1_ws/build/armForwardkinematics/rosidl_adapter/armForwardkinematics
[1.579s]   --output-file
[1.579s]   /home/xsm/R1_ws/build/armForwardkinematics/rosidl_adapter/armForwardkinematics.idls)
[1.579s]   returned error code 1:
[1.579s] 
[1.580s]   Traceback (most recent call last):
[1.580s] 
[1.580s]     File "/usr/lib/python3.10/runpy.py", line 196, in _run_module_as_main
[1.580s]       return _run_code(code, main_globals, None,
[1.580s]     File "/usr/lib/python3.10/runpy.py", line 86, in _run_code
[1.580s]       exec(code, run_globals)
[1.580s]     File "/opt/ros/humble/local/lib/python3.10/dist-packages/rosidl_adapter/__main__.py", line 19, in <module>
[1.580s]       sys.exit(main())
[1.580s]     File "/opt/ros/humble/local/lib/python3.10/dist-packages/rosidl_adapter/main.py", line 53, in main
[1.580s]       abs_idl_file = convert_to_idl(
[1.580s]     File "/opt/ros/humble/local/lib/python3.10/dist-packages/rosidl_adapter/__init__.py", line 19, in convert_to_idl
[1.580s]       return convert_msg_to_idl(
[1.580s]     File "/opt/ros/humble/local/lib/python3.10/dist-packages/rosidl_adapter/msg/__init__.py", line 28, in convert_msg_to_idl
[1.580s]       msg = parse_message_string(package_name, input_file.stem, content)
[1.580s]     File "/opt/ros/humble/local/lib/python3.10/dist-packages/rosidl_adapter/parser.py", line 544, in parse_message_string
[1.580s]       msg = MessageSpecification(pkg_name, msg_name, fields, constants)
[1.580s]     File "/opt/ros/humble/local/lib/python3.10/dist-packages/rosidl_adapter/parser.py", line 388, in __init__
[1.580s]       self.base_type = BaseType(
[1.580s]     File "/opt/ros/humble/local/lib/python3.10/dist-packages/rosidl_adapter/parser.py", line 201, in __init__
[1.580s]       raise InvalidResourceName(
[1.580s] 
[1.580s]   rosidl_adapter.parser.InvalidResourceName: 'armForwardkinematics' is an
[1.580s]   invalid package name.  It should have the pattern
[1.580s]   '^(?!.*__)(?!.*_$)[a-z][a-z0-9_]*$'
[1.581s] 
[1.581s] Call Stack (most recent call first):
[1.581s]   /opt/ros/humble/share/rosidl_cmake/cmake/rosidl_generate_interfaces.cmake:130 (rosidl_adapt_interfaces)
[1.581s]   CMakeLists.txt:22 (rosidl_generate_interfaces)
[1.581s] 
[1.581s] [0m
[1.581s] -- Configuring incomplete, errors occurred!
[1.581s] See also "/home/xsm/R1_ws/build/armForwardkinematics/CMakeFiles/CMakeOutput.log".
[1.588s] Invoked command in '/home/xsm/R1_ws/build/armForwardkinematics' returned '1': CMAKE_PREFIX_PATH=/home/xsm/R1_ws/install/mit_msgs:/home/xsm/R1_ws/install/optimal_control_problem:/home/xsm/R1_ws/install/arm_dynamics_hw:/home/xsm/R1_ws/install/armForwardkinematics:/home/xsm/R1_ws/install/lock_utils:/home/xsm/R1_ws/install/gui_pkg:/opt/ros/humble LD_LIBRARY_PATH=/home/xsm/R1_ws/install/mit_msgs/lib:/home/xsm/R1_ws/install/optimal_control_problem/lib:/home/xsm/R1_ws/install/lock_utils/lib:/usr/lib/x86_64-linux-gnu/gazebo-11/plugins:/opt/ros/humble/opt/rviz_ogre_vendor/lib:/opt/ros/humble/lib/x86_64-linux-gnu:/opt/ros/humble/lib:/usr/share/gazebo/../../lib/x86_64-linux-gnu/gazebo-11/plugins:/usr/lib/nvidia:/usr/share/gazebo/../../lib/x86_64-linux-gnu/gazebo-11/plugins:/usr/share/gazebo/../../lib/x86_64-linux-gnu/gazebo-11/plugins:/usr/lib/nvidia /usr/bin/cmake /home/xsm/R1_ws/src/armForwardkinematics -DCMAKE_INSTALL_PREFIX=/home/xsm/R1_ws/install/armForwardkinematics
