[0.021s] Invoking command in '/home/xsm/R1_ws/build/mit_msgs': CMAKE_PREFIX_PATH=${CMAKE_PREFIX_PATH}:/home/xsm/R1_ws/install/gui_pkg:/opt/ros/humble /usr/bin/cmake --build /home/xsm/R1_ws/build/mit_msgs -- -j16 -l16
[0.096s] [  2%] Built target mit_msgs__cpp
[0.097s] [ 12%] Built target mit_msgs__rosidl_generator_c
[0.112s] [ 12%] Built target ament_cmake_python_symlink_mit_msgs
[0.134s] [ 23%] Built target mit_msgs__rosidl_typesupport_introspection_c
[0.135s] [ 55%] Built target mit_msgs__rosidl_typesupport_c
[0.135s] [ 55%] Built target mit_msgs__rosidl_typesupport_cpp
[0.135s] [ 55%] Built target mit_msgs__rosidl_typesupport_introspection_cpp
[0.136s] [ 65%] Built target mit_msgs__rosidl_typesupport_fastrtps_c
[0.138s] [ 76%] Built target mit_msgs__rosidl_typesupport_fastrtps_cpp
[0.173s] [ 76%] Built target mit_msgs
[0.209s] [ 78%] Built target mit_msgs__py
[0.247s] [ 87%] Built target mit_msgs__rosidl_generator_py
[0.282s] [ 95%] Built target mit_msgs__rosidl_typesupport_c__pyext
[0.282s] [ 95%] Built target mit_msgs__rosidl_typesupport_fastrtps_c__pyext
[0.283s] [100%] Built target mit_msgs__rosidl_typesupport_introspection_c__pyext
[0.334s] running egg_info
[0.335s] writing mit_msgs.egg-info/PKG-INFO
[0.335s] writing dependency_links to mit_msgs.egg-info/dependency_links.txt
[0.335s] writing top-level names to mit_msgs.egg-info/top_level.txt
[0.337s] reading manifest file 'mit_msgs.egg-info/SOURCES.txt'
[0.337s] writing manifest file 'mit_msgs.egg-info/SOURCES.txt'
[0.386s] [100%] Built target ament_cmake_python_build_mit_msgs_egg
[0.403s] Invoked command in '/home/xsm/R1_ws/build/mit_msgs' returned '0': CMAKE_PREFIX_PATH=${CMAKE_PREFIX_PATH}:/home/xsm/R1_ws/install/gui_pkg:/opt/ros/humble /usr/bin/cmake --build /home/xsm/R1_ws/build/mit_msgs -- -j16 -l16
[0.689s] Invoking command in '/home/xsm/R1_ws/build/mit_msgs': CMAKE_PREFIX_PATH=${CMAKE_PREFIX_PATH}:/home/xsm/R1_ws/install/gui_pkg:/opt/ros/humble /usr/bin/cmake --install /home/xsm/R1_ws/build/mit_msgs
[0.700s] -- Install configuration: ""
[0.701s] -- Execute custom install script
[0.701s] -- Up-to-date symlink: /home/xsm/R1_ws/install/mit_msgs/share/ament_index/resource_index/rosidl_interfaces/mit_msgs
[0.701s] -- Up-to-date symlink: /home/xsm/R1_ws/install/mit_msgs/include/mit_msgs/mit_msgs/msg/detail/mit_joint_command__functions.h
[0.701s] -- Up-to-date symlink: /home/xsm/R1_ws/install/mit_msgs/include/mit_msgs/mit_msgs/msg/detail/mit_joint_command__struct.h
[0.701s] -- Up-to-date symlink: /home/xsm/R1_ws/install/mit_msgs/include/mit_msgs/mit_msgs/msg/detail/mit_joint_command__type_support.h
[0.702s] -- Up-to-date symlink: /home/xsm/R1_ws/install/mit_msgs/include/mit_msgs/mit_msgs/msg/detail/mit_joint_commands__functions.h
[0.702s] -- Up-to-date symlink: /home/xsm/R1_ws/install/mit_msgs/include/mit_msgs/mit_msgs/msg/detail/mit_joint_commands__struct.h
[0.702s] -- Up-to-date symlink: /home/xsm/R1_ws/install/mit_msgs/include/mit_msgs/mit_msgs/msg/detail/mit_joint_commands__type_support.h
[0.702s] -- Up-to-date symlink: /home/xsm/R1_ws/install/mit_msgs/include/mit_msgs/mit_msgs/msg/detail/mit_low_state__functions.h
[0.702s] -- Up-to-date symlink: /home/xsm/R1_ws/install/mit_msgs/include/mit_msgs/mit_msgs/msg/detail/mit_low_state__struct.h
[0.702s] -- Up-to-date symlink: /home/xsm/R1_ws/install/mit_msgs/include/mit_msgs/mit_msgs/msg/detail/mit_low_state__type_support.h
[0.702s] -- Up-to-date symlink: /home/xsm/R1_ws/install/mit_msgs/include/mit_msgs/mit_msgs/msg/mit_joint_command.h
[0.703s] -- Up-to-date symlink: /home/xsm/R1_ws/install/mit_msgs/include/mit_msgs/mit_msgs/msg/mit_joint_commands.h
[0.703s] -- Up-to-date symlink: /home/xsm/R1_ws/install/mit_msgs/include/mit_msgs/mit_msgs/msg/mit_low_state.h
[0.703s] -- Up-to-date symlink: /home/xsm/R1_ws/install/mit_msgs/include/mit_msgs/mit_msgs/msg/rosidl_generator_c__visibility_control.h
[0.703s] -- Up-to-date symlink: /home/xsm/R1_ws/install/mit_msgs/share/mit_msgs/environment/library_path.sh
[0.703s] -- Up-to-date symlink: /home/xsm/R1_ws/install/mit_msgs/share/mit_msgs/environment/library_path.dsv
[0.704s] -- Up-to-date symlink: /home/xsm/R1_ws/install/mit_msgs/include/mit_msgs/mit_msgs/msg/detail/mit_joint_command__rosidl_typesupport_fastrtps_c.h
[0.704s] -- Up-to-date symlink: /home/xsm/R1_ws/install/mit_msgs/include/mit_msgs/mit_msgs/msg/detail/mit_joint_commands__rosidl_typesupport_fastrtps_c.h
[0.704s] -- Up-to-date symlink: /home/xsm/R1_ws/install/mit_msgs/include/mit_msgs/mit_msgs/msg/detail/mit_low_state__rosidl_typesupport_fastrtps_c.h
[0.704s] -- Up-to-date symlink: /home/xsm/R1_ws/install/mit_msgs/include/mit_msgs/mit_msgs/msg/rosidl_typesupport_fastrtps_c__visibility_control.h
[0.704s] -- Up-to-date symlink: /home/xsm/R1_ws/install/mit_msgs/include/mit_msgs/mit_msgs/msg/detail/mit_joint_command__builder.hpp
[0.704s] -- Up-to-date symlink: /home/xsm/R1_ws/install/mit_msgs/include/mit_msgs/mit_msgs/msg/detail/mit_joint_command__struct.hpp
[0.705s] -- Up-to-date symlink: /home/xsm/R1_ws/install/mit_msgs/include/mit_msgs/mit_msgs/msg/detail/mit_joint_command__traits.hpp
[0.705s] -- Up-to-date symlink: /home/xsm/R1_ws/install/mit_msgs/include/mit_msgs/mit_msgs/msg/detail/mit_joint_commands__builder.hpp
[0.705s] -- Up-to-date symlink: /home/xsm/R1_ws/install/mit_msgs/include/mit_msgs/mit_msgs/msg/detail/mit_joint_commands__struct.hpp
[0.705s] -- Up-to-date symlink: /home/xsm/R1_ws/install/mit_msgs/include/mit_msgs/mit_msgs/msg/detail/mit_joint_commands__traits.hpp
[0.705s] -- Up-to-date symlink: /home/xsm/R1_ws/install/mit_msgs/include/mit_msgs/mit_msgs/msg/detail/mit_low_state__builder.hpp
[0.705s] -- Up-to-date symlink: /home/xsm/R1_ws/install/mit_msgs/include/mit_msgs/mit_msgs/msg/detail/mit_low_state__struct.hpp
[0.705s] -- Up-to-date symlink: /home/xsm/R1_ws/install/mit_msgs/include/mit_msgs/mit_msgs/msg/detail/mit_low_state__traits.hpp
[0.705s] -- Up-to-date symlink: /home/xsm/R1_ws/install/mit_msgs/include/mit_msgs/mit_msgs/msg/mit_joint_command.hpp
[0.706s] -- Up-to-date symlink: /home/xsm/R1_ws/install/mit_msgs/include/mit_msgs/mit_msgs/msg/mit_joint_commands.hpp
[0.706s] -- Up-to-date symlink: /home/xsm/R1_ws/install/mit_msgs/include/mit_msgs/mit_msgs/msg/mit_low_state.hpp
[0.706s] -- Up-to-date symlink: /home/xsm/R1_ws/install/mit_msgs/include/mit_msgs/mit_msgs/msg/detail/mit_joint_command__rosidl_typesupport_fastrtps_cpp.hpp
[0.706s] -- Up-to-date symlink: /home/xsm/R1_ws/install/mit_msgs/include/mit_msgs/mit_msgs/msg/detail/mit_joint_commands__rosidl_typesupport_fastrtps_cpp.hpp
[0.706s] -- Up-to-date symlink: /home/xsm/R1_ws/install/mit_msgs/include/mit_msgs/mit_msgs/msg/detail/mit_low_state__rosidl_typesupport_fastrtps_cpp.hpp
[0.706s] -- Up-to-date symlink: /home/xsm/R1_ws/install/mit_msgs/include/mit_msgs/mit_msgs/msg/rosidl_typesupport_fastrtps_cpp__visibility_control.h
[0.707s] -- Up-to-date symlink: /home/xsm/R1_ws/install/mit_msgs/include/mit_msgs/mit_msgs/msg/detail/mit_joint_command__rosidl_typesupport_introspection_c.h
[0.707s] -- Up-to-date symlink: /home/xsm/R1_ws/install/mit_msgs/include/mit_msgs/mit_msgs/msg/detail/mit_joint_commands__rosidl_typesupport_introspection_c.h
[0.707s] -- Up-to-date symlink: /home/xsm/R1_ws/install/mit_msgs/include/mit_msgs/mit_msgs/msg/detail/mit_low_state__rosidl_typesupport_introspection_c.h
[0.707s] -- Up-to-date symlink: /home/xsm/R1_ws/install/mit_msgs/include/mit_msgs/mit_msgs/msg/rosidl_typesupport_introspection_c__visibility_control.h
[0.707s] -- Up-to-date symlink: /home/xsm/R1_ws/install/mit_msgs/include/mit_msgs/mit_msgs/msg/detail/mit_joint_command__rosidl_typesupport_introspection_cpp.hpp
[0.707s] -- Up-to-date symlink: /home/xsm/R1_ws/install/mit_msgs/include/mit_msgs/mit_msgs/msg/detail/mit_joint_commands__rosidl_typesupport_introspection_cpp.hpp
[0.707s] -- Up-to-date symlink: /home/xsm/R1_ws/install/mit_msgs/include/mit_msgs/mit_msgs/msg/detail/mit_low_state__rosidl_typesupport_introspection_cpp.hpp
[0.707s] -- Up-to-date symlink: /home/xsm/R1_ws/install/mit_msgs/share/mit_msgs/environment/pythonpath.sh
[0.708s] -- Up-to-date symlink: /home/xsm/R1_ws/install/mit_msgs/share/mit_msgs/environment/pythonpath.dsv
[0.708s] -- Up-to-date symlink: /home/xsm/R1_ws/install/mit_msgs/local/lib/python3.10/dist-packages/mit_msgs-0.0.0-py3.10.egg-info/PKG-INFO
[0.708s] -- Up-to-date symlink: /home/xsm/R1_ws/install/mit_msgs/local/lib/python3.10/dist-packages/mit_msgs-0.0.0-py3.10.egg-info/SOURCES.txt
[0.708s] -- Up-to-date symlink: /home/xsm/R1_ws/install/mit_msgs/local/lib/python3.10/dist-packages/mit_msgs-0.0.0-py3.10.egg-info/dependency_links.txt
[0.708s] -- Up-to-date symlink: /home/xsm/R1_ws/install/mit_msgs/local/lib/python3.10/dist-packages/mit_msgs-0.0.0-py3.10.egg-info/top_level.txt
[0.708s] -- Up-to-date symlink: /home/xsm/R1_ws/install/mit_msgs/local/lib/python3.10/dist-packages/mit_msgs/__init__.py
[0.709s] -- Up-to-date symlink: /home/xsm/R1_ws/install/mit_msgs/local/lib/python3.10/dist-packages/mit_msgs/_mit_msgs_s.ep.rosidl_typesupport_c.c
[0.709s] -- Up-to-date symlink: /home/xsm/R1_ws/install/mit_msgs/local/lib/python3.10/dist-packages/mit_msgs/_mit_msgs_s.ep.rosidl_typesupport_fastrtps_c.c
[0.709s] -- Up-to-date symlink: /home/xsm/R1_ws/install/mit_msgs/local/lib/python3.10/dist-packages/mit_msgs/_mit_msgs_s.ep.rosidl_typesupport_introspection_c.c
[0.709s] -- Up-to-date symlink: /home/xsm/R1_ws/install/mit_msgs/local/lib/python3.10/dist-packages/mit_msgs/libmit_msgs__rosidl_generator_py.so
[0.709s] -- Up-to-date symlink: /home/xsm/R1_ws/install/mit_msgs/local/lib/python3.10/dist-packages/mit_msgs/mit_msgs_s__rosidl_typesupport_c.cpython-310-x86_64-linux-gnu.so
[0.709s] -- Up-to-date symlink: /home/xsm/R1_ws/install/mit_msgs/local/lib/python3.10/dist-packages/mit_msgs/mit_msgs_s__rosidl_typesupport_fastrtps_c.cpython-310-x86_64-linux-gnu.so
[0.709s] -- Up-to-date symlink: /home/xsm/R1_ws/install/mit_msgs/local/lib/python3.10/dist-packages/mit_msgs/mit_msgs_s__rosidl_typesupport_introspection_c.cpython-310-x86_64-linux-gnu.so
[0.709s] -- Up-to-date symlink: /home/xsm/R1_ws/install/mit_msgs/local/lib/python3.10/dist-packages/mit_msgs/msg/__init__.py
[0.709s] -- Up-to-date symlink: /home/xsm/R1_ws/install/mit_msgs/local/lib/python3.10/dist-packages/mit_msgs/msg/_mit_joint_command.py
[0.710s] -- Up-to-date symlink: /home/xsm/R1_ws/install/mit_msgs/local/lib/python3.10/dist-packages/mit_msgs/msg/_mit_joint_command_s.c
[0.710s] -- Up-to-date symlink: /home/xsm/R1_ws/install/mit_msgs/local/lib/python3.10/dist-packages/mit_msgs/msg/_mit_joint_commands.py
[0.710s] -- Up-to-date symlink: /home/xsm/R1_ws/install/mit_msgs/local/lib/python3.10/dist-packages/mit_msgs/msg/_mit_joint_commands_s.c
[0.710s] -- Up-to-date symlink: /home/xsm/R1_ws/install/mit_msgs/local/lib/python3.10/dist-packages/mit_msgs/msg/_mit_low_state.py
[0.710s] -- Up-to-date symlink: /home/xsm/R1_ws/install/mit_msgs/local/lib/python3.10/dist-packages/mit_msgs/msg/_mit_low_state_s.c
[0.710s] -- Up-to-date symlink: /home/xsm/R1_ws/install/mit_msgs/local/lib/python3.10/dist-packages/mit_msgs/mit_msgs_s__rosidl_typesupport_fastrtps_c.cpython-310-x86_64-linux-gnu.so
[0.710s] -- Up-to-date symlink: /home/xsm/R1_ws/install/mit_msgs/local/lib/python3.10/dist-packages/mit_msgs/mit_msgs_s__rosidl_typesupport_introspection_c.cpython-310-x86_64-linux-gnu.so
[0.710s] -- Up-to-date symlink: /home/xsm/R1_ws/install/mit_msgs/local/lib/python3.10/dist-packages/mit_msgs/mit_msgs_s__rosidl_typesupport_c.cpython-310-x86_64-linux-gnu.so
[0.711s] -- Up-to-date symlink: /home/xsm/R1_ws/install/mit_msgs/share/mit_msgs/msg/MITJointCommand.idl
[0.711s] -- Up-to-date symlink: /home/xsm/R1_ws/install/mit_msgs/share/mit_msgs/msg/MITJointCommands.idl
[0.711s] -- Up-to-date symlink: /home/xsm/R1_ws/install/mit_msgs/share/mit_msgs/msg/MITLowState.idl
[0.711s] -- Up-to-date symlink: /home/xsm/R1_ws/install/mit_msgs/share/mit_msgs/msg/MITJointCommand.msg
[0.711s] -- Up-to-date symlink: /home/xsm/R1_ws/install/mit_msgs/share/mit_msgs/msg/MITJointCommands.msg
[0.711s] -- Up-to-date symlink: /home/xsm/R1_ws/install/mit_msgs/share/mit_msgs/msg/MITLowState.msg
[0.711s] -- Up-to-date symlink: /home/xsm/R1_ws/install/mit_msgs/share/ament_index/resource_index/package_run_dependencies/mit_msgs
[0.711s] -- Up-to-date symlink: /home/xsm/R1_ws/install/mit_msgs/share/ament_index/resource_index/parent_prefix_path/mit_msgs
[0.712s] -- Up-to-date symlink: /home/xsm/R1_ws/install/mit_msgs/share/mit_msgs/environment/ament_prefix_path.sh
[0.712s] -- Up-to-date symlink: /home/xsm/R1_ws/install/mit_msgs/share/mit_msgs/environment/ament_prefix_path.dsv
[0.712s] -- Up-to-date symlink: /home/xsm/R1_ws/install/mit_msgs/share/mit_msgs/environment/path.sh
[0.712s] -- Up-to-date symlink: /home/xsm/R1_ws/install/mit_msgs/share/mit_msgs/environment/path.dsv
[0.712s] -- Up-to-date symlink: /home/xsm/R1_ws/install/mit_msgs/share/mit_msgs/local_setup.bash
[0.712s] -- Up-to-date symlink: /home/xsm/R1_ws/install/mit_msgs/share/mit_msgs/local_setup.sh
[0.713s] -- Up-to-date symlink: /home/xsm/R1_ws/install/mit_msgs/share/mit_msgs/local_setup.zsh
[0.713s] -- Up-to-date symlink: /home/xsm/R1_ws/install/mit_msgs/share/mit_msgs/local_setup.dsv
[0.713s] -- Symlinking: /home/xsm/R1_ws/install/mit_msgs/share/mit_msgs/package.dsv
[0.724s] -- Up-to-date symlink: /home/xsm/R1_ws/install/mit_msgs/share/ament_index/resource_index/packages/mit_msgs
[0.724s] -- Up-to-date symlink: /home/xsm/R1_ws/install/mit_msgs/share/mit_msgs/cmake/rosidl_cmake-extras.cmake
[0.725s] -- Up-to-date symlink: /home/xsm/R1_ws/install/mit_msgs/share/mit_msgs/cmake/ament_cmake_export_dependencies-extras.cmake
[0.725s] -- Up-to-date symlink: /home/xsm/R1_ws/install/mit_msgs/share/mit_msgs/cmake/ament_cmake_export_include_directories-extras.cmake
[0.725s] -- Up-to-date symlink: /home/xsm/R1_ws/install/mit_msgs/share/mit_msgs/cmake/ament_cmake_export_libraries-extras.cmake
[0.725s] -- Up-to-date symlink: /home/xsm/R1_ws/install/mit_msgs/share/mit_msgs/cmake/ament_cmake_export_targets-extras.cmake
[0.725s] -- Up-to-date symlink: /home/xsm/R1_ws/install/mit_msgs/share/mit_msgs/cmake/rosidl_cmake_export_typesupport_targets-extras.cmake
[0.725s] -- Up-to-date symlink: /home/xsm/R1_ws/install/mit_msgs/share/mit_msgs/cmake/rosidl_cmake_export_typesupport_libraries-extras.cmake
[0.725s] -- Up-to-date symlink: /home/xsm/R1_ws/install/mit_msgs/share/mit_msgs/cmake/mit_msgsConfig.cmake
[0.726s] -- Up-to-date symlink: /home/xsm/R1_ws/install/mit_msgs/share/mit_msgs/cmake/mit_msgsConfig-version.cmake
[0.726s] -- Up-to-date symlink: /home/xsm/R1_ws/install/mit_msgs/share/mit_msgs/package.xml
[0.726s] -- Up-to-date: /home/xsm/R1_ws/install/mit_msgs/lib/libmit_msgs__rosidl_generator_c.so
[0.726s] -- Up-to-date: /home/xsm/R1_ws/install/mit_msgs/lib/libmit_msgs__rosidl_typesupport_fastrtps_c.so
[0.727s] -- Up-to-date: /home/xsm/R1_ws/install/mit_msgs/lib/libmit_msgs__rosidl_typesupport_fastrtps_cpp.so
[0.727s] -- Up-to-date: /home/xsm/R1_ws/install/mit_msgs/lib/libmit_msgs__rosidl_typesupport_introspection_c.so
[0.727s] -- Up-to-date: /home/xsm/R1_ws/install/mit_msgs/lib/libmit_msgs__rosidl_typesupport_c.so
[0.728s] -- Up-to-date: /home/xsm/R1_ws/install/mit_msgs/lib/libmit_msgs__rosidl_typesupport_introspection_cpp.so
[0.728s] -- Up-to-date: /home/xsm/R1_ws/install/mit_msgs/lib/libmit_msgs__rosidl_typesupport_cpp.so
[0.757s] Listing '/home/xsm/R1_ws/install/mit_msgs/local/lib/python3.10/dist-packages/mit_msgs'...
[0.757s] Listing '/home/xsm/R1_ws/install/mit_msgs/local/lib/python3.10/dist-packages/mit_msgs/msg'...
[0.762s] -- Up-to-date: /home/xsm/R1_ws/install/mit_msgs/lib/libmit_msgs__rosidl_generator_py.so
[0.762s] -- Up-to-date: /home/xsm/R1_ws/install/mit_msgs/share/mit_msgs/cmake/export_mit_msgs__rosidl_generator_cExport.cmake
[0.762s] -- Up-to-date: /home/xsm/R1_ws/install/mit_msgs/share/mit_msgs/cmake/export_mit_msgs__rosidl_generator_cExport-noconfig.cmake
[0.763s] -- Up-to-date: /home/xsm/R1_ws/install/mit_msgs/share/mit_msgs/cmake/export_mit_msgs__rosidl_typesupport_fastrtps_cExport.cmake
[0.763s] -- Up-to-date: /home/xsm/R1_ws/install/mit_msgs/share/mit_msgs/cmake/export_mit_msgs__rosidl_typesupport_fastrtps_cExport-noconfig.cmake
[0.763s] -- Up-to-date: /home/xsm/R1_ws/install/mit_msgs/share/mit_msgs/cmake/export_mit_msgs__rosidl_generator_cppExport.cmake
[0.763s] -- Up-to-date: /home/xsm/R1_ws/install/mit_msgs/share/mit_msgs/cmake/export_mit_msgs__rosidl_typesupport_fastrtps_cppExport.cmake
[0.763s] -- Up-to-date: /home/xsm/R1_ws/install/mit_msgs/share/mit_msgs/cmake/export_mit_msgs__rosidl_typesupport_fastrtps_cppExport-noconfig.cmake
[0.763s] -- Up-to-date: /home/xsm/R1_ws/install/mit_msgs/share/mit_msgs/cmake/mit_msgs__rosidl_typesupport_introspection_cExport.cmake
[0.763s] -- Up-to-date: /home/xsm/R1_ws/install/mit_msgs/share/mit_msgs/cmake/mit_msgs__rosidl_typesupport_introspection_cExport-noconfig.cmake
[0.763s] -- Up-to-date: /home/xsm/R1_ws/install/mit_msgs/share/mit_msgs/cmake/mit_msgs__rosidl_typesupport_cExport.cmake
[0.763s] -- Up-to-date: /home/xsm/R1_ws/install/mit_msgs/share/mit_msgs/cmake/mit_msgs__rosidl_typesupport_cExport-noconfig.cmake
[0.763s] -- Up-to-date: /home/xsm/R1_ws/install/mit_msgs/share/mit_msgs/cmake/mit_msgs__rosidl_typesupport_introspection_cppExport.cmake
[0.763s] -- Up-to-date: /home/xsm/R1_ws/install/mit_msgs/share/mit_msgs/cmake/mit_msgs__rosidl_typesupport_introspection_cppExport-noconfig.cmake
[0.763s] -- Up-to-date: /home/xsm/R1_ws/install/mit_msgs/share/mit_msgs/cmake/mit_msgs__rosidl_typesupport_cppExport.cmake
[0.764s] -- Up-to-date: /home/xsm/R1_ws/install/mit_msgs/share/mit_msgs/cmake/mit_msgs__rosidl_typesupport_cppExport-noconfig.cmake
[0.764s] -- Up-to-date: /home/xsm/R1_ws/install/mit_msgs/share/mit_msgs/cmake/export_mit_msgs__rosidl_generator_pyExport.cmake
[0.764s] -- Up-to-date: /home/xsm/R1_ws/install/mit_msgs/share/mit_msgs/cmake/export_mit_msgs__rosidl_generator_pyExport-noconfig.cmake
[0.765s] Invoked command in '/home/xsm/R1_ws/build/mit_msgs' returned '0': CMAKE_PREFIX_PATH=${CMAKE_PREFIX_PATH}:/home/xsm/R1_ws/install/gui_pkg:/opt/ros/humble /usr/bin/cmake --install /home/xsm/R1_ws/build/mit_msgs
