[0.077s] DEBUG:colcon:Command line arguments: ['/usr/bin/colcon', 'build', '--symlink-install']
[0.077s] DEBUG:colcon:Parsed command line arguments: Namespace(log_base=None, log_level=None, verb_name='build', build_base='build', install_base='install', merge_install=False, symlink_install=True, test_result_base=None, continue_on_error=False, executor='parallel', parallel_workers=16, event_handlers=None, ignore_user_meta=False, metas=['./colcon.meta'], base_paths=['.'], packages_ignore=None, packages_ignore_regex=None, paths=None, packages_up_to=None, packages_up_to_regex=None, packages_above=None, packages_above_and_dependencies=None, packages_above_depth=None, packages_select_by_dep=None, packages_skip_by_dep=None, packages_skip_up_to=None, packages_select_build_failed=False, packages_skip_build_finished=False, packages_select_test_failures=False, packages_skip_test_passed=False, packages_select=None, packages_skip=None, packages_select_regex=None, packages_skip_regex=None, packages_start=None, packages_end=None, allow_overriding=[], cmake_args=None, cmake_target=None, cmake_target_skip_unavailable=False, cmake_clean_cache=False, cmake_clean_first=False, cmake_force_configure=False, ament_cmake_args=None, catkin_cmake_args=None, catkin_skip_building_tests=False, verb_parser=<colcon_defaults.argument_parser.defaults.DefaultArgumentsDecorator object at 0x782902364790>, verb_extension=<colcon_core.verb.build.BuildVerb object at 0x78290246d3c0>, main=<bound method BuildVerb.main of <colcon_core.verb.build.BuildVerb object at 0x78290246d3c0>>)
[0.203s] Level 1:colcon.colcon_core.package_discovery:discover_packages(colcon_meta) check parameters
[0.203s] Level 1:colcon.colcon_core.package_discovery:discover_packages(recursive) check parameters
[0.203s] Level 1:colcon.colcon_core.package_discovery:discover_packages(ignore) check parameters
[0.203s] Level 1:colcon.colcon_core.package_discovery:discover_packages(path) check parameters
[0.203s] Level 1:colcon.colcon_core.package_discovery:discover_packages(colcon_meta) discover
[0.203s] Level 1:colcon.colcon_core.package_discovery:discover_packages(recursive) discover
[0.204s] INFO:colcon.colcon_core.package_discovery:Crawling recursively for packages in '/home/xsm/R1_ws'
[0.204s] Level 1:colcon.colcon_core.package_identification:_identify(.) by extensions ['ignore', 'ignore_ament_install']
[0.204s] Level 1:colcon.colcon_core.package_identification:_identify(.) by extension 'ignore'
[0.204s] Level 1:colcon.colcon_core.package_identification:_identify(.) by extension 'ignore_ament_install'
[0.204s] Level 1:colcon.colcon_core.package_identification:_identify(.) by extensions ['colcon_pkg']
[0.204s] Level 1:colcon.colcon_core.package_identification:_identify(.) by extension 'colcon_pkg'
[0.204s] Level 1:colcon.colcon_core.package_identification:_identify(.) by extensions ['colcon_meta']
[0.204s] Level 1:colcon.colcon_core.package_identification:_identify(.) by extension 'colcon_meta'
[0.204s] Level 1:colcon.colcon_core.package_identification:_identify(.) by extensions ['ros']
[0.204s] Level 1:colcon.colcon_core.package_identification:_identify(.) by extension 'ros'
[0.212s] Level 1:colcon.colcon_core.package_identification:_identify(.) by extensions ['cmake', 'python']
[0.212s] Level 1:colcon.colcon_core.package_identification:_identify(.) by extension 'cmake'
[0.212s] Level 1:colcon.colcon_core.package_identification:_identify(.) by extension 'python'
[0.212s] Level 1:colcon.colcon_core.package_identification:_identify(.) by extensions ['python_setup_py']
[0.212s] Level 1:colcon.colcon_core.package_identification:_identify(.) by extension 'python_setup_py'
[0.212s] Level 1:colcon.colcon_core.package_identification:_identify(build) by extensions ['ignore', 'ignore_ament_install']
[0.212s] Level 1:colcon.colcon_core.package_identification:_identify(build) by extension 'ignore'
[0.212s] Level 1:colcon.colcon_core.package_identification:_identify(build) ignored
[0.213s] Level 1:colcon.colcon_core.package_identification:_identify(install) by extensions ['ignore', 'ignore_ament_install']
[0.213s] Level 1:colcon.colcon_core.package_identification:_identify(install) by extension 'ignore'
[0.213s] Level 1:colcon.colcon_core.package_identification:_identify(install) ignored
[0.213s] Level 1:colcon.colcon_core.package_identification:_identify(log) by extensions ['ignore', 'ignore_ament_install']
[0.213s] Level 1:colcon.colcon_core.package_identification:_identify(log) by extension 'ignore'
[0.213s] Level 1:colcon.colcon_core.package_identification:_identify(log) ignored
[0.213s] Level 1:colcon.colcon_core.package_identification:_identify(src) by extensions ['ignore', 'ignore_ament_install']
[0.213s] Level 1:colcon.colcon_core.package_identification:_identify(src) by extension 'ignore'
[0.213s] Level 1:colcon.colcon_core.package_identification:_identify(src) by extension 'ignore_ament_install'
[0.213s] Level 1:colcon.colcon_core.package_identification:_identify(src) by extensions ['colcon_pkg']
[0.213s] Level 1:colcon.colcon_core.package_identification:_identify(src) by extension 'colcon_pkg'
[0.213s] Level 1:colcon.colcon_core.package_identification:_identify(src) by extensions ['colcon_meta']
[0.213s] Level 1:colcon.colcon_core.package_identification:_identify(src) by extension 'colcon_meta'
[0.213s] Level 1:colcon.colcon_core.package_identification:_identify(src) by extensions ['ros']
[0.213s] Level 1:colcon.colcon_core.package_identification:_identify(src) by extension 'ros'
[0.213s] Level 1:colcon.colcon_core.package_identification:_identify(src) by extensions ['cmake', 'python']
[0.213s] Level 1:colcon.colcon_core.package_identification:_identify(src) by extension 'cmake'
[0.213s] Level 1:colcon.colcon_core.package_identification:_identify(src) by extension 'python'
[0.213s] Level 1:colcon.colcon_core.package_identification:_identify(src) by extensions ['python_setup_py']
[0.213s] Level 1:colcon.colcon_core.package_identification:_identify(src) by extension 'python_setup_py'
[0.214s] Level 1:colcon.colcon_core.package_identification:_identify(src/armForwardkinematics) by extensions ['ignore', 'ignore_ament_install']
[0.214s] Level 1:colcon.colcon_core.package_identification:_identify(src/armForwardkinematics) by extension 'ignore'
[0.214s] Level 1:colcon.colcon_core.package_identification:_identify(src/armForwardkinematics) by extension 'ignore_ament_install'
[0.214s] Level 1:colcon.colcon_core.package_identification:_identify(src/armForwardkinematics) by extensions ['colcon_pkg']
[0.214s] Level 1:colcon.colcon_core.package_identification:_identify(src/armForwardkinematics) by extension 'colcon_pkg'
[0.214s] Level 1:colcon.colcon_core.package_identification:_identify(src/armForwardkinematics) by extensions ['colcon_meta']
[0.214s] Level 1:colcon.colcon_core.package_identification:_identify(src/armForwardkinematics) by extension 'colcon_meta'
[0.214s] Level 1:colcon.colcon_core.package_identification:_identify(src/armForwardkinematics) by extensions ['ros']
[0.214s] Level 1:colcon.colcon_core.package_identification:_identify(src/armForwardkinematics) by extension 'ros'
[0.215s] DEBUG:colcon.colcon_core.package_identification:Package 'src/armForwardkinematics' with type 'ros.ament_cmake' and name 'armForwardkinematics'
[0.216s] Level 1:colcon.colcon_core.package_identification:_identify(src/arm_dynamics_hw) by extensions ['ignore', 'ignore_ament_install']
[0.216s] Level 1:colcon.colcon_core.package_identification:_identify(src/arm_dynamics_hw) by extension 'ignore'
[0.216s] Level 1:colcon.colcon_core.package_identification:_identify(src/arm_dynamics_hw) by extension 'ignore_ament_install'
[0.216s] Level 1:colcon.colcon_core.package_identification:_identify(src/arm_dynamics_hw) by extensions ['colcon_pkg']
[0.216s] Level 1:colcon.colcon_core.package_identification:_identify(src/arm_dynamics_hw) by extension 'colcon_pkg'
[0.216s] Level 1:colcon.colcon_core.package_identification:_identify(src/arm_dynamics_hw) by extensions ['colcon_meta']
[0.216s] Level 1:colcon.colcon_core.package_identification:_identify(src/arm_dynamics_hw) by extension 'colcon_meta'
[0.216s] Level 1:colcon.colcon_core.package_identification:_identify(src/arm_dynamics_hw) by extensions ['ros']
[0.216s] Level 1:colcon.colcon_core.package_identification:_identify(src/arm_dynamics_hw) by extension 'ros'
[0.217s] DEBUG:colcon.colcon_core.package_identification:Package 'src/arm_dynamics_hw' with type 'ros.ament_cmake' and name 'arm_dynamics_hw'
[0.217s] Level 1:colcon.colcon_core.package_identification:_identify(src/gui_pkg) by extensions ['ignore', 'ignore_ament_install']
[0.217s] Level 1:colcon.colcon_core.package_identification:_identify(src/gui_pkg) by extension 'ignore'
[0.217s] Level 1:colcon.colcon_core.package_identification:_identify(src/gui_pkg) by extension 'ignore_ament_install'
[0.217s] Level 1:colcon.colcon_core.package_identification:_identify(src/gui_pkg) by extensions ['colcon_pkg']
[0.217s] Level 1:colcon.colcon_core.package_identification:_identify(src/gui_pkg) by extension 'colcon_pkg'
[0.217s] Level 1:colcon.colcon_core.package_identification:_identify(src/gui_pkg) by extensions ['colcon_meta']
[0.217s] Level 1:colcon.colcon_core.package_identification:_identify(src/gui_pkg) by extension 'colcon_meta'
[0.217s] Level 1:colcon.colcon_core.package_identification:_identify(src/gui_pkg) by extensions ['ros']
[0.217s] Level 1:colcon.colcon_core.package_identification:_identify(src/gui_pkg) by extension 'ros'
[0.217s] DEBUG:colcon.colcon_core.package_identification:Package 'src/gui_pkg' with type 'ros.ament_python' and name 'gui_pkg'
[0.218s] Level 1:colcon.colcon_core.package_identification:_identify(src/public) by extensions ['ignore', 'ignore_ament_install']
[0.218s] Level 1:colcon.colcon_core.package_identification:_identify(src/public) by extension 'ignore'
[0.218s] Level 1:colcon.colcon_core.package_identification:_identify(src/public) by extension 'ignore_ament_install'
[0.218s] Level 1:colcon.colcon_core.package_identification:_identify(src/public) by extensions ['colcon_pkg']
[0.218s] Level 1:colcon.colcon_core.package_identification:_identify(src/public) by extension 'colcon_pkg'
[0.218s] Level 1:colcon.colcon_core.package_identification:_identify(src/public) by extensions ['colcon_meta']
[0.218s] Level 1:colcon.colcon_core.package_identification:_identify(src/public) by extension 'colcon_meta'
[0.218s] Level 1:colcon.colcon_core.package_identification:_identify(src/public) by extensions ['ros']
[0.218s] Level 1:colcon.colcon_core.package_identification:_identify(src/public) by extension 'ros'
[0.218s] Level 1:colcon.colcon_core.package_identification:_identify(src/public) by extensions ['cmake', 'python']
[0.218s] Level 1:colcon.colcon_core.package_identification:_identify(src/public) by extension 'cmake'
[0.218s] Level 1:colcon.colcon_core.package_identification:_identify(src/public) by extension 'python'
[0.218s] Level 1:colcon.colcon_core.package_identification:_identify(src/public) by extensions ['python_setup_py']
[0.218s] Level 1:colcon.colcon_core.package_identification:_identify(src/public) by extension 'python_setup_py'
[0.218s] Level 1:colcon.colcon_core.package_identification:_identify(src/public/OptimalControlProblem) by extensions ['ignore', 'ignore_ament_install']
[0.218s] Level 1:colcon.colcon_core.package_identification:_identify(src/public/OptimalControlProblem) by extension 'ignore'
[0.218s] Level 1:colcon.colcon_core.package_identification:_identify(src/public/OptimalControlProblem) by extension 'ignore_ament_install'
[0.218s] Level 1:colcon.colcon_core.package_identification:_identify(src/public/OptimalControlProblem) by extensions ['colcon_pkg']
[0.218s] Level 1:colcon.colcon_core.package_identification:_identify(src/public/OptimalControlProblem) by extension 'colcon_pkg'
[0.218s] Level 1:colcon.colcon_core.package_identification:_identify(src/public/OptimalControlProblem) by extensions ['colcon_meta']
[0.218s] Level 1:colcon.colcon_core.package_identification:_identify(src/public/OptimalControlProblem) by extension 'colcon_meta'
[0.218s] Level 1:colcon.colcon_core.package_identification:_identify(src/public/OptimalControlProblem) by extensions ['ros']
[0.218s] Level 1:colcon.colcon_core.package_identification:_identify(src/public/OptimalControlProblem) by extension 'ros'
[0.219s] DEBUG:colcon.colcon_core.package_identification:Package 'src/public/OptimalControlProblem' with type 'ros.ament_cmake' and name 'optimal_control_problem'
[0.219s] Level 1:colcon.colcon_core.package_identification:_identify(src/public/lock_utils) by extensions ['ignore', 'ignore_ament_install']
[0.219s] Level 1:colcon.colcon_core.package_identification:_identify(src/public/lock_utils) by extension 'ignore'
[0.219s] Level 1:colcon.colcon_core.package_identification:_identify(src/public/lock_utils) by extension 'ignore_ament_install'
[0.219s] Level 1:colcon.colcon_core.package_identification:_identify(src/public/lock_utils) by extensions ['colcon_pkg']
[0.219s] Level 1:colcon.colcon_core.package_identification:_identify(src/public/lock_utils) by extension 'colcon_pkg'
[0.219s] Level 1:colcon.colcon_core.package_identification:_identify(src/public/lock_utils) by extensions ['colcon_meta']
[0.219s] Level 1:colcon.colcon_core.package_identification:_identify(src/public/lock_utils) by extension 'colcon_meta'
[0.219s] Level 1:colcon.colcon_core.package_identification:_identify(src/public/lock_utils) by extensions ['ros']
[0.219s] Level 1:colcon.colcon_core.package_identification:_identify(src/public/lock_utils) by extension 'ros'
[0.219s] DEBUG:colcon.colcon_core.package_identification:Package 'src/public/lock_utils' with type 'ros.ament_cmake' and name 'lock_utils'
[0.219s] Level 1:colcon.colcon_core.package_identification:_identify(src/public/mit_msgs) by extensions ['ignore', 'ignore_ament_install']
[0.220s] Level 1:colcon.colcon_core.package_identification:_identify(src/public/mit_msgs) by extension 'ignore'
[0.220s] Level 1:colcon.colcon_core.package_identification:_identify(src/public/mit_msgs) by extension 'ignore_ament_install'
[0.220s] Level 1:colcon.colcon_core.package_identification:_identify(src/public/mit_msgs) by extensions ['colcon_pkg']
[0.220s] Level 1:colcon.colcon_core.package_identification:_identify(src/public/mit_msgs) by extension 'colcon_pkg'
[0.220s] Level 1:colcon.colcon_core.package_identification:_identify(src/public/mit_msgs) by extensions ['colcon_meta']
[0.220s] Level 1:colcon.colcon_core.package_identification:_identify(src/public/mit_msgs) by extension 'colcon_meta'
[0.220s] Level 1:colcon.colcon_core.package_identification:_identify(src/public/mit_msgs) by extensions ['ros']
[0.220s] Level 1:colcon.colcon_core.package_identification:_identify(src/public/mit_msgs) by extension 'ros'
[0.220s] DEBUG:colcon.colcon_core.package_identification:Package 'src/public/mit_msgs' with type 'ros.ament_cmake' and name 'mit_msgs'
[0.220s] Level 1:colcon.colcon_core.package_discovery:discover_packages(recursive) using defaults
[0.220s] Level 1:colcon.colcon_core.package_discovery:discover_packages(ignore) discover
[0.220s] Level 1:colcon.colcon_core.package_discovery:discover_packages(ignore) using defaults
[0.220s] Level 1:colcon.colcon_core.package_discovery:discover_packages(path) discover
[0.220s] Level 1:colcon.colcon_core.package_discovery:discover_packages(path) using defaults
[0.244s] Level 1:colcon.colcon_core.package_discovery:discover_packages(prefix_path) check parameters
[0.244s] Level 1:colcon.colcon_core.package_discovery:discover_packages(prefix_path) discover
[0.246s] DEBUG:colcon.colcon_installed_package_information.package_discovery:Found 6 installed packages in /home/xsm/R1_ws/install
[0.247s] DEBUG:colcon.colcon_installed_package_information.package_discovery:Found 336 installed packages in /opt/ros/humble
[0.248s] Level 1:colcon.colcon_core.package_discovery:discover_packages(prefix_path) using defaults
[0.280s] Level 5:colcon.colcon_core.verb:set package 'gui_pkg' build argument 'cmake_args' from command line to 'None'
[0.280s] Level 5:colcon.colcon_core.verb:set package 'gui_pkg' build argument 'cmake_target' from command line to 'None'
[0.280s] Level 5:colcon.colcon_core.verb:set package 'gui_pkg' build argument 'cmake_target_skip_unavailable' from command line to 'False'
[0.280s] Level 5:colcon.colcon_core.verb:set package 'gui_pkg' build argument 'cmake_clean_cache' from command line to 'False'
[0.280s] Level 5:colcon.colcon_core.verb:set package 'gui_pkg' build argument 'cmake_clean_first' from command line to 'False'
[0.280s] Level 5:colcon.colcon_core.verb:set package 'gui_pkg' build argument 'cmake_force_configure' from command line to 'False'
[0.280s] Level 5:colcon.colcon_core.verb:set package 'gui_pkg' build argument 'ament_cmake_args' from command line to 'None'
[0.280s] Level 5:colcon.colcon_core.verb:set package 'gui_pkg' build argument 'catkin_cmake_args' from command line to 'None'
[0.280s] Level 5:colcon.colcon_core.verb:set package 'gui_pkg' build argument 'catkin_skip_building_tests' from command line to 'False'
[0.280s] DEBUG:colcon.colcon_core.verb:Building package 'gui_pkg' with the following arguments: {'ament_cmake_args': None, 'build_base': '/home/xsm/R1_ws/build/gui_pkg', 'catkin_cmake_args': None, 'catkin_skip_building_tests': False, 'cmake_args': None, 'cmake_clean_cache': False, 'cmake_clean_first': False, 'cmake_force_configure': False, 'cmake_target': None, 'cmake_target_skip_unavailable': False, 'install_base': '/home/xsm/R1_ws/install/gui_pkg', 'merge_install': False, 'path': '/home/xsm/R1_ws/src/gui_pkg', 'symlink_install': True, 'test_result_base': None}
[0.280s] Level 5:colcon.colcon_core.verb:set package 'lock_utils' build argument 'cmake_args' from command line to 'None'
[0.280s] Level 5:colcon.colcon_core.verb:set package 'lock_utils' build argument 'cmake_target' from command line to 'None'
[0.280s] Level 5:colcon.colcon_core.verb:set package 'lock_utils' build argument 'cmake_target_skip_unavailable' from command line to 'False'
[0.280s] Level 5:colcon.colcon_core.verb:set package 'lock_utils' build argument 'cmake_clean_cache' from command line to 'False'
[0.280s] Level 5:colcon.colcon_core.verb:set package 'lock_utils' build argument 'cmake_clean_first' from command line to 'False'
[0.280s] Level 5:colcon.colcon_core.verb:set package 'lock_utils' build argument 'cmake_force_configure' from command line to 'False'
[0.280s] Level 5:colcon.colcon_core.verb:set package 'lock_utils' build argument 'ament_cmake_args' from command line to 'None'
[0.280s] Level 5:colcon.colcon_core.verb:set package 'lock_utils' build argument 'catkin_cmake_args' from command line to 'None'
[0.280s] Level 5:colcon.colcon_core.verb:set package 'lock_utils' build argument 'catkin_skip_building_tests' from command line to 'False'
[0.280s] DEBUG:colcon.colcon_core.verb:Building package 'lock_utils' with the following arguments: {'ament_cmake_args': None, 'build_base': '/home/xsm/R1_ws/build/lock_utils', 'catkin_cmake_args': None, 'catkin_skip_building_tests': False, 'cmake_args': None, 'cmake_clean_cache': False, 'cmake_clean_first': False, 'cmake_force_configure': False, 'cmake_target': None, 'cmake_target_skip_unavailable': False, 'install_base': '/home/xsm/R1_ws/install/lock_utils', 'merge_install': False, 'path': '/home/xsm/R1_ws/src/public/lock_utils', 'symlink_install': True, 'test_result_base': None}
[0.281s] Level 5:colcon.colcon_core.verb:set package 'mit_msgs' build argument 'cmake_args' from command line to 'None'
[0.281s] Level 5:colcon.colcon_core.verb:set package 'mit_msgs' build argument 'cmake_target' from command line to 'None'
[0.281s] Level 5:colcon.colcon_core.verb:set package 'mit_msgs' build argument 'cmake_target_skip_unavailable' from command line to 'False'
[0.281s] Level 5:colcon.colcon_core.verb:set package 'mit_msgs' build argument 'cmake_clean_cache' from command line to 'False'
[0.281s] Level 5:colcon.colcon_core.verb:set package 'mit_msgs' build argument 'cmake_clean_first' from command line to 'False'
[0.281s] Level 5:colcon.colcon_core.verb:set package 'mit_msgs' build argument 'cmake_force_configure' from command line to 'False'
[0.281s] Level 5:colcon.colcon_core.verb:set package 'mit_msgs' build argument 'ament_cmake_args' from command line to 'None'
[0.281s] Level 5:colcon.colcon_core.verb:set package 'mit_msgs' build argument 'catkin_cmake_args' from command line to 'None'
[0.281s] Level 5:colcon.colcon_core.verb:set package 'mit_msgs' build argument 'catkin_skip_building_tests' from command line to 'False'
[0.281s] DEBUG:colcon.colcon_core.verb:Building package 'mit_msgs' with the following arguments: {'ament_cmake_args': None, 'build_base': '/home/xsm/R1_ws/build/mit_msgs', 'catkin_cmake_args': None, 'catkin_skip_building_tests': False, 'cmake_args': None, 'cmake_clean_cache': False, 'cmake_clean_first': False, 'cmake_force_configure': False, 'cmake_target': None, 'cmake_target_skip_unavailable': False, 'install_base': '/home/xsm/R1_ws/install/mit_msgs', 'merge_install': False, 'path': '/home/xsm/R1_ws/src/public/mit_msgs', 'symlink_install': True, 'test_result_base': None}
[0.281s] Level 5:colcon.colcon_core.verb:set package 'optimal_control_problem' build argument 'cmake_args' from command line to 'None'
[0.281s] Level 5:colcon.colcon_core.verb:set package 'optimal_control_problem' build argument 'cmake_target' from command line to 'None'
[0.281s] Level 5:colcon.colcon_core.verb:set package 'optimal_control_problem' build argument 'cmake_target_skip_unavailable' from command line to 'False'
[0.281s] Level 5:colcon.colcon_core.verb:set package 'optimal_control_problem' build argument 'cmake_clean_cache' from command line to 'False'
[0.281s] Level 5:colcon.colcon_core.verb:set package 'optimal_control_problem' build argument 'cmake_clean_first' from command line to 'False'
[0.281s] Level 5:colcon.colcon_core.verb:set package 'optimal_control_problem' build argument 'cmake_force_configure' from command line to 'False'
[0.281s] Level 5:colcon.colcon_core.verb:set package 'optimal_control_problem' build argument 'ament_cmake_args' from command line to 'None'
[0.281s] Level 5:colcon.colcon_core.verb:set package 'optimal_control_problem' build argument 'catkin_cmake_args' from command line to 'None'
[0.281s] Level 5:colcon.colcon_core.verb:set package 'optimal_control_problem' build argument 'catkin_skip_building_tests' from command line to 'False'
[0.281s] DEBUG:colcon.colcon_core.verb:Building package 'optimal_control_problem' with the following arguments: {'ament_cmake_args': None, 'build_base': '/home/xsm/R1_ws/build/optimal_control_problem', 'catkin_cmake_args': None, 'catkin_skip_building_tests': False, 'cmake_args': None, 'cmake_clean_cache': False, 'cmake_clean_first': False, 'cmake_force_configure': False, 'cmake_target': None, 'cmake_target_skip_unavailable': False, 'install_base': '/home/xsm/R1_ws/install/optimal_control_problem', 'merge_install': False, 'path': '/home/xsm/R1_ws/src/public/OptimalControlProblem', 'symlink_install': True, 'test_result_base': None}
[0.281s] Level 5:colcon.colcon_core.verb:set package 'armForwardkinematics' build argument 'cmake_args' from command line to 'None'
[0.281s] Level 5:colcon.colcon_core.verb:set package 'armForwardkinematics' build argument 'cmake_target' from command line to 'None'
[0.281s] Level 5:colcon.colcon_core.verb:set package 'armForwardkinematics' build argument 'cmake_target_skip_unavailable' from command line to 'False'
[0.281s] Level 5:colcon.colcon_core.verb:set package 'armForwardkinematics' build argument 'cmake_clean_cache' from command line to 'False'
[0.281s] Level 5:colcon.colcon_core.verb:set package 'armForwardkinematics' build argument 'cmake_clean_first' from command line to 'False'
[0.281s] Level 5:colcon.colcon_core.verb:set package 'armForwardkinematics' build argument 'cmake_force_configure' from command line to 'False'
[0.281s] Level 5:colcon.colcon_core.verb:set package 'armForwardkinematics' build argument 'ament_cmake_args' from command line to 'None'
[0.281s] Level 5:colcon.colcon_core.verb:set package 'armForwardkinematics' build argument 'catkin_cmake_args' from command line to 'None'
[0.282s] Level 5:colcon.colcon_core.verb:set package 'armForwardkinematics' build argument 'catkin_skip_building_tests' from command line to 'False'
[0.282s] DEBUG:colcon.colcon_core.verb:Building package 'armForwardkinematics' with the following arguments: {'ament_cmake_args': None, 'build_base': '/home/xsm/R1_ws/build/armForwardkinematics', 'catkin_cmake_args': None, 'catkin_skip_building_tests': False, 'cmake_args': None, 'cmake_clean_cache': False, 'cmake_clean_first': False, 'cmake_force_configure': False, 'cmake_target': None, 'cmake_target_skip_unavailable': False, 'install_base': '/home/xsm/R1_ws/install/armForwardkinematics', 'merge_install': False, 'path': '/home/xsm/R1_ws/src/armForwardkinematics', 'symlink_install': True, 'test_result_base': None}
[0.282s] Level 5:colcon.colcon_core.verb:set package 'arm_dynamics_hw' build argument 'cmake_args' from command line to 'None'
[0.282s] Level 5:colcon.colcon_core.verb:set package 'arm_dynamics_hw' build argument 'cmake_target' from command line to 'None'
[0.282s] Level 5:colcon.colcon_core.verb:set package 'arm_dynamics_hw' build argument 'cmake_target_skip_unavailable' from command line to 'False'
[0.282s] Level 5:colcon.colcon_core.verb:set package 'arm_dynamics_hw' build argument 'cmake_clean_cache' from command line to 'False'
[0.282s] Level 5:colcon.colcon_core.verb:set package 'arm_dynamics_hw' build argument 'cmake_clean_first' from command line to 'False'
[0.282s] Level 5:colcon.colcon_core.verb:set package 'arm_dynamics_hw' build argument 'cmake_force_configure' from command line to 'False'
[0.282s] Level 5:colcon.colcon_core.verb:set package 'arm_dynamics_hw' build argument 'ament_cmake_args' from command line to 'None'
[0.282s] Level 5:colcon.colcon_core.verb:set package 'arm_dynamics_hw' build argument 'catkin_cmake_args' from command line to 'None'
[0.282s] Level 5:colcon.colcon_core.verb:set package 'arm_dynamics_hw' build argument 'catkin_skip_building_tests' from command line to 'False'
[0.282s] DEBUG:colcon.colcon_core.verb:Building package 'arm_dynamics_hw' with the following arguments: {'ament_cmake_args': None, 'build_base': '/home/xsm/R1_ws/build/arm_dynamics_hw', 'catkin_cmake_args': None, 'catkin_skip_building_tests': False, 'cmake_args': None, 'cmake_clean_cache': False, 'cmake_clean_first': False, 'cmake_force_configure': False, 'cmake_target': None, 'cmake_target_skip_unavailable': False, 'install_base': '/home/xsm/R1_ws/install/arm_dynamics_hw', 'merge_install': False, 'path': '/home/xsm/R1_ws/src/arm_dynamics_hw', 'symlink_install': True, 'test_result_base': None}
[0.282s] INFO:colcon.colcon_core.executor:Executing jobs using 'parallel' executor
[0.283s] DEBUG:colcon.colcon_parallel_executor.executor.parallel:run_until_complete
[0.283s] INFO:colcon.colcon_ros.task.ament_cmake.build:Building ROS package in '/home/xsm/R1_ws/src/public/mit_msgs' with build type 'ament_cmake'
[0.283s] INFO:colcon.colcon_cmake.task.cmake.build:Building CMake package in '/home/xsm/R1_ws/src/public/mit_msgs'
[0.284s] INFO:colcon.colcon_core.plugin_system:Skipping extension 'colcon_core.shell.bat': Not used on non-Windows systems
[0.285s] INFO:colcon.colcon_core.shell:Skip shell extension 'powershell' for command environment: Not usable outside of PowerShell
[0.285s] DEBUG:colcon.colcon_core.shell:Skip shell extension 'dsv' for command environment
[0.287s] INFO:colcon.colcon_ros.task.ament_cmake.build:Building ROS package in '/home/xsm/R1_ws/src/public/lock_utils' with build type 'ament_cmake'
[0.288s] INFO:colcon.colcon_cmake.task.cmake.build:Building CMake package in '/home/xsm/R1_ws/src/public/lock_utils'
[0.288s] INFO:colcon.colcon_core.shell:Skip shell extension 'powershell' for command environment: Not usable outside of PowerShell
[0.288s] DEBUG:colcon.colcon_core.shell:Skip shell extension 'dsv' for command environment
[0.290s] INFO:colcon.colcon_ros.task.ament_python.build:Building ROS package in '/home/xsm/R1_ws/src/gui_pkg' with build type 'ament_python'
[0.290s] Level 1:colcon.colcon_core.shell:create_environment_hook('gui_pkg', 'ament_prefix_path')
[0.291s] INFO:colcon.colcon_core.shell:Creating environment hook '/home/xsm/R1_ws/install/gui_pkg/share/gui_pkg/hook/ament_prefix_path.ps1'
[0.291s] INFO:colcon.colcon_core.shell:Creating environment descriptor '/home/xsm/R1_ws/install/gui_pkg/share/gui_pkg/hook/ament_prefix_path.dsv'
[0.291s] INFO:colcon.colcon_core.shell:Creating environment hook '/home/xsm/R1_ws/install/gui_pkg/share/gui_pkg/hook/ament_prefix_path.sh'
[0.292s] INFO:colcon.colcon_core.shell:Skip shell extension 'powershell' for command environment: Not usable outside of PowerShell
[0.292s] DEBUG:colcon.colcon_core.shell:Skip shell extension 'dsv' for command environment
[0.295s] INFO:colcon.colcon_ros.task.ament_cmake.build:Building ROS package in '/home/xsm/R1_ws/src/public/OptimalControlProblem' with build type 'ament_cmake'
[0.295s] INFO:colcon.colcon_cmake.task.cmake.build:Building CMake package in '/home/xsm/R1_ws/src/public/OptimalControlProblem'
[0.295s] INFO:colcon.colcon_core.shell:Skip shell extension 'powershell' for command environment: Not usable outside of PowerShell
[0.295s] DEBUG:colcon.colcon_core.shell:Skip shell extension 'dsv' for command environment
[0.304s] DEBUG:colcon.colcon_core.event_handler.log_command:Invoking command in '/home/xsm/R1_ws/build/mit_msgs': CMAKE_PREFIX_PATH=${CMAKE_PREFIX_PATH}:/home/xsm/R1_ws/install/gui_pkg:/opt/ros/humble /usr/bin/cmake --build /home/xsm/R1_ws/build/mit_msgs -- -j16 -l16
[0.306s] DEBUG:colcon.colcon_core.event_handler.log_command:Invoking command in '/home/xsm/R1_ws/build/lock_utils': CMAKE_PREFIX_PATH=${CMAKE_PREFIX_PATH}:/home/xsm/R1_ws/install/gui_pkg:/opt/ros/humble /usr/bin/cmake --build /home/xsm/R1_ws/build/lock_utils -- -j16 -l16
[0.514s] INFO:colcon.colcon_core.task.python.build:Building Python package in '/home/xsm/R1_ws/src/gui_pkg'
[0.514s] INFO:colcon.colcon_core.shell:Skip shell extension 'powershell' for command environment: Not usable outside of PowerShell
[0.514s] DEBUG:colcon.colcon_core.shell:Skip shell extension 'dsv' for command environment
[0.522s] DEBUG:colcon.colcon_core.event_handler.log_command:Invoking command in '/home/xsm/R1_ws/build/optimal_control_problem': CMAKE_PREFIX_PATH=${CMAKE_PREFIX_PATH}:/home/xsm/R1_ws/install/gui_pkg:/opt/ros/humble /usr/bin/cmake --build /home/xsm/R1_ws/build/optimal_control_problem -- -j16 -l16
[0.523s] DEBUG:colcon.colcon_core.event_handler.log_command:Invoked command in '/home/xsm/R1_ws/build/lock_utils' returned '0': CMAKE_PREFIX_PATH=${CMAKE_PREFIX_PATH}:/home/xsm/R1_ws/install/gui_pkg:/opt/ros/humble /usr/bin/cmake --build /home/xsm/R1_ws/build/lock_utils -- -j16 -l16
[0.599s] DEBUG:colcon.colcon_core.event_handler.log_command:Invoking command in '/home/xsm/R1_ws/build/lock_utils': CMAKE_PREFIX_PATH=${CMAKE_PREFIX_PATH}:/home/xsm/R1_ws/install/gui_pkg:/opt/ros/humble /usr/bin/cmake --install /home/xsm/R1_ws/build/lock_utils
[0.606s] DEBUG:colcon.colcon_core.event_handler.log_command:Invoked command in '/home/xsm/R1_ws/build/optimal_control_problem' returned '0': CMAKE_PREFIX_PATH=${CMAKE_PREFIX_PATH}:/home/xsm/R1_ws/install/gui_pkg:/opt/ros/humble /usr/bin/cmake --build /home/xsm/R1_ws/build/optimal_control_problem -- -j16 -l16
[0.626s] Level 1:colcon.colcon_core.environment:create_environment_scripts_only(lock_utils)
[0.627s] DEBUG:colcon.colcon_core.event_handler.log_command:Invoked command in '/home/xsm/R1_ws/build/lock_utils' returned '0': CMAKE_PREFIX_PATH=${CMAKE_PREFIX_PATH}:/home/xsm/R1_ws/install/gui_pkg:/opt/ros/humble /usr/bin/cmake --install /home/xsm/R1_ws/build/lock_utils
[0.629s] Level 1:colcon.colcon_core.environment:checking '/home/xsm/R1_ws/install/lock_utils' for CMake module files
[0.629s] Level 1:colcon.colcon_core.environment:checking '/home/xsm/R1_ws/install/lock_utils' for CMake config files
[0.630s] Level 1:colcon.colcon_core.shell:create_environment_hook('lock_utils', 'cmake_prefix_path')
[0.630s] INFO:colcon.colcon_core.shell:Creating environment hook '/home/xsm/R1_ws/install/lock_utils/share/lock_utils/hook/cmake_prefix_path.ps1'
[0.630s] INFO:colcon.colcon_core.shell:Creating environment descriptor '/home/xsm/R1_ws/install/lock_utils/share/lock_utils/hook/cmake_prefix_path.dsv'
[0.630s] INFO:colcon.colcon_core.shell:Creating environment hook '/home/xsm/R1_ws/install/lock_utils/share/lock_utils/hook/cmake_prefix_path.sh'
[0.631s] Level 1:colcon.colcon_core.environment:checking '/home/xsm/R1_ws/install/lock_utils/lib'
[0.631s] Level 1:colcon.colcon_core.shell:create_environment_hook('lock_utils', 'ld_library_path_lib')
[0.631s] INFO:colcon.colcon_core.shell:Creating environment hook '/home/xsm/R1_ws/install/lock_utils/share/lock_utils/hook/ld_library_path_lib.ps1'
[0.631s] INFO:colcon.colcon_core.shell:Creating environment descriptor '/home/xsm/R1_ws/install/lock_utils/share/lock_utils/hook/ld_library_path_lib.dsv'
[0.632s] INFO:colcon.colcon_core.shell:Creating environment hook '/home/xsm/R1_ws/install/lock_utils/share/lock_utils/hook/ld_library_path_lib.sh'
[0.632s] Level 1:colcon.colcon_core.environment:checking '/home/xsm/R1_ws/install/lock_utils/bin'
[0.632s] Level 1:colcon.colcon_core.environment:checking '/home/xsm/R1_ws/install/lock_utils/lib/pkgconfig/lock_utils.pc'
[0.633s] Level 1:colcon.colcon_core.environment:checking '/home/xsm/R1_ws/install/lock_utils/lib/python3.10/site-packages'
[0.633s] Level 1:colcon.colcon_core.environment:checking '/home/xsm/R1_ws/install/lock_utils/bin'
[0.633s] INFO:colcon.colcon_core.shell:Creating package script '/home/xsm/R1_ws/install/lock_utils/share/lock_utils/package.ps1'
[0.634s] INFO:colcon.colcon_core.shell:Creating package descriptor '/home/xsm/R1_ws/install/lock_utils/share/lock_utils/package.dsv'
[0.634s] INFO:colcon.colcon_core.shell:Creating package script '/home/xsm/R1_ws/install/lock_utils/share/lock_utils/package.sh'
[0.634s] INFO:colcon.colcon_core.shell:Creating package script '/home/xsm/R1_ws/install/lock_utils/share/lock_utils/package.bash'
[0.635s] INFO:colcon.colcon_core.shell:Creating package script '/home/xsm/R1_ws/install/lock_utils/share/lock_utils/package.zsh'
[0.635s] Level 1:colcon.colcon_core.environment:create_file_with_runtime_dependencies(/home/xsm/R1_ws/install/lock_utils/share/colcon-core/packages/lock_utils)
[0.647s] DEBUG:colcon.colcon_core.event_handler.log_command:Invoked command in '/home/xsm/R1_ws/build/mit_msgs' returned '0': CMAKE_PREFIX_PATH=${CMAKE_PREFIX_PATH}:/home/xsm/R1_ws/install/gui_pkg:/opt/ros/humble /usr/bin/cmake --build /home/xsm/R1_ws/build/mit_msgs -- -j16 -l16
[0.663s] DEBUG:colcon.colcon_core.event_handler.log_command:Invoking command in '/home/xsm/R1_ws/build/optimal_control_problem': CMAKE_PREFIX_PATH=${CMAKE_PREFIX_PATH}:/home/xsm/R1_ws/install/gui_pkg:/opt/ros/humble /usr/bin/cmake --install /home/xsm/R1_ws/build/optimal_control_problem
[0.690s] Level 1:colcon.colcon_core.environment:create_environment_scripts_only(optimal_control_problem)
[0.690s] Level 1:colcon.colcon_core.environment:checking '/home/xsm/R1_ws/install/optimal_control_problem' for CMake module files
[0.691s] DEBUG:colcon.colcon_core.event_handler.log_command:Invoked command in '/home/xsm/R1_ws/build/optimal_control_problem' returned '0': CMAKE_PREFIX_PATH=${CMAKE_PREFIX_PATH}:/home/xsm/R1_ws/install/gui_pkg:/opt/ros/humble /usr/bin/cmake --install /home/xsm/R1_ws/build/optimal_control_problem
[0.691s] Level 1:colcon.colcon_core.environment:checking '/home/xsm/R1_ws/install/optimal_control_problem' for CMake config files
[0.691s] Level 1:colcon.colcon_core.shell:create_environment_hook('optimal_control_problem', 'cmake_prefix_path')
[0.692s] INFO:colcon.colcon_core.shell:Creating environment hook '/home/xsm/R1_ws/install/optimal_control_problem/share/optimal_control_problem/hook/cmake_prefix_path.ps1'
[0.692s] INFO:colcon.colcon_core.shell:Creating environment descriptor '/home/xsm/R1_ws/install/optimal_control_problem/share/optimal_control_problem/hook/cmake_prefix_path.dsv'
[0.692s] INFO:colcon.colcon_core.shell:Creating environment hook '/home/xsm/R1_ws/install/optimal_control_problem/share/optimal_control_problem/hook/cmake_prefix_path.sh'
[0.693s] Level 1:colcon.colcon_core.environment:checking '/home/xsm/R1_ws/install/optimal_control_problem/lib'
[0.693s] Level 1:colcon.colcon_core.shell:create_environment_hook('optimal_control_problem', 'ld_library_path_lib')
[0.693s] INFO:colcon.colcon_core.shell:Creating environment hook '/home/xsm/R1_ws/install/optimal_control_problem/share/optimal_control_problem/hook/ld_library_path_lib.ps1'
[0.693s] INFO:colcon.colcon_core.shell:Creating environment descriptor '/home/xsm/R1_ws/install/optimal_control_problem/share/optimal_control_problem/hook/ld_library_path_lib.dsv'
[0.694s] INFO:colcon.colcon_core.shell:Creating environment hook '/home/xsm/R1_ws/install/optimal_control_problem/share/optimal_control_problem/hook/ld_library_path_lib.sh'
[0.694s] Level 1:colcon.colcon_core.environment:checking '/home/xsm/R1_ws/install/optimal_control_problem/bin'
[0.694s] Level 1:colcon.colcon_core.environment:checking '/home/xsm/R1_ws/install/optimal_control_problem/lib/pkgconfig/optimal_control_problem.pc'
[0.694s] Level 1:colcon.colcon_core.environment:checking '/home/xsm/R1_ws/install/optimal_control_problem/lib/python3.10/site-packages'
[0.694s] Level 1:colcon.colcon_core.environment:checking '/home/xsm/R1_ws/install/optimal_control_problem/bin'
[0.695s] INFO:colcon.colcon_core.shell:Creating package script '/home/xsm/R1_ws/install/optimal_control_problem/share/optimal_control_problem/package.ps1'
[0.695s] INFO:colcon.colcon_core.shell:Creating package descriptor '/home/xsm/R1_ws/install/optimal_control_problem/share/optimal_control_problem/package.dsv'
[0.696s] INFO:colcon.colcon_core.shell:Creating package script '/home/xsm/R1_ws/install/optimal_control_problem/share/optimal_control_problem/package.sh'
[0.696s] INFO:colcon.colcon_core.shell:Creating package script '/home/xsm/R1_ws/install/optimal_control_problem/share/optimal_control_problem/package.bash'
[0.696s] INFO:colcon.colcon_core.shell:Creating package script '/home/xsm/R1_ws/install/optimal_control_problem/share/optimal_control_problem/package.zsh'
[0.697s] Level 1:colcon.colcon_core.environment:create_file_with_runtime_dependencies(/home/xsm/R1_ws/install/optimal_control_problem/share/colcon-core/packages/optimal_control_problem)
[0.698s] Level 1:colcon.colcon_core.environment:create_environment_scripts_only(lock_utils)
[0.698s] Level 1:colcon.colcon_core.environment:checking '/home/xsm/R1_ws/install/lock_utils' for CMake module files
[0.698s] Level 1:colcon.colcon_core.environment:checking '/home/xsm/R1_ws/install/lock_utils' for CMake config files
[0.699s] Level 1:colcon.colcon_core.shell:create_environment_hook('lock_utils', 'cmake_prefix_path')
[0.699s] INFO:colcon.colcon_core.shell:Creating environment hook '/home/xsm/R1_ws/install/lock_utils/share/lock_utils/hook/cmake_prefix_path.ps1'
[0.699s] INFO:colcon.colcon_core.shell:Creating environment descriptor '/home/xsm/R1_ws/install/lock_utils/share/lock_utils/hook/cmake_prefix_path.dsv'
[0.700s] INFO:colcon.colcon_core.shell:Creating environment hook '/home/xsm/R1_ws/install/lock_utils/share/lock_utils/hook/cmake_prefix_path.sh'
[0.700s] Level 1:colcon.colcon_core.environment:checking '/home/xsm/R1_ws/install/lock_utils/lib'
[0.700s] Level 1:colcon.colcon_core.shell:create_environment_hook('lock_utils', 'ld_library_path_lib')
[0.700s] INFO:colcon.colcon_core.shell:Creating environment hook '/home/xsm/R1_ws/install/lock_utils/share/lock_utils/hook/ld_library_path_lib.ps1'
[0.700s] INFO:colcon.colcon_core.shell:Creating environment descriptor '/home/xsm/R1_ws/install/lock_utils/share/lock_utils/hook/ld_library_path_lib.dsv'
[0.701s] INFO:colcon.colcon_core.shell:Creating environment hook '/home/xsm/R1_ws/install/lock_utils/share/lock_utils/hook/ld_library_path_lib.sh'
[0.701s] Level 1:colcon.colcon_core.environment:checking '/home/xsm/R1_ws/install/lock_utils/bin'
[0.701s] Level 1:colcon.colcon_core.environment:checking '/home/xsm/R1_ws/install/lock_utils/lib/pkgconfig/lock_utils.pc'
[0.701s] Level 1:colcon.colcon_core.environment:checking '/home/xsm/R1_ws/install/lock_utils/lib/python3.10/site-packages'
[0.701s] Level 1:colcon.colcon_core.environment:checking '/home/xsm/R1_ws/install/lock_utils/bin'
[0.702s] INFO:colcon.colcon_core.shell:Creating package script '/home/xsm/R1_ws/install/lock_utils/share/lock_utils/package.ps1'
[0.702s] INFO:colcon.colcon_core.shell:Creating package descriptor '/home/xsm/R1_ws/install/lock_utils/share/lock_utils/package.dsv'
[0.702s] INFO:colcon.colcon_core.shell:Creating package script '/home/xsm/R1_ws/install/lock_utils/share/lock_utils/package.sh'
[0.703s] INFO:colcon.colcon_core.shell:Creating package script '/home/xsm/R1_ws/install/lock_utils/share/lock_utils/package.bash'
[0.703s] INFO:colcon.colcon_core.shell:Creating package script '/home/xsm/R1_ws/install/lock_utils/share/lock_utils/package.zsh'
[0.703s] Level 1:colcon.colcon_core.environment:create_file_with_runtime_dependencies(/home/xsm/R1_ws/install/lock_utils/share/colcon-core/packages/lock_utils)
[0.750s] Level 1:colcon.colcon_core.environment:create_environment_scripts_only(optimal_control_problem)
[0.751s] Level 1:colcon.colcon_core.environment:checking '/home/xsm/R1_ws/install/optimal_control_problem' for CMake module files
[0.751s] Level 1:colcon.colcon_core.environment:checking '/home/xsm/R1_ws/install/optimal_control_problem' for CMake config files
[0.752s] Level 1:colcon.colcon_core.shell:create_environment_hook('optimal_control_problem', 'cmake_prefix_path')
[0.752s] INFO:colcon.colcon_core.shell:Creating environment hook '/home/xsm/R1_ws/install/optimal_control_problem/share/optimal_control_problem/hook/cmake_prefix_path.ps1'
[0.752s] INFO:colcon.colcon_core.shell:Creating environment descriptor '/home/xsm/R1_ws/install/optimal_control_problem/share/optimal_control_problem/hook/cmake_prefix_path.dsv'
[0.752s] INFO:colcon.colcon_core.shell:Creating environment hook '/home/xsm/R1_ws/install/optimal_control_problem/share/optimal_control_problem/hook/cmake_prefix_path.sh'
[0.753s] Level 1:colcon.colcon_core.environment:checking '/home/xsm/R1_ws/install/optimal_control_problem/lib'
[0.753s] Level 1:colcon.colcon_core.shell:create_environment_hook('optimal_control_problem', 'ld_library_path_lib')
[0.753s] INFO:colcon.colcon_core.shell:Creating environment hook '/home/xsm/R1_ws/install/optimal_control_problem/share/optimal_control_problem/hook/ld_library_path_lib.ps1'
[0.753s] INFO:colcon.colcon_core.shell:Creating environment descriptor '/home/xsm/R1_ws/install/optimal_control_problem/share/optimal_control_problem/hook/ld_library_path_lib.dsv'
[0.753s] INFO:colcon.colcon_core.shell:Creating environment hook '/home/xsm/R1_ws/install/optimal_control_problem/share/optimal_control_problem/hook/ld_library_path_lib.sh'
[0.754s] Level 1:colcon.colcon_core.environment:checking '/home/xsm/R1_ws/install/optimal_control_problem/bin'
[0.754s] Level 1:colcon.colcon_core.environment:checking '/home/xsm/R1_ws/install/optimal_control_problem/lib/pkgconfig/optimal_control_problem.pc'
[0.754s] Level 1:colcon.colcon_core.environment:checking '/home/xsm/R1_ws/install/optimal_control_problem/lib/python3.10/site-packages'
[0.754s] Level 1:colcon.colcon_core.environment:checking '/home/xsm/R1_ws/install/optimal_control_problem/bin'
[0.754s] INFO:colcon.colcon_core.shell:Creating package script '/home/xsm/R1_ws/install/optimal_control_problem/share/optimal_control_problem/package.ps1'
[0.755s] INFO:colcon.colcon_core.shell:Creating package descriptor '/home/xsm/R1_ws/install/optimal_control_problem/share/optimal_control_problem/package.dsv'
[0.755s] INFO:colcon.colcon_core.shell:Creating package script '/home/xsm/R1_ws/install/optimal_control_problem/share/optimal_control_problem/package.sh'
[0.755s] INFO:colcon.colcon_core.shell:Creating package script '/home/xsm/R1_ws/install/optimal_control_problem/share/optimal_control_problem/package.bash'
[0.756s] INFO:colcon.colcon_core.shell:Creating package script '/home/xsm/R1_ws/install/optimal_control_problem/share/optimal_control_problem/package.zsh'
[0.756s] Level 1:colcon.colcon_core.environment:create_file_with_runtime_dependencies(/home/xsm/R1_ws/install/optimal_control_problem/share/colcon-core/packages/optimal_control_problem)
[0.818s] DEBUG:colcon.colcon_core.event_handler.log_command:Invoking command in '/home/xsm/R1_ws/build/gui_pkg': PYTHONPATH=/home/xsm/R1_ws/build/gui_pkg/prefix_override:/usr/lib/python3/dist-packages/colcon_core/task/python/colcon_distutils_commands:/home/xsm/R1_ws/install/gui_pkg/lib/python3.10/site-packages:${PYTHONPATH} /usr/bin/python3 -W ignore:setup.py install is deprecated setup.py develop --editable --build-directory /home/xsm/R1_ws/build/gui_pkg/build --no-deps symlink_data
[0.915s] DEBUG:colcon.colcon_core.event_handler.log_command:Invoking command in '/home/xsm/R1_ws/build/mit_msgs': CMAKE_PREFIX_PATH=${CMAKE_PREFIX_PATH}:/home/xsm/R1_ws/install/gui_pkg:/opt/ros/humble /usr/bin/cmake --install /home/xsm/R1_ws/build/mit_msgs
[0.984s] Level 1:colcon.colcon_core.environment:create_environment_scripts_only(mit_msgs)
[0.985s] Level 1:colcon.colcon_core.environment:checking '/home/xsm/R1_ws/install/mit_msgs' for CMake module files
[0.985s] DEBUG:colcon.colcon_core.event_handler.log_command:Invoked command in '/home/xsm/R1_ws/build/mit_msgs' returned '0': CMAKE_PREFIX_PATH=${CMAKE_PREFIX_PATH}:/home/xsm/R1_ws/install/gui_pkg:/opt/ros/humble /usr/bin/cmake --install /home/xsm/R1_ws/build/mit_msgs
[0.986s] Level 1:colcon.colcon_core.environment:checking '/home/xsm/R1_ws/install/mit_msgs' for CMake config files
[0.986s] Level 1:colcon.colcon_core.shell:create_environment_hook('mit_msgs', 'cmake_prefix_path')
[0.987s] INFO:colcon.colcon_core.shell:Creating environment hook '/home/xsm/R1_ws/install/mit_msgs/share/mit_msgs/hook/cmake_prefix_path.ps1'
[0.987s] INFO:colcon.colcon_core.shell:Creating environment descriptor '/home/xsm/R1_ws/install/mit_msgs/share/mit_msgs/hook/cmake_prefix_path.dsv'
[0.987s] INFO:colcon.colcon_core.shell:Creating environment hook '/home/xsm/R1_ws/install/mit_msgs/share/mit_msgs/hook/cmake_prefix_path.sh'
[0.988s] Level 1:colcon.colcon_core.environment:checking '/home/xsm/R1_ws/install/mit_msgs/lib'
[0.988s] Level 1:colcon.colcon_core.shell:create_environment_hook('mit_msgs', 'ld_library_path_lib')
[0.988s] INFO:colcon.colcon_core.shell:Creating environment hook '/home/xsm/R1_ws/install/mit_msgs/share/mit_msgs/hook/ld_library_path_lib.ps1'
[0.988s] INFO:colcon.colcon_core.shell:Creating environment descriptor '/home/xsm/R1_ws/install/mit_msgs/share/mit_msgs/hook/ld_library_path_lib.dsv'
[0.989s] INFO:colcon.colcon_core.shell:Creating environment hook '/home/xsm/R1_ws/install/mit_msgs/share/mit_msgs/hook/ld_library_path_lib.sh'
[0.989s] Level 1:colcon.colcon_core.environment:checking '/home/xsm/R1_ws/install/mit_msgs/bin'
[0.989s] Level 1:colcon.colcon_core.environment:checking '/home/xsm/R1_ws/install/mit_msgs/lib/pkgconfig/mit_msgs.pc'
[0.989s] Level 1:colcon.colcon_core.environment:checking '/home/xsm/R1_ws/install/mit_msgs/lib/python3.10/site-packages'
[0.989s] Level 1:colcon.colcon_core.environment:checking '/home/xsm/R1_ws/install/mit_msgs/bin'
[0.990s] INFO:colcon.colcon_core.shell:Creating package script '/home/xsm/R1_ws/install/mit_msgs/share/mit_msgs/package.ps1'
[0.990s] INFO:colcon.colcon_core.shell:Creating package descriptor '/home/xsm/R1_ws/install/mit_msgs/share/mit_msgs/package.dsv'
[0.990s] INFO:colcon.colcon_core.shell:Creating package script '/home/xsm/R1_ws/install/mit_msgs/share/mit_msgs/package.sh'
[0.990s] INFO:colcon.colcon_core.shell:Creating package script '/home/xsm/R1_ws/install/mit_msgs/share/mit_msgs/package.bash'
[0.991s] INFO:colcon.colcon_core.shell:Creating package script '/home/xsm/R1_ws/install/mit_msgs/share/mit_msgs/package.zsh'
[0.991s] Level 1:colcon.colcon_core.environment:create_file_with_runtime_dependencies(/home/xsm/R1_ws/install/mit_msgs/share/colcon-core/packages/mit_msgs)
[1.167s] Level 1:colcon.colcon_core.shell:create_environment_hook('gui_pkg', 'pythonpath_develop')
[1.167s] INFO:colcon.colcon_core.shell:Creating environment hook '/home/xsm/R1_ws/build/gui_pkg/share/gui_pkg/hook/pythonpath_develop.ps1'
[1.168s] DEBUG:colcon.colcon_core.event_handler.log_command:Invoked command in '/home/xsm/R1_ws/build/gui_pkg' returned '0': PYTHONPATH=/home/xsm/R1_ws/build/gui_pkg/prefix_override:/usr/lib/python3/dist-packages/colcon_core/task/python/colcon_distutils_commands:/home/xsm/R1_ws/install/gui_pkg/lib/python3.10/site-packages:${PYTHONPATH} /usr/bin/python3 -W ignore:setup.py install is deprecated setup.py develop --editable --build-directory /home/xsm/R1_ws/build/gui_pkg/build --no-deps symlink_data
[1.168s] INFO:colcon.colcon_core.shell:Creating environment descriptor '/home/xsm/R1_ws/build/gui_pkg/share/gui_pkg/hook/pythonpath_develop.dsv'
[1.168s] INFO:colcon.colcon_core.shell:Creating environment hook '/home/xsm/R1_ws/build/gui_pkg/share/gui_pkg/hook/pythonpath_develop.sh'
[1.169s] Level 1:colcon.colcon_core.environment:checking '/home/xsm/R1_ws/install/gui_pkg' for CMake module files
[1.169s] Level 1:colcon.colcon_core.environment:checking '/home/xsm/R1_ws/install/gui_pkg' for CMake config files
[1.169s] Level 1:colcon.colcon_core.environment:checking '/home/xsm/R1_ws/install/gui_pkg/lib'
[1.170s] Level 1:colcon.colcon_core.environment:checking '/home/xsm/R1_ws/install/gui_pkg/bin'
[1.170s] Level 1:colcon.colcon_core.environment:checking '/home/xsm/R1_ws/install/gui_pkg/lib/pkgconfig/gui_pkg.pc'
[1.170s] Level 1:colcon.colcon_core.environment:checking '/home/xsm/R1_ws/install/gui_pkg/lib/python3.10/site-packages'
[1.170s] Level 1:colcon.colcon_core.shell:create_environment_hook('gui_pkg', 'pythonpath')
[1.170s] INFO:colcon.colcon_core.shell:Creating environment hook '/home/xsm/R1_ws/install/gui_pkg/share/gui_pkg/hook/pythonpath.ps1'
[1.170s] INFO:colcon.colcon_core.shell:Creating environment descriptor '/home/xsm/R1_ws/install/gui_pkg/share/gui_pkg/hook/pythonpath.dsv'
[1.170s] INFO:colcon.colcon_core.shell:Creating environment hook '/home/xsm/R1_ws/install/gui_pkg/share/gui_pkg/hook/pythonpath.sh'
[1.171s] Level 1:colcon.colcon_core.environment:checking '/home/xsm/R1_ws/install/gui_pkg/bin'
[1.171s] Level 1:colcon.colcon_core.environment:create_environment_scripts_only(gui_pkg)
[1.171s] INFO:colcon.colcon_core.shell:Creating package script '/home/xsm/R1_ws/install/gui_pkg/share/gui_pkg/package.ps1'
[1.171s] INFO:colcon.colcon_core.shell:Creating package descriptor '/home/xsm/R1_ws/install/gui_pkg/share/gui_pkg/package.dsv'
[1.172s] INFO:colcon.colcon_core.shell:Creating package script '/home/xsm/R1_ws/install/gui_pkg/share/gui_pkg/package.sh'
[1.172s] INFO:colcon.colcon_core.shell:Creating package script '/home/xsm/R1_ws/install/gui_pkg/share/gui_pkg/package.bash'
[1.172s] INFO:colcon.colcon_core.shell:Creating package script '/home/xsm/R1_ws/install/gui_pkg/share/gui_pkg/package.zsh'
[1.173s] Level 1:colcon.colcon_core.environment:create_file_with_runtime_dependencies(/home/xsm/R1_ws/install/gui_pkg/share/colcon-core/packages/gui_pkg)
[1.249s] Level 1:colcon.colcon_core.environment:create_environment_scripts_only(mit_msgs)
[1.249s] Level 1:colcon.colcon_core.environment:checking '/home/xsm/R1_ws/install/mit_msgs' for CMake module files
[1.250s] Level 1:colcon.colcon_core.environment:checking '/home/xsm/R1_ws/install/mit_msgs' for CMake config files
[1.250s] Level 1:colcon.colcon_core.shell:create_environment_hook('mit_msgs', 'cmake_prefix_path')
[1.251s] INFO:colcon.colcon_core.shell:Creating environment hook '/home/xsm/R1_ws/install/mit_msgs/share/mit_msgs/hook/cmake_prefix_path.ps1'
[1.251s] INFO:colcon.colcon_core.shell:Creating environment descriptor '/home/xsm/R1_ws/install/mit_msgs/share/mit_msgs/hook/cmake_prefix_path.dsv'
[1.251s] INFO:colcon.colcon_core.shell:Creating environment hook '/home/xsm/R1_ws/install/mit_msgs/share/mit_msgs/hook/cmake_prefix_path.sh'
[1.252s] Level 1:colcon.colcon_core.environment:checking '/home/xsm/R1_ws/install/mit_msgs/lib'
[1.252s] Level 1:colcon.colcon_core.shell:create_environment_hook('mit_msgs', 'ld_library_path_lib')
[1.252s] INFO:colcon.colcon_core.shell:Creating environment hook '/home/xsm/R1_ws/install/mit_msgs/share/mit_msgs/hook/ld_library_path_lib.ps1'
[1.252s] INFO:colcon.colcon_core.shell:Creating environment descriptor '/home/xsm/R1_ws/install/mit_msgs/share/mit_msgs/hook/ld_library_path_lib.dsv'
[1.252s] INFO:colcon.colcon_core.shell:Creating environment hook '/home/xsm/R1_ws/install/mit_msgs/share/mit_msgs/hook/ld_library_path_lib.sh'
[1.253s] Level 1:colcon.colcon_core.environment:checking '/home/xsm/R1_ws/install/mit_msgs/bin'
[1.253s] Level 1:colcon.colcon_core.environment:checking '/home/xsm/R1_ws/install/mit_msgs/lib/pkgconfig/mit_msgs.pc'
[1.253s] Level 1:colcon.colcon_core.environment:checking '/home/xsm/R1_ws/install/mit_msgs/lib/python3.10/site-packages'
[1.253s] Level 1:colcon.colcon_core.environment:checking '/home/xsm/R1_ws/install/mit_msgs/bin'
[1.253s] INFO:colcon.colcon_core.shell:Creating package script '/home/xsm/R1_ws/install/mit_msgs/share/mit_msgs/package.ps1'
[1.254s] INFO:colcon.colcon_core.shell:Creating package descriptor '/home/xsm/R1_ws/install/mit_msgs/share/mit_msgs/package.dsv'
[1.254s] INFO:colcon.colcon_core.shell:Creating package script '/home/xsm/R1_ws/install/mit_msgs/share/mit_msgs/package.sh'
[1.254s] INFO:colcon.colcon_core.shell:Creating package script '/home/xsm/R1_ws/install/mit_msgs/share/mit_msgs/package.bash'
[1.255s] INFO:colcon.colcon_core.shell:Creating package script '/home/xsm/R1_ws/install/mit_msgs/share/mit_msgs/package.zsh'
[1.255s] Level 1:colcon.colcon_core.environment:create_file_with_runtime_dependencies(/home/xsm/R1_ws/install/mit_msgs/share/colcon-core/packages/mit_msgs)
[1.255s] INFO:colcon.colcon_ros.task.ament_cmake.build:Building ROS package in '/home/xsm/R1_ws/src/armForwardkinematics' with build type 'ament_cmake'
[1.255s] INFO:colcon.colcon_cmake.task.cmake.build:Building CMake package in '/home/xsm/R1_ws/src/armForwardkinematics'
[1.255s] INFO:colcon.colcon_core.shell:Skip shell extension 'powershell' for command environment: Not usable outside of PowerShell
[1.255s] DEBUG:colcon.colcon_core.shell:Skip shell extension 'dsv' for command environment
[1.258s] INFO:colcon.colcon_ros.task.ament_cmake.build:Building ROS package in '/home/xsm/R1_ws/src/arm_dynamics_hw' with build type 'ament_cmake'
[1.258s] INFO:colcon.colcon_cmake.task.cmake.build:Building CMake package in '/home/xsm/R1_ws/src/arm_dynamics_hw'
[1.259s] INFO:colcon.colcon_core.shell:Skip shell extension 'powershell' for command environment: Not usable outside of PowerShell
[1.259s] DEBUG:colcon.colcon_core.shell:Skip shell extension 'dsv' for command environment
[1.269s] DEBUG:colcon.colcon_core.event_handler.log_command:Invoking command in '/home/xsm/R1_ws/build/armForwardkinematics': CMAKE_PREFIX_PATH=/home/xsm/R1_ws/install/mit_msgs:/home/xsm/R1_ws/install/optimal_control_problem:/home/xsm/R1_ws/install/arm_dynamics_hw:/home/xsm/R1_ws/install/armForwardkinematics:/home/xsm/R1_ws/install/lock_utils:/home/xsm/R1_ws/install/gui_pkg:/opt/ros/humble LD_LIBRARY_PATH=/home/xsm/R1_ws/install/mit_msgs/lib:/home/xsm/R1_ws/install/optimal_control_problem/lib:/home/xsm/R1_ws/install/lock_utils/lib:/usr/lib/x86_64-linux-gnu/gazebo-11/plugins:/opt/ros/humble/opt/rviz_ogre_vendor/lib:/opt/ros/humble/lib/x86_64-linux-gnu:/opt/ros/humble/lib:/usr/share/gazebo/../../lib/x86_64-linux-gnu/gazebo-11/plugins:/usr/lib/nvidia /usr/bin/cmake --build /home/xsm/R1_ws/build/armForwardkinematics -- -j16 -l16
[1.275s] DEBUG:colcon.colcon_core.event_handler.log_command:Invoking command in '/home/xsm/R1_ws/build/arm_dynamics_hw': CMAKE_PREFIX_PATH=/home/xsm/R1_ws/install/mit_msgs:/home/xsm/R1_ws/install/lock_utils:/home/xsm/R1_ws/install/optimal_control_problem:/home/xsm/R1_ws/install/arm_dynamics_hw:/home/xsm/R1_ws/install/armForwardkinematics:/home/xsm/R1_ws/install/gui_pkg:/opt/ros/humble LD_LIBRARY_PATH=/home/xsm/R1_ws/install/mit_msgs/lib:/home/xsm/R1_ws/install/lock_utils/lib:/home/xsm/R1_ws/install/optimal_control_problem/lib:/usr/lib/x86_64-linux-gnu/gazebo-11/plugins:/opt/ros/humble/opt/rviz_ogre_vendor/lib:/opt/ros/humble/lib/x86_64-linux-gnu:/opt/ros/humble/lib:/usr/share/gazebo/../../lib/x86_64-linux-gnu/gazebo-11/plugins:/usr/lib/nvidia /usr/bin/cmake --build /home/xsm/R1_ws/build/arm_dynamics_hw -- -j16 -l16
[1.360s] DEBUG:colcon.colcon_core.event_handler.log_command:Invoked command in '/home/xsm/R1_ws/build/arm_dynamics_hw' returned '0': CMAKE_PREFIX_PATH=/home/xsm/R1_ws/install/mit_msgs:/home/xsm/R1_ws/install/lock_utils:/home/xsm/R1_ws/install/optimal_control_problem:/home/xsm/R1_ws/install/arm_dynamics_hw:/home/xsm/R1_ws/install/armForwardkinematics:/home/xsm/R1_ws/install/gui_pkg:/opt/ros/humble LD_LIBRARY_PATH=/home/xsm/R1_ws/install/mit_msgs/lib:/home/xsm/R1_ws/install/lock_utils/lib:/home/xsm/R1_ws/install/optimal_control_problem/lib:/usr/lib/x86_64-linux-gnu/gazebo-11/plugins:/opt/ros/humble/opt/rviz_ogre_vendor/lib:/opt/ros/humble/lib/x86_64-linux-gnu:/opt/ros/humble/lib:/usr/share/gazebo/../../lib/x86_64-linux-gnu/gazebo-11/plugins:/usr/lib/nvidia /usr/bin/cmake --build /home/xsm/R1_ws/build/arm_dynamics_hw -- -j16 -l16
[1.430s] DEBUG:colcon.colcon_core.event_handler.log_command:Invoking command in '/home/xsm/R1_ws/build/arm_dynamics_hw': CMAKE_PREFIX_PATH=/home/xsm/R1_ws/install/mit_msgs:/home/xsm/R1_ws/install/lock_utils:/home/xsm/R1_ws/install/optimal_control_problem:/home/xsm/R1_ws/install/arm_dynamics_hw:/home/xsm/R1_ws/install/armForwardkinematics:/home/xsm/R1_ws/install/gui_pkg:/opt/ros/humble LD_LIBRARY_PATH=/home/xsm/R1_ws/install/mit_msgs/lib:/home/xsm/R1_ws/install/lock_utils/lib:/home/xsm/R1_ws/install/optimal_control_problem/lib:/usr/lib/x86_64-linux-gnu/gazebo-11/plugins:/opt/ros/humble/opt/rviz_ogre_vendor/lib:/opt/ros/humble/lib/x86_64-linux-gnu:/opt/ros/humble/lib:/usr/share/gazebo/../../lib/x86_64-linux-gnu/gazebo-11/plugins:/usr/lib/nvidia /usr/bin/cmake --install /home/xsm/R1_ws/build/arm_dynamics_hw
[1.460s] Level 1:colcon.colcon_core.environment:create_environment_scripts_only(arm_dynamics_hw)
[1.460s] Level 1:colcon.colcon_core.environment:checking '/home/xsm/R1_ws/install/arm_dynamics_hw' for CMake module files
[1.461s] DEBUG:colcon.colcon_core.event_handler.log_command:Invoked command in '/home/xsm/R1_ws/build/arm_dynamics_hw' returned '0': CMAKE_PREFIX_PATH=/home/xsm/R1_ws/install/mit_msgs:/home/xsm/R1_ws/install/lock_utils:/home/xsm/R1_ws/install/optimal_control_problem:/home/xsm/R1_ws/install/arm_dynamics_hw:/home/xsm/R1_ws/install/armForwardkinematics:/home/xsm/R1_ws/install/gui_pkg:/opt/ros/humble LD_LIBRARY_PATH=/home/xsm/R1_ws/install/mit_msgs/lib:/home/xsm/R1_ws/install/lock_utils/lib:/home/xsm/R1_ws/install/optimal_control_problem/lib:/usr/lib/x86_64-linux-gnu/gazebo-11/plugins:/opt/ros/humble/opt/rviz_ogre_vendor/lib:/opt/ros/humble/lib/x86_64-linux-gnu:/opt/ros/humble/lib:/usr/share/gazebo/../../lib/x86_64-linux-gnu/gazebo-11/plugins:/usr/lib/nvidia /usr/bin/cmake --install /home/xsm/R1_ws/build/arm_dynamics_hw
[1.461s] Level 1:colcon.colcon_core.environment:checking '/home/xsm/R1_ws/install/arm_dynamics_hw' for CMake config files
[1.462s] Level 1:colcon.colcon_core.shell:create_environment_hook('arm_dynamics_hw', 'cmake_prefix_path')
[1.462s] INFO:colcon.colcon_core.shell:Creating environment hook '/home/xsm/R1_ws/install/arm_dynamics_hw/share/arm_dynamics_hw/hook/cmake_prefix_path.ps1'
[1.463s] INFO:colcon.colcon_core.shell:Creating environment descriptor '/home/xsm/R1_ws/install/arm_dynamics_hw/share/arm_dynamics_hw/hook/cmake_prefix_path.dsv'
[1.463s] INFO:colcon.colcon_core.shell:Creating environment hook '/home/xsm/R1_ws/install/arm_dynamics_hw/share/arm_dynamics_hw/hook/cmake_prefix_path.sh'
[1.463s] Level 1:colcon.colcon_core.environment:checking '/home/xsm/R1_ws/install/arm_dynamics_hw/lib'
[1.463s] Level 1:colcon.colcon_core.environment:checking '/home/xsm/R1_ws/install/arm_dynamics_hw/bin'
[1.463s] Level 1:colcon.colcon_core.environment:checking '/home/xsm/R1_ws/install/arm_dynamics_hw/lib/pkgconfig/arm_dynamics_hw.pc'
[1.464s] Level 1:colcon.colcon_core.environment:checking '/home/xsm/R1_ws/install/arm_dynamics_hw/lib/python3.10/site-packages'
[1.464s] Level 1:colcon.colcon_core.environment:checking '/home/xsm/R1_ws/install/arm_dynamics_hw/bin'
[1.464s] INFO:colcon.colcon_core.shell:Creating package script '/home/xsm/R1_ws/install/arm_dynamics_hw/share/arm_dynamics_hw/package.ps1'
[1.464s] INFO:colcon.colcon_core.shell:Creating package descriptor '/home/xsm/R1_ws/install/arm_dynamics_hw/share/arm_dynamics_hw/package.dsv'
[1.464s] INFO:colcon.colcon_core.shell:Creating package script '/home/xsm/R1_ws/install/arm_dynamics_hw/share/arm_dynamics_hw/package.sh'
[1.465s] INFO:colcon.colcon_core.shell:Creating package script '/home/xsm/R1_ws/install/arm_dynamics_hw/share/arm_dynamics_hw/package.bash'
[1.465s] INFO:colcon.colcon_core.shell:Creating package script '/home/xsm/R1_ws/install/arm_dynamics_hw/share/arm_dynamics_hw/package.zsh'
[1.465s] Level 1:colcon.colcon_core.environment:create_file_with_runtime_dependencies(/home/xsm/R1_ws/install/arm_dynamics_hw/share/colcon-core/packages/arm_dynamics_hw)
[1.534s] Level 1:colcon.colcon_core.environment:create_environment_scripts_only(arm_dynamics_hw)
[1.534s] Level 1:colcon.colcon_core.environment:checking '/home/xsm/R1_ws/install/arm_dynamics_hw' for CMake module files
[1.535s] Level 1:colcon.colcon_core.environment:checking '/home/xsm/R1_ws/install/arm_dynamics_hw' for CMake config files
[1.535s] Level 1:colcon.colcon_core.shell:create_environment_hook('arm_dynamics_hw', 'cmake_prefix_path')
[1.535s] INFO:colcon.colcon_core.shell:Creating environment hook '/home/xsm/R1_ws/install/arm_dynamics_hw/share/arm_dynamics_hw/hook/cmake_prefix_path.ps1'
[1.536s] INFO:colcon.colcon_core.shell:Creating environment descriptor '/home/xsm/R1_ws/install/arm_dynamics_hw/share/arm_dynamics_hw/hook/cmake_prefix_path.dsv'
[1.536s] INFO:colcon.colcon_core.shell:Creating environment hook '/home/xsm/R1_ws/install/arm_dynamics_hw/share/arm_dynamics_hw/hook/cmake_prefix_path.sh'
[1.537s] Level 1:colcon.colcon_core.environment:checking '/home/xsm/R1_ws/install/arm_dynamics_hw/lib'
[1.537s] Level 1:colcon.colcon_core.environment:checking '/home/xsm/R1_ws/install/arm_dynamics_hw/bin'
[1.537s] Level 1:colcon.colcon_core.environment:checking '/home/xsm/R1_ws/install/arm_dynamics_hw/lib/pkgconfig/arm_dynamics_hw.pc'
[1.537s] Level 1:colcon.colcon_core.environment:checking '/home/xsm/R1_ws/install/arm_dynamics_hw/lib/python3.10/site-packages'
[1.537s] Level 1:colcon.colcon_core.environment:checking '/home/xsm/R1_ws/install/arm_dynamics_hw/bin'
[1.537s] INFO:colcon.colcon_core.shell:Creating package script '/home/xsm/R1_ws/install/arm_dynamics_hw/share/arm_dynamics_hw/package.ps1'
[1.537s] INFO:colcon.colcon_core.shell:Creating package descriptor '/home/xsm/R1_ws/install/arm_dynamics_hw/share/arm_dynamics_hw/package.dsv'
[1.538s] INFO:colcon.colcon_core.shell:Creating package script '/home/xsm/R1_ws/install/arm_dynamics_hw/share/arm_dynamics_hw/package.sh'
[1.538s] INFO:colcon.colcon_core.shell:Creating package script '/home/xsm/R1_ws/install/arm_dynamics_hw/share/arm_dynamics_hw/package.bash'
[1.538s] INFO:colcon.colcon_core.shell:Creating package script '/home/xsm/R1_ws/install/arm_dynamics_hw/share/arm_dynamics_hw/package.zsh'
[1.539s] Level 1:colcon.colcon_core.environment:create_file_with_runtime_dependencies(/home/xsm/R1_ws/install/arm_dynamics_hw/share/colcon-core/packages/arm_dynamics_hw)
[7.139s] DEBUG:colcon.colcon_core.event_handler.log_command:Invoked command in '/home/xsm/R1_ws/build/armForwardkinematics' returned '0': CMAKE_PREFIX_PATH=/home/xsm/R1_ws/install/mit_msgs:/home/xsm/R1_ws/install/optimal_control_problem:/home/xsm/R1_ws/install/arm_dynamics_hw:/home/xsm/R1_ws/install/armForwardkinematics:/home/xsm/R1_ws/install/lock_utils:/home/xsm/R1_ws/install/gui_pkg:/opt/ros/humble LD_LIBRARY_PATH=/home/xsm/R1_ws/install/mit_msgs/lib:/home/xsm/R1_ws/install/optimal_control_problem/lib:/home/xsm/R1_ws/install/lock_utils/lib:/usr/lib/x86_64-linux-gnu/gazebo-11/plugins:/opt/ros/humble/opt/rviz_ogre_vendor/lib:/opt/ros/humble/lib/x86_64-linux-gnu:/opt/ros/humble/lib:/usr/share/gazebo/../../lib/x86_64-linux-gnu/gazebo-11/plugins:/usr/lib/nvidia /usr/bin/cmake --build /home/xsm/R1_ws/build/armForwardkinematics -- -j16 -l16
[7.222s] DEBUG:colcon.colcon_core.event_handler.log_command:Invoking command in '/home/xsm/R1_ws/build/armForwardkinematics': CMAKE_PREFIX_PATH=/home/xsm/R1_ws/install/mit_msgs:/home/xsm/R1_ws/install/optimal_control_problem:/home/xsm/R1_ws/install/arm_dynamics_hw:/home/xsm/R1_ws/install/armForwardkinematics:/home/xsm/R1_ws/install/lock_utils:/home/xsm/R1_ws/install/gui_pkg:/opt/ros/humble LD_LIBRARY_PATH=/home/xsm/R1_ws/install/mit_msgs/lib:/home/xsm/R1_ws/install/optimal_control_problem/lib:/home/xsm/R1_ws/install/lock_utils/lib:/usr/lib/x86_64-linux-gnu/gazebo-11/plugins:/opt/ros/humble/opt/rviz_ogre_vendor/lib:/opt/ros/humble/lib/x86_64-linux-gnu:/opt/ros/humble/lib:/usr/share/gazebo/../../lib/x86_64-linux-gnu/gazebo-11/plugins:/usr/lib/nvidia /usr/bin/cmake --install /home/xsm/R1_ws/build/armForwardkinematics
[7.244s] Level 1:colcon.colcon_core.environment:create_environment_scripts_only(armForwardkinematics)
[7.245s] Level 1:colcon.colcon_core.environment:checking '/home/xsm/R1_ws/install/armForwardkinematics' for CMake module files
[7.245s] DEBUG:colcon.colcon_core.event_handler.log_command:Invoked command in '/home/xsm/R1_ws/build/armForwardkinematics' returned '0': CMAKE_PREFIX_PATH=/home/xsm/R1_ws/install/mit_msgs:/home/xsm/R1_ws/install/optimal_control_problem:/home/xsm/R1_ws/install/arm_dynamics_hw:/home/xsm/R1_ws/install/armForwardkinematics:/home/xsm/R1_ws/install/lock_utils:/home/xsm/R1_ws/install/gui_pkg:/opt/ros/humble LD_LIBRARY_PATH=/home/xsm/R1_ws/install/mit_msgs/lib:/home/xsm/R1_ws/install/optimal_control_problem/lib:/home/xsm/R1_ws/install/lock_utils/lib:/usr/lib/x86_64-linux-gnu/gazebo-11/plugins:/opt/ros/humble/opt/rviz_ogre_vendor/lib:/opt/ros/humble/lib/x86_64-linux-gnu:/opt/ros/humble/lib:/usr/share/gazebo/../../lib/x86_64-linux-gnu/gazebo-11/plugins:/usr/lib/nvidia /usr/bin/cmake --install /home/xsm/R1_ws/build/armForwardkinematics
[7.245s] Level 1:colcon.colcon_core.environment:checking '/home/xsm/R1_ws/install/armForwardkinematics' for CMake config files
[7.246s] Level 1:colcon.colcon_core.shell:create_environment_hook('armForwardkinematics', 'cmake_prefix_path')
[7.246s] INFO:colcon.colcon_core.shell:Creating environment hook '/home/xsm/R1_ws/install/armForwardkinematics/share/armForwardkinematics/hook/cmake_prefix_path.ps1'
[7.246s] INFO:colcon.colcon_core.shell:Creating environment descriptor '/home/xsm/R1_ws/install/armForwardkinematics/share/armForwardkinematics/hook/cmake_prefix_path.dsv'
[7.246s] INFO:colcon.colcon_core.shell:Creating environment hook '/home/xsm/R1_ws/install/armForwardkinematics/share/armForwardkinematics/hook/cmake_prefix_path.sh'
[7.247s] Level 1:colcon.colcon_core.environment:checking '/home/xsm/R1_ws/install/armForwardkinematics/lib'
[7.247s] Level 1:colcon.colcon_core.environment:checking '/home/xsm/R1_ws/install/armForwardkinematics/bin'
[7.247s] Level 1:colcon.colcon_core.environment:checking '/home/xsm/R1_ws/install/armForwardkinematics/lib/pkgconfig/armForwardkinematics.pc'
[7.247s] Level 1:colcon.colcon_core.environment:checking '/home/xsm/R1_ws/install/armForwardkinematics/lib/python3.10/site-packages'
[7.247s] Level 1:colcon.colcon_core.environment:checking '/home/xsm/R1_ws/install/armForwardkinematics/bin'
[7.248s] INFO:colcon.colcon_core.shell:Creating package script '/home/xsm/R1_ws/install/armForwardkinematics/share/armForwardkinematics/package.ps1'
[7.248s] INFO:colcon.colcon_core.shell:Creating package descriptor '/home/xsm/R1_ws/install/armForwardkinematics/share/armForwardkinematics/package.dsv'
[7.248s] INFO:colcon.colcon_core.shell:Creating package script '/home/xsm/R1_ws/install/armForwardkinematics/share/armForwardkinematics/package.sh'
[7.248s] INFO:colcon.colcon_core.shell:Creating package script '/home/xsm/R1_ws/install/armForwardkinematics/share/armForwardkinematics/package.bash'
[7.249s] INFO:colcon.colcon_core.shell:Creating package script '/home/xsm/R1_ws/install/armForwardkinematics/share/armForwardkinematics/package.zsh'
[7.249s] Level 1:colcon.colcon_core.environment:create_file_with_runtime_dependencies(/home/xsm/R1_ws/install/armForwardkinematics/share/colcon-core/packages/armForwardkinematics)
[7.333s] Level 1:colcon.colcon_core.environment:create_environment_scripts_only(armForwardkinematics)
[7.333s] Level 1:colcon.colcon_core.environment:checking '/home/xsm/R1_ws/install/armForwardkinematics' for CMake module files
[7.333s] Level 1:colcon.colcon_core.environment:checking '/home/xsm/R1_ws/install/armForwardkinematics' for CMake config files
[7.334s] Level 1:colcon.colcon_core.shell:create_environment_hook('armForwardkinematics', 'cmake_prefix_path')
[7.334s] INFO:colcon.colcon_core.shell:Creating environment hook '/home/xsm/R1_ws/install/armForwardkinematics/share/armForwardkinematics/hook/cmake_prefix_path.ps1'
[7.334s] INFO:colcon.colcon_core.shell:Creating environment descriptor '/home/xsm/R1_ws/install/armForwardkinematics/share/armForwardkinematics/hook/cmake_prefix_path.dsv'
[7.335s] INFO:colcon.colcon_core.shell:Creating environment hook '/home/xsm/R1_ws/install/armForwardkinematics/share/armForwardkinematics/hook/cmake_prefix_path.sh'
[7.335s] Level 1:colcon.colcon_core.environment:checking '/home/xsm/R1_ws/install/armForwardkinematics/lib'
[7.335s] Level 1:colcon.colcon_core.environment:checking '/home/xsm/R1_ws/install/armForwardkinematics/bin'
[7.335s] Level 1:colcon.colcon_core.environment:checking '/home/xsm/R1_ws/install/armForwardkinematics/lib/pkgconfig/armForwardkinematics.pc'
[7.335s] Level 1:colcon.colcon_core.environment:checking '/home/xsm/R1_ws/install/armForwardkinematics/lib/python3.10/site-packages'
[7.335s] Level 1:colcon.colcon_core.environment:checking '/home/xsm/R1_ws/install/armForwardkinematics/bin'
[7.336s] INFO:colcon.colcon_core.shell:Creating package script '/home/xsm/R1_ws/install/armForwardkinematics/share/armForwardkinematics/package.ps1'
[7.336s] INFO:colcon.colcon_core.shell:Creating package descriptor '/home/xsm/R1_ws/install/armForwardkinematics/share/armForwardkinematics/package.dsv'
[7.336s] INFO:colcon.colcon_core.shell:Creating package script '/home/xsm/R1_ws/install/armForwardkinematics/share/armForwardkinematics/package.sh'
[7.337s] INFO:colcon.colcon_core.shell:Creating package script '/home/xsm/R1_ws/install/armForwardkinematics/share/armForwardkinematics/package.bash'
[7.337s] INFO:colcon.colcon_core.shell:Creating package script '/home/xsm/R1_ws/install/armForwardkinematics/share/armForwardkinematics/package.zsh'
[7.337s] Level 1:colcon.colcon_core.environment:create_file_with_runtime_dependencies(/home/xsm/R1_ws/install/armForwardkinematics/share/colcon-core/packages/armForwardkinematics)
[7.337s] DEBUG:colcon.colcon_parallel_executor.executor.parallel:closing loop
[7.338s] DEBUG:colcon.colcon_parallel_executor.executor.parallel:loop closed
[7.338s] DEBUG:colcon.colcon_parallel_executor.executor.parallel:run_until_complete finished with '0'
[7.338s] DEBUG:colcon.colcon_core.event_reactor:joining thread
[7.342s] INFO:colcon.colcon_core.plugin_system:Skipping extension 'colcon_notification.desktop_notification.terminal_notifier': Not used on non-Darwin systems
[7.342s] INFO:colcon.colcon_core.plugin_system:Skipping extension 'colcon_notification.desktop_notification.win32': Not used on non-Windows systems
[7.342s] INFO:colcon.colcon_notification.desktop_notification:Sending desktop notification using 'notify2'
[7.351s] DEBUG:colcon.colcon_core.event_reactor:joined thread
[7.351s] INFO:colcon.colcon_core.shell:Creating prefix script '/home/xsm/R1_ws/install/local_setup.ps1'
[7.352s] INFO:colcon.colcon_core.shell:Creating prefix util module '/home/xsm/R1_ws/install/_local_setup_util_ps1.py'
[7.353s] INFO:colcon.colcon_core.shell:Creating prefix chain script '/home/xsm/R1_ws/install/setup.ps1'
[7.354s] INFO:colcon.colcon_core.shell:Creating prefix script '/home/xsm/R1_ws/install/local_setup.sh'
[7.355s] INFO:colcon.colcon_core.shell:Creating prefix util module '/home/xsm/R1_ws/install/_local_setup_util_sh.py'
[7.355s] INFO:colcon.colcon_core.shell:Creating prefix chain script '/home/xsm/R1_ws/install/setup.sh'
[7.356s] INFO:colcon.colcon_core.shell:Creating prefix script '/home/xsm/R1_ws/install/local_setup.bash'
[7.356s] INFO:colcon.colcon_core.shell:Creating prefix chain script '/home/xsm/R1_ws/install/setup.bash'
[7.357s] INFO:colcon.colcon_core.shell:Creating prefix script '/home/xsm/R1_ws/install/local_setup.zsh'
[7.357s] INFO:colcon.colcon_core.shell:Creating prefix chain script '/home/xsm/R1_ws/install/setup.zsh'
