[0.023s] Invoking command in '/home/xsm/R1_ws/build/mit_msgs': CMAKE_PREFIX_PATH=${CMAKE_PREFIX_PATH}:/home/xsm/R1_ws/install/gui_pkg:/opt/ros/humble /usr/bin/cmake /home/xsm/R1_ws/src/public/mit_msgs -DCMAKE_EXPORT_COMPILE_COMMANDS=ON -DCMAKE_INSTALL_PREFIX=/home/xsm/R1_ws/install/mit_msgs
[0.236s] -- Found ament_cmake: 1.3.10 (/opt/ros/humble/share/ament_cmake/cmake)
[0.237s] -- Found geometry_msgs: 4.2.4 (/opt/ros/humble/share/geometry_msgs/cmake)
[0.237s] -- Found rosidl_generator_c: 3.1.5 (/opt/ros/humble/share/rosidl_generator_c/cmake)
[0.238s] -- Found rosidl_adapter: 3.1.5 (/opt/ros/humble/share/rosidl_adapter/cmake)
[0.238s] -- Found rosidl_generator_cpp: 3.1.5 (/opt/ros/humble/share/rosidl_generator_cpp/cmake)
[0.238s] -- Using all available rosidl_typesupport_c: rosidl_typesupport_fastrtps_c;rosidl_typesupport_introspection_c
[0.238s] -- Using all available rosidl_typesupport_cpp: rosidl_typesupport_fastrtps_cpp;rosidl_typesupport_introspection_cpp
[0.238s] -- Found sensor_msgs: 4.2.4 (/opt/ros/humble/share/sensor_msgs/cmake)
[0.239s] -- Found rosidl_default_generators: 1.2.0 (/opt/ros/humble/share/rosidl_default_generators/cmake)
[0.566s] -- Found ament_cmake_ros: 0.10.0 (/opt/ros/humble/share/ament_cmake_ros/cmake)
[1.031s] -- Using all available rosidl_typesupport_c: rosidl_typesupport_fastrtps_c;rosidl_typesupport_introspection_c
[1.202s] -- Using all available rosidl_typesupport_cpp: rosidl_typesupport_fastrtps_cpp;rosidl_typesupport_introspection_cpp
[1.228s] -- Found python_cmake_module: 0.10.0 (/opt/ros/humble/share/python_cmake_module/cmake)
[1.255s] -- Using PYTHON_EXECUTABLE: /usr/bin/python3
[1.255s] -- Using PYTHON_INCLUDE_DIRS: /usr/include/python3.10
[1.255s] -- Using PYTHON_LIBRARIES: /usr/lib/x86_64-linux-gnu/libpython3.10.so
[1.299s] -- Configuring done
[1.332s] -- Generating done
[1.335s] -- Build files have been written to: /home/xsm/R1_ws/build/mit_msgs
[1.343s] Invoked command in '/home/xsm/R1_ws/build/mit_msgs' returned '0': CMAKE_PREFIX_PATH=${CMAKE_PREFIX_PATH}:/home/xsm/R1_ws/install/gui_pkg:/opt/ros/humble /usr/bin/cmake /home/xsm/R1_ws/src/public/mit_msgs -DCMAKE_EXPORT_COMPILE_COMMANDS=ON -DCMAKE_INSTALL_PREFIX=/home/xsm/R1_ws/install/mit_msgs
[1.345s] Invoking command in '/home/xsm/R1_ws/build/mit_msgs': CMAKE_PREFIX_PATH=${CMAKE_PREFIX_PATH}:/home/xsm/R1_ws/install/gui_pkg:/opt/ros/humble /usr/bin/cmake --build /home/xsm/R1_ws/build/mit_msgs -- -j16 -l16
[1.401s] [35m[1mConsolidate compiler generated dependencies of target mit_msgs__rosidl_generator_c[0m
[1.417s] [  2%] Built target mit_msgs__cpp
[1.419s] [ 12%] Built target mit_msgs__rosidl_generator_c
[1.432s] [ 12%] Built target ament_cmake_python_copy_mit_msgs
[1.435s] [35m[1mConsolidate compiler generated dependencies of target mit_msgs__rosidl_typesupport_c[0m
[1.435s] [35m[1mConsolidate compiler generated dependencies of target mit_msgs__rosidl_typesupport_fastrtps_cpp[0m
[1.436s] [35m[1mConsolidate compiler generated dependencies of target mit_msgs__rosidl_typesupport_cpp[0m
[1.436s] [35m[1mConsolidate compiler generated dependencies of target mit_msgs__rosidl_typesupport_introspection_cpp[0m
[1.438s] [35m[1mConsolidate compiler generated dependencies of target mit_msgs__rosidl_typesupport_introspection_c[0m
[1.438s] [35m[1mConsolidate compiler generated dependencies of target mit_msgs__rosidl_typesupport_fastrtps_c[0m
[1.455s] [ 23%] Built target mit_msgs__rosidl_typesupport_c
[1.457s] [ 57%] Built target mit_msgs__rosidl_typesupport_introspection_c
[1.457s] [ 57%] Built target mit_msgs__rosidl_typesupport_fastrtps_cpp
[1.457s] [ 61%] Built target mit_msgs__rosidl_typesupport_introspection_cpp
[1.458s] [ 65%] Built target mit_msgs__rosidl_typesupport_cpp
[1.463s] [ 76%] Built target mit_msgs__rosidl_typesupport_fastrtps_c
[1.494s] [ 76%] Built target mit_msgs
[1.531s] [ 78%] Built target mit_msgs__py
[1.548s] [35m[1mConsolidate compiler generated dependencies of target mit_msgs__rosidl_generator_py[0m
[1.569s] [ 87%] Built target mit_msgs__rosidl_generator_py
[1.586s] [35m[1mConsolidate compiler generated dependencies of target mit_msgs__rosidl_typesupport_introspection_c__pyext[0m
[1.586s] [35m[1mConsolidate compiler generated dependencies of target mit_msgs__rosidl_typesupport_c__pyext[0m
[1.586s] [35m[1mConsolidate compiler generated dependencies of target mit_msgs__rosidl_typesupport_fastrtps_c__pyext[0m
[1.606s] [ 95%] Built target mit_msgs__rosidl_typesupport_introspection_c__pyext
[1.606s] [ 95%] Built target mit_msgs__rosidl_typesupport_c__pyext
[1.606s] [100%] Built target mit_msgs__rosidl_typesupport_fastrtps_c__pyext
[1.657s] running egg_info
[1.657s] writing mit_msgs.egg-info/PKG-INFO
[1.657s] writing dependency_links to mit_msgs.egg-info/dependency_links.txt
[1.658s] writing top-level names to mit_msgs.egg-info/top_level.txt
[1.659s] reading manifest file 'mit_msgs.egg-info/SOURCES.txt'
[1.660s] writing manifest file 'mit_msgs.egg-info/SOURCES.txt'
[1.693s] [100%] Built target ament_cmake_python_build_mit_msgs_egg
[1.710s] Invoked command in '/home/xsm/R1_ws/build/mit_msgs' returned '0': CMAKE_PREFIX_PATH=${CMAKE_PREFIX_PATH}:/home/xsm/R1_ws/install/gui_pkg:/opt/ros/humble /usr/bin/cmake --build /home/xsm/R1_ws/build/mit_msgs -- -j16 -l16
[1.986s] Invoking command in '/home/xsm/R1_ws/build/mit_msgs': CMAKE_PREFIX_PATH=${CMAKE_PREFIX_PATH}:/home/xsm/R1_ws/install/gui_pkg:/opt/ros/humble /usr/bin/cmake --install /home/xsm/R1_ws/build/mit_msgs
[1.995s] -- Install configuration: ""
[1.995s] -- Up-to-date: /home/xsm/R1_ws/install/mit_msgs/share/ament_index/resource_index/rosidl_interfaces/mit_msgs
[1.995s] -- Up-to-date: /home/xsm/R1_ws/install/mit_msgs/include/mit_msgs/mit_msgs
[1.996s] -- Up-to-date: /home/xsm/R1_ws/install/mit_msgs/include/mit_msgs/mit_msgs/msg
[1.996s] -- Up-to-date: /home/xsm/R1_ws/install/mit_msgs/include/mit_msgs/mit_msgs/msg/rosidl_generator_c__visibility_control.h
[1.996s] -- Up-to-date: /home/xsm/R1_ws/install/mit_msgs/include/mit_msgs/mit_msgs/msg/mit_low_state.h
[1.996s] -- Up-to-date: /home/xsm/R1_ws/install/mit_msgs/include/mit_msgs/mit_msgs/msg/detail
[1.996s] -- Up-to-date: /home/xsm/R1_ws/install/mit_msgs/include/mit_msgs/mit_msgs/msg/detail/mit_joint_commands__type_support.h
[1.996s] -- Up-to-date: /home/xsm/R1_ws/install/mit_msgs/include/mit_msgs/mit_msgs/msg/detail/mit_joint_command__type_support.h
[1.996s] -- Up-to-date: /home/xsm/R1_ws/install/mit_msgs/include/mit_msgs/mit_msgs/msg/detail/mit_joint_command__functions.h
[1.996s] -- Up-to-date: /home/xsm/R1_ws/install/mit_msgs/include/mit_msgs/mit_msgs/msg/detail/mit_low_state__type_support.h
[1.996s] -- Up-to-date: /home/xsm/R1_ws/install/mit_msgs/include/mit_msgs/mit_msgs/msg/detail/mit_joint_commands__functions.h
[1.996s] -- Up-to-date: /home/xsm/R1_ws/install/mit_msgs/include/mit_msgs/mit_msgs/msg/detail/mit_joint_commands__functions.c
[1.996s] -- Up-to-date: /home/xsm/R1_ws/install/mit_msgs/include/mit_msgs/mit_msgs/msg/detail/mit_joint_command__functions.c
[1.997s] -- Up-to-date: /home/xsm/R1_ws/install/mit_msgs/include/mit_msgs/mit_msgs/msg/detail/mit_low_state__struct.h
[1.997s] -- Up-to-date: /home/xsm/R1_ws/install/mit_msgs/include/mit_msgs/mit_msgs/msg/detail/mit_low_state__functions.c
[1.997s] -- Up-to-date: /home/xsm/R1_ws/install/mit_msgs/include/mit_msgs/mit_msgs/msg/detail/mit_joint_commands__struct.h
[1.997s] -- Up-to-date: /home/xsm/R1_ws/install/mit_msgs/include/mit_msgs/mit_msgs/msg/detail/mit_low_state__functions.h
[1.997s] -- Up-to-date: /home/xsm/R1_ws/install/mit_msgs/include/mit_msgs/mit_msgs/msg/detail/mit_joint_command__struct.h
[1.997s] -- Up-to-date: /home/xsm/R1_ws/install/mit_msgs/include/mit_msgs/mit_msgs/msg/mit_joint_command.h
[1.997s] -- Up-to-date: /home/xsm/R1_ws/install/mit_msgs/include/mit_msgs/mit_msgs/msg/mit_joint_commands.h
[1.997s] -- Up-to-date: /home/xsm/R1_ws/install/mit_msgs/share/mit_msgs/environment/library_path.sh
[1.997s] -- Installing: /home/xsm/R1_ws/install/mit_msgs/share/mit_msgs/environment/library_path.dsv
[1.997s] -- Up-to-date: /home/xsm/R1_ws/install/mit_msgs/lib/libmit_msgs__rosidl_generator_c.so
[1.997s] -- Up-to-date: /home/xsm/R1_ws/install/mit_msgs/include/mit_msgs/mit_msgs
[1.997s] -- Up-to-date: /home/xsm/R1_ws/install/mit_msgs/include/mit_msgs/mit_msgs/msg
[1.997s] -- Up-to-date: /home/xsm/R1_ws/install/mit_msgs/include/mit_msgs/mit_msgs/msg/rosidl_typesupport_fastrtps_c__visibility_control.h
[1.997s] -- Up-to-date: /home/xsm/R1_ws/install/mit_msgs/include/mit_msgs/mit_msgs/msg/detail
[1.997s] -- Up-to-date: /home/xsm/R1_ws/install/mit_msgs/include/mit_msgs/mit_msgs/msg/detail/mit_low_state__rosidl_typesupport_fastrtps_c.h
[1.997s] -- Up-to-date: /home/xsm/R1_ws/install/mit_msgs/include/mit_msgs/mit_msgs/msg/detail/mit_joint_commands__rosidl_typesupport_fastrtps_c.h
[1.997s] -- Up-to-date: /home/xsm/R1_ws/install/mit_msgs/include/mit_msgs/mit_msgs/msg/detail/mit_joint_command__rosidl_typesupport_fastrtps_c.h
[1.997s] -- Up-to-date: /home/xsm/R1_ws/install/mit_msgs/lib/libmit_msgs__rosidl_typesupport_fastrtps_c.so
[1.997s] -- Up-to-date: /home/xsm/R1_ws/install/mit_msgs/include/mit_msgs/mit_msgs
[1.998s] -- Up-to-date: /home/xsm/R1_ws/install/mit_msgs/include/mit_msgs/mit_msgs/msg
[1.998s] -- Up-to-date: /home/xsm/R1_ws/install/mit_msgs/include/mit_msgs/mit_msgs/msg/mit_joint_command.hpp
[1.998s] -- Up-to-date: /home/xsm/R1_ws/install/mit_msgs/include/mit_msgs/mit_msgs/msg/mit_low_state.hpp
[1.998s] -- Up-to-date: /home/xsm/R1_ws/install/mit_msgs/include/mit_msgs/mit_msgs/msg/detail
[1.998s] -- Up-to-date: /home/xsm/R1_ws/install/mit_msgs/include/mit_msgs/mit_msgs/msg/detail/mit_low_state__builder.hpp
[1.998s] -- Up-to-date: /home/xsm/R1_ws/install/mit_msgs/include/mit_msgs/mit_msgs/msg/detail/mit_joint_commands__traits.hpp
[1.998s] -- Up-to-date: /home/xsm/R1_ws/install/mit_msgs/include/mit_msgs/mit_msgs/msg/detail/mit_joint_command__builder.hpp
[1.998s] -- Up-to-date: /home/xsm/R1_ws/install/mit_msgs/include/mit_msgs/mit_msgs/msg/detail/mit_low_state__traits.hpp
[1.998s] -- Up-to-date: /home/xsm/R1_ws/install/mit_msgs/include/mit_msgs/mit_msgs/msg/detail/mit_joint_command__struct.hpp
[1.998s] -- Up-to-date: /home/xsm/R1_ws/install/mit_msgs/include/mit_msgs/mit_msgs/msg/detail/mit_joint_commands__struct.hpp
[1.998s] -- Up-to-date: /home/xsm/R1_ws/install/mit_msgs/include/mit_msgs/mit_msgs/msg/detail/mit_joint_commands__builder.hpp
[1.998s] -- Up-to-date: /home/xsm/R1_ws/install/mit_msgs/include/mit_msgs/mit_msgs/msg/detail/mit_joint_command__traits.hpp
[1.998s] -- Up-to-date: /home/xsm/R1_ws/install/mit_msgs/include/mit_msgs/mit_msgs/msg/detail/mit_low_state__struct.hpp
[1.998s] -- Up-to-date: /home/xsm/R1_ws/install/mit_msgs/include/mit_msgs/mit_msgs/msg/mit_joint_commands.hpp
[1.998s] -- Up-to-date: /home/xsm/R1_ws/install/mit_msgs/include/mit_msgs/mit_msgs
[1.998s] -- Up-to-date: /home/xsm/R1_ws/install/mit_msgs/include/mit_msgs/mit_msgs/msg
[1.998s] -- Up-to-date: /home/xsm/R1_ws/install/mit_msgs/include/mit_msgs/mit_msgs/msg/rosidl_typesupport_fastrtps_cpp__visibility_control.h
[1.998s] -- Up-to-date: /home/xsm/R1_ws/install/mit_msgs/include/mit_msgs/mit_msgs/msg/detail
[1.999s] -- Up-to-date: /home/xsm/R1_ws/install/mit_msgs/include/mit_msgs/mit_msgs/msg/detail/dds_fastrtps
[1.999s] -- Up-to-date: /home/xsm/R1_ws/install/mit_msgs/include/mit_msgs/mit_msgs/msg/detail/mit_low_state__rosidl_typesupport_fastrtps_cpp.hpp
[1.999s] -- Up-to-date: /home/xsm/R1_ws/install/mit_msgs/include/mit_msgs/mit_msgs/msg/detail/mit_joint_commands__rosidl_typesupport_fastrtps_cpp.hpp
[1.999s] -- Up-to-date: /home/xsm/R1_ws/install/mit_msgs/include/mit_msgs/mit_msgs/msg/detail/mit_joint_command__rosidl_typesupport_fastrtps_cpp.hpp
[1.999s] -- Up-to-date: /home/xsm/R1_ws/install/mit_msgs/lib/libmit_msgs__rosidl_typesupport_fastrtps_cpp.so
[1.999s] -- Up-to-date: /home/xsm/R1_ws/install/mit_msgs/include/mit_msgs/mit_msgs
[1.999s] -- Up-to-date: /home/xsm/R1_ws/install/mit_msgs/include/mit_msgs/mit_msgs/msg
[1.999s] -- Up-to-date: /home/xsm/R1_ws/install/mit_msgs/include/mit_msgs/mit_msgs/msg/rosidl_typesupport_introspection_c__visibility_control.h
[1.999s] -- Up-to-date: /home/xsm/R1_ws/install/mit_msgs/include/mit_msgs/mit_msgs/msg/detail
[1.999s] -- Up-to-date: /home/xsm/R1_ws/install/mit_msgs/include/mit_msgs/mit_msgs/msg/detail/mit_low_state__type_support.c
[1.999s] -- Up-to-date: /home/xsm/R1_ws/install/mit_msgs/include/mit_msgs/mit_msgs/msg/detail/mit_joint_command__type_support.c
[1.999s] -- Up-to-date: /home/xsm/R1_ws/install/mit_msgs/include/mit_msgs/mit_msgs/msg/detail/mit_joint_commands__rosidl_typesupport_introspection_c.h
[1.999s] -- Up-to-date: /home/xsm/R1_ws/install/mit_msgs/include/mit_msgs/mit_msgs/msg/detail/mit_low_state__rosidl_typesupport_introspection_c.h
[1.999s] -- Up-to-date: /home/xsm/R1_ws/install/mit_msgs/include/mit_msgs/mit_msgs/msg/detail/mit_joint_commands__type_support.c
[1.999s] -- Up-to-date: /home/xsm/R1_ws/install/mit_msgs/include/mit_msgs/mit_msgs/msg/detail/mit_joint_command__rosidl_typesupport_introspection_c.h
[1.999s] -- Up-to-date: /home/xsm/R1_ws/install/mit_msgs/lib/libmit_msgs__rosidl_typesupport_introspection_c.so
[1.999s] -- Up-to-date: /home/xsm/R1_ws/install/mit_msgs/lib/libmit_msgs__rosidl_typesupport_c.so
[2.000s] -- Up-to-date: /home/xsm/R1_ws/install/mit_msgs/include/mit_msgs/mit_msgs
[2.000s] -- Up-to-date: /home/xsm/R1_ws/install/mit_msgs/include/mit_msgs/mit_msgs/msg
[2.000s] -- Up-to-date: /home/xsm/R1_ws/install/mit_msgs/include/mit_msgs/mit_msgs/msg/detail
[2.000s] -- Up-to-date: /home/xsm/R1_ws/install/mit_msgs/include/mit_msgs/mit_msgs/msg/detail/mit_joint_command__type_support.cpp
[2.000s] -- Up-to-date: /home/xsm/R1_ws/install/mit_msgs/include/mit_msgs/mit_msgs/msg/detail/mit_low_state__rosidl_typesupport_introspection_cpp.hpp
[2.000s] -- Up-to-date: /home/xsm/R1_ws/install/mit_msgs/include/mit_msgs/mit_msgs/msg/detail/mit_joint_command__rosidl_typesupport_introspection_cpp.hpp
[2.000s] -- Up-to-date: /home/xsm/R1_ws/install/mit_msgs/include/mit_msgs/mit_msgs/msg/detail/mit_joint_commands__rosidl_typesupport_introspection_cpp.hpp
[2.000s] -- Up-to-date: /home/xsm/R1_ws/install/mit_msgs/include/mit_msgs/mit_msgs/msg/detail/mit_joint_commands__type_support.cpp
[2.000s] -- Up-to-date: /home/xsm/R1_ws/install/mit_msgs/include/mit_msgs/mit_msgs/msg/detail/mit_low_state__type_support.cpp
[2.000s] -- Up-to-date: /home/xsm/R1_ws/install/mit_msgs/lib/libmit_msgs__rosidl_typesupport_introspection_cpp.so
[2.000s] -- Up-to-date: /home/xsm/R1_ws/install/mit_msgs/lib/libmit_msgs__rosidl_typesupport_cpp.so
[2.000s] -- Up-to-date: /home/xsm/R1_ws/install/mit_msgs/share/mit_msgs/environment/pythonpath.sh
[2.000s] -- Installing: /home/xsm/R1_ws/install/mit_msgs/share/mit_msgs/environment/pythonpath.dsv
[2.000s] -- Up-to-date: /home/xsm/R1_ws/install/mit_msgs/local/lib/python3.10/dist-packages/mit_msgs-0.0.0-py3.10.egg-info
[2.000s] -- Installing: /home/xsm/R1_ws/install/mit_msgs/local/lib/python3.10/dist-packages/mit_msgs-0.0.0-py3.10.egg-info/PKG-INFO
[2.000s] -- Installing: /home/xsm/R1_ws/install/mit_msgs/local/lib/python3.10/dist-packages/mit_msgs-0.0.0-py3.10.egg-info/SOURCES.txt
[2.000s] -- Installing: /home/xsm/R1_ws/install/mit_msgs/local/lib/python3.10/dist-packages/mit_msgs-0.0.0-py3.10.egg-info/dependency_links.txt
[2.000s] -- Installing: /home/xsm/R1_ws/install/mit_msgs/local/lib/python3.10/dist-packages/mit_msgs-0.0.0-py3.10.egg-info/top_level.txt
[2.000s] -- Up-to-date: /home/xsm/R1_ws/install/mit_msgs/local/lib/python3.10/dist-packages/mit_msgs
[2.001s] -- Installing: /home/xsm/R1_ws/install/mit_msgs/local/lib/python3.10/dist-packages/mit_msgs/__init__.py
[2.001s] -- Up-to-date: /home/xsm/R1_ws/install/mit_msgs/local/lib/python3.10/dist-packages/mit_msgs/mit_msgs_s__rosidl_typesupport_c.cpython-310-x86_64-linux-gnu.so
[2.001s] -- Up-to-date: /home/xsm/R1_ws/install/mit_msgs/local/lib/python3.10/dist-packages/mit_msgs/_mit_msgs_s.ep.rosidl_typesupport_c.c
[2.001s] -- Up-to-date: /home/xsm/R1_ws/install/mit_msgs/local/lib/python3.10/dist-packages/mit_msgs/mit_msgs_s__rosidl_typesupport_fastrtps_c.cpython-310-x86_64-linux-gnu.so
[2.001s] -- Up-to-date: /home/xsm/R1_ws/install/mit_msgs/local/lib/python3.10/dist-packages/mit_msgs/_mit_msgs_s.ep.rosidl_typesupport_introspection_c.c
[2.001s] -- Up-to-date: /home/xsm/R1_ws/install/mit_msgs/local/lib/python3.10/dist-packages/mit_msgs/msg
[2.001s] -- Up-to-date: /home/xsm/R1_ws/install/mit_msgs/local/lib/python3.10/dist-packages/mit_msgs/msg/__init__.py
[2.001s] -- Up-to-date: /home/xsm/R1_ws/install/mit_msgs/local/lib/python3.10/dist-packages/mit_msgs/msg/_mit_joint_commands.py
[2.001s] -- Up-to-date: /home/xsm/R1_ws/install/mit_msgs/local/lib/python3.10/dist-packages/mit_msgs/msg/_mit_joint_command_s.c
[2.001s] -- Up-to-date: /home/xsm/R1_ws/install/mit_msgs/local/lib/python3.10/dist-packages/mit_msgs/msg/_mit_low_state.py
[2.001s] -- Up-to-date: /home/xsm/R1_ws/install/mit_msgs/local/lib/python3.10/dist-packages/mit_msgs/msg/_mit_joint_commands_s.c
[2.001s] -- Up-to-date: /home/xsm/R1_ws/install/mit_msgs/local/lib/python3.10/dist-packages/mit_msgs/msg/_mit_joint_command.py
[2.001s] -- Up-to-date: /home/xsm/R1_ws/install/mit_msgs/local/lib/python3.10/dist-packages/mit_msgs/msg/_mit_low_state_s.c
[2.001s] -- Up-to-date: /home/xsm/R1_ws/install/mit_msgs/local/lib/python3.10/dist-packages/mit_msgs/_mit_msgs_s.ep.rosidl_typesupport_fastrtps_c.c
[2.001s] -- Up-to-date: /home/xsm/R1_ws/install/mit_msgs/local/lib/python3.10/dist-packages/mit_msgs/libmit_msgs__rosidl_generator_py.so
[2.001s] -- Up-to-date: /home/xsm/R1_ws/install/mit_msgs/local/lib/python3.10/dist-packages/mit_msgs/mit_msgs_s__rosidl_typesupport_introspection_c.cpython-310-x86_64-linux-gnu.so
[2.030s] Listing '/home/xsm/R1_ws/install/mit_msgs/local/lib/python3.10/dist-packages/mit_msgs'...
[2.030s] Compiling '/home/xsm/R1_ws/install/mit_msgs/local/lib/python3.10/dist-packages/mit_msgs/__init__.py'...
[2.030s] Listing '/home/xsm/R1_ws/install/mit_msgs/local/lib/python3.10/dist-packages/mit_msgs/msg'...
[2.035s] -- Up-to-date: /home/xsm/R1_ws/install/mit_msgs/local/lib/python3.10/dist-packages/mit_msgs/mit_msgs_s__rosidl_typesupport_fastrtps_c.cpython-310-x86_64-linux-gnu.so
[2.035s] -- Up-to-date: /home/xsm/R1_ws/install/mit_msgs/local/lib/python3.10/dist-packages/mit_msgs/mit_msgs_s__rosidl_typesupport_introspection_c.cpython-310-x86_64-linux-gnu.so
[2.035s] -- Up-to-date: /home/xsm/R1_ws/install/mit_msgs/local/lib/python3.10/dist-packages/mit_msgs/mit_msgs_s__rosidl_typesupport_c.cpython-310-x86_64-linux-gnu.so
[2.036s] -- Up-to-date: /home/xsm/R1_ws/install/mit_msgs/lib/libmit_msgs__rosidl_generator_py.so
[2.036s] -- Up-to-date: /home/xsm/R1_ws/install/mit_msgs/share/mit_msgs/msg/MITJointCommand.idl
[2.036s] -- Up-to-date: /home/xsm/R1_ws/install/mit_msgs/share/mit_msgs/msg/MITJointCommands.idl
[2.036s] -- Up-to-date: /home/xsm/R1_ws/install/mit_msgs/share/mit_msgs/msg/MITLowState.idl
[2.036s] -- Up-to-date: /home/xsm/R1_ws/install/mit_msgs/share/mit_msgs/msg/MITJointCommand.msg
[2.036s] -- Up-to-date: /home/xsm/R1_ws/install/mit_msgs/share/mit_msgs/msg/MITJointCommands.msg
[2.036s] -- Up-to-date: /home/xsm/R1_ws/install/mit_msgs/share/mit_msgs/msg/MITLowState.msg
[2.036s] -- Up-to-date: /home/xsm/R1_ws/install/mit_msgs/share/ament_index/resource_index/package_run_dependencies/mit_msgs
[2.036s] -- Installing: /home/xsm/R1_ws/install/mit_msgs/share/ament_index/resource_index/parent_prefix_path/mit_msgs
[2.036s] -- Up-to-date: /home/xsm/R1_ws/install/mit_msgs/share/mit_msgs/environment/ament_prefix_path.sh
[2.036s] -- Installing: /home/xsm/R1_ws/install/mit_msgs/share/mit_msgs/environment/ament_prefix_path.dsv
[2.037s] -- Up-to-date: /home/xsm/R1_ws/install/mit_msgs/share/mit_msgs/environment/path.sh
[2.037s] -- Installing: /home/xsm/R1_ws/install/mit_msgs/share/mit_msgs/environment/path.dsv
[2.037s] -- Up-to-date: /home/xsm/R1_ws/install/mit_msgs/share/mit_msgs/local_setup.bash
[2.037s] -- Up-to-date: /home/xsm/R1_ws/install/mit_msgs/share/mit_msgs/local_setup.sh
[2.037s] -- Up-to-date: /home/xsm/R1_ws/install/mit_msgs/share/mit_msgs/local_setup.zsh
[2.037s] -- Installing: /home/xsm/R1_ws/install/mit_msgs/share/mit_msgs/local_setup.dsv
[2.037s] -- Installing: /home/xsm/R1_ws/install/mit_msgs/share/mit_msgs/package.dsv
[2.037s] -- Up-to-date: /home/xsm/R1_ws/install/mit_msgs/share/ament_index/resource_index/packages/mit_msgs
[2.037s] -- Up-to-date: /home/xsm/R1_ws/install/mit_msgs/share/mit_msgs/cmake/export_mit_msgs__rosidl_generator_cExport.cmake
[2.037s] -- Up-to-date: /home/xsm/R1_ws/install/mit_msgs/share/mit_msgs/cmake/export_mit_msgs__rosidl_generator_cExport-noconfig.cmake
[2.037s] -- Up-to-date: /home/xsm/R1_ws/install/mit_msgs/share/mit_msgs/cmake/export_mit_msgs__rosidl_typesupport_fastrtps_cExport.cmake
[2.038s] -- Up-to-date: /home/xsm/R1_ws/install/mit_msgs/share/mit_msgs/cmake/export_mit_msgs__rosidl_typesupport_fastrtps_cExport-noconfig.cmake
[2.038s] -- Up-to-date: /home/xsm/R1_ws/install/mit_msgs/share/mit_msgs/cmake/export_mit_msgs__rosidl_generator_cppExport.cmake
[2.038s] -- Up-to-date: /home/xsm/R1_ws/install/mit_msgs/share/mit_msgs/cmake/export_mit_msgs__rosidl_typesupport_fastrtps_cppExport.cmake
[2.038s] -- Up-to-date: /home/xsm/R1_ws/install/mit_msgs/share/mit_msgs/cmake/export_mit_msgs__rosidl_typesupport_fastrtps_cppExport-noconfig.cmake
[2.038s] -- Up-to-date: /home/xsm/R1_ws/install/mit_msgs/share/mit_msgs/cmake/mit_msgs__rosidl_typesupport_introspection_cExport.cmake
[2.038s] -- Up-to-date: /home/xsm/R1_ws/install/mit_msgs/share/mit_msgs/cmake/mit_msgs__rosidl_typesupport_introspection_cExport-noconfig.cmake
[2.038s] -- Up-to-date: /home/xsm/R1_ws/install/mit_msgs/share/mit_msgs/cmake/mit_msgs__rosidl_typesupport_cExport.cmake
[2.038s] -- Up-to-date: /home/xsm/R1_ws/install/mit_msgs/share/mit_msgs/cmake/mit_msgs__rosidl_typesupport_cExport-noconfig.cmake
[2.038s] -- Up-to-date: /home/xsm/R1_ws/install/mit_msgs/share/mit_msgs/cmake/mit_msgs__rosidl_typesupport_introspection_cppExport.cmake
[2.038s] -- Up-to-date: /home/xsm/R1_ws/install/mit_msgs/share/mit_msgs/cmake/mit_msgs__rosidl_typesupport_introspection_cppExport-noconfig.cmake
[2.038s] -- Up-to-date: /home/xsm/R1_ws/install/mit_msgs/share/mit_msgs/cmake/mit_msgs__rosidl_typesupport_cppExport.cmake
[2.038s] -- Up-to-date: /home/xsm/R1_ws/install/mit_msgs/share/mit_msgs/cmake/mit_msgs__rosidl_typesupport_cppExport-noconfig.cmake
[2.038s] -- Up-to-date: /home/xsm/R1_ws/install/mit_msgs/share/mit_msgs/cmake/export_mit_msgs__rosidl_generator_pyExport.cmake
[2.038s] -- Up-to-date: /home/xsm/R1_ws/install/mit_msgs/share/mit_msgs/cmake/export_mit_msgs__rosidl_generator_pyExport-noconfig.cmake
[2.038s] -- Up-to-date: /home/xsm/R1_ws/install/mit_msgs/share/mit_msgs/cmake/rosidl_cmake-extras.cmake
[2.038s] -- Up-to-date: /home/xsm/R1_ws/install/mit_msgs/share/mit_msgs/cmake/ament_cmake_export_dependencies-extras.cmake
[2.038s] -- Up-to-date: /home/xsm/R1_ws/install/mit_msgs/share/mit_msgs/cmake/ament_cmake_export_include_directories-extras.cmake
[2.038s] -- Up-to-date: /home/xsm/R1_ws/install/mit_msgs/share/mit_msgs/cmake/ament_cmake_export_libraries-extras.cmake
[2.039s] -- Up-to-date: /home/xsm/R1_ws/install/mit_msgs/share/mit_msgs/cmake/ament_cmake_export_targets-extras.cmake
[2.039s] -- Up-to-date: /home/xsm/R1_ws/install/mit_msgs/share/mit_msgs/cmake/rosidl_cmake_export_typesupport_targets-extras.cmake
[2.039s] -- Up-to-date: /home/xsm/R1_ws/install/mit_msgs/share/mit_msgs/cmake/rosidl_cmake_export_typesupport_libraries-extras.cmake
[2.039s] -- Up-to-date: /home/xsm/R1_ws/install/mit_msgs/share/mit_msgs/cmake/mit_msgsConfig.cmake
[2.039s] -- Up-to-date: /home/xsm/R1_ws/install/mit_msgs/share/mit_msgs/cmake/mit_msgsConfig-version.cmake
[2.039s] -- Up-to-date: /home/xsm/R1_ws/install/mit_msgs/share/mit_msgs/package.xml
[2.041s] Invoked command in '/home/xsm/R1_ws/build/mit_msgs' returned '0': CMAKE_PREFIX_PATH=${CMAKE_PREFIX_PATH}:/home/xsm/R1_ws/install/gui_pkg:/opt/ros/humble /usr/bin/cmake --install /home/xsm/R1_ws/build/mit_msgs
