[0.013s] Invoking command in '/home/xsm/R1_ws/build/armForwardkinematics': CMAKE_PREFIX_PATH=/home/xsm/R1_ws/install/mit_msgs:/home/xsm/R1_ws/install/optimal_control_problem:/home/xsm/R1_ws/install/arm_dynamics_hw:/home/xsm/R1_ws/install/armForwardkinematics:/home/xsm/R1_ws/install/lock_utils:/home/xsm/R1_ws/install/gui_pkg:/opt/ros/humble LD_LIBRARY_PATH=/home/xsm/R1_ws/install/mit_msgs/lib:/home/xsm/R1_ws/install/optimal_control_problem/lib:/home/xsm/R1_ws/install/lock_utils/lib:/usr/lib/x86_64-linux-gnu/gazebo-11/plugins:/opt/ros/humble/opt/rviz_ogre_vendor/lib:/opt/ros/humble/lib/x86_64-linux-gnu:/opt/ros/humble/lib:/usr/share/gazebo/../../lib/x86_64-linux-gnu/gazebo-11/plugins:/usr/lib/nvidia /usr/bin/cmake --build /home/xsm/R1_ws/build/armForwardkinematics -- -j16 -l16
[0.102s] [ 14%] [32mBuilding CXX object CMakeFiles/pino_armkine_node.dir/source/ForwardkinematicsT/path.cpp.o[0m
[5.508s] [ 28%] [32m[1mLinking CXX executable pino_armkine_node[0m
[6.058s] [100%] Built target pino_armkine_node
[6.071s] Invoked command in '/home/xsm/R1_ws/build/armForwardkinematics' returned '0': CMAKE_PREFIX_PATH=/home/xsm/R1_ws/install/mit_msgs:/home/xsm/R1_ws/install/optimal_control_problem:/home/xsm/R1_ws/install/arm_dynamics_hw:/home/xsm/R1_ws/install/armForwardkinematics:/home/xsm/R1_ws/install/lock_utils:/home/xsm/R1_ws/install/gui_pkg:/opt/ros/humble LD_LIBRARY_PATH=/home/xsm/R1_ws/install/mit_msgs/lib:/home/xsm/R1_ws/install/optimal_control_problem/lib:/home/xsm/R1_ws/install/lock_utils/lib:/usr/lib/x86_64-linux-gnu/gazebo-11/plugins:/opt/ros/humble/opt/rviz_ogre_vendor/lib:/opt/ros/humble/lib/x86_64-linux-gnu:/opt/ros/humble/lib:/usr/share/gazebo/../../lib/x86_64-linux-gnu/gazebo-11/plugins:/usr/lib/nvidia /usr/bin/cmake --build /home/xsm/R1_ws/build/armForwardkinematics -- -j16 -l16
[6.157s] Invoking command in '/home/xsm/R1_ws/build/armForwardkinematics': CMAKE_PREFIX_PATH=/home/xsm/R1_ws/install/mit_msgs:/home/xsm/R1_ws/install/optimal_control_problem:/home/xsm/R1_ws/install/arm_dynamics_hw:/home/xsm/R1_ws/install/armForwardkinematics:/home/xsm/R1_ws/install/lock_utils:/home/xsm/R1_ws/install/gui_pkg:/opt/ros/humble LD_LIBRARY_PATH=/home/xsm/R1_ws/install/mit_msgs/lib:/home/xsm/R1_ws/install/optimal_control_problem/lib:/home/xsm/R1_ws/install/lock_utils/lib:/usr/lib/x86_64-linux-gnu/gazebo-11/plugins:/opt/ros/humble/opt/rviz_ogre_vendor/lib:/opt/ros/humble/lib/x86_64-linux-gnu:/opt/ros/humble/lib:/usr/share/gazebo/../../lib/x86_64-linux-gnu/gazebo-11/plugins:/usr/lib/nvidia /usr/bin/cmake --install /home/xsm/R1_ws/build/armForwardkinematics
[6.167s] -- Install configuration: ""
[6.167s] -- Execute custom install script
[6.167s] -- Up-to-date symlink: /home/xsm/R1_ws/install/armForwardkinematics/lib/armForwardkinematics/pino_armkine_node
[6.167s] -- Up-to-date symlink: /home/xsm/R1_ws/install/armForwardkinematics/share/armForwardkinematics/launch/armInv.py
[6.168s] -- Up-to-date symlink: /home/xsm/R1_ws/install/armForwardkinematics/share/armForwardkinematics//config/config.yaml
[6.168s] -- Up-to-date symlink: /home/xsm/R1_ws/install/armForwardkinematics/share/ament_index/resource_index/package_run_dependencies/armForwardkinematics
[6.168s] -- Up-to-date symlink: /home/xsm/R1_ws/install/armForwardkinematics/share/ament_index/resource_index/parent_prefix_path/armForwardkinematics
[6.168s] -- Up-to-date symlink: /home/xsm/R1_ws/install/armForwardkinematics/share/armForwardkinematics/environment/ament_prefix_path.sh
[6.168s] -- Up-to-date symlink: /home/xsm/R1_ws/install/armForwardkinematics/share/armForwardkinematics/environment/ament_prefix_path.dsv
[6.168s] -- Up-to-date symlink: /home/xsm/R1_ws/install/armForwardkinematics/share/armForwardkinematics/environment/path.sh
[6.168s] -- Up-to-date symlink: /home/xsm/R1_ws/install/armForwardkinematics/share/armForwardkinematics/environment/path.dsv
[6.168s] -- Up-to-date symlink: /home/xsm/R1_ws/install/armForwardkinematics/share/armForwardkinematics/local_setup.bash
[6.169s] -- Up-to-date symlink: /home/xsm/R1_ws/install/armForwardkinematics/share/armForwardkinematics/local_setup.sh
[6.169s] -- Up-to-date symlink: /home/xsm/R1_ws/install/armForwardkinematics/share/armForwardkinematics/local_setup.zsh
[6.169s] -- Up-to-date symlink: /home/xsm/R1_ws/install/armForwardkinematics/share/armForwardkinematics/local_setup.dsv
[6.169s] -- Symlinking: /home/xsm/R1_ws/install/armForwardkinematics/share/armForwardkinematics/package.dsv
[6.180s] -- Up-to-date symlink: /home/xsm/R1_ws/install/armForwardkinematics/share/ament_index/resource_index/packages/armForwardkinematics
[6.180s] -- Up-to-date symlink: /home/xsm/R1_ws/install/armForwardkinematics/share/armForwardkinematics/cmake/armForwardkinematicsConfig.cmake
[6.180s] -- Up-to-date symlink: /home/xsm/R1_ws/install/armForwardkinematics/share/armForwardkinematics/cmake/armForwardkinematicsConfig-version.cmake
[6.180s] -- Up-to-date symlink: /home/xsm/R1_ws/install/armForwardkinematics/share/armForwardkinematics/package.xml
[6.182s] Invoked command in '/home/xsm/R1_ws/build/armForwardkinematics' returned '0': CMAKE_PREFIX_PATH=/home/xsm/R1_ws/install/mit_msgs:/home/xsm/R1_ws/install/optimal_control_problem:/home/xsm/R1_ws/install/arm_dynamics_hw:/home/xsm/R1_ws/install/armForwardkinematics:/home/xsm/R1_ws/install/lock_utils:/home/xsm/R1_ws/install/gui_pkg:/opt/ros/humble LD_LIBRARY_PATH=/home/xsm/R1_ws/install/mit_msgs/lib:/home/xsm/R1_ws/install/optimal_control_problem/lib:/home/xsm/R1_ws/install/lock_utils/lib:/usr/lib/x86_64-linux-gnu/gazebo-11/plugins:/opt/ros/humble/opt/rviz_ogre_vendor/lib:/opt/ros/humble/lib/x86_64-linux-gnu:/opt/ros/humble/lib:/usr/share/gazebo/../../lib/x86_64-linux-gnu/gazebo-11/plugins:/usr/lib/nvidia /usr/bin/cmake --install /home/xsm/R1_ws/build/armForwardkinematics
