[0.020s] Invoking command in '/home/xsm/R1_ws/build/lock_utils': CMAKE_PREFIX_PATH=${CMAKE_PREFIX_PATH}:/home/xsm/R1_ws/install/gui_pkg:/opt/ros/humble /usr/bin/cmake /home/xsm/R1_ws/src/public/lock_utils -DCMAKE_EXPORT_COMPILE_COMMANDS=ON -DCMAKE_INSTALL_PREFIX=/home/xsm/R1_ws/install/lock_utils
[0.031s] -- Found ament_cmake: 1.3.10 (/opt/ros/humble/share/ament_cmake/cmake)
[0.167s] -- Found rclcpp: 16.0.10 (/opt/ros/humble/share/rclcpp/cmake)
[0.192s] -- Found rosidl_generator_c: 3.1.5 (/opt/ros/humble/share/rosidl_generator_c/cmake)
[0.194s] -- Found rosidl_adapter: 3.1.5 (/opt/ros/humble/share/rosidl_adapter/cmake)
[0.198s] -- Found rosidl_generator_cpp: 3.1.5 (/opt/ros/humble/share/rosidl_generator_cpp/cmake)
[0.206s] -- Using all available rosidl_typesupport_c: rosidl_typesupport_fastrtps_c;rosidl_typesupport_introspection_c
[0.215s] -- Using all available rosidl_typesupport_cpp: rosidl_typesupport_fastrtps_cpp;rosidl_typesupport_introspection_cpp
[0.240s] -- Found rmw_implementation_cmake: 6.1.2 (/opt/ros/humble/share/rmw_implementation_cmake/cmake)
[0.242s] -- Found rmw_fastrtps_cpp: 6.2.7 (/opt/ros/humble/share/rmw_fastrtps_cpp/cmake)
[0.358s] -- Using RMW implementation 'rmw_fastrtps_cpp' as default
[0.398s] -- Checking include directories for rclcpp
[0.399s] -- Using rclcpp_INCLUDE_DIRS
[0.399s] -- Checking include directories for ament_cmake
[0.399s] -- No include directories found for ament_cmake
[0.399s] -- Processing target: lock_utils
[0.469s] -- Configuring done
[0.477s] -- Generating done
[0.478s] -- Build files have been written to: /home/xsm/R1_ws/build/lock_utils
[0.493s] Invoked command in '/home/xsm/R1_ws/build/lock_utils' returned '0': CMAKE_PREFIX_PATH=${CMAKE_PREFIX_PATH}:/home/xsm/R1_ws/install/gui_pkg:/opt/ros/humble /usr/bin/cmake /home/xsm/R1_ws/src/public/lock_utils -DCMAKE_EXPORT_COMPILE_COMMANDS=ON -DCMAKE_INSTALL_PREFIX=/home/xsm/R1_ws/install/lock_utils
[0.494s] Invoking command in '/home/xsm/R1_ws/build/lock_utils': CMAKE_PREFIX_PATH=${CMAKE_PREFIX_PATH}:/home/xsm/R1_ws/install/gui_pkg:/opt/ros/humble /usr/bin/cmake --build /home/xsm/R1_ws/build/lock_utils -- -j16 -l16
[0.556s] [35m[1mConsolidate compiler generated dependencies of target lock_utils[0m
[0.577s] [100%] Built target lock_utils
[0.593s] Invoked command in '/home/xsm/R1_ws/build/lock_utils' returned '0': CMAKE_PREFIX_PATH=${CMAKE_PREFIX_PATH}:/home/xsm/R1_ws/install/gui_pkg:/opt/ros/humble /usr/bin/cmake --build /home/xsm/R1_ws/build/lock_utils -- -j16 -l16
[0.657s] Invoking command in '/home/xsm/R1_ws/build/lock_utils': CMAKE_PREFIX_PATH=${CMAKE_PREFIX_PATH}:/home/xsm/R1_ws/install/gui_pkg:/opt/ros/humble /usr/bin/cmake --install /home/xsm/R1_ws/build/lock_utils
[0.667s] -- Install configuration: "RelWithDebInfo"
[0.668s] -- Up-to-date: /home/xsm/R1_ws/install/lock_utils/lib/liblock_utils.so
[0.668s] -- Up-to-date: /home/xsm/R1_ws/install/lock_utils/share/lock_utils/environment/library_path.sh
[0.668s] -- Installing: /home/xsm/R1_ws/install/lock_utils/share/lock_utils/environment/library_path.dsv
[0.668s] -- Up-to-date: /home/xsm/R1_ws/install/lock_utils/include
[0.668s] -- Up-to-date: /home/xsm/R1_ws/install/lock_utils/include/lock_utils
[0.668s] -- Up-to-date: /home/xsm/R1_ws/install/lock_utils/include/lock_utils/readme_filter.md
[0.668s] -- Up-to-date: /home/xsm/R1_ws/install/lock_utils/include/lock_utils/readme_csv.md
[0.668s] -- Up-to-date: /home/xsm/R1_ws/install/lock_utils/include/lock_utils/SaveParseCSV.h
[0.668s] -- Up-to-date: /home/xsm/R1_ws/install/lock_utils/include/lock_utils/Fliters.h
[0.668s] -- Up-to-date: /home/xsm/R1_ws/install/lock_utils/share/lock_utils//include
[0.668s] -- Up-to-date: /home/xsm/R1_ws/install/lock_utils/share/lock_utils//include/lock_utils
[0.668s] -- Up-to-date: /home/xsm/R1_ws/install/lock_utils/share/lock_utils//include/lock_utils/readme_filter.md
[0.668s] -- Up-to-date: /home/xsm/R1_ws/install/lock_utils/share/lock_utils//include/lock_utils/readme_csv.md
[0.668s] -- Up-to-date: /home/xsm/R1_ws/install/lock_utils/share/lock_utils//include/lock_utils/SaveParseCSV.h
[0.668s] -- Up-to-date: /home/xsm/R1_ws/install/lock_utils/share/lock_utils//include/lock_utils/Fliters.h
[0.668s] -- Up-to-date: /home/xsm/R1_ws/install/lock_utils/share/ament_index/resource_index/package_run_dependencies/lock_utils
[0.668s] -- Up-to-date: /home/xsm/R1_ws/install/lock_utils/share/ament_index/resource_index/parent_prefix_path/lock_utils
[0.668s] -- Up-to-date: /home/xsm/R1_ws/install/lock_utils/share/lock_utils/environment/ament_prefix_path.sh
[0.669s] -- Installing: /home/xsm/R1_ws/install/lock_utils/share/lock_utils/environment/ament_prefix_path.dsv
[0.669s] -- Up-to-date: /home/xsm/R1_ws/install/lock_utils/share/lock_utils/environment/path.sh
[0.669s] -- Installing: /home/xsm/R1_ws/install/lock_utils/share/lock_utils/environment/path.dsv
[0.669s] -- Up-to-date: /home/xsm/R1_ws/install/lock_utils/share/lock_utils/local_setup.bash
[0.669s] -- Up-to-date: /home/xsm/R1_ws/install/lock_utils/share/lock_utils/local_setup.sh
[0.669s] -- Up-to-date: /home/xsm/R1_ws/install/lock_utils/share/lock_utils/local_setup.zsh
[0.669s] -- Installing: /home/xsm/R1_ws/install/lock_utils/share/lock_utils/local_setup.dsv
[0.669s] -- Installing: /home/xsm/R1_ws/install/lock_utils/share/lock_utils/package.dsv
[0.669s] -- Up-to-date: /home/xsm/R1_ws/install/lock_utils/share/ament_index/resource_index/packages/lock_utils
[0.669s] -- Up-to-date: /home/xsm/R1_ws/install/lock_utils/share/lock_utils/cmake/ament_cmake_export_libraries-extras.cmake
[0.669s] -- Up-to-date: /home/xsm/R1_ws/install/lock_utils/share/lock_utils/cmake/ament_cmake_export_dependencies-extras.cmake
[0.670s] -- Up-to-date: /home/xsm/R1_ws/install/lock_utils/share/lock_utils/cmake/ament_cmake_export_include_directories-extras.cmake
[0.670s] -- Up-to-date: /home/xsm/R1_ws/install/lock_utils/share/lock_utils/cmake/lock_utilsConfig.cmake
[0.670s] -- Up-to-date: /home/xsm/R1_ws/install/lock_utils/share/lock_utils/cmake/lock_utilsConfig-version.cmake
[0.671s] -- Up-to-date: /home/xsm/R1_ws/install/lock_utils/share/lock_utils/package.xml
[0.682s] Invoked command in '/home/xsm/R1_ws/build/lock_utils' returned '0': CMAKE_PREFIX_PATH=${CMAKE_PREFIX_PATH}:/home/xsm/R1_ws/install/gui_pkg:/opt/ros/humble /usr/bin/cmake --install /home/xsm/R1_ws/build/lock_utils
