[0.074s] DEBUG:colcon:Command line arguments: ['/usr/bin/colcon', 'build', '--symlink-install']
[0.074s] DEBUG:colcon:Parsed command line arguments: Namespace(log_base=None, log_level=None, verb_name='build', build_base='build', install_base='install', merge_install=False, symlink_install=True, test_result_base=None, continue_on_error=False, executor='parallel', parallel_workers=16, event_handlers=None, ignore_user_meta=False, metas=['./colcon.meta'], base_paths=['.'], packages_ignore=None, packages_ignore_regex=None, paths=None, packages_up_to=None, packages_up_to_regex=None, packages_above=None, packages_above_and_dependencies=None, packages_above_depth=None, packages_select_by_dep=None, packages_skip_by_dep=None, packages_skip_up_to=None, packages_select_build_failed=False, packages_skip_build_finished=False, packages_select_test_failures=False, packages_skip_test_passed=False, packages_select=None, packages_skip=None, packages_select_regex=None, packages_skip_regex=None, packages_start=None, packages_end=None, allow_overriding=[], cmake_args=None, cmake_target=None, cmake_target_skip_unavailable=False, cmake_clean_cache=False, cmake_clean_first=False, cmake_force_configure=False, ament_cmake_args=None, catkin_cmake_args=None, catkin_skip_building_tests=False, verb_parser=<colcon_defaults.argument_parser.defaults.DefaultArgumentsDecorator object at 0x7e230704c790>, verb_extension=<colcon_core.verb.build.BuildVerb object at 0x7e23071513c0>, main=<bound method BuildVerb.main of <colcon_core.verb.build.BuildVerb object at 0x7e23071513c0>>)
[0.195s] Level 1:colcon.colcon_core.package_discovery:discover_packages(colcon_meta) check parameters
[0.195s] Level 1:colcon.colcon_core.package_discovery:discover_packages(recursive) check parameters
[0.195s] Level 1:colcon.colcon_core.package_discovery:discover_packages(ignore) check parameters
[0.195s] Level 1:colcon.colcon_core.package_discovery:discover_packages(path) check parameters
[0.195s] Level 1:colcon.colcon_core.package_discovery:discover_packages(colcon_meta) discover
[0.196s] Level 1:colcon.colcon_core.package_discovery:discover_packages(recursive) discover
[0.196s] INFO:colcon.colcon_core.package_discovery:Crawling recursively for packages in '/home/xsm/R1_ws'
[0.196s] Level 1:colcon.colcon_core.package_identification:_identify(.) by extensions ['ignore', 'ignore_ament_install']
[0.196s] Level 1:colcon.colcon_core.package_identification:_identify(.) by extension 'ignore'
[0.196s] Level 1:colcon.colcon_core.package_identification:_identify(.) by extension 'ignore_ament_install'
[0.196s] Level 1:colcon.colcon_core.package_identification:_identify(.) by extensions ['colcon_pkg']
[0.196s] Level 1:colcon.colcon_core.package_identification:_identify(.) by extension 'colcon_pkg'
[0.196s] Level 1:colcon.colcon_core.package_identification:_identify(.) by extensions ['colcon_meta']
[0.196s] Level 1:colcon.colcon_core.package_identification:_identify(.) by extension 'colcon_meta'
[0.196s] Level 1:colcon.colcon_core.package_identification:_identify(.) by extensions ['ros']
[0.196s] Level 1:colcon.colcon_core.package_identification:_identify(.) by extension 'ros'
[0.204s] Level 1:colcon.colcon_core.package_identification:_identify(.) by extensions ['cmake', 'python']
[0.204s] Level 1:colcon.colcon_core.package_identification:_identify(.) by extension 'cmake'
[0.204s] Level 1:colcon.colcon_core.package_identification:_identify(.) by extension 'python'
[0.204s] Level 1:colcon.colcon_core.package_identification:_identify(.) by extensions ['python_setup_py']
[0.204s] Level 1:colcon.colcon_core.package_identification:_identify(.) by extension 'python_setup_py'
[0.204s] Level 1:colcon.colcon_core.package_identification:_identify(build) by extensions ['ignore', 'ignore_ament_install']
[0.204s] Level 1:colcon.colcon_core.package_identification:_identify(build) by extension 'ignore'
[0.204s] Level 1:colcon.colcon_core.package_identification:_identify(build) ignored
[0.204s] Level 1:colcon.colcon_core.package_identification:_identify(install) by extensions ['ignore', 'ignore_ament_install']
[0.204s] Level 1:colcon.colcon_core.package_identification:_identify(install) by extension 'ignore'
[0.204s] Level 1:colcon.colcon_core.package_identification:_identify(install) ignored
[0.204s] Level 1:colcon.colcon_core.package_identification:_identify(log) by extensions ['ignore', 'ignore_ament_install']
[0.204s] Level 1:colcon.colcon_core.package_identification:_identify(log) by extension 'ignore'
[0.204s] Level 1:colcon.colcon_core.package_identification:_identify(log) ignored
[0.205s] Level 1:colcon.colcon_core.package_identification:_identify(src) by extensions ['ignore', 'ignore_ament_install']
[0.205s] Level 1:colcon.colcon_core.package_identification:_identify(src) by extension 'ignore'
[0.205s] Level 1:colcon.colcon_core.package_identification:_identify(src) by extension 'ignore_ament_install'
[0.205s] Level 1:colcon.colcon_core.package_identification:_identify(src) by extensions ['colcon_pkg']
[0.205s] Level 1:colcon.colcon_core.package_identification:_identify(src) by extension 'colcon_pkg'
[0.205s] Level 1:colcon.colcon_core.package_identification:_identify(src) by extensions ['colcon_meta']
[0.205s] Level 1:colcon.colcon_core.package_identification:_identify(src) by extension 'colcon_meta'
[0.205s] Level 1:colcon.colcon_core.package_identification:_identify(src) by extensions ['ros']
[0.205s] Level 1:colcon.colcon_core.package_identification:_identify(src) by extension 'ros'
[0.205s] Level 1:colcon.colcon_core.package_identification:_identify(src) by extensions ['cmake', 'python']
[0.205s] Level 1:colcon.colcon_core.package_identification:_identify(src) by extension 'cmake'
[0.205s] Level 1:colcon.colcon_core.package_identification:_identify(src) by extension 'python'
[0.205s] Level 1:colcon.colcon_core.package_identification:_identify(src) by extensions ['python_setup_py']
[0.205s] Level 1:colcon.colcon_core.package_identification:_identify(src) by extension 'python_setup_py'
[0.205s] Level 1:colcon.colcon_core.package_identification:_identify(src/armForwardkinematics) by extensions ['ignore', 'ignore_ament_install']
[0.205s] Level 1:colcon.colcon_core.package_identification:_identify(src/armForwardkinematics) by extension 'ignore'
[0.205s] Level 1:colcon.colcon_core.package_identification:_identify(src/armForwardkinematics) by extension 'ignore_ament_install'
[0.205s] Level 1:colcon.colcon_core.package_identification:_identify(src/armForwardkinematics) by extensions ['colcon_pkg']
[0.205s] Level 1:colcon.colcon_core.package_identification:_identify(src/armForwardkinematics) by extension 'colcon_pkg'
[0.205s] Level 1:colcon.colcon_core.package_identification:_identify(src/armForwardkinematics) by extensions ['colcon_meta']
[0.205s] Level 1:colcon.colcon_core.package_identification:_identify(src/armForwardkinematics) by extension 'colcon_meta'
[0.205s] Level 1:colcon.colcon_core.package_identification:_identify(src/armForwardkinematics) by extensions ['ros']
[0.205s] Level 1:colcon.colcon_core.package_identification:_identify(src/armForwardkinematics) by extension 'ros'
[0.207s] DEBUG:colcon.colcon_core.package_identification:Package 'src/armForwardkinematics' with type 'ros.ament_cmake' and name 'armForwardkinematics'
[0.207s] Level 1:colcon.colcon_core.package_identification:_identify(src/arm_dynamics_hw) by extensions ['ignore', 'ignore_ament_install']
[0.207s] Level 1:colcon.colcon_core.package_identification:_identify(src/arm_dynamics_hw) by extension 'ignore'
[0.207s] Level 1:colcon.colcon_core.package_identification:_identify(src/arm_dynamics_hw) by extension 'ignore_ament_install'
[0.207s] Level 1:colcon.colcon_core.package_identification:_identify(src/arm_dynamics_hw) by extensions ['colcon_pkg']
[0.207s] Level 1:colcon.colcon_core.package_identification:_identify(src/arm_dynamics_hw) by extension 'colcon_pkg'
[0.207s] Level 1:colcon.colcon_core.package_identification:_identify(src/arm_dynamics_hw) by extensions ['colcon_meta']
[0.207s] Level 1:colcon.colcon_core.package_identification:_identify(src/arm_dynamics_hw) by extension 'colcon_meta'
[0.207s] Level 1:colcon.colcon_core.package_identification:_identify(src/arm_dynamics_hw) by extensions ['ros']
[0.207s] Level 1:colcon.colcon_core.package_identification:_identify(src/arm_dynamics_hw) by extension 'ros'
[0.208s] DEBUG:colcon.colcon_core.package_identification:Package 'src/arm_dynamics_hw' with type 'ros.ament_cmake' and name 'arm_dynamics_hw'
[0.208s] Level 1:colcon.colcon_core.package_identification:_identify(src/gui_pkg) by extensions ['ignore', 'ignore_ament_install']
[0.208s] Level 1:colcon.colcon_core.package_identification:_identify(src/gui_pkg) by extension 'ignore'
[0.209s] Level 1:colcon.colcon_core.package_identification:_identify(src/gui_pkg) by extension 'ignore_ament_install'
[0.209s] Level 1:colcon.colcon_core.package_identification:_identify(src/gui_pkg) by extensions ['colcon_pkg']
[0.209s] Level 1:colcon.colcon_core.package_identification:_identify(src/gui_pkg) by extension 'colcon_pkg'
[0.209s] Level 1:colcon.colcon_core.package_identification:_identify(src/gui_pkg) by extensions ['colcon_meta']
[0.209s] Level 1:colcon.colcon_core.package_identification:_identify(src/gui_pkg) by extension 'colcon_meta'
[0.209s] Level 1:colcon.colcon_core.package_identification:_identify(src/gui_pkg) by extensions ['ros']
[0.209s] Level 1:colcon.colcon_core.package_identification:_identify(src/gui_pkg) by extension 'ros'
[0.209s] DEBUG:colcon.colcon_core.package_identification:Package 'src/gui_pkg' with type 'ros.ament_python' and name 'gui_pkg'
[0.209s] Level 1:colcon.colcon_core.package_identification:_identify(src/public) by extensions ['ignore', 'ignore_ament_install']
[0.209s] Level 1:colcon.colcon_core.package_identification:_identify(src/public) by extension 'ignore'
[0.209s] Level 1:colcon.colcon_core.package_identification:_identify(src/public) by extension 'ignore_ament_install'
[0.209s] Level 1:colcon.colcon_core.package_identification:_identify(src/public) by extensions ['colcon_pkg']
[0.209s] Level 1:colcon.colcon_core.package_identification:_identify(src/public) by extension 'colcon_pkg'
[0.209s] Level 1:colcon.colcon_core.package_identification:_identify(src/public) by extensions ['colcon_meta']
[0.209s] Level 1:colcon.colcon_core.package_identification:_identify(src/public) by extension 'colcon_meta'
[0.209s] Level 1:colcon.colcon_core.package_identification:_identify(src/public) by extensions ['ros']
[0.209s] Level 1:colcon.colcon_core.package_identification:_identify(src/public) by extension 'ros'
[0.210s] Level 1:colcon.colcon_core.package_identification:_identify(src/public) by extensions ['cmake', 'python']
[0.210s] Level 1:colcon.colcon_core.package_identification:_identify(src/public) by extension 'cmake'
[0.210s] Level 1:colcon.colcon_core.package_identification:_identify(src/public) by extension 'python'
[0.210s] Level 1:colcon.colcon_core.package_identification:_identify(src/public) by extensions ['python_setup_py']
[0.210s] Level 1:colcon.colcon_core.package_identification:_identify(src/public) by extension 'python_setup_py'
[0.210s] Level 1:colcon.colcon_core.package_identification:_identify(src/public/OptimalControlProblem) by extensions ['ignore', 'ignore_ament_install']
[0.210s] Level 1:colcon.colcon_core.package_identification:_identify(src/public/OptimalControlProblem) by extension 'ignore'
[0.210s] Level 1:colcon.colcon_core.package_identification:_identify(src/public/OptimalControlProblem) by extension 'ignore_ament_install'
[0.210s] Level 1:colcon.colcon_core.package_identification:_identify(src/public/OptimalControlProblem) by extensions ['colcon_pkg']
[0.210s] Level 1:colcon.colcon_core.package_identification:_identify(src/public/OptimalControlProblem) by extension 'colcon_pkg'
[0.210s] Level 1:colcon.colcon_core.package_identification:_identify(src/public/OptimalControlProblem) by extensions ['colcon_meta']
[0.210s] Level 1:colcon.colcon_core.package_identification:_identify(src/public/OptimalControlProblem) by extension 'colcon_meta'
[0.210s] Level 1:colcon.colcon_core.package_identification:_identify(src/public/OptimalControlProblem) by extensions ['ros']
[0.210s] Level 1:colcon.colcon_core.package_identification:_identify(src/public/OptimalControlProblem) by extension 'ros'
[0.210s] DEBUG:colcon.colcon_core.package_identification:Package 'src/public/OptimalControlProblem' with type 'ros.ament_cmake' and name 'optimal_control_problem'
[0.211s] Level 1:colcon.colcon_core.package_identification:_identify(src/public/lock_utils) by extensions ['ignore', 'ignore_ament_install']
[0.211s] Level 1:colcon.colcon_core.package_identification:_identify(src/public/lock_utils) by extension 'ignore'
[0.211s] Level 1:colcon.colcon_core.package_identification:_identify(src/public/lock_utils) by extension 'ignore_ament_install'
[0.211s] Level 1:colcon.colcon_core.package_identification:_identify(src/public/lock_utils) by extensions ['colcon_pkg']
[0.211s] Level 1:colcon.colcon_core.package_identification:_identify(src/public/lock_utils) by extension 'colcon_pkg'
[0.211s] Level 1:colcon.colcon_core.package_identification:_identify(src/public/lock_utils) by extensions ['colcon_meta']
[0.211s] Level 1:colcon.colcon_core.package_identification:_identify(src/public/lock_utils) by extension 'colcon_meta'
[0.211s] Level 1:colcon.colcon_core.package_identification:_identify(src/public/lock_utils) by extensions ['ros']
[0.211s] Level 1:colcon.colcon_core.package_identification:_identify(src/public/lock_utils) by extension 'ros'
[0.211s] DEBUG:colcon.colcon_core.package_identification:Package 'src/public/lock_utils' with type 'ros.ament_cmake' and name 'lock_utils'
[0.211s] Level 1:colcon.colcon_core.package_identification:_identify(src/public/mit_msgs) by extensions ['ignore', 'ignore_ament_install']
[0.211s] Level 1:colcon.colcon_core.package_identification:_identify(src/public/mit_msgs) by extension 'ignore'
[0.211s] Level 1:colcon.colcon_core.package_identification:_identify(src/public/mit_msgs) by extension 'ignore_ament_install'
[0.211s] Level 1:colcon.colcon_core.package_identification:_identify(src/public/mit_msgs) by extensions ['colcon_pkg']
[0.211s] Level 1:colcon.colcon_core.package_identification:_identify(src/public/mit_msgs) by extension 'colcon_pkg'
[0.211s] Level 1:colcon.colcon_core.package_identification:_identify(src/public/mit_msgs) by extensions ['colcon_meta']
[0.211s] Level 1:colcon.colcon_core.package_identification:_identify(src/public/mit_msgs) by extension 'colcon_meta'
[0.212s] Level 1:colcon.colcon_core.package_identification:_identify(src/public/mit_msgs) by extensions ['ros']
[0.212s] Level 1:colcon.colcon_core.package_identification:_identify(src/public/mit_msgs) by extension 'ros'
[0.212s] DEBUG:colcon.colcon_core.package_identification:Package 'src/public/mit_msgs' with type 'ros.ament_cmake' and name 'mit_msgs'
[0.212s] Level 1:colcon.colcon_core.package_discovery:discover_packages(recursive) using defaults
[0.212s] Level 1:colcon.colcon_core.package_discovery:discover_packages(ignore) discover
[0.212s] Level 1:colcon.colcon_core.package_discovery:discover_packages(ignore) using defaults
[0.212s] Level 1:colcon.colcon_core.package_discovery:discover_packages(path) discover
[0.212s] Level 1:colcon.colcon_core.package_discovery:discover_packages(path) using defaults
[0.237s] Level 1:colcon.colcon_core.package_discovery:discover_packages(prefix_path) check parameters
[0.237s] Level 1:colcon.colcon_core.package_discovery:discover_packages(prefix_path) discover
[0.239s] DEBUG:colcon.colcon_installed_package_information.package_discovery:Found 6 installed packages in /home/xsm/R1_ws/install
[0.240s] DEBUG:colcon.colcon_installed_package_information.package_discovery:Found 336 installed packages in /opt/ros/humble
[0.241s] Level 1:colcon.colcon_core.package_discovery:discover_packages(prefix_path) using defaults
[0.272s] Level 5:colcon.colcon_core.verb:set package 'gui_pkg' build argument 'cmake_args' from command line to 'None'
[0.272s] Level 5:colcon.colcon_core.verb:set package 'gui_pkg' build argument 'cmake_target' from command line to 'None'
[0.272s] Level 5:colcon.colcon_core.verb:set package 'gui_pkg' build argument 'cmake_target_skip_unavailable' from command line to 'False'
[0.272s] Level 5:colcon.colcon_core.verb:set package 'gui_pkg' build argument 'cmake_clean_cache' from command line to 'False'
[0.272s] Level 5:colcon.colcon_core.verb:set package 'gui_pkg' build argument 'cmake_clean_first' from command line to 'False'
[0.272s] Level 5:colcon.colcon_core.verb:set package 'gui_pkg' build argument 'cmake_force_configure' from command line to 'False'
[0.272s] Level 5:colcon.colcon_core.verb:set package 'gui_pkg' build argument 'ament_cmake_args' from command line to 'None'
[0.272s] Level 5:colcon.colcon_core.verb:set package 'gui_pkg' build argument 'catkin_cmake_args' from command line to 'None'
[0.272s] Level 5:colcon.colcon_core.verb:set package 'gui_pkg' build argument 'catkin_skip_building_tests' from command line to 'False'
[0.272s] DEBUG:colcon.colcon_core.verb:Building package 'gui_pkg' with the following arguments: {'ament_cmake_args': None, 'build_base': '/home/xsm/R1_ws/build/gui_pkg', 'catkin_cmake_args': None, 'catkin_skip_building_tests': False, 'cmake_args': None, 'cmake_clean_cache': False, 'cmake_clean_first': False, 'cmake_force_configure': False, 'cmake_target': None, 'cmake_target_skip_unavailable': False, 'install_base': '/home/xsm/R1_ws/install/gui_pkg', 'merge_install': False, 'path': '/home/xsm/R1_ws/src/gui_pkg', 'symlink_install': True, 'test_result_base': None}
[0.273s] Level 5:colcon.colcon_core.verb:set package 'lock_utils' build argument 'cmake_args' from command line to 'None'
[0.273s] Level 5:colcon.colcon_core.verb:set package 'lock_utils' build argument 'cmake_target' from command line to 'None'
[0.273s] Level 5:colcon.colcon_core.verb:set package 'lock_utils' build argument 'cmake_target_skip_unavailable' from command line to 'False'
[0.273s] Level 5:colcon.colcon_core.verb:set package 'lock_utils' build argument 'cmake_clean_cache' from command line to 'False'
[0.273s] Level 5:colcon.colcon_core.verb:set package 'lock_utils' build argument 'cmake_clean_first' from command line to 'False'
[0.273s] Level 5:colcon.colcon_core.verb:set package 'lock_utils' build argument 'cmake_force_configure' from command line to 'False'
[0.273s] Level 5:colcon.colcon_core.verb:set package 'lock_utils' build argument 'ament_cmake_args' from command line to 'None'
[0.273s] Level 5:colcon.colcon_core.verb:set package 'lock_utils' build argument 'catkin_cmake_args' from command line to 'None'
[0.273s] Level 5:colcon.colcon_core.verb:set package 'lock_utils' build argument 'catkin_skip_building_tests' from command line to 'False'
[0.273s] DEBUG:colcon.colcon_core.verb:Building package 'lock_utils' with the following arguments: {'ament_cmake_args': None, 'build_base': '/home/xsm/R1_ws/build/lock_utils', 'catkin_cmake_args': None, 'catkin_skip_building_tests': False, 'cmake_args': None, 'cmake_clean_cache': False, 'cmake_clean_first': False, 'cmake_force_configure': False, 'cmake_target': None, 'cmake_target_skip_unavailable': False, 'install_base': '/home/xsm/R1_ws/install/lock_utils', 'merge_install': False, 'path': '/home/xsm/R1_ws/src/public/lock_utils', 'symlink_install': True, 'test_result_base': None}
[0.273s] Level 5:colcon.colcon_core.verb:set package 'mit_msgs' build argument 'cmake_args' from command line to 'None'
[0.273s] Level 5:colcon.colcon_core.verb:set package 'mit_msgs' build argument 'cmake_target' from command line to 'None'
[0.273s] Level 5:colcon.colcon_core.verb:set package 'mit_msgs' build argument 'cmake_target_skip_unavailable' from command line to 'False'
[0.273s] Level 5:colcon.colcon_core.verb:set package 'mit_msgs' build argument 'cmake_clean_cache' from command line to 'False'
[0.273s] Level 5:colcon.colcon_core.verb:set package 'mit_msgs' build argument 'cmake_clean_first' from command line to 'False'
[0.273s] Level 5:colcon.colcon_core.verb:set package 'mit_msgs' build argument 'cmake_force_configure' from command line to 'False'
[0.273s] Level 5:colcon.colcon_core.verb:set package 'mit_msgs' build argument 'ament_cmake_args' from command line to 'None'
[0.273s] Level 5:colcon.colcon_core.verb:set package 'mit_msgs' build argument 'catkin_cmake_args' from command line to 'None'
[0.273s] Level 5:colcon.colcon_core.verb:set package 'mit_msgs' build argument 'catkin_skip_building_tests' from command line to 'False'
[0.273s] DEBUG:colcon.colcon_core.verb:Building package 'mit_msgs' with the following arguments: {'ament_cmake_args': None, 'build_base': '/home/xsm/R1_ws/build/mit_msgs', 'catkin_cmake_args': None, 'catkin_skip_building_tests': False, 'cmake_args': None, 'cmake_clean_cache': False, 'cmake_clean_first': False, 'cmake_force_configure': False, 'cmake_target': None, 'cmake_target_skip_unavailable': False, 'install_base': '/home/xsm/R1_ws/install/mit_msgs', 'merge_install': False, 'path': '/home/xsm/R1_ws/src/public/mit_msgs', 'symlink_install': True, 'test_result_base': None}
[0.273s] Level 5:colcon.colcon_core.verb:set package 'optimal_control_problem' build argument 'cmake_args' from command line to 'None'
[0.273s] Level 5:colcon.colcon_core.verb:set package 'optimal_control_problem' build argument 'cmake_target' from command line to 'None'
[0.274s] Level 5:colcon.colcon_core.verb:set package 'optimal_control_problem' build argument 'cmake_target_skip_unavailable' from command line to 'False'
[0.274s] Level 5:colcon.colcon_core.verb:set package 'optimal_control_problem' build argument 'cmake_clean_cache' from command line to 'False'
[0.274s] Level 5:colcon.colcon_core.verb:set package 'optimal_control_problem' build argument 'cmake_clean_first' from command line to 'False'
[0.274s] Level 5:colcon.colcon_core.verb:set package 'optimal_control_problem' build argument 'cmake_force_configure' from command line to 'False'
[0.274s] Level 5:colcon.colcon_core.verb:set package 'optimal_control_problem' build argument 'ament_cmake_args' from command line to 'None'
[0.274s] Level 5:colcon.colcon_core.verb:set package 'optimal_control_problem' build argument 'catkin_cmake_args' from command line to 'None'
[0.274s] Level 5:colcon.colcon_core.verb:set package 'optimal_control_problem' build argument 'catkin_skip_building_tests' from command line to 'False'
[0.274s] DEBUG:colcon.colcon_core.verb:Building package 'optimal_control_problem' with the following arguments: {'ament_cmake_args': None, 'build_base': '/home/xsm/R1_ws/build/optimal_control_problem', 'catkin_cmake_args': None, 'catkin_skip_building_tests': False, 'cmake_args': None, 'cmake_clean_cache': False, 'cmake_clean_first': False, 'cmake_force_configure': False, 'cmake_target': None, 'cmake_target_skip_unavailable': False, 'install_base': '/home/xsm/R1_ws/install/optimal_control_problem', 'merge_install': False, 'path': '/home/xsm/R1_ws/src/public/OptimalControlProblem', 'symlink_install': True, 'test_result_base': None}
[0.274s] Level 5:colcon.colcon_core.verb:set package 'armForwardkinematics' build argument 'cmake_args' from command line to 'None'
[0.274s] Level 5:colcon.colcon_core.verb:set package 'armForwardkinematics' build argument 'cmake_target' from command line to 'None'
[0.274s] Level 5:colcon.colcon_core.verb:set package 'armForwardkinematics' build argument 'cmake_target_skip_unavailable' from command line to 'False'
[0.274s] Level 5:colcon.colcon_core.verb:set package 'armForwardkinematics' build argument 'cmake_clean_cache' from command line to 'False'
[0.274s] Level 5:colcon.colcon_core.verb:set package 'armForwardkinematics' build argument 'cmake_clean_first' from command line to 'False'
[0.274s] Level 5:colcon.colcon_core.verb:set package 'armForwardkinematics' build argument 'cmake_force_configure' from command line to 'False'
[0.274s] Level 5:colcon.colcon_core.verb:set package 'armForwardkinematics' build argument 'ament_cmake_args' from command line to 'None'
[0.274s] Level 5:colcon.colcon_core.verb:set package 'armForwardkinematics' build argument 'catkin_cmake_args' from command line to 'None'
[0.274s] Level 5:colcon.colcon_core.verb:set package 'armForwardkinematics' build argument 'catkin_skip_building_tests' from command line to 'False'
[0.274s] DEBUG:colcon.colcon_core.verb:Building package 'armForwardkinematics' with the following arguments: {'ament_cmake_args': None, 'build_base': '/home/xsm/R1_ws/build/armForwardkinematics', 'catkin_cmake_args': None, 'catkin_skip_building_tests': False, 'cmake_args': None, 'cmake_clean_cache': False, 'cmake_clean_first': False, 'cmake_force_configure': False, 'cmake_target': None, 'cmake_target_skip_unavailable': False, 'install_base': '/home/xsm/R1_ws/install/armForwardkinematics', 'merge_install': False, 'path': '/home/xsm/R1_ws/src/armForwardkinematics', 'symlink_install': True, 'test_result_base': None}
[0.274s] Level 5:colcon.colcon_core.verb:set package 'arm_dynamics_hw' build argument 'cmake_args' from command line to 'None'
[0.274s] Level 5:colcon.colcon_core.verb:set package 'arm_dynamics_hw' build argument 'cmake_target' from command line to 'None'
[0.274s] Level 5:colcon.colcon_core.verb:set package 'arm_dynamics_hw' build argument 'cmake_target_skip_unavailable' from command line to 'False'
[0.274s] Level 5:colcon.colcon_core.verb:set package 'arm_dynamics_hw' build argument 'cmake_clean_cache' from command line to 'False'
[0.274s] Level 5:colcon.colcon_core.verb:set package 'arm_dynamics_hw' build argument 'cmake_clean_first' from command line to 'False'
[0.274s] Level 5:colcon.colcon_core.verb:set package 'arm_dynamics_hw' build argument 'cmake_force_configure' from command line to 'False'
[0.274s] Level 5:colcon.colcon_core.verb:set package 'arm_dynamics_hw' build argument 'ament_cmake_args' from command line to 'None'
[0.274s] Level 5:colcon.colcon_core.verb:set package 'arm_dynamics_hw' build argument 'catkin_cmake_args' from command line to 'None'
[0.274s] Level 5:colcon.colcon_core.verb:set package 'arm_dynamics_hw' build argument 'catkin_skip_building_tests' from command line to 'False'
[0.274s] DEBUG:colcon.colcon_core.verb:Building package 'arm_dynamics_hw' with the following arguments: {'ament_cmake_args': None, 'build_base': '/home/xsm/R1_ws/build/arm_dynamics_hw', 'catkin_cmake_args': None, 'catkin_skip_building_tests': False, 'cmake_args': None, 'cmake_clean_cache': False, 'cmake_clean_first': False, 'cmake_force_configure': False, 'cmake_target': None, 'cmake_target_skip_unavailable': False, 'install_base': '/home/xsm/R1_ws/install/arm_dynamics_hw', 'merge_install': False, 'path': '/home/xsm/R1_ws/src/arm_dynamics_hw', 'symlink_install': True, 'test_result_base': None}
[0.275s] INFO:colcon.colcon_core.executor:Executing jobs using 'parallel' executor
[0.275s] DEBUG:colcon.colcon_parallel_executor.executor.parallel:run_until_complete
[0.276s] INFO:colcon.colcon_ros.task.ament_cmake.build:Building ROS package in '/home/xsm/R1_ws/src/public/mit_msgs' with build type 'ament_cmake'
[0.276s] INFO:colcon.colcon_cmake.task.cmake.build:Building CMake package in '/home/xsm/R1_ws/src/public/mit_msgs'
[0.277s] INFO:colcon.colcon_core.plugin_system:Skipping extension 'colcon_core.shell.bat': Not used on non-Windows systems
[0.277s] INFO:colcon.colcon_core.shell:Skip shell extension 'powershell' for command environment: Not usable outside of PowerShell
[0.277s] DEBUG:colcon.colcon_core.shell:Skip shell extension 'dsv' for command environment
[0.280s] INFO:colcon.colcon_ros.task.ament_cmake.build:Building ROS package in '/home/xsm/R1_ws/src/public/lock_utils' with build type 'ament_cmake'
[0.280s] INFO:colcon.colcon_cmake.task.cmake.build:Building CMake package in '/home/xsm/R1_ws/src/public/lock_utils'
[0.281s] INFO:colcon.colcon_core.shell:Skip shell extension 'powershell' for command environment: Not usable outside of PowerShell
[0.281s] DEBUG:colcon.colcon_core.shell:Skip shell extension 'dsv' for command environment
[0.283s] INFO:colcon.colcon_ros.task.ament_python.build:Building ROS package in '/home/xsm/R1_ws/src/gui_pkg' with build type 'ament_python'
[0.283s] Level 1:colcon.colcon_core.shell:create_environment_hook('gui_pkg', 'ament_prefix_path')
[0.283s] INFO:colcon.colcon_core.shell:Creating environment hook '/home/xsm/R1_ws/install/gui_pkg/share/gui_pkg/hook/ament_prefix_path.ps1'
[0.284s] INFO:colcon.colcon_core.shell:Creating environment descriptor '/home/xsm/R1_ws/install/gui_pkg/share/gui_pkg/hook/ament_prefix_path.dsv'
[0.284s] INFO:colcon.colcon_core.shell:Creating environment hook '/home/xsm/R1_ws/install/gui_pkg/share/gui_pkg/hook/ament_prefix_path.sh'
[0.285s] INFO:colcon.colcon_core.shell:Skip shell extension 'powershell' for command environment: Not usable outside of PowerShell
[0.285s] DEBUG:colcon.colcon_core.shell:Skip shell extension 'dsv' for command environment
[0.288s] INFO:colcon.colcon_ros.task.ament_cmake.build:Building ROS package in '/home/xsm/R1_ws/src/public/OptimalControlProblem' with build type 'ament_cmake'
[0.288s] INFO:colcon.colcon_cmake.task.cmake.build:Building CMake package in '/home/xsm/R1_ws/src/public/OptimalControlProblem'
[0.288s] INFO:colcon.colcon_core.shell:Skip shell extension 'powershell' for command environment: Not usable outside of PowerShell
[0.288s] DEBUG:colcon.colcon_core.shell:Skip shell extension 'dsv' for command environment
[0.296s] DEBUG:colcon.colcon_core.event_handler.log_command:Invoking command in '/home/xsm/R1_ws/build/mit_msgs': CMAKE_PREFIX_PATH=${CMAKE_PREFIX_PATH}:/home/xsm/R1_ws/install/gui_pkg:/opt/ros/humble /usr/bin/cmake --build /home/xsm/R1_ws/build/mit_msgs -- -j16 -l16
[0.299s] DEBUG:colcon.colcon_core.event_handler.log_command:Invoking command in '/home/xsm/R1_ws/build/lock_utils': CMAKE_PREFIX_PATH=${CMAKE_PREFIX_PATH}:/home/xsm/R1_ws/install/gui_pkg:/opt/ros/humble /usr/bin/cmake --build /home/xsm/R1_ws/build/lock_utils -- -j16 -l16
[0.520s] INFO:colcon.colcon_core.task.python.build:Building Python package in '/home/xsm/R1_ws/src/gui_pkg'
[0.520s] INFO:colcon.colcon_core.shell:Skip shell extension 'powershell' for command environment: Not usable outside of PowerShell
[0.520s] DEBUG:colcon.colcon_core.shell:Skip shell extension 'dsv' for command environment
[0.528s] DEBUG:colcon.colcon_core.event_handler.log_command:Invoking command in '/home/xsm/R1_ws/build/optimal_control_problem': CMAKE_PREFIX_PATH=${CMAKE_PREFIX_PATH}:/home/xsm/R1_ws/install/gui_pkg:/opt/ros/humble /usr/bin/cmake --build /home/xsm/R1_ws/build/optimal_control_problem -- -j16 -l16
[0.528s] DEBUG:colcon.colcon_core.event_handler.log_command:Invoked command in '/home/xsm/R1_ws/build/lock_utils' returned '0': CMAKE_PREFIX_PATH=${CMAKE_PREFIX_PATH}:/home/xsm/R1_ws/install/gui_pkg:/opt/ros/humble /usr/bin/cmake --build /home/xsm/R1_ws/build/lock_utils -- -j16 -l16
[0.605s] DEBUG:colcon.colcon_core.event_handler.log_command:Invoking command in '/home/xsm/R1_ws/build/lock_utils': CMAKE_PREFIX_PATH=${CMAKE_PREFIX_PATH}:/home/xsm/R1_ws/install/gui_pkg:/opt/ros/humble /usr/bin/cmake --install /home/xsm/R1_ws/build/lock_utils
[0.619s] DEBUG:colcon.colcon_core.event_handler.log_command:Invoked command in '/home/xsm/R1_ws/build/optimal_control_problem' returned '0': CMAKE_PREFIX_PATH=${CMAKE_PREFIX_PATH}:/home/xsm/R1_ws/install/gui_pkg:/opt/ros/humble /usr/bin/cmake --build /home/xsm/R1_ws/build/optimal_control_problem -- -j16 -l16
[0.635s] Level 1:colcon.colcon_core.environment:create_environment_scripts_only(lock_utils)
[0.636s] DEBUG:colcon.colcon_core.event_handler.log_command:Invoked command in '/home/xsm/R1_ws/build/lock_utils' returned '0': CMAKE_PREFIX_PATH=${CMAKE_PREFIX_PATH}:/home/xsm/R1_ws/install/gui_pkg:/opt/ros/humble /usr/bin/cmake --install /home/xsm/R1_ws/build/lock_utils
[0.638s] Level 1:colcon.colcon_core.environment:checking '/home/xsm/R1_ws/install/lock_utils' for CMake module files
[0.639s] Level 1:colcon.colcon_core.environment:checking '/home/xsm/R1_ws/install/lock_utils' for CMake config files
[0.639s] Level 1:colcon.colcon_core.shell:create_environment_hook('lock_utils', 'cmake_prefix_path')
[0.639s] INFO:colcon.colcon_core.shell:Creating environment hook '/home/xsm/R1_ws/install/lock_utils/share/lock_utils/hook/cmake_prefix_path.ps1'
[0.640s] INFO:colcon.colcon_core.shell:Creating environment descriptor '/home/xsm/R1_ws/install/lock_utils/share/lock_utils/hook/cmake_prefix_path.dsv'
[0.640s] INFO:colcon.colcon_core.shell:Creating environment hook '/home/xsm/R1_ws/install/lock_utils/share/lock_utils/hook/cmake_prefix_path.sh'
[0.641s] Level 1:colcon.colcon_core.environment:checking '/home/xsm/R1_ws/install/lock_utils/lib'
[0.641s] Level 1:colcon.colcon_core.shell:create_environment_hook('lock_utils', 'ld_library_path_lib')
[0.641s] INFO:colcon.colcon_core.shell:Creating environment hook '/home/xsm/R1_ws/install/lock_utils/share/lock_utils/hook/ld_library_path_lib.ps1'
[0.641s] INFO:colcon.colcon_core.shell:Creating environment descriptor '/home/xsm/R1_ws/install/lock_utils/share/lock_utils/hook/ld_library_path_lib.dsv'
[0.642s] INFO:colcon.colcon_core.shell:Creating environment hook '/home/xsm/R1_ws/install/lock_utils/share/lock_utils/hook/ld_library_path_lib.sh'
[0.642s] Level 1:colcon.colcon_core.environment:checking '/home/xsm/R1_ws/install/lock_utils/bin'
[0.642s] Level 1:colcon.colcon_core.environment:checking '/home/xsm/R1_ws/install/lock_utils/lib/pkgconfig/lock_utils.pc'
[0.642s] Level 1:colcon.colcon_core.environment:checking '/home/xsm/R1_ws/install/lock_utils/lib/python3.10/site-packages'
[0.643s] Level 1:colcon.colcon_core.environment:checking '/home/xsm/R1_ws/install/lock_utils/bin'
[0.643s] INFO:colcon.colcon_core.shell:Creating package script '/home/xsm/R1_ws/install/lock_utils/share/lock_utils/package.ps1'
[0.644s] INFO:colcon.colcon_core.shell:Creating package descriptor '/home/xsm/R1_ws/install/lock_utils/share/lock_utils/package.dsv'
[0.644s] INFO:colcon.colcon_core.shell:Creating package script '/home/xsm/R1_ws/install/lock_utils/share/lock_utils/package.sh'
[0.645s] INFO:colcon.colcon_core.shell:Creating package script '/home/xsm/R1_ws/install/lock_utils/share/lock_utils/package.bash'
[0.645s] INFO:colcon.colcon_core.shell:Creating package script '/home/xsm/R1_ws/install/lock_utils/share/lock_utils/package.zsh'
[0.646s] Level 1:colcon.colcon_core.environment:create_file_with_runtime_dependencies(/home/xsm/R1_ws/install/lock_utils/share/colcon-core/packages/lock_utils)
[0.653s] DEBUG:colcon.colcon_core.event_handler.log_command:Invoked command in '/home/xsm/R1_ws/build/mit_msgs' returned '0': CMAKE_PREFIX_PATH=${CMAKE_PREFIX_PATH}:/home/xsm/R1_ws/install/gui_pkg:/opt/ros/humble /usr/bin/cmake --build /home/xsm/R1_ws/build/mit_msgs -- -j16 -l16
[0.684s] DEBUG:colcon.colcon_core.event_handler.log_command:Invoking command in '/home/xsm/R1_ws/build/optimal_control_problem': CMAKE_PREFIX_PATH=${CMAKE_PREFIX_PATH}:/home/xsm/R1_ws/install/gui_pkg:/opt/ros/humble /usr/bin/cmake --install /home/xsm/R1_ws/build/optimal_control_problem
[0.716s] Level 1:colcon.colcon_core.environment:create_environment_scripts_only(optimal_control_problem)
[0.717s] Level 1:colcon.colcon_core.environment:checking '/home/xsm/R1_ws/install/optimal_control_problem' for CMake module files
[0.717s] DEBUG:colcon.colcon_core.event_handler.log_command:Invoked command in '/home/xsm/R1_ws/build/optimal_control_problem' returned '0': CMAKE_PREFIX_PATH=${CMAKE_PREFIX_PATH}:/home/xsm/R1_ws/install/gui_pkg:/opt/ros/humble /usr/bin/cmake --install /home/xsm/R1_ws/build/optimal_control_problem
[0.718s] Level 1:colcon.colcon_core.environment:checking '/home/xsm/R1_ws/install/optimal_control_problem' for CMake config files
[0.719s] Level 1:colcon.colcon_core.shell:create_environment_hook('optimal_control_problem', 'cmake_prefix_path')
[0.720s] INFO:colcon.colcon_core.shell:Creating environment hook '/home/xsm/R1_ws/install/optimal_control_problem/share/optimal_control_problem/hook/cmake_prefix_path.ps1'
[0.721s] INFO:colcon.colcon_core.shell:Creating environment descriptor '/home/xsm/R1_ws/install/optimal_control_problem/share/optimal_control_problem/hook/cmake_prefix_path.dsv'
[0.721s] INFO:colcon.colcon_core.shell:Creating environment hook '/home/xsm/R1_ws/install/optimal_control_problem/share/optimal_control_problem/hook/cmake_prefix_path.sh'
[0.722s] Level 1:colcon.colcon_core.environment:checking '/home/xsm/R1_ws/install/optimal_control_problem/lib'
[0.722s] Level 1:colcon.colcon_core.shell:create_environment_hook('optimal_control_problem', 'ld_library_path_lib')
[0.723s] INFO:colcon.colcon_core.shell:Creating environment hook '/home/xsm/R1_ws/install/optimal_control_problem/share/optimal_control_problem/hook/ld_library_path_lib.ps1'
[0.723s] INFO:colcon.colcon_core.shell:Creating environment descriptor '/home/xsm/R1_ws/install/optimal_control_problem/share/optimal_control_problem/hook/ld_library_path_lib.dsv'
[0.724s] INFO:colcon.colcon_core.shell:Creating environment hook '/home/xsm/R1_ws/install/optimal_control_problem/share/optimal_control_problem/hook/ld_library_path_lib.sh'
[0.724s] Level 1:colcon.colcon_core.environment:checking '/home/xsm/R1_ws/install/optimal_control_problem/bin'
[0.724s] Level 1:colcon.colcon_core.environment:checking '/home/xsm/R1_ws/install/optimal_control_problem/lib/pkgconfig/optimal_control_problem.pc'
[0.724s] Level 1:colcon.colcon_core.environment:checking '/home/xsm/R1_ws/install/optimal_control_problem/lib/python3.10/site-packages'
[0.725s] Level 1:colcon.colcon_core.environment:checking '/home/xsm/R1_ws/install/optimal_control_problem/bin'
[0.725s] INFO:colcon.colcon_core.shell:Creating package script '/home/xsm/R1_ws/install/optimal_control_problem/share/optimal_control_problem/package.ps1'
[0.725s] INFO:colcon.colcon_core.shell:Creating package descriptor '/home/xsm/R1_ws/install/optimal_control_problem/share/optimal_control_problem/package.dsv'
[0.726s] INFO:colcon.colcon_core.shell:Creating package script '/home/xsm/R1_ws/install/optimal_control_problem/share/optimal_control_problem/package.sh'
[0.726s] INFO:colcon.colcon_core.shell:Creating package script '/home/xsm/R1_ws/install/optimal_control_problem/share/optimal_control_problem/package.bash'
[0.726s] INFO:colcon.colcon_core.shell:Creating package script '/home/xsm/R1_ws/install/optimal_control_problem/share/optimal_control_problem/package.zsh'
[0.727s] Level 1:colcon.colcon_core.environment:create_file_with_runtime_dependencies(/home/xsm/R1_ws/install/optimal_control_problem/share/colcon-core/packages/optimal_control_problem)
[0.728s] Level 1:colcon.colcon_core.environment:create_environment_scripts_only(lock_utils)
[0.729s] Level 1:colcon.colcon_core.environment:checking '/home/xsm/R1_ws/install/lock_utils' for CMake module files
[0.729s] Level 1:colcon.colcon_core.environment:checking '/home/xsm/R1_ws/install/lock_utils' for CMake config files
[0.730s] Level 1:colcon.colcon_core.shell:create_environment_hook('lock_utils', 'cmake_prefix_path')
[0.730s] INFO:colcon.colcon_core.shell:Creating environment hook '/home/xsm/R1_ws/install/lock_utils/share/lock_utils/hook/cmake_prefix_path.ps1'
[0.730s] INFO:colcon.colcon_core.shell:Creating environment descriptor '/home/xsm/R1_ws/install/lock_utils/share/lock_utils/hook/cmake_prefix_path.dsv'
[0.730s] INFO:colcon.colcon_core.shell:Creating environment hook '/home/xsm/R1_ws/install/lock_utils/share/lock_utils/hook/cmake_prefix_path.sh'
[0.731s] Level 1:colcon.colcon_core.environment:checking '/home/xsm/R1_ws/install/lock_utils/lib'
[0.731s] Level 1:colcon.colcon_core.shell:create_environment_hook('lock_utils', 'ld_library_path_lib')
[0.731s] INFO:colcon.colcon_core.shell:Creating environment hook '/home/xsm/R1_ws/install/lock_utils/share/lock_utils/hook/ld_library_path_lib.ps1'
[0.731s] INFO:colcon.colcon_core.shell:Creating environment descriptor '/home/xsm/R1_ws/install/lock_utils/share/lock_utils/hook/ld_library_path_lib.dsv'
[0.732s] INFO:colcon.colcon_core.shell:Creating environment hook '/home/xsm/R1_ws/install/lock_utils/share/lock_utils/hook/ld_library_path_lib.sh'
[0.732s] Level 1:colcon.colcon_core.environment:checking '/home/xsm/R1_ws/install/lock_utils/bin'
[0.732s] Level 1:colcon.colcon_core.environment:checking '/home/xsm/R1_ws/install/lock_utils/lib/pkgconfig/lock_utils.pc'
[0.732s] Level 1:colcon.colcon_core.environment:checking '/home/xsm/R1_ws/install/lock_utils/lib/python3.10/site-packages'
[0.732s] Level 1:colcon.colcon_core.environment:checking '/home/xsm/R1_ws/install/lock_utils/bin'
[0.733s] INFO:colcon.colcon_core.shell:Creating package script '/home/xsm/R1_ws/install/lock_utils/share/lock_utils/package.ps1'
[0.733s] INFO:colcon.colcon_core.shell:Creating package descriptor '/home/xsm/R1_ws/install/lock_utils/share/lock_utils/package.dsv'
[0.734s] INFO:colcon.colcon_core.shell:Creating package script '/home/xsm/R1_ws/install/lock_utils/share/lock_utils/package.sh'
[0.734s] INFO:colcon.colcon_core.shell:Creating package script '/home/xsm/R1_ws/install/lock_utils/share/lock_utils/package.bash'
[0.734s] INFO:colcon.colcon_core.shell:Creating package script '/home/xsm/R1_ws/install/lock_utils/share/lock_utils/package.zsh'
[0.735s] Level 1:colcon.colcon_core.environment:create_file_with_runtime_dependencies(/home/xsm/R1_ws/install/lock_utils/share/colcon-core/packages/lock_utils)
[0.782s] Level 1:colcon.colcon_core.environment:create_environment_scripts_only(optimal_control_problem)
[0.783s] Level 1:colcon.colcon_core.environment:checking '/home/xsm/R1_ws/install/optimal_control_problem' for CMake module files
[0.784s] Level 1:colcon.colcon_core.environment:checking '/home/xsm/R1_ws/install/optimal_control_problem' for CMake config files
[0.784s] Level 1:colcon.colcon_core.shell:create_environment_hook('optimal_control_problem', 'cmake_prefix_path')
[0.785s] INFO:colcon.colcon_core.shell:Creating environment hook '/home/xsm/R1_ws/install/optimal_control_problem/share/optimal_control_problem/hook/cmake_prefix_path.ps1'
[0.785s] INFO:colcon.colcon_core.shell:Creating environment descriptor '/home/xsm/R1_ws/install/optimal_control_problem/share/optimal_control_problem/hook/cmake_prefix_path.dsv'
[0.786s] INFO:colcon.colcon_core.shell:Creating environment hook '/home/xsm/R1_ws/install/optimal_control_problem/share/optimal_control_problem/hook/cmake_prefix_path.sh'
[0.787s] Level 1:colcon.colcon_core.environment:checking '/home/xsm/R1_ws/install/optimal_control_problem/lib'
[0.787s] Level 1:colcon.colcon_core.shell:create_environment_hook('optimal_control_problem', 'ld_library_path_lib')
[0.787s] INFO:colcon.colcon_core.shell:Creating environment hook '/home/xsm/R1_ws/install/optimal_control_problem/share/optimal_control_problem/hook/ld_library_path_lib.ps1'
[0.788s] INFO:colcon.colcon_core.shell:Creating environment descriptor '/home/xsm/R1_ws/install/optimal_control_problem/share/optimal_control_problem/hook/ld_library_path_lib.dsv'
[0.788s] INFO:colcon.colcon_core.shell:Creating environment hook '/home/xsm/R1_ws/install/optimal_control_problem/share/optimal_control_problem/hook/ld_library_path_lib.sh'
[0.788s] Level 1:colcon.colcon_core.environment:checking '/home/xsm/R1_ws/install/optimal_control_problem/bin'
[0.788s] Level 1:colcon.colcon_core.environment:checking '/home/xsm/R1_ws/install/optimal_control_problem/lib/pkgconfig/optimal_control_problem.pc'
[0.789s] Level 1:colcon.colcon_core.environment:checking '/home/xsm/R1_ws/install/optimal_control_problem/lib/python3.10/site-packages'
[0.789s] Level 1:colcon.colcon_core.environment:checking '/home/xsm/R1_ws/install/optimal_control_problem/bin'
[0.790s] INFO:colcon.colcon_core.shell:Creating package script '/home/xsm/R1_ws/install/optimal_control_problem/share/optimal_control_problem/package.ps1'
[0.790s] INFO:colcon.colcon_core.shell:Creating package descriptor '/home/xsm/R1_ws/install/optimal_control_problem/share/optimal_control_problem/package.dsv'
[0.791s] INFO:colcon.colcon_core.shell:Creating package script '/home/xsm/R1_ws/install/optimal_control_problem/share/optimal_control_problem/package.sh'
[0.791s] INFO:colcon.colcon_core.shell:Creating package script '/home/xsm/R1_ws/install/optimal_control_problem/share/optimal_control_problem/package.bash'
[0.791s] INFO:colcon.colcon_core.shell:Creating package script '/home/xsm/R1_ws/install/optimal_control_problem/share/optimal_control_problem/package.zsh'
[0.792s] Level 1:colcon.colcon_core.environment:create_file_with_runtime_dependencies(/home/xsm/R1_ws/install/optimal_control_problem/share/colcon-core/packages/optimal_control_problem)
[0.860s] DEBUG:colcon.colcon_core.event_handler.log_command:Invoking command in '/home/xsm/R1_ws/build/gui_pkg': PYTHONPATH=/home/xsm/R1_ws/build/gui_pkg/prefix_override:/usr/lib/python3/dist-packages/colcon_core/task/python/colcon_distutils_commands:/home/xsm/R1_ws/install/gui_pkg/lib/python3.10/site-packages:${PYTHONPATH} /usr/bin/python3 -W ignore:setup.py install is deprecated setup.py develop --editable --build-directory /home/xsm/R1_ws/build/gui_pkg/build --no-deps symlink_data
[0.939s] DEBUG:colcon.colcon_core.event_handler.log_command:Invoking command in '/home/xsm/R1_ws/build/mit_msgs': CMAKE_PREFIX_PATH=${CMAKE_PREFIX_PATH}:/home/xsm/R1_ws/install/gui_pkg:/opt/ros/humble /usr/bin/cmake --install /home/xsm/R1_ws/build/mit_msgs
[1.012s] Level 1:colcon.colcon_core.environment:create_environment_scripts_only(mit_msgs)
[1.013s] DEBUG:colcon.colcon_core.event_handler.log_command:Invoked command in '/home/xsm/R1_ws/build/mit_msgs' returned '0': CMAKE_PREFIX_PATH=${CMAKE_PREFIX_PATH}:/home/xsm/R1_ws/install/gui_pkg:/opt/ros/humble /usr/bin/cmake --install /home/xsm/R1_ws/build/mit_msgs
[1.013s] Level 1:colcon.colcon_core.environment:checking '/home/xsm/R1_ws/install/mit_msgs' for CMake module files
[1.014s] Level 1:colcon.colcon_core.environment:checking '/home/xsm/R1_ws/install/mit_msgs' for CMake config files
[1.015s] Level 1:colcon.colcon_core.shell:create_environment_hook('mit_msgs', 'cmake_prefix_path')
[1.015s] INFO:colcon.colcon_core.shell:Creating environment hook '/home/xsm/R1_ws/install/mit_msgs/share/mit_msgs/hook/cmake_prefix_path.ps1'
[1.016s] INFO:colcon.colcon_core.shell:Creating environment descriptor '/home/xsm/R1_ws/install/mit_msgs/share/mit_msgs/hook/cmake_prefix_path.dsv'
[1.016s] INFO:colcon.colcon_core.shell:Creating environment hook '/home/xsm/R1_ws/install/mit_msgs/share/mit_msgs/hook/cmake_prefix_path.sh'
[1.016s] Level 1:colcon.colcon_core.environment:checking '/home/xsm/R1_ws/install/mit_msgs/lib'
[1.016s] Level 1:colcon.colcon_core.shell:create_environment_hook('mit_msgs', 'ld_library_path_lib')
[1.017s] INFO:colcon.colcon_core.shell:Creating environment hook '/home/xsm/R1_ws/install/mit_msgs/share/mit_msgs/hook/ld_library_path_lib.ps1'
[1.017s] INFO:colcon.colcon_core.shell:Creating environment descriptor '/home/xsm/R1_ws/install/mit_msgs/share/mit_msgs/hook/ld_library_path_lib.dsv'
[1.017s] INFO:colcon.colcon_core.shell:Creating environment hook '/home/xsm/R1_ws/install/mit_msgs/share/mit_msgs/hook/ld_library_path_lib.sh'
[1.018s] Level 1:colcon.colcon_core.environment:checking '/home/xsm/R1_ws/install/mit_msgs/bin'
[1.018s] Level 1:colcon.colcon_core.environment:checking '/home/xsm/R1_ws/install/mit_msgs/lib/pkgconfig/mit_msgs.pc'
[1.018s] Level 1:colcon.colcon_core.environment:checking '/home/xsm/R1_ws/install/mit_msgs/lib/python3.10/site-packages'
[1.018s] Level 1:colcon.colcon_core.environment:checking '/home/xsm/R1_ws/install/mit_msgs/bin'
[1.019s] INFO:colcon.colcon_core.shell:Creating package script '/home/xsm/R1_ws/install/mit_msgs/share/mit_msgs/package.ps1'
[1.019s] INFO:colcon.colcon_core.shell:Creating package descriptor '/home/xsm/R1_ws/install/mit_msgs/share/mit_msgs/package.dsv'
[1.019s] INFO:colcon.colcon_core.shell:Creating package script '/home/xsm/R1_ws/install/mit_msgs/share/mit_msgs/package.sh'
[1.020s] INFO:colcon.colcon_core.shell:Creating package script '/home/xsm/R1_ws/install/mit_msgs/share/mit_msgs/package.bash'
[1.020s] INFO:colcon.colcon_core.shell:Creating package script '/home/xsm/R1_ws/install/mit_msgs/share/mit_msgs/package.zsh'
[1.021s] Level 1:colcon.colcon_core.environment:create_file_with_runtime_dependencies(/home/xsm/R1_ws/install/mit_msgs/share/colcon-core/packages/mit_msgs)
[1.224s] Level 1:colcon.colcon_core.shell:create_environment_hook('gui_pkg', 'pythonpath_develop')
[1.225s] INFO:colcon.colcon_core.shell:Creating environment hook '/home/xsm/R1_ws/build/gui_pkg/share/gui_pkg/hook/pythonpath_develop.ps1'
[1.225s] DEBUG:colcon.colcon_core.event_handler.log_command:Invoked command in '/home/xsm/R1_ws/build/gui_pkg' returned '0': PYTHONPATH=/home/xsm/R1_ws/build/gui_pkg/prefix_override:/usr/lib/python3/dist-packages/colcon_core/task/python/colcon_distutils_commands:/home/xsm/R1_ws/install/gui_pkg/lib/python3.10/site-packages:${PYTHONPATH} /usr/bin/python3 -W ignore:setup.py install is deprecated setup.py develop --editable --build-directory /home/xsm/R1_ws/build/gui_pkg/build --no-deps symlink_data
[1.225s] INFO:colcon.colcon_core.shell:Creating environment descriptor '/home/xsm/R1_ws/build/gui_pkg/share/gui_pkg/hook/pythonpath_develop.dsv'
[1.226s] INFO:colcon.colcon_core.shell:Creating environment hook '/home/xsm/R1_ws/build/gui_pkg/share/gui_pkg/hook/pythonpath_develop.sh'
[1.226s] Level 1:colcon.colcon_core.environment:checking '/home/xsm/R1_ws/install/gui_pkg' for CMake module files
[1.227s] Level 1:colcon.colcon_core.environment:checking '/home/xsm/R1_ws/install/gui_pkg' for CMake config files
[1.227s] Level 1:colcon.colcon_core.environment:checking '/home/xsm/R1_ws/install/gui_pkg/lib'
[1.227s] Level 1:colcon.colcon_core.environment:checking '/home/xsm/R1_ws/install/gui_pkg/bin'
[1.227s] Level 1:colcon.colcon_core.environment:checking '/home/xsm/R1_ws/install/gui_pkg/lib/pkgconfig/gui_pkg.pc'
[1.227s] Level 1:colcon.colcon_core.environment:checking '/home/xsm/R1_ws/install/gui_pkg/lib/python3.10/site-packages'
[1.227s] Level 1:colcon.colcon_core.shell:create_environment_hook('gui_pkg', 'pythonpath')
[1.227s] INFO:colcon.colcon_core.shell:Creating environment hook '/home/xsm/R1_ws/install/gui_pkg/share/gui_pkg/hook/pythonpath.ps1'
[1.228s] INFO:colcon.colcon_core.shell:Creating environment descriptor '/home/xsm/R1_ws/install/gui_pkg/share/gui_pkg/hook/pythonpath.dsv'
[1.228s] INFO:colcon.colcon_core.shell:Creating environment hook '/home/xsm/R1_ws/install/gui_pkg/share/gui_pkg/hook/pythonpath.sh'
[1.228s] Level 1:colcon.colcon_core.environment:checking '/home/xsm/R1_ws/install/gui_pkg/bin'
[1.229s] Level 1:colcon.colcon_core.environment:create_environment_scripts_only(gui_pkg)
[1.229s] INFO:colcon.colcon_core.shell:Creating package script '/home/xsm/R1_ws/install/gui_pkg/share/gui_pkg/package.ps1'
[1.229s] INFO:colcon.colcon_core.shell:Creating package descriptor '/home/xsm/R1_ws/install/gui_pkg/share/gui_pkg/package.dsv'
[1.230s] INFO:colcon.colcon_core.shell:Creating package script '/home/xsm/R1_ws/install/gui_pkg/share/gui_pkg/package.sh'
[1.230s] INFO:colcon.colcon_core.shell:Creating package script '/home/xsm/R1_ws/install/gui_pkg/share/gui_pkg/package.bash'
[1.230s] INFO:colcon.colcon_core.shell:Creating package script '/home/xsm/R1_ws/install/gui_pkg/share/gui_pkg/package.zsh'
[1.230s] Level 1:colcon.colcon_core.environment:create_file_with_runtime_dependencies(/home/xsm/R1_ws/install/gui_pkg/share/colcon-core/packages/gui_pkg)
[1.283s] Level 1:colcon.colcon_core.environment:create_environment_scripts_only(mit_msgs)
[1.283s] Level 1:colcon.colcon_core.environment:checking '/home/xsm/R1_ws/install/mit_msgs' for CMake module files
[1.284s] Level 1:colcon.colcon_core.environment:checking '/home/xsm/R1_ws/install/mit_msgs' for CMake config files
[1.284s] Level 1:colcon.colcon_core.shell:create_environment_hook('mit_msgs', 'cmake_prefix_path')
[1.285s] INFO:colcon.colcon_core.shell:Creating environment hook '/home/xsm/R1_ws/install/mit_msgs/share/mit_msgs/hook/cmake_prefix_path.ps1'
[1.285s] INFO:colcon.colcon_core.shell:Creating environment descriptor '/home/xsm/R1_ws/install/mit_msgs/share/mit_msgs/hook/cmake_prefix_path.dsv'
[1.286s] INFO:colcon.colcon_core.shell:Creating environment hook '/home/xsm/R1_ws/install/mit_msgs/share/mit_msgs/hook/cmake_prefix_path.sh'
[1.286s] Level 1:colcon.colcon_core.environment:checking '/home/xsm/R1_ws/install/mit_msgs/lib'
[1.286s] Level 1:colcon.colcon_core.shell:create_environment_hook('mit_msgs', 'ld_library_path_lib')
[1.286s] INFO:colcon.colcon_core.shell:Creating environment hook '/home/xsm/R1_ws/install/mit_msgs/share/mit_msgs/hook/ld_library_path_lib.ps1'
[1.287s] INFO:colcon.colcon_core.shell:Creating environment descriptor '/home/xsm/R1_ws/install/mit_msgs/share/mit_msgs/hook/ld_library_path_lib.dsv'
[1.287s] INFO:colcon.colcon_core.shell:Creating environment hook '/home/xsm/R1_ws/install/mit_msgs/share/mit_msgs/hook/ld_library_path_lib.sh'
[1.287s] Level 1:colcon.colcon_core.environment:checking '/home/xsm/R1_ws/install/mit_msgs/bin'
[1.287s] Level 1:colcon.colcon_core.environment:checking '/home/xsm/R1_ws/install/mit_msgs/lib/pkgconfig/mit_msgs.pc'
[1.287s] Level 1:colcon.colcon_core.environment:checking '/home/xsm/R1_ws/install/mit_msgs/lib/python3.10/site-packages'
[1.288s] Level 1:colcon.colcon_core.environment:checking '/home/xsm/R1_ws/install/mit_msgs/bin'
[1.288s] INFO:colcon.colcon_core.shell:Creating package script '/home/xsm/R1_ws/install/mit_msgs/share/mit_msgs/package.ps1'
[1.288s] INFO:colcon.colcon_core.shell:Creating package descriptor '/home/xsm/R1_ws/install/mit_msgs/share/mit_msgs/package.dsv'
[1.289s] INFO:colcon.colcon_core.shell:Creating package script '/home/xsm/R1_ws/install/mit_msgs/share/mit_msgs/package.sh'
[1.289s] INFO:colcon.colcon_core.shell:Creating package script '/home/xsm/R1_ws/install/mit_msgs/share/mit_msgs/package.bash'
[1.289s] INFO:colcon.colcon_core.shell:Creating package script '/home/xsm/R1_ws/install/mit_msgs/share/mit_msgs/package.zsh'
[1.290s] Level 1:colcon.colcon_core.environment:create_file_with_runtime_dependencies(/home/xsm/R1_ws/install/mit_msgs/share/colcon-core/packages/mit_msgs)
[1.290s] INFO:colcon.colcon_ros.task.ament_cmake.build:Building ROS package in '/home/xsm/R1_ws/src/armForwardkinematics' with build type 'ament_cmake'
[1.290s] INFO:colcon.colcon_cmake.task.cmake.build:Building CMake package in '/home/xsm/R1_ws/src/armForwardkinematics'
[1.290s] INFO:colcon.colcon_core.shell:Skip shell extension 'powershell' for command environment: Not usable outside of PowerShell
[1.290s] DEBUG:colcon.colcon_core.shell:Skip shell extension 'dsv' for command environment
[1.294s] INFO:colcon.colcon_ros.task.ament_cmake.build:Building ROS package in '/home/xsm/R1_ws/src/arm_dynamics_hw' with build type 'ament_cmake'
[1.294s] INFO:colcon.colcon_cmake.task.cmake.build:Building CMake package in '/home/xsm/R1_ws/src/arm_dynamics_hw'
[1.294s] INFO:colcon.colcon_core.shell:Skip shell extension 'powershell' for command environment: Not usable outside of PowerShell
[1.294s] DEBUG:colcon.colcon_core.shell:Skip shell extension 'dsv' for command environment
[1.305s] DEBUG:colcon.colcon_core.event_handler.log_command:Invoking command in '/home/xsm/R1_ws/build/armForwardkinematics': CMAKE_PREFIX_PATH=/home/xsm/R1_ws/install/mit_msgs:/home/xsm/R1_ws/install/optimal_control_problem:/home/xsm/R1_ws/install/arm_dynamics_hw:/home/xsm/R1_ws/install/armForwardkinematics:/home/xsm/R1_ws/install/lock_utils:/home/xsm/R1_ws/install/gui_pkg:/opt/ros/humble LD_LIBRARY_PATH=/home/xsm/R1_ws/install/mit_msgs/lib:/home/xsm/R1_ws/install/optimal_control_problem/lib:/home/xsm/R1_ws/install/lock_utils/lib:/usr/lib/x86_64-linux-gnu/gazebo-11/plugins:/opt/ros/humble/opt/rviz_ogre_vendor/lib:/opt/ros/humble/lib/x86_64-linux-gnu:/opt/ros/humble/lib:/usr/share/gazebo/../../lib/x86_64-linux-gnu/gazebo-11/plugins:/usr/lib/nvidia /usr/bin/cmake --build /home/xsm/R1_ws/build/armForwardkinematics -- -j16 -l16
[1.313s] DEBUG:colcon.colcon_core.event_handler.log_command:Invoking command in '/home/xsm/R1_ws/build/arm_dynamics_hw': CMAKE_PREFIX_PATH=/home/xsm/R1_ws/install/mit_msgs:/home/xsm/R1_ws/install/lock_utils:/home/xsm/R1_ws/install/optimal_control_problem:/home/xsm/R1_ws/install/arm_dynamics_hw:/home/xsm/R1_ws/install/armForwardkinematics:/home/xsm/R1_ws/install/gui_pkg:/opt/ros/humble LD_LIBRARY_PATH=/home/xsm/R1_ws/install/mit_msgs/lib:/home/xsm/R1_ws/install/lock_utils/lib:/home/xsm/R1_ws/install/optimal_control_problem/lib:/usr/lib/x86_64-linux-gnu/gazebo-11/plugins:/opt/ros/humble/opt/rviz_ogre_vendor/lib:/opt/ros/humble/lib/x86_64-linux-gnu:/opt/ros/humble/lib:/usr/share/gazebo/../../lib/x86_64-linux-gnu/gazebo-11/plugins:/usr/lib/nvidia /usr/bin/cmake --build /home/xsm/R1_ws/build/arm_dynamics_hw -- -j16 -l16
[1.401s] DEBUG:colcon.colcon_core.event_handler.log_command:Invoked command in '/home/xsm/R1_ws/build/arm_dynamics_hw' returned '0': CMAKE_PREFIX_PATH=/home/xsm/R1_ws/install/mit_msgs:/home/xsm/R1_ws/install/lock_utils:/home/xsm/R1_ws/install/optimal_control_problem:/home/xsm/R1_ws/install/arm_dynamics_hw:/home/xsm/R1_ws/install/armForwardkinematics:/home/xsm/R1_ws/install/gui_pkg:/opt/ros/humble LD_LIBRARY_PATH=/home/xsm/R1_ws/install/mit_msgs/lib:/home/xsm/R1_ws/install/lock_utils/lib:/home/xsm/R1_ws/install/optimal_control_problem/lib:/usr/lib/x86_64-linux-gnu/gazebo-11/plugins:/opt/ros/humble/opt/rviz_ogre_vendor/lib:/opt/ros/humble/lib/x86_64-linux-gnu:/opt/ros/humble/lib:/usr/share/gazebo/../../lib/x86_64-linux-gnu/gazebo-11/plugins:/usr/lib/nvidia /usr/bin/cmake --build /home/xsm/R1_ws/build/arm_dynamics_hw -- -j16 -l16
[1.475s] DEBUG:colcon.colcon_core.event_handler.log_command:Invoking command in '/home/xsm/R1_ws/build/arm_dynamics_hw': CMAKE_PREFIX_PATH=/home/xsm/R1_ws/install/mit_msgs:/home/xsm/R1_ws/install/lock_utils:/home/xsm/R1_ws/install/optimal_control_problem:/home/xsm/R1_ws/install/arm_dynamics_hw:/home/xsm/R1_ws/install/armForwardkinematics:/home/xsm/R1_ws/install/gui_pkg:/opt/ros/humble LD_LIBRARY_PATH=/home/xsm/R1_ws/install/mit_msgs/lib:/home/xsm/R1_ws/install/lock_utils/lib:/home/xsm/R1_ws/install/optimal_control_problem/lib:/usr/lib/x86_64-linux-gnu/gazebo-11/plugins:/opt/ros/humble/opt/rviz_ogre_vendor/lib:/opt/ros/humble/lib/x86_64-linux-gnu:/opt/ros/humble/lib:/usr/share/gazebo/../../lib/x86_64-linux-gnu/gazebo-11/plugins:/usr/lib/nvidia /usr/bin/cmake --install /home/xsm/R1_ws/build/arm_dynamics_hw
[1.506s] Level 1:colcon.colcon_core.environment:create_environment_scripts_only(arm_dynamics_hw)
[1.507s] Level 1:colcon.colcon_core.environment:checking '/home/xsm/R1_ws/install/arm_dynamics_hw' for CMake module files
[1.507s] DEBUG:colcon.colcon_core.event_handler.log_command:Invoked command in '/home/xsm/R1_ws/build/arm_dynamics_hw' returned '0': CMAKE_PREFIX_PATH=/home/xsm/R1_ws/install/mit_msgs:/home/xsm/R1_ws/install/lock_utils:/home/xsm/R1_ws/install/optimal_control_problem:/home/xsm/R1_ws/install/arm_dynamics_hw:/home/xsm/R1_ws/install/armForwardkinematics:/home/xsm/R1_ws/install/gui_pkg:/opt/ros/humble LD_LIBRARY_PATH=/home/xsm/R1_ws/install/mit_msgs/lib:/home/xsm/R1_ws/install/lock_utils/lib:/home/xsm/R1_ws/install/optimal_control_problem/lib:/usr/lib/x86_64-linux-gnu/gazebo-11/plugins:/opt/ros/humble/opt/rviz_ogre_vendor/lib:/opt/ros/humble/lib/x86_64-linux-gnu:/opt/ros/humble/lib:/usr/share/gazebo/../../lib/x86_64-linux-gnu/gazebo-11/plugins:/usr/lib/nvidia /usr/bin/cmake --install /home/xsm/R1_ws/build/arm_dynamics_hw
[1.508s] Level 1:colcon.colcon_core.environment:checking '/home/xsm/R1_ws/install/arm_dynamics_hw' for CMake config files
[1.508s] Level 1:colcon.colcon_core.shell:create_environment_hook('arm_dynamics_hw', 'cmake_prefix_path')
[1.509s] INFO:colcon.colcon_core.shell:Creating environment hook '/home/xsm/R1_ws/install/arm_dynamics_hw/share/arm_dynamics_hw/hook/cmake_prefix_path.ps1'
[1.509s] INFO:colcon.colcon_core.shell:Creating environment descriptor '/home/xsm/R1_ws/install/arm_dynamics_hw/share/arm_dynamics_hw/hook/cmake_prefix_path.dsv'
[1.509s] INFO:colcon.colcon_core.shell:Creating environment hook '/home/xsm/R1_ws/install/arm_dynamics_hw/share/arm_dynamics_hw/hook/cmake_prefix_path.sh'
[1.510s] Level 1:colcon.colcon_core.environment:checking '/home/xsm/R1_ws/install/arm_dynamics_hw/lib'
[1.510s] Level 1:colcon.colcon_core.environment:checking '/home/xsm/R1_ws/install/arm_dynamics_hw/bin'
[1.510s] Level 1:colcon.colcon_core.environment:checking '/home/xsm/R1_ws/install/arm_dynamics_hw/lib/pkgconfig/arm_dynamics_hw.pc'
[1.510s] Level 1:colcon.colcon_core.environment:checking '/home/xsm/R1_ws/install/arm_dynamics_hw/lib/python3.10/site-packages'
[1.510s] Level 1:colcon.colcon_core.environment:checking '/home/xsm/R1_ws/install/arm_dynamics_hw/bin'
[1.511s] INFO:colcon.colcon_core.shell:Creating package script '/home/xsm/R1_ws/install/arm_dynamics_hw/share/arm_dynamics_hw/package.ps1'
[1.511s] INFO:colcon.colcon_core.shell:Creating package descriptor '/home/xsm/R1_ws/install/arm_dynamics_hw/share/arm_dynamics_hw/package.dsv'
[1.511s] INFO:colcon.colcon_core.shell:Creating package script '/home/xsm/R1_ws/install/arm_dynamics_hw/share/arm_dynamics_hw/package.sh'
[1.512s] INFO:colcon.colcon_core.shell:Creating package script '/home/xsm/R1_ws/install/arm_dynamics_hw/share/arm_dynamics_hw/package.bash'
[1.512s] INFO:colcon.colcon_core.shell:Creating package script '/home/xsm/R1_ws/install/arm_dynamics_hw/share/arm_dynamics_hw/package.zsh'
[1.512s] Level 1:colcon.colcon_core.environment:create_file_with_runtime_dependencies(/home/xsm/R1_ws/install/arm_dynamics_hw/share/colcon-core/packages/arm_dynamics_hw)
[1.591s] Level 1:colcon.colcon_core.environment:create_environment_scripts_only(arm_dynamics_hw)
[1.591s] Level 1:colcon.colcon_core.environment:checking '/home/xsm/R1_ws/install/arm_dynamics_hw' for CMake module files
[1.591s] Level 1:colcon.colcon_core.environment:checking '/home/xsm/R1_ws/install/arm_dynamics_hw' for CMake config files
[1.592s] Level 1:colcon.colcon_core.shell:create_environment_hook('arm_dynamics_hw', 'cmake_prefix_path')
[1.592s] INFO:colcon.colcon_core.shell:Creating environment hook '/home/xsm/R1_ws/install/arm_dynamics_hw/share/arm_dynamics_hw/hook/cmake_prefix_path.ps1'
[1.593s] INFO:colcon.colcon_core.shell:Creating environment descriptor '/home/xsm/R1_ws/install/arm_dynamics_hw/share/arm_dynamics_hw/hook/cmake_prefix_path.dsv'
[1.593s] INFO:colcon.colcon_core.shell:Creating environment hook '/home/xsm/R1_ws/install/arm_dynamics_hw/share/arm_dynamics_hw/hook/cmake_prefix_path.sh'
[1.594s] Level 1:colcon.colcon_core.environment:checking '/home/xsm/R1_ws/install/arm_dynamics_hw/lib'
[1.594s] Level 1:colcon.colcon_core.environment:checking '/home/xsm/R1_ws/install/arm_dynamics_hw/bin'
[1.594s] Level 1:colcon.colcon_core.environment:checking '/home/xsm/R1_ws/install/arm_dynamics_hw/lib/pkgconfig/arm_dynamics_hw.pc'
[1.594s] Level 1:colcon.colcon_core.environment:checking '/home/xsm/R1_ws/install/arm_dynamics_hw/lib/python3.10/site-packages'
[1.594s] Level 1:colcon.colcon_core.environment:checking '/home/xsm/R1_ws/install/arm_dynamics_hw/bin'
[1.594s] INFO:colcon.colcon_core.shell:Creating package script '/home/xsm/R1_ws/install/arm_dynamics_hw/share/arm_dynamics_hw/package.ps1'
[1.595s] INFO:colcon.colcon_core.shell:Creating package descriptor '/home/xsm/R1_ws/install/arm_dynamics_hw/share/arm_dynamics_hw/package.dsv'
[1.595s] INFO:colcon.colcon_core.shell:Creating package script '/home/xsm/R1_ws/install/arm_dynamics_hw/share/arm_dynamics_hw/package.sh'
[1.595s] INFO:colcon.colcon_core.shell:Creating package script '/home/xsm/R1_ws/install/arm_dynamics_hw/share/arm_dynamics_hw/package.bash'
[1.595s] INFO:colcon.colcon_core.shell:Creating package script '/home/xsm/R1_ws/install/arm_dynamics_hw/share/arm_dynamics_hw/package.zsh'
[1.596s] Level 1:colcon.colcon_core.environment:create_file_with_runtime_dependencies(/home/xsm/R1_ws/install/arm_dynamics_hw/share/colcon-core/packages/arm_dynamics_hw)
[18.913s] DEBUG:colcon.colcon_core.event_handler.log_command:Invoked command in '/home/xsm/R1_ws/build/armForwardkinematics' returned '0': CMAKE_PREFIX_PATH=/home/xsm/R1_ws/install/mit_msgs:/home/xsm/R1_ws/install/optimal_control_problem:/home/xsm/R1_ws/install/arm_dynamics_hw:/home/xsm/R1_ws/install/armForwardkinematics:/home/xsm/R1_ws/install/lock_utils:/home/xsm/R1_ws/install/gui_pkg:/opt/ros/humble LD_LIBRARY_PATH=/home/xsm/R1_ws/install/mit_msgs/lib:/home/xsm/R1_ws/install/optimal_control_problem/lib:/home/xsm/R1_ws/install/lock_utils/lib:/usr/lib/x86_64-linux-gnu/gazebo-11/plugins:/opt/ros/humble/opt/rviz_ogre_vendor/lib:/opt/ros/humble/lib/x86_64-linux-gnu:/opt/ros/humble/lib:/usr/share/gazebo/../../lib/x86_64-linux-gnu/gazebo-11/plugins:/usr/lib/nvidia /usr/bin/cmake --build /home/xsm/R1_ws/build/armForwardkinematics -- -j16 -l16
[18.994s] DEBUG:colcon.colcon_core.event_handler.log_command:Invoking command in '/home/xsm/R1_ws/build/armForwardkinematics': CMAKE_PREFIX_PATH=/home/xsm/R1_ws/install/mit_msgs:/home/xsm/R1_ws/install/optimal_control_problem:/home/xsm/R1_ws/install/arm_dynamics_hw:/home/xsm/R1_ws/install/armForwardkinematics:/home/xsm/R1_ws/install/lock_utils:/home/xsm/R1_ws/install/gui_pkg:/opt/ros/humble LD_LIBRARY_PATH=/home/xsm/R1_ws/install/mit_msgs/lib:/home/xsm/R1_ws/install/optimal_control_problem/lib:/home/xsm/R1_ws/install/lock_utils/lib:/usr/lib/x86_64-linux-gnu/gazebo-11/plugins:/opt/ros/humble/opt/rviz_ogre_vendor/lib:/opt/ros/humble/lib/x86_64-linux-gnu:/opt/ros/humble/lib:/usr/share/gazebo/../../lib/x86_64-linux-gnu/gazebo-11/plugins:/usr/lib/nvidia /usr/bin/cmake --install /home/xsm/R1_ws/build/armForwardkinematics
[19.016s] Level 1:colcon.colcon_core.environment:create_environment_scripts_only(armForwardkinematics)
[19.017s] DEBUG:colcon.colcon_core.event_handler.log_command:Invoked command in '/home/xsm/R1_ws/build/armForwardkinematics' returned '0': CMAKE_PREFIX_PATH=/home/xsm/R1_ws/install/mit_msgs:/home/xsm/R1_ws/install/optimal_control_problem:/home/xsm/R1_ws/install/arm_dynamics_hw:/home/xsm/R1_ws/install/armForwardkinematics:/home/xsm/R1_ws/install/lock_utils:/home/xsm/R1_ws/install/gui_pkg:/opt/ros/humble LD_LIBRARY_PATH=/home/xsm/R1_ws/install/mit_msgs/lib:/home/xsm/R1_ws/install/optimal_control_problem/lib:/home/xsm/R1_ws/install/lock_utils/lib:/usr/lib/x86_64-linux-gnu/gazebo-11/plugins:/opt/ros/humble/opt/rviz_ogre_vendor/lib:/opt/ros/humble/lib/x86_64-linux-gnu:/opt/ros/humble/lib:/usr/share/gazebo/../../lib/x86_64-linux-gnu/gazebo-11/plugins:/usr/lib/nvidia /usr/bin/cmake --install /home/xsm/R1_ws/build/armForwardkinematics
[19.017s] Level 1:colcon.colcon_core.environment:checking '/home/xsm/R1_ws/install/armForwardkinematics' for CMake module files
[19.018s] Level 1:colcon.colcon_core.environment:checking '/home/xsm/R1_ws/install/armForwardkinematics' for CMake config files
[19.018s] Level 1:colcon.colcon_core.shell:create_environment_hook('armForwardkinematics', 'cmake_prefix_path')
[19.018s] INFO:colcon.colcon_core.shell:Creating environment hook '/home/xsm/R1_ws/install/armForwardkinematics/share/armForwardkinematics/hook/cmake_prefix_path.ps1'
[19.019s] INFO:colcon.colcon_core.shell:Creating environment descriptor '/home/xsm/R1_ws/install/armForwardkinematics/share/armForwardkinematics/hook/cmake_prefix_path.dsv'
[19.019s] INFO:colcon.colcon_core.shell:Creating environment hook '/home/xsm/R1_ws/install/armForwardkinematics/share/armForwardkinematics/hook/cmake_prefix_path.sh'
[19.020s] Level 1:colcon.colcon_core.environment:checking '/home/xsm/R1_ws/install/armForwardkinematics/lib'
[19.020s] Level 1:colcon.colcon_core.environment:checking '/home/xsm/R1_ws/install/armForwardkinematics/bin'
[19.020s] Level 1:colcon.colcon_core.environment:checking '/home/xsm/R1_ws/install/armForwardkinematics/lib/pkgconfig/armForwardkinematics.pc'
[19.020s] Level 1:colcon.colcon_core.environment:checking '/home/xsm/R1_ws/install/armForwardkinematics/lib/python3.10/site-packages'
[19.020s] Level 1:colcon.colcon_core.environment:checking '/home/xsm/R1_ws/install/armForwardkinematics/bin'
[19.020s] INFO:colcon.colcon_core.shell:Creating package script '/home/xsm/R1_ws/install/armForwardkinematics/share/armForwardkinematics/package.ps1'
[19.020s] INFO:colcon.colcon_core.shell:Creating package descriptor '/home/xsm/R1_ws/install/armForwardkinematics/share/armForwardkinematics/package.dsv'
[19.021s] INFO:colcon.colcon_core.shell:Creating package script '/home/xsm/R1_ws/install/armForwardkinematics/share/armForwardkinematics/package.sh'
[19.021s] INFO:colcon.colcon_core.shell:Creating package script '/home/xsm/R1_ws/install/armForwardkinematics/share/armForwardkinematics/package.bash'
[19.021s] INFO:colcon.colcon_core.shell:Creating package script '/home/xsm/R1_ws/install/armForwardkinematics/share/armForwardkinematics/package.zsh'
[19.022s] Level 1:colcon.colcon_core.environment:create_file_with_runtime_dependencies(/home/xsm/R1_ws/install/armForwardkinematics/share/colcon-core/packages/armForwardkinematics)
[19.096s] Level 1:colcon.colcon_core.environment:create_environment_scripts_only(armForwardkinematics)
[19.096s] Level 1:colcon.colcon_core.environment:checking '/home/xsm/R1_ws/install/armForwardkinematics' for CMake module files
[19.096s] Level 1:colcon.colcon_core.environment:checking '/home/xsm/R1_ws/install/armForwardkinematics' for CMake config files
[19.097s] Level 1:colcon.colcon_core.shell:create_environment_hook('armForwardkinematics', 'cmake_prefix_path')
[19.097s] INFO:colcon.colcon_core.shell:Creating environment hook '/home/xsm/R1_ws/install/armForwardkinematics/share/armForwardkinematics/hook/cmake_prefix_path.ps1'
[19.097s] INFO:colcon.colcon_core.shell:Creating environment descriptor '/home/xsm/R1_ws/install/armForwardkinematics/share/armForwardkinematics/hook/cmake_prefix_path.dsv'
[19.098s] INFO:colcon.colcon_core.shell:Creating environment hook '/home/xsm/R1_ws/install/armForwardkinematics/share/armForwardkinematics/hook/cmake_prefix_path.sh'
[19.098s] Level 1:colcon.colcon_core.environment:checking '/home/xsm/R1_ws/install/armForwardkinematics/lib'
[19.098s] Level 1:colcon.colcon_core.environment:checking '/home/xsm/R1_ws/install/armForwardkinematics/bin'
[19.098s] Level 1:colcon.colcon_core.environment:checking '/home/xsm/R1_ws/install/armForwardkinematics/lib/pkgconfig/armForwardkinematics.pc'
[19.098s] Level 1:colcon.colcon_core.environment:checking '/home/xsm/R1_ws/install/armForwardkinematics/lib/python3.10/site-packages'
[19.098s] Level 1:colcon.colcon_core.environment:checking '/home/xsm/R1_ws/install/armForwardkinematics/bin'
[19.099s] INFO:colcon.colcon_core.shell:Creating package script '/home/xsm/R1_ws/install/armForwardkinematics/share/armForwardkinematics/package.ps1'
[19.099s] INFO:colcon.colcon_core.shell:Creating package descriptor '/home/xsm/R1_ws/install/armForwardkinematics/share/armForwardkinematics/package.dsv'
[19.099s] INFO:colcon.colcon_core.shell:Creating package script '/home/xsm/R1_ws/install/armForwardkinematics/share/armForwardkinematics/package.sh'
[19.100s] INFO:colcon.colcon_core.shell:Creating package script '/home/xsm/R1_ws/install/armForwardkinematics/share/armForwardkinematics/package.bash'
[19.100s] INFO:colcon.colcon_core.shell:Creating package script '/home/xsm/R1_ws/install/armForwardkinematics/share/armForwardkinematics/package.zsh'
[19.100s] Level 1:colcon.colcon_core.environment:create_file_with_runtime_dependencies(/home/xsm/R1_ws/install/armForwardkinematics/share/colcon-core/packages/armForwardkinematics)
[19.101s] DEBUG:colcon.colcon_parallel_executor.executor.parallel:closing loop
[19.101s] DEBUG:colcon.colcon_parallel_executor.executor.parallel:loop closed
[19.101s] DEBUG:colcon.colcon_parallel_executor.executor.parallel:run_until_complete finished with '0'
[19.101s] DEBUG:colcon.colcon_core.event_reactor:joining thread
[19.106s] INFO:colcon.colcon_core.plugin_system:Skipping extension 'colcon_notification.desktop_notification.terminal_notifier': Not used on non-Darwin systems
[19.106s] INFO:colcon.colcon_core.plugin_system:Skipping extension 'colcon_notification.desktop_notification.win32': Not used on non-Windows systems
[19.106s] INFO:colcon.colcon_notification.desktop_notification:Sending desktop notification using 'notify2'
[19.116s] DEBUG:colcon.colcon_core.event_reactor:joined thread
[19.116s] INFO:colcon.colcon_core.shell:Creating prefix script '/home/xsm/R1_ws/install/local_setup.ps1'
[19.118s] INFO:colcon.colcon_core.shell:Creating prefix util module '/home/xsm/R1_ws/install/_local_setup_util_ps1.py'
[19.119s] INFO:colcon.colcon_core.shell:Creating prefix chain script '/home/xsm/R1_ws/install/setup.ps1'
[19.120s] INFO:colcon.colcon_core.shell:Creating prefix script '/home/xsm/R1_ws/install/local_setup.sh'
[19.121s] INFO:colcon.colcon_core.shell:Creating prefix util module '/home/xsm/R1_ws/install/_local_setup_util_sh.py'
[19.122s] INFO:colcon.colcon_core.shell:Creating prefix chain script '/home/xsm/R1_ws/install/setup.sh'
[19.123s] INFO:colcon.colcon_core.shell:Creating prefix script '/home/xsm/R1_ws/install/local_setup.bash'
[19.123s] INFO:colcon.colcon_core.shell:Creating prefix chain script '/home/xsm/R1_ws/install/setup.bash'
[19.125s] INFO:colcon.colcon_core.shell:Creating prefix script '/home/xsm/R1_ws/install/local_setup.zsh'
[19.125s] INFO:colcon.colcon_core.shell:Creating prefix chain script '/home/xsm/R1_ws/install/setup.zsh'
