-- Found ament_cmake: 1.3.10 (/opt/ros/humble/share/ament_cmake/cmake)
-- Found Python3: /usr/bin/python3 (found version "3.10.12") found components: Interpreter 
-- Found Python3: /usr/bin/python3 (found version "3.10.12") found components: Interpreter Development Development.Module Development.Embed 
-- Found rclcpp: 16.0.10 (/opt/ros/humble/share/rclcpp/cmake)
-- Found rosidl_generator_c: 3.1.5 (/opt/ros/humble/share/rosidl_generator_c/cmake)
-- Found rosidl_adapter: 3.1.5 (/opt/ros/humble/share/rosidl_adapter/cmake)
-- Found rosidl_generator_cpp: 3.1.5 (/opt/ros/humble/share/rosidl_generator_cpp/cmake)
-- Using all available rosidl_typesupport_c: rosidl_typesupport_fastrtps_c;rosidl_typesupport_introspection_c
-- Using all available rosidl_typesupport_cpp: rosidl_typesupport_fastrtps_cpp;rosidl_typesupport_introspection_cpp
-- Found rmw_implementation_cmake: 6.1.2 (/opt/ros/humble/share/rmw_implementation_cmake/cmake)
-- Found rmw_fastrtps_cpp: 6.2.7 (/opt/ros/humble/share/rmw_fastrtps_cpp/cmake)
-- Using RMW implementation 'rmw_fastrtps_cpp' as default
-- Found mit_msgs: 0.0.0 (/home/xsm/R1_ws/install/mit_msgs/share/mit_msgs/cmake)
-- Found ament_lint_auto: 0.12.11 (/opt/ros/humble/share/ament_lint_auto/cmake)
-- Added test 'cppcheck' to perform static code analysis on C / C++ code
-- Configured cppcheck include dirs: /home/xsm/R1_ws/src/armend_visualize/include;/home/xsm/R1_ws/src/armend_visualize/include/eigen;/home/xsm/R1_ws/src/armend_visualize/include/matplotlib-cpp-master;/home/xsm/R1_ws/src/armend_visualize/include/armend_visualize/visualize.hpp;/home/xsm/R1_ws/src/armend_visualize/include/eigen-3.4.0
-- Configured cppcheck exclude dirs and/or files: 
-- Added test 'flake8' to check Python code syntax and style conventions
-- Added test 'lint_cmake' to check CMake code style
-- Added test 'pep257' to check Python code against some of the docstring style conventions in PEP 257
-- Added test 'uncrustify' to check C / C++ code style
-- Configured uncrustify additional arguments: 
-- Added test 'xmllint' to check XML markup files
-- Configuring done
-- Generating done
-- Build files have been written to: /home/xsm/R1_ws/build/armend_visualize
[ 50%] [32mBuilding CXX object CMakeFiles/main.dir/src/main.cpp.o[0m
[01m[Kcc1plus:[m[K [01;35m[Kwarning: [m[K/home/xsm/R1_ws/src/armend_visualize/include/armend_visualize/visualize.hpp: not a directory
In file included from [01m[K/opt/ros/humble/include/rclcpp/rclcpp/logging.hpp:24[m[K,
                 from [01m[K/opt/ros/humble/include/rclcpp/rclcpp/client.hpp:40[m[K,
                 from [01m[K/opt/ros/humble/include/rclcpp/rclcpp/callback_group.hpp:24[m[K,
                 from [01m[K/opt/ros/humble/include/rclcpp/rclcpp/any_executable.hpp:20[m[K,
                 from [01m[K/opt/ros/humble/include/rclcpp/rclcpp/memory_strategy.hpp:25[m[K,
                 from [01m[K/opt/ros/humble/include/rclcpp/rclcpp/memory_strategies.hpp:18[m[K,
                 from [01m[K/opt/ros/humble/include/rclcpp/rclcpp/executor_options.hpp:20[m[K,
                 from [01m[K/opt/ros/humble/include/rclcpp/rclcpp/executor.hpp:37[m[K,
                 from [01m[K/opt/ros/humble/include/rclcpp/rclcpp/executors/multi_threaded_executor.hpp:25[m[K,
                 from [01m[K/opt/ros/humble/include/rclcpp/rclcpp/executors.hpp:21[m[K,
                 from [01m[K/opt/ros/humble/include/rclcpp/rclcpp/rclcpp.hpp:155[m[K,
                 from [01m[K/home/xsm/R1_ws/src/armend_visualize/include/armend_visualize/visualize.hpp:7[m[K,
                 from [01m[K/home/xsm/R1_ws/src/armend_visualize/src/main.cpp:3[m[K:
[01m[K/home/xsm/R1_ws/src/armend_visualize/src/main.cpp:[m[K In lambda function:
[01m[K/home/xsm/R1_ws/src/armend_visualize/src/main.cpp:14:75:[m[K [01;31m[Kerror: [m[K‘[01m[Kusing element_type = struct mit_msgs::msg::MITLowState_<std::allocator<void> >[m[K’ {aka ‘[01m[Kstruct mit_msgs::msg::MITLowState_<std::allocator<void> >[m[K’} has no member named ‘[01m[Kjoint_positions[m[K’
   14 |             RCLCPP_INFO(this->get_logger(), "I heard: [%f, %f, %f]", msg->[01;31m[Kjoint_positions[m[K[0], msg->joint_positions[1], msg->joint_positions[2]);
      |                                                                           [01;31m[K^~~~~~~~~~~~~~~[m[K
[01m[K/home/xsm/R1_ws/src/armend_visualize/src/main.cpp:14:100:[m[K [01;31m[Kerror: [m[K‘[01m[Kusing element_type = struct mit_msgs::msg::MITLowState_<std::allocator<void> >[m[K’ {aka ‘[01m[Kstruct mit_msgs::msg::MITLowState_<std::allocator<void> >[m[K’} has no member named ‘[01m[Kjoint_positions[m[K’
   14 |             RCLCPP_INFO(this->get_logger(), "I heard: [%f, %f, %f]", msg->joint_positions[0], msg->[01;31m[Kjoint_positions[m[K[1], msg->joint_positions[2]);
      |                                                                                                    [01;31m[K^~~~~~~~~~~~~~~[m[K
[01m[K/home/xsm/R1_ws/src/armend_visualize/src/main.cpp:14:125:[m[K [01;31m[Kerror: [m[K‘[01m[Kusing element_type = struct mit_msgs::msg::MITLowState_<std::allocator<void> >[m[K’ {aka ‘[01m[Kstruct mit_msgs::msg::MITLowState_<std::allocator<void> >[m[K’} has no member named ‘[01m[Kjoint_positions[m[K’
   14 |             RCLCPP_INFO(this->get_logger(), "I heard: [%f, %f, %f]", msg->joint_positions[0], msg->joint_positions[1], msg->[01;31m[Kjoint_positions[m[K[2]);
      |                                                                                                                             [01;31m[K^~~~~~~~~~~~~~~[m[K
[01m[K/home/xsm/R1_ws/src/armend_visualize/src/main.cpp:[m[K In member function ‘[01m[Kvoid armend_visualize::joint_state_callback(mit_msgs::msg::MITLowState_<std::allocator<void> >::SharedPtr)[m[K’:
[01m[K/home/xsm/R1_ws/src/armend_visualize/src/main.cpp:20:67:[m[K [01;31m[Kerror: [m[K‘[01m[Kusing element_type = struct mit_msgs::msg::MITLowState_<std::allocator<void> >[m[K’ {aka ‘[01m[Kstruct mit_msgs::msg::MITLowState_<std::allocator<void> >[m[K’} has no member named ‘[01m[Kjoint_positions[m[K’
   20 |     RCLCPP_INFO(this->get_logger(), "I heard: [%f, %f, %f]", msg->[01;31m[Kjoint_positions[m[K[0], msg->joint_positions[1], msg->joint_positions[2]);
      |                                                                   [01;31m[K^~~~~~~~~~~~~~~[m[K
[01m[K/home/xsm/R1_ws/src/armend_visualize/src/main.cpp:20:92:[m[K [01;31m[Kerror: [m[K‘[01m[Kusing element_type = struct mit_msgs::msg::MITLowState_<std::allocator<void> >[m[K’ {aka ‘[01m[Kstruct mit_msgs::msg::MITLowState_<std::allocator<void> >[m[K’} has no member named ‘[01m[Kjoint_positions[m[K’
   20 |     RCLCPP_INFO(this->get_logger(), "I heard: [%f, %f, %f]", msg->joint_positions[0], msg->[01;31m[Kjoint_positions[m[K[1], msg->joint_positions[2]);
      |                                                                                            [01;31m[K^~~~~~~~~~~~~~~[m[K
[01m[K/home/xsm/R1_ws/src/armend_visualize/src/main.cpp:20:117:[m[K [01;31m[Kerror: [m[K‘[01m[Kusing element_type = struct mit_msgs::msg::MITLowState_<std::allocator<void> >[m[K’ {aka ‘[01m[Kstruct mit_msgs::msg::MITLowState_<std::allocator<void> >[m[K’} has no member named ‘[01m[Kjoint_positions[m[K’
   20 |     RCLCPP_INFO(this->get_logger(), "I heard: [%f, %f, %f]", msg->joint_positions[0], msg->joint_positions[1], msg->[01;31m[Kjoint_positions[m[K[2]);
      |                                                                                                                     [01;31m[K^~~~~~~~~~~~~~~[m[K
gmake[2]: *** [CMakeFiles/main.dir/build.make:76：CMakeFiles/main.dir/src/main.cpp.o] 错误 1
gmake[1]: *** [CMakeFiles/Makefile2:137：CMakeFiles/main.dir/all] 错误 2
gmake: *** [Makefile:146：all] 错误 2
