[0.020s] Invoking command in '/home/xsm/R1_ws/build/armend_visualize': CMAKE_PREFIX_PATH=/home/xsm/R1_ws/install/mit_msgs:/home/xsm/R1_ws/install/xsmmsg:/home/xsm/R1_ws/install/xsm_msg:/home/xsm/R1_ws/install/optimal_control_problem:/home/xsm/R1_ws/install/armend_visualize:/home/xsm/R1_ws/install/arm_dynamics_hw:/home/xsm/R1_ws/install/armForwardkinematics:/home/xsm/R1_ws/install/lock_utils:/home/xsm/R1_ws/install/gui_pkg:/opt/ros/humble LD_LIBRARY_PATH=/home/xsm/R1_ws/install/mit_msgs/lib:/home/xsm/R1_ws/install/xsmmsg/lib:/home/xsm/R1_ws/install/xsm_msg/lib:/home/xsm/R1_ws/install/optimal_control_problem/lib:/home/xsm/R1_ws/install/lock_utils/lib:/usr/lib/x86_64-linux-gnu/gazebo-11/plugins:/opt/ros/humble/opt/rviz_ogre_vendor/lib:/opt/ros/humble/lib/x86_64-linux-gnu:/opt/ros/humble/lib:/usr/share/gazebo/../../lib/x86_64-linux-gnu/gazebo-11/plugins:/usr/lib/nvidia:/usr/share/gazebo/../../lib/x86_64-linux-gnu/gazebo-11/plugins:/usr/share/gazebo/../../lib/x86_64-linux-gnu/gazebo-11/plugins:/usr/lib/nvidia /usr/bin/cmake --build /home/xsm/R1_ws/build/armend_visualize -- -j16 -l16
[0.061s] -- Found ament_cmake: 1.3.10 (/opt/ros/humble/share/ament_cmake/cmake)
[0.120s] -- Found Python3: /usr/bin/python3 (found version "3.10.12") found components: Interpreter 
[0.239s] -- Found Python3: /usr/bin/python3 (found version "3.10.12") found components: Interpreter Development Development.Module Development.Embed 
[0.239s] -- Found rclcpp: 16.0.10 (/opt/ros/humble/share/rclcpp/cmake)
[0.267s] -- Found rosidl_generator_c: 3.1.5 (/opt/ros/humble/share/rosidl_generator_c/cmake)
[0.269s] -- Found rosidl_adapter: 3.1.5 (/opt/ros/humble/share/rosidl_adapter/cmake)
[0.274s] -- Found rosidl_generator_cpp: 3.1.5 (/opt/ros/humble/share/rosidl_generator_cpp/cmake)
[0.283s] -- Using all available rosidl_typesupport_c: rosidl_typesupport_fastrtps_c;rosidl_typesupport_introspection_c
[0.293s] -- Using all available rosidl_typesupport_cpp: rosidl_typesupport_fastrtps_cpp;rosidl_typesupport_introspection_cpp
[0.323s] -- Found rmw_implementation_cmake: 6.1.2 (/opt/ros/humble/share/rmw_implementation_cmake/cmake)
[0.324s] -- Found rmw_fastrtps_cpp: 6.2.7 (/opt/ros/humble/share/rmw_fastrtps_cpp/cmake)
[0.430s] -- Using RMW implementation 'rmw_fastrtps_cpp' as default
[0.473s] -- Found mit_msgs: 0.0.0 (/home/xsm/R1_ws/install/mit_msgs/share/mit_msgs/cmake)
[0.514s] -- Found ament_lint_auto: 0.12.11 (/opt/ros/humble/share/ament_lint_auto/cmake)
[0.645s] -- Added test 'cppcheck' to perform static code analysis on C / C++ code
[0.646s] -- Configured cppcheck include dirs: /home/xsm/R1_ws/src/armend_visualize/include;/home/xsm/R1_ws/src/armend_visualize/include/eigen;/home/xsm/R1_ws/src/armend_visualize/include/matplotlib-cpp-master;/home/xsm/R1_ws/src/armend_visualize/include/armend_visualize/visualize.hpp;/home/xsm/R1_ws/src/armend_visualize/include/eigen-3.4.0
[0.646s] -- Configured cppcheck exclude dirs and/or files: 
[0.655s] -- Added test 'flake8' to check Python code syntax and style conventions
[0.672s] -- Added test 'lint_cmake' to check CMake code style
[0.681s] -- Added test 'pep257' to check Python code against some of the docstring style conventions in PEP 257
[0.753s] -- Added test 'uncrustify' to check C / C++ code style
[0.753s] -- Configured uncrustify additional arguments: 
[0.762s] -- Added test 'xmllint' to check XML markup files
[0.763s] -- Configuring done
[0.773s] -- Generating done
[0.774s] -- Build files have been written to: /home/xsm/R1_ws/build/armend_visualize
[0.805s] [35m[1mConsolidate compiler generated dependencies of target main[0m
[0.831s] [100%] Built target main
[0.843s] Invoked command in '/home/xsm/R1_ws/build/armend_visualize' returned '0': CMAKE_PREFIX_PATH=/home/xsm/R1_ws/install/mit_msgs:/home/xsm/R1_ws/install/xsmmsg:/home/xsm/R1_ws/install/xsm_msg:/home/xsm/R1_ws/install/optimal_control_problem:/home/xsm/R1_ws/install/armend_visualize:/home/xsm/R1_ws/install/arm_dynamics_hw:/home/xsm/R1_ws/install/armForwardkinematics:/home/xsm/R1_ws/install/lock_utils:/home/xsm/R1_ws/install/gui_pkg:/opt/ros/humble LD_LIBRARY_PATH=/home/xsm/R1_ws/install/mit_msgs/lib:/home/xsm/R1_ws/install/xsmmsg/lib:/home/xsm/R1_ws/install/xsm_msg/lib:/home/xsm/R1_ws/install/optimal_control_problem/lib:/home/xsm/R1_ws/install/lock_utils/lib:/usr/lib/x86_64-linux-gnu/gazebo-11/plugins:/opt/ros/humble/opt/rviz_ogre_vendor/lib:/opt/ros/humble/lib/x86_64-linux-gnu:/opt/ros/humble/lib:/usr/share/gazebo/../../lib/x86_64-linux-gnu/gazebo-11/plugins:/usr/lib/nvidia:/usr/share/gazebo/../../lib/x86_64-linux-gnu/gazebo-11/plugins:/usr/share/gazebo/../../lib/x86_64-linux-gnu/gazebo-11/plugins:/usr/lib/nvidia /usr/bin/cmake --build /home/xsm/R1_ws/build/armend_visualize -- -j16 -l16
[0.904s] Invoking command in '/home/xsm/R1_ws/build/armend_visualize': CMAKE_PREFIX_PATH=/home/xsm/R1_ws/install/mit_msgs:/home/xsm/R1_ws/install/xsmmsg:/home/xsm/R1_ws/install/xsm_msg:/home/xsm/R1_ws/install/optimal_control_problem:/home/xsm/R1_ws/install/armend_visualize:/home/xsm/R1_ws/install/arm_dynamics_hw:/home/xsm/R1_ws/install/armForwardkinematics:/home/xsm/R1_ws/install/lock_utils:/home/xsm/R1_ws/install/gui_pkg:/opt/ros/humble LD_LIBRARY_PATH=/home/xsm/R1_ws/install/mit_msgs/lib:/home/xsm/R1_ws/install/xsmmsg/lib:/home/xsm/R1_ws/install/xsm_msg/lib:/home/xsm/R1_ws/install/optimal_control_problem/lib:/home/xsm/R1_ws/install/lock_utils/lib:/usr/lib/x86_64-linux-gnu/gazebo-11/plugins:/opt/ros/humble/opt/rviz_ogre_vendor/lib:/opt/ros/humble/lib/x86_64-linux-gnu:/opt/ros/humble/lib:/usr/share/gazebo/../../lib/x86_64-linux-gnu/gazebo-11/plugins:/usr/lib/nvidia:/usr/share/gazebo/../../lib/x86_64-linux-gnu/gazebo-11/plugins:/usr/share/gazebo/../../lib/x86_64-linux-gnu/gazebo-11/plugins:/usr/lib/nvidia /usr/bin/cmake --install /home/xsm/R1_ws/build/armend_visualize
[0.913s] -- Install configuration: ""
[0.914s] -- Up-to-date: /home/xsm/R1_ws/install/armend_visualize/lib/armend_visualize/main
[0.914s] -- Installing: /home/xsm/R1_ws/install/armend_visualize/share/armend_visualize/launch
[0.914s] -- Installing: /home/xsm/R1_ws/install/armend_visualize/share/armend_visualize/launch/visual_launch.py
[0.914s] -- Up-to-date: /home/xsm/R1_ws/install/armend_visualize/share/ament_index/resource_index/package_run_dependencies/armend_visualize
[0.914s] -- Installing: /home/xsm/R1_ws/install/armend_visualize/share/ament_index/resource_index/parent_prefix_path/armend_visualize
[0.914s] -- Up-to-date: /home/xsm/R1_ws/install/armend_visualize/share/armend_visualize/environment/ament_prefix_path.sh
[0.914s] -- Installing: /home/xsm/R1_ws/install/armend_visualize/share/armend_visualize/environment/ament_prefix_path.dsv
[0.914s] -- Up-to-date: /home/xsm/R1_ws/install/armend_visualize/share/armend_visualize/environment/path.sh
[0.914s] -- Installing: /home/xsm/R1_ws/install/armend_visualize/share/armend_visualize/environment/path.dsv
[0.915s] -- Up-to-date: /home/xsm/R1_ws/install/armend_visualize/share/armend_visualize/local_setup.bash
[0.915s] -- Up-to-date: /home/xsm/R1_ws/install/armend_visualize/share/armend_visualize/local_setup.sh
[0.915s] -- Up-to-date: /home/xsm/R1_ws/install/armend_visualize/share/armend_visualize/local_setup.zsh
[0.915s] -- Installing: /home/xsm/R1_ws/install/armend_visualize/share/armend_visualize/local_setup.dsv
[0.915s] -- Installing: /home/xsm/R1_ws/install/armend_visualize/share/armend_visualize/package.dsv
[0.915s] -- Up-to-date: /home/xsm/R1_ws/install/armend_visualize/share/ament_index/resource_index/packages/armend_visualize
[0.915s] -- Up-to-date: /home/xsm/R1_ws/install/armend_visualize/share/armend_visualize/cmake/armend_visualizeConfig.cmake
[0.915s] -- Up-to-date: /home/xsm/R1_ws/install/armend_visualize/share/armend_visualize/cmake/armend_visualizeConfig-version.cmake
[0.915s] -- Up-to-date: /home/xsm/R1_ws/install/armend_visualize/share/armend_visualize/package.xml
[0.917s] Invoked command in '/home/xsm/R1_ws/build/armend_visualize' returned '0': CMAKE_PREFIX_PATH=/home/xsm/R1_ws/install/mit_msgs:/home/xsm/R1_ws/install/xsmmsg:/home/xsm/R1_ws/install/xsm_msg:/home/xsm/R1_ws/install/optimal_control_problem:/home/xsm/R1_ws/install/armend_visualize:/home/xsm/R1_ws/install/arm_dynamics_hw:/home/xsm/R1_ws/install/armForwardkinematics:/home/xsm/R1_ws/install/lock_utils:/home/xsm/R1_ws/install/gui_pkg:/opt/ros/humble LD_LIBRARY_PATH=/home/xsm/R1_ws/install/mit_msgs/lib:/home/xsm/R1_ws/install/xsmmsg/lib:/home/xsm/R1_ws/install/xsm_msg/lib:/home/xsm/R1_ws/install/optimal_control_problem/lib:/home/xsm/R1_ws/install/lock_utils/lib:/usr/lib/x86_64-linux-gnu/gazebo-11/plugins:/opt/ros/humble/opt/rviz_ogre_vendor/lib:/opt/ros/humble/lib/x86_64-linux-gnu:/opt/ros/humble/lib:/usr/share/gazebo/../../lib/x86_64-linux-gnu/gazebo-11/plugins:/usr/lib/nvidia:/usr/share/gazebo/../../lib/x86_64-linux-gnu/gazebo-11/plugins:/usr/share/gazebo/../../lib/x86_64-linux-gnu/gazebo-11/plugins:/usr/lib/nvidia /usr/bin/cmake --install /home/xsm/R1_ws/build/armend_visualize
