[0.013s] Invoking command in '/home/xsm/R1_ws/build/xsmmsg': CMAKE_PREFIX_PATH=${CMAKE_PREFIX_PATH}:/home/xsm/R1_ws/install/gui_pkg:/opt/ros/humble /usr/bin/cmake --build /home/xsm/R1_ws/build/xsmmsg -- -j16 -l16
[0.062s] [35m[1mConsolidate compiler generated dependencies of target xsmmsg__rosidl_generator_c[0m
[0.075s] [  3%] Built target xsmmsg__cpp
[0.075s] [ 12%] Built target xsmmsg__rosidl_generator_c
[0.087s] [ 12%] Built target ament_cmake_python_copy_xsmmsg
[0.087s] [35m[1mConsolidate compiler generated dependencies of target xsmmsg__rosidl_typesupport_cpp[0m
[0.087s] [35m[1mConsolidate compiler generated dependencies of target xsmmsg__rosidl_typesupport_fastrtps_cpp[0m
[0.088s] [35m[1mConsolidate compiler generated dependencies of target xsmmsg__rosidl_typesupport_fastrtps_c[0m
[0.088s] [35m[1mConsolidate compiler generated dependencies of target xsmmsg__rosidl_typesupport_introspection_cpp[0m
[0.088s] [35m[1mConsolidate compiler generated dependencies of target xsmmsg__rosidl_typesupport_introspection_c[0m
[0.088s] [35m[1mConsolidate compiler generated dependencies of target xsmmsg__rosidl_typesupport_c[0m
[0.102s] [ 41%] Built target xsmmsg__rosidl_typesupport_introspection_c
[0.102s] [ 41%] Built target xsmmsg__rosidl_typesupport_cpp
[0.102s] [ 41%] Built target xsmmsg__rosidl_typesupport_c
[0.103s] [ 51%] Built target xsmmsg__rosidl_typesupport_fastrtps_c
[0.103s] [ 61%] Built target xsmmsg__rosidl_typesupport_introspection_cpp
[0.103s] [ 70%] Built target xsmmsg__rosidl_typesupport_fastrtps_cpp
[0.133s] [ 70%] Built target xsmmsg
[0.162s] [ 74%] Built target xsmmsg__py
[0.176s] [35m[1mConsolidate compiler generated dependencies of target xsmmsg__rosidl_generator_py[0m
[0.192s] [ 80%] Built target xsmmsg__rosidl_generator_py
[0.205s] [35m[1mConsolidate compiler generated dependencies of target xsmmsg__rosidl_typesupport_fastrtps_c__pyext[0m
[0.206s] [35m[1mConsolidate compiler generated dependencies of target xsmmsg__rosidl_typesupport_introspection_c__pyext[0m
[0.206s] [35m[1mConsolidate compiler generated dependencies of target xsmmsg__rosidl_typesupport_c__pyext[0m
[0.224s] [100%] Built target xsmmsg__rosidl_typesupport_introspection_c__pyext
[0.224s] [100%] Built target xsmmsg__rosidl_typesupport_c__pyext
[0.224s] [100%] Built target xsmmsg__rosidl_typesupport_fastrtps_c__pyext
[0.280s] running egg_info
[0.280s] writing xsmmsg.egg-info/PKG-INFO
[0.281s] writing dependency_links to xsmmsg.egg-info/dependency_links.txt
[0.281s] writing top-level names to xsmmsg.egg-info/top_level.txt
[0.282s] reading manifest file 'xsmmsg.egg-info/SOURCES.txt'
[0.283s] writing manifest file 'xsmmsg.egg-info/SOURCES.txt'
[0.308s] [100%] Built target ament_cmake_python_build_xsmmsg_egg
[0.322s] Invoked command in '/home/xsm/R1_ws/build/xsmmsg' returned '0': CMAKE_PREFIX_PATH=${CMAKE_PREFIX_PATH}:/home/xsm/R1_ws/install/gui_pkg:/opt/ros/humble /usr/bin/cmake --build /home/xsm/R1_ws/build/xsmmsg -- -j16 -l16
[0.478s] Invoking command in '/home/xsm/R1_ws/build/xsmmsg': CMAKE_PREFIX_PATH=${CMAKE_PREFIX_PATH}:/home/xsm/R1_ws/install/gui_pkg:/opt/ros/humble /usr/bin/cmake --install /home/xsm/R1_ws/build/xsmmsg
[0.487s] -- Install configuration: ""
[0.487s] -- Up-to-date: /home/xsm/R1_ws/install/xsmmsg/share/ament_index/resource_index/rosidl_interfaces/xsmmsg
[0.487s] -- Up-to-date: /home/xsm/R1_ws/install/xsmmsg/include/xsmmsg/xsmmsg
[0.487s] -- Up-to-date: /home/xsm/R1_ws/install/xsmmsg/include/xsmmsg/xsmmsg/msg
[0.487s] -- Up-to-date: /home/xsm/R1_ws/install/xsmmsg/include/xsmmsg/xsmmsg/msg/rosidl_generator_c__visibility_control.h
[0.487s] -- Up-to-date: /home/xsm/R1_ws/install/xsmmsg/include/xsmmsg/xsmmsg/msg/hwrev.h
[0.487s] -- Up-to-date: /home/xsm/R1_ws/install/xsmmsg/include/xsmmsg/xsmmsg/msg/detail
[0.487s] -- Up-to-date: /home/xsm/R1_ws/install/xsmmsg/include/xsmmsg/xsmmsg/msg/detail/hwrev__functions.h
[0.487s] -- Up-to-date: /home/xsm/R1_ws/install/xsmmsg/include/xsmmsg/xsmmsg/msg/detail/hwrev__type_support.h
[0.487s] -- Up-to-date: /home/xsm/R1_ws/install/xsmmsg/include/xsmmsg/xsmmsg/msg/detail/hwrev__struct.h
[0.487s] -- Up-to-date: /home/xsm/R1_ws/install/xsmmsg/include/xsmmsg/xsmmsg/msg/detail/hwrev__functions.c
[0.487s] -- Up-to-date: /home/xsm/R1_ws/install/xsmmsg/share/xsmmsg/environment/library_path.sh
[0.487s] -- Up-to-date: /home/xsm/R1_ws/install/xsmmsg/share/xsmmsg/environment/library_path.dsv
[0.487s] -- Up-to-date: /home/xsm/R1_ws/install/xsmmsg/lib/libxsmmsg__rosidl_generator_c.so
[0.488s] -- Up-to-date: /home/xsm/R1_ws/install/xsmmsg/include/xsmmsg/xsmmsg
[0.488s] -- Up-to-date: /home/xsm/R1_ws/install/xsmmsg/include/xsmmsg/xsmmsg/msg
[0.488s] -- Up-to-date: /home/xsm/R1_ws/install/xsmmsg/include/xsmmsg/xsmmsg/msg/rosidl_typesupport_fastrtps_c__visibility_control.h
[0.488s] -- Up-to-date: /home/xsm/R1_ws/install/xsmmsg/include/xsmmsg/xsmmsg/msg/detail
[0.488s] -- Up-to-date: /home/xsm/R1_ws/install/xsmmsg/include/xsmmsg/xsmmsg/msg/detail/hwrev__rosidl_typesupport_fastrtps_c.h
[0.488s] -- Up-to-date: /home/xsm/R1_ws/install/xsmmsg/lib/libxsmmsg__rosidl_typesupport_fastrtps_c.so
[0.488s] -- Up-to-date: /home/xsm/R1_ws/install/xsmmsg/include/xsmmsg/xsmmsg
[0.488s] -- Up-to-date: /home/xsm/R1_ws/install/xsmmsg/include/xsmmsg/xsmmsg/msg
[0.488s] -- Up-to-date: /home/xsm/R1_ws/install/xsmmsg/include/xsmmsg/xsmmsg/msg/rosidl_typesupport_introspection_c__visibility_control.h
[0.488s] -- Up-to-date: /home/xsm/R1_ws/install/xsmmsg/include/xsmmsg/xsmmsg/msg/detail
[0.488s] -- Up-to-date: /home/xsm/R1_ws/install/xsmmsg/include/xsmmsg/xsmmsg/msg/detail/hwrev__type_support.c
[0.488s] -- Up-to-date: /home/xsm/R1_ws/install/xsmmsg/include/xsmmsg/xsmmsg/msg/detail/hwrev__rosidl_typesupport_introspection_c.h
[0.488s] -- Up-to-date: /home/xsm/R1_ws/install/xsmmsg/lib/libxsmmsg__rosidl_typesupport_introspection_c.so
[0.488s] -- Up-to-date: /home/xsm/R1_ws/install/xsmmsg/lib/libxsmmsg__rosidl_typesupport_c.so
[0.488s] -- Up-to-date: /home/xsm/R1_ws/install/xsmmsg/include/xsmmsg/xsmmsg
[0.488s] -- Up-to-date: /home/xsm/R1_ws/install/xsmmsg/include/xsmmsg/xsmmsg/msg
[0.488s] -- Up-to-date: /home/xsm/R1_ws/install/xsmmsg/include/xsmmsg/xsmmsg/msg/detail
[0.488s] -- Up-to-date: /home/xsm/R1_ws/install/xsmmsg/include/xsmmsg/xsmmsg/msg/detail/hwrev__builder.hpp
[0.488s] -- Up-to-date: /home/xsm/R1_ws/install/xsmmsg/include/xsmmsg/xsmmsg/msg/detail/hwrev__traits.hpp
[0.489s] -- Up-to-date: /home/xsm/R1_ws/install/xsmmsg/include/xsmmsg/xsmmsg/msg/detail/hwrev__struct.hpp
[0.489s] -- Up-to-date: /home/xsm/R1_ws/install/xsmmsg/include/xsmmsg/xsmmsg/msg/hwrev.hpp
[0.489s] -- Up-to-date: /home/xsm/R1_ws/install/xsmmsg/include/xsmmsg/xsmmsg
[0.489s] -- Up-to-date: /home/xsm/R1_ws/install/xsmmsg/include/xsmmsg/xsmmsg/msg
[0.489s] -- Up-to-date: /home/xsm/R1_ws/install/xsmmsg/include/xsmmsg/xsmmsg/msg/rosidl_typesupport_fastrtps_cpp__visibility_control.h
[0.489s] -- Up-to-date: /home/xsm/R1_ws/install/xsmmsg/include/xsmmsg/xsmmsg/msg/detail
[0.489s] -- Up-to-date: /home/xsm/R1_ws/install/xsmmsg/include/xsmmsg/xsmmsg/msg/detail/dds_fastrtps
[0.489s] -- Up-to-date: /home/xsm/R1_ws/install/xsmmsg/include/xsmmsg/xsmmsg/msg/detail/hwrev__rosidl_typesupport_fastrtps_cpp.hpp
[0.489s] -- Up-to-date: /home/xsm/R1_ws/install/xsmmsg/lib/libxsmmsg__rosidl_typesupport_fastrtps_cpp.so
[0.489s] -- Up-to-date: /home/xsm/R1_ws/install/xsmmsg/include/xsmmsg/xsmmsg
[0.489s] -- Up-to-date: /home/xsm/R1_ws/install/xsmmsg/include/xsmmsg/xsmmsg/msg
[0.489s] -- Up-to-date: /home/xsm/R1_ws/install/xsmmsg/include/xsmmsg/xsmmsg/msg/detail
[0.489s] -- Up-to-date: /home/xsm/R1_ws/install/xsmmsg/include/xsmmsg/xsmmsg/msg/detail/hwrev__type_support.cpp
[0.489s] -- Up-to-date: /home/xsm/R1_ws/install/xsmmsg/include/xsmmsg/xsmmsg/msg/detail/hwrev__rosidl_typesupport_introspection_cpp.hpp
[0.489s] -- Up-to-date: /home/xsm/R1_ws/install/xsmmsg/lib/libxsmmsg__rosidl_typesupport_introspection_cpp.so
[0.489s] -- Up-to-date: /home/xsm/R1_ws/install/xsmmsg/lib/libxsmmsg__rosidl_typesupport_cpp.so
[0.490s] -- Up-to-date: /home/xsm/R1_ws/install/xsmmsg/share/xsmmsg/environment/pythonpath.sh
[0.490s] -- Up-to-date: /home/xsm/R1_ws/install/xsmmsg/share/xsmmsg/environment/pythonpath.dsv
[0.490s] -- Up-to-date: /home/xsm/R1_ws/install/xsmmsg/local/lib/python3.10/dist-packages/xsmmsg-0.0.0-py3.10.egg-info
[0.490s] -- Installing: /home/xsm/R1_ws/install/xsmmsg/local/lib/python3.10/dist-packages/xsmmsg-0.0.0-py3.10.egg-info/PKG-INFO
[0.490s] -- Installing: /home/xsm/R1_ws/install/xsmmsg/local/lib/python3.10/dist-packages/xsmmsg-0.0.0-py3.10.egg-info/SOURCES.txt
[0.490s] -- Installing: /home/xsm/R1_ws/install/xsmmsg/local/lib/python3.10/dist-packages/xsmmsg-0.0.0-py3.10.egg-info/dependency_links.txt
[0.490s] -- Installing: /home/xsm/R1_ws/install/xsmmsg/local/lib/python3.10/dist-packages/xsmmsg-0.0.0-py3.10.egg-info/top_level.txt
[0.490s] -- Up-to-date: /home/xsm/R1_ws/install/xsmmsg/local/lib/python3.10/dist-packages/xsmmsg
[0.490s] -- Up-to-date: /home/xsm/R1_ws/install/xsmmsg/local/lib/python3.10/dist-packages/xsmmsg/__init__.py
[0.490s] -- Up-to-date: /home/xsm/R1_ws/install/xsmmsg/local/lib/python3.10/dist-packages/xsmmsg/_xsmmsg_s.ep.rosidl_typesupport_fastrtps_c.c
[0.490s] -- Up-to-date: /home/xsm/R1_ws/install/xsmmsg/local/lib/python3.10/dist-packages/xsmmsg/xsmmsg_s__rosidl_typesupport_fastrtps_c.cpython-310-x86_64-linux-gnu.so
[0.491s] -- Up-to-date: /home/xsm/R1_ws/install/xsmmsg/local/lib/python3.10/dist-packages/xsmmsg/_xsmmsg_s.ep.rosidl_typesupport_c.c
[0.491s] -- Up-to-date: /home/xsm/R1_ws/install/xsmmsg/local/lib/python3.10/dist-packages/xsmmsg/xsmmsg_s__rosidl_typesupport_introspection_c.cpython-310-x86_64-linux-gnu.so
[0.491s] -- Up-to-date: /home/xsm/R1_ws/install/xsmmsg/local/lib/python3.10/dist-packages/xsmmsg/msg
[0.491s] -- Up-to-date: /home/xsm/R1_ws/install/xsmmsg/local/lib/python3.10/dist-packages/xsmmsg/msg/__init__.py
[0.491s] -- Up-to-date: /home/xsm/R1_ws/install/xsmmsg/local/lib/python3.10/dist-packages/xsmmsg/msg/_hwrev.py
[0.491s] -- Up-to-date: /home/xsm/R1_ws/install/xsmmsg/local/lib/python3.10/dist-packages/xsmmsg/msg/_hwrev_s.c
[0.491s] -- Up-to-date: /home/xsm/R1_ws/install/xsmmsg/local/lib/python3.10/dist-packages/xsmmsg/xsmmsg_s__rosidl_typesupport_c.cpython-310-x86_64-linux-gnu.so
[0.491s] -- Up-to-date: /home/xsm/R1_ws/install/xsmmsg/local/lib/python3.10/dist-packages/xsmmsg/libxsmmsg__rosidl_generator_py.so
[0.491s] -- Up-to-date: /home/xsm/R1_ws/install/xsmmsg/local/lib/python3.10/dist-packages/xsmmsg/_xsmmsg_s.ep.rosidl_typesupport_introspection_c.c
[0.515s] Listing '/home/xsm/R1_ws/install/xsmmsg/local/lib/python3.10/dist-packages/xsmmsg'...
[0.515s] Listing '/home/xsm/R1_ws/install/xsmmsg/local/lib/python3.10/dist-packages/xsmmsg/msg'...
[0.518s] -- Up-to-date: /home/xsm/R1_ws/install/xsmmsg/local/lib/python3.10/dist-packages/xsmmsg/xsmmsg_s__rosidl_typesupport_fastrtps_c.cpython-310-x86_64-linux-gnu.so
[0.519s] -- Up-to-date: /home/xsm/R1_ws/install/xsmmsg/local/lib/python3.10/dist-packages/xsmmsg/xsmmsg_s__rosidl_typesupport_introspection_c.cpython-310-x86_64-linux-gnu.so
[0.519s] -- Up-to-date: /home/xsm/R1_ws/install/xsmmsg/local/lib/python3.10/dist-packages/xsmmsg/xsmmsg_s__rosidl_typesupport_c.cpython-310-x86_64-linux-gnu.so
[0.519s] -- Up-to-date: /home/xsm/R1_ws/install/xsmmsg/lib/libxsmmsg__rosidl_generator_py.so
[0.519s] -- Up-to-date: /home/xsm/R1_ws/install/xsmmsg/share/xsmmsg/msg/Hwrev.idl
[0.519s] -- Up-to-date: /home/xsm/R1_ws/install/xsmmsg/share/xsmmsg/msg/Hwrev.msg
[0.520s] -- Up-to-date: /home/xsm/R1_ws/install/xsmmsg/share/ament_index/resource_index/package_run_dependencies/xsmmsg
[0.520s] -- Up-to-date: /home/xsm/R1_ws/install/xsmmsg/share/ament_index/resource_index/parent_prefix_path/xsmmsg
[0.520s] -- Up-to-date: /home/xsm/R1_ws/install/xsmmsg/share/xsmmsg/environment/ament_prefix_path.sh
[0.520s] -- Up-to-date: /home/xsm/R1_ws/install/xsmmsg/share/xsmmsg/environment/ament_prefix_path.dsv
[0.520s] -- Up-to-date: /home/xsm/R1_ws/install/xsmmsg/share/xsmmsg/environment/path.sh
[0.520s] -- Up-to-date: /home/xsm/R1_ws/install/xsmmsg/share/xsmmsg/environment/path.dsv
[0.520s] -- Up-to-date: /home/xsm/R1_ws/install/xsmmsg/share/xsmmsg/local_setup.bash
[0.520s] -- Up-to-date: /home/xsm/R1_ws/install/xsmmsg/share/xsmmsg/local_setup.sh
[0.520s] -- Up-to-date: /home/xsm/R1_ws/install/xsmmsg/share/xsmmsg/local_setup.zsh
[0.520s] -- Up-to-date: /home/xsm/R1_ws/install/xsmmsg/share/xsmmsg/local_setup.dsv
[0.520s] -- Installing: /home/xsm/R1_ws/install/xsmmsg/share/xsmmsg/package.dsv
[0.520s] -- Up-to-date: /home/xsm/R1_ws/install/xsmmsg/share/ament_index/resource_index/packages/xsmmsg
[0.520s] -- Up-to-date: /home/xsm/R1_ws/install/xsmmsg/share/xsmmsg/cmake/export_xsmmsg__rosidl_generator_cExport.cmake
[0.520s] -- Up-to-date: /home/xsm/R1_ws/install/xsmmsg/share/xsmmsg/cmake/export_xsmmsg__rosidl_generator_cExport-noconfig.cmake
[0.520s] -- Up-to-date: /home/xsm/R1_ws/install/xsmmsg/share/xsmmsg/cmake/export_xsmmsg__rosidl_typesupport_fastrtps_cExport.cmake
[0.521s] -- Up-to-date: /home/xsm/R1_ws/install/xsmmsg/share/xsmmsg/cmake/export_xsmmsg__rosidl_typesupport_fastrtps_cExport-noconfig.cmake
[0.521s] -- Up-to-date: /home/xsm/R1_ws/install/xsmmsg/share/xsmmsg/cmake/xsmmsg__rosidl_typesupport_introspection_cExport.cmake
[0.521s] -- Up-to-date: /home/xsm/R1_ws/install/xsmmsg/share/xsmmsg/cmake/xsmmsg__rosidl_typesupport_introspection_cExport-noconfig.cmake
[0.521s] -- Up-to-date: /home/xsm/R1_ws/install/xsmmsg/share/xsmmsg/cmake/xsmmsg__rosidl_typesupport_cExport.cmake
[0.521s] -- Up-to-date: /home/xsm/R1_ws/install/xsmmsg/share/xsmmsg/cmake/xsmmsg__rosidl_typesupport_cExport-noconfig.cmake
[0.521s] -- Up-to-date: /home/xsm/R1_ws/install/xsmmsg/share/xsmmsg/cmake/export_xsmmsg__rosidl_generator_cppExport.cmake
[0.521s] -- Up-to-date: /home/xsm/R1_ws/install/xsmmsg/share/xsmmsg/cmake/export_xsmmsg__rosidl_typesupport_fastrtps_cppExport.cmake
[0.521s] -- Up-to-date: /home/xsm/R1_ws/install/xsmmsg/share/xsmmsg/cmake/export_xsmmsg__rosidl_typesupport_fastrtps_cppExport-noconfig.cmake
[0.521s] -- Up-to-date: /home/xsm/R1_ws/install/xsmmsg/share/xsmmsg/cmake/xsmmsg__rosidl_typesupport_introspection_cppExport.cmake
[0.521s] -- Up-to-date: /home/xsm/R1_ws/install/xsmmsg/share/xsmmsg/cmake/xsmmsg__rosidl_typesupport_introspection_cppExport-noconfig.cmake
[0.521s] -- Up-to-date: /home/xsm/R1_ws/install/xsmmsg/share/xsmmsg/cmake/xsmmsg__rosidl_typesupport_cppExport.cmake
[0.521s] -- Up-to-date: /home/xsm/R1_ws/install/xsmmsg/share/xsmmsg/cmake/xsmmsg__rosidl_typesupport_cppExport-noconfig.cmake
[0.521s] -- Up-to-date: /home/xsm/R1_ws/install/xsmmsg/share/xsmmsg/cmake/export_xsmmsg__rosidl_generator_pyExport.cmake
[0.521s] -- Up-to-date: /home/xsm/R1_ws/install/xsmmsg/share/xsmmsg/cmake/export_xsmmsg__rosidl_generator_pyExport-noconfig.cmake
[0.521s] -- Up-to-date: /home/xsm/R1_ws/install/xsmmsg/share/xsmmsg/cmake/rosidl_cmake-extras.cmake
[0.521s] -- Up-to-date: /home/xsm/R1_ws/install/xsmmsg/share/xsmmsg/cmake/ament_cmake_export_include_directories-extras.cmake
[0.521s] -- Up-to-date: /home/xsm/R1_ws/install/xsmmsg/share/xsmmsg/cmake/ament_cmake_export_libraries-extras.cmake
[0.521s] -- Up-to-date: /home/xsm/R1_ws/install/xsmmsg/share/xsmmsg/cmake/ament_cmake_export_targets-extras.cmake
[0.521s] -- Up-to-date: /home/xsm/R1_ws/install/xsmmsg/share/xsmmsg/cmake/rosidl_cmake_export_typesupport_targets-extras.cmake
[0.521s] -- Up-to-date: /home/xsm/R1_ws/install/xsmmsg/share/xsmmsg/cmake/ament_cmake_export_dependencies-extras.cmake
[0.521s] -- Up-to-date: /home/xsm/R1_ws/install/xsmmsg/share/xsmmsg/cmake/rosidl_cmake_export_typesupport_libraries-extras.cmake
[0.521s] -- Up-to-date: /home/xsm/R1_ws/install/xsmmsg/share/xsmmsg/cmake/xsmmsgConfig.cmake
[0.522s] -- Up-to-date: /home/xsm/R1_ws/install/xsmmsg/share/xsmmsg/cmake/xsmmsgConfig-version.cmake
[0.522s] -- Up-to-date: /home/xsm/R1_ws/install/xsmmsg/share/xsmmsg/package.xml
[0.524s] Invoked command in '/home/xsm/R1_ws/build/xsmmsg' returned '0': CMAKE_PREFIX_PATH=${CMAKE_PREFIX_PATH}:/home/xsm/R1_ws/install/gui_pkg:/opt/ros/humble /usr/bin/cmake --install /home/xsm/R1_ws/build/xsmmsg
