[0.015s] Invoking command in '/home/xsm/R1_ws/build/armForwardkinematics': CMAKE_PREFIX_PATH=/home/xsm/R1_ws/install/mit_msgs:/home/xsm/R1_ws/install/optimal_control_problem:/home/xsm/R1_ws/install/arm_dynamics_hw:/home/xsm/R1_ws/install/armForwardkinematics:/home/xsm/R1_ws/install/lock_utils:/home/xsm/R1_ws/install/gui_pkg:/opt/ros/humble LD_LIBRARY_PATH=/home/xsm/R1_ws/install/mit_msgs/lib:/home/xsm/R1_ws/install/optimal_control_problem/lib:/home/xsm/R1_ws/install/lock_utils/lib:/usr/lib/x86_64-linux-gnu/gazebo-11/plugins:/opt/ros/humble/opt/rviz_ogre_vendor/lib:/opt/ros/humble/lib/x86_64-linux-gnu:/opt/ros/humble/lib:/usr/share/gazebo/../../lib/x86_64-linux-gnu/gazebo-11/plugins:/usr/lib/nvidia /usr/bin/cmake --build /home/xsm/R1_ws/build/armForwardkinematics -- -j16 -l16
[0.079s] [35m[1mConsolidate compiler generated dependencies of target pino_armkine_node[0m
[0.133s] [100%] Built target pino_armkine_node
[0.148s] Invoked command in '/home/xsm/R1_ws/build/armForwardkinematics' returned '0': CMAKE_PREFIX_PATH=/home/xsm/R1_ws/install/mit_msgs:/home/xsm/R1_ws/install/optimal_control_problem:/home/xsm/R1_ws/install/arm_dynamics_hw:/home/xsm/R1_ws/install/armForwardkinematics:/home/xsm/R1_ws/install/lock_utils:/home/xsm/R1_ws/install/gui_pkg:/opt/ros/humble LD_LIBRARY_PATH=/home/xsm/R1_ws/install/mit_msgs/lib:/home/xsm/R1_ws/install/optimal_control_problem/lib:/home/xsm/R1_ws/install/lock_utils/lib:/usr/lib/x86_64-linux-gnu/gazebo-11/plugins:/opt/ros/humble/opt/rviz_ogre_vendor/lib:/opt/ros/humble/lib/x86_64-linux-gnu:/opt/ros/humble/lib:/usr/share/gazebo/../../lib/x86_64-linux-gnu/gazebo-11/plugins:/usr/lib/nvidia /usr/bin/cmake --build /home/xsm/R1_ws/build/armForwardkinematics -- -j16 -l16
[0.230s] Invoking command in '/home/xsm/R1_ws/build/armForwardkinematics': CMAKE_PREFIX_PATH=/home/xsm/R1_ws/install/mit_msgs:/home/xsm/R1_ws/install/optimal_control_problem:/home/xsm/R1_ws/install/arm_dynamics_hw:/home/xsm/R1_ws/install/armForwardkinematics:/home/xsm/R1_ws/install/lock_utils:/home/xsm/R1_ws/install/gui_pkg:/opt/ros/humble LD_LIBRARY_PATH=/home/xsm/R1_ws/install/mit_msgs/lib:/home/xsm/R1_ws/install/optimal_control_problem/lib:/home/xsm/R1_ws/install/lock_utils/lib:/usr/lib/x86_64-linux-gnu/gazebo-11/plugins:/opt/ros/humble/opt/rviz_ogre_vendor/lib:/opt/ros/humble/lib/x86_64-linux-gnu:/opt/ros/humble/lib:/usr/share/gazebo/../../lib/x86_64-linux-gnu/gazebo-11/plugins:/usr/lib/nvidia /usr/bin/cmake --install /home/xsm/R1_ws/build/armForwardkinematics
[0.238s] -- Install configuration: ""
[0.239s] -- Execute custom install script
[0.239s] -- Up-to-date symlink: /home/xsm/R1_ws/install/armForwardkinematics/lib/armForwardkinematics/pino_armkine_node
[0.239s] -- Up-to-date symlink: /home/xsm/R1_ws/install/armForwardkinematics/share/armForwardkinematics/launch/armInv.py
[0.239s] -- Up-to-date symlink: /home/xsm/R1_ws/install/armForwardkinematics/share/armForwardkinematics//config/config.yaml
[0.240s] -- Up-to-date symlink: /home/xsm/R1_ws/install/armForwardkinematics/share/ament_index/resource_index/package_run_dependencies/armForwardkinematics
[0.240s] -- Up-to-date symlink: /home/xsm/R1_ws/install/armForwardkinematics/share/ament_index/resource_index/parent_prefix_path/armForwardkinematics
[0.240s] -- Up-to-date symlink: /home/xsm/R1_ws/install/armForwardkinematics/share/armForwardkinematics/environment/ament_prefix_path.sh
[0.240s] -- Up-to-date symlink: /home/xsm/R1_ws/install/armForwardkinematics/share/armForwardkinematics/environment/ament_prefix_path.dsv
[0.240s] -- Up-to-date symlink: /home/xsm/R1_ws/install/armForwardkinematics/share/armForwardkinematics/environment/path.sh
[0.240s] -- Up-to-date symlink: /home/xsm/R1_ws/install/armForwardkinematics/share/armForwardkinematics/environment/path.dsv
[0.240s] -- Up-to-date symlink: /home/xsm/R1_ws/install/armForwardkinematics/share/armForwardkinematics/local_setup.bash
[0.240s] -- Up-to-date symlink: /home/xsm/R1_ws/install/armForwardkinematics/share/armForwardkinematics/local_setup.sh
[0.240s] -- Up-to-date symlink: /home/xsm/R1_ws/install/armForwardkinematics/share/armForwardkinematics/local_setup.zsh
[0.241s] -- Up-to-date symlink: /home/xsm/R1_ws/install/armForwardkinematics/share/armForwardkinematics/local_setup.dsv
[0.241s] -- Symlinking: /home/xsm/R1_ws/install/armForwardkinematics/share/armForwardkinematics/package.dsv
[0.252s] -- Up-to-date symlink: /home/xsm/R1_ws/install/armForwardkinematics/share/ament_index/resource_index/packages/armForwardkinematics
[0.252s] -- Up-to-date symlink: /home/xsm/R1_ws/install/armForwardkinematics/share/armForwardkinematics/cmake/armForwardkinematicsConfig.cmake
[0.252s] -- Up-to-date symlink: /home/xsm/R1_ws/install/armForwardkinematics/share/armForwardkinematics/cmake/armForwardkinematicsConfig-version.cmake
[0.252s] -- Up-to-date symlink: /home/xsm/R1_ws/install/armForwardkinematics/share/armForwardkinematics/package.xml
[0.254s] Invoked command in '/home/xsm/R1_ws/build/armForwardkinematics' returned '0': CMAKE_PREFIX_PATH=/home/xsm/R1_ws/install/mit_msgs:/home/xsm/R1_ws/install/optimal_control_problem:/home/xsm/R1_ws/install/arm_dynamics_hw:/home/xsm/R1_ws/install/armForwardkinematics:/home/xsm/R1_ws/install/lock_utils:/home/xsm/R1_ws/install/gui_pkg:/opt/ros/humble LD_LIBRARY_PATH=/home/xsm/R1_ws/install/mit_msgs/lib:/home/xsm/R1_ws/install/optimal_control_problem/lib:/home/xsm/R1_ws/install/lock_utils/lib:/usr/lib/x86_64-linux-gnu/gazebo-11/plugins:/opt/ros/humble/opt/rviz_ogre_vendor/lib:/opt/ros/humble/lib/x86_64-linux-gnu:/opt/ros/humble/lib:/usr/share/gazebo/../../lib/x86_64-linux-gnu/gazebo-11/plugins:/usr/lib/nvidia /usr/bin/cmake --install /home/xsm/R1_ws/build/armForwardkinematics
