[0.019s] Invoking command in '/home/xsm/R1_ws/build/mit_msgs': CMAKE_PREFIX_PATH=${CMAKE_PREFIX_PATH}:/home/xsm/R1_ws/install/gui_pkg:/opt/ros/humble /usr/bin/cmake /home/xsm/R1_ws/src/public/mit_msgs -DAMENT_CMAKE_SYMLINK_INSTALL=1 -DCMAKE_INSTALL_PREFIX=/home/xsm/R1_ws/install/mit_msgs
[0.036s] -- Found ament_cmake: 1.3.10 (/opt/ros/humble/share/ament_cmake/cmake)
[0.151s] -- Override CMake install command with custom implementation using symlinks instead of copying resources
[0.161s] -- Found geometry_msgs: 4.2.4 (/opt/ros/humble/share/geometry_msgs/cmake)
[0.187s] -- Found rosidl_generator_c: 3.1.5 (/opt/ros/humble/share/rosidl_generator_c/cmake)
[0.189s] -- Found rosidl_adapter: 3.1.5 (/opt/ros/humble/share/rosidl_adapter/cmake)
[0.195s] -- Found rosidl_generator_cpp: 3.1.5 (/opt/ros/humble/share/rosidl_generator_cpp/cmake)
[0.204s] -- Using all available rosidl_typesupport_c: rosidl_typesupport_fastrtps_c;rosidl_typesupport_introspection_c
[0.216s] -- Using all available rosidl_typesupport_cpp: rosidl_typesupport_fastrtps_cpp;rosidl_typesupport_introspection_cpp
[0.246s] -- Found sensor_msgs: 4.2.4 (/opt/ros/humble/share/sensor_msgs/cmake)
[0.260s] -- Found rosidl_default_generators: 1.2.0 (/opt/ros/humble/share/rosidl_default_generators/cmake)
[0.577s] -- Found ament_cmake_ros: 0.10.0 (/opt/ros/humble/share/ament_cmake_ros/cmake)
[1.030s] -- Using all available rosidl_typesupport_c: rosidl_typesupport_fastrtps_c;rosidl_typesupport_introspection_c
[1.205s] -- Using all available rosidl_typesupport_cpp: rosidl_typesupport_fastrtps_cpp;rosidl_typesupport_introspection_cpp
[1.234s] -- Found python_cmake_module: 0.10.0 (/opt/ros/humble/share/python_cmake_module/cmake)
[1.266s] -- Using PYTHON_EXECUTABLE: /usr/bin/python3
[1.266s] -- Using PYTHON_INCLUDE_DIRS: /usr/include/python3.10
[1.266s] -- Using PYTHON_LIBRARIES: /usr/lib/x86_64-linux-gnu/libpython3.10.so
[1.330s] -- Configuring done
[1.368s] -- Generating done
[1.371s] -- Build files have been written to: /home/xsm/R1_ws/build/mit_msgs
[1.380s] Invoked command in '/home/xsm/R1_ws/build/mit_msgs' returned '0': CMAKE_PREFIX_PATH=${CMAKE_PREFIX_PATH}:/home/xsm/R1_ws/install/gui_pkg:/opt/ros/humble /usr/bin/cmake /home/xsm/R1_ws/src/public/mit_msgs -DAMENT_CMAKE_SYMLINK_INSTALL=1 -DCMAKE_INSTALL_PREFIX=/home/xsm/R1_ws/install/mit_msgs
[1.381s] Invoking command in '/home/xsm/R1_ws/build/mit_msgs': CMAKE_PREFIX_PATH=${CMAKE_PREFIX_PATH}:/home/xsm/R1_ws/install/gui_pkg:/opt/ros/humble /usr/bin/cmake --build /home/xsm/R1_ws/build/mit_msgs -- -j16 -l16
[1.437s] [35m[1mConsolidate compiler generated dependencies of target mit_msgs__rosidl_generator_c[0m
[1.451s] [  2%] Built target mit_msgs__cpp
[1.456s] [ 12%] Built target mit_msgs__rosidl_generator_c
[1.463s] [ 12%] Built target ament_cmake_python_symlink_mit_msgs
[1.469s] [35m[1mConsolidate compiler generated dependencies of target mit_msgs__rosidl_typesupport_cpp[0m
[1.469s] [35m[1mConsolidate compiler generated dependencies of target mit_msgs__rosidl_typesupport_introspection_cpp[0m
[1.469s] [35m[1mConsolidate compiler generated dependencies of target mit_msgs__rosidl_typesupport_fastrtps_cpp[0m
[1.473s] [35m[1mConsolidate compiler generated dependencies of target mit_msgs__rosidl_typesupport_c[0m
[1.473s] [35m[1mConsolidate compiler generated dependencies of target mit_msgs__rosidl_typesupport_introspection_c[0m
[1.473s] [35m[1mConsolidate compiler generated dependencies of target mit_msgs__rosidl_typesupport_fastrtps_c[0m
[1.492s] [ 53%] Built target mit_msgs__rosidl_typesupport_cpp
[1.493s] [ 53%] Built target mit_msgs__rosidl_typesupport_fastrtps_cpp
[1.493s] [ 53%] Built target mit_msgs__rosidl_typesupport_c
[1.493s] [ 55%] Built target mit_msgs__rosidl_typesupport_introspection_cpp
[1.494s] [ 65%] Built target mit_msgs__rosidl_typesupport_introspection_c
[1.498s] [ 76%] Built target mit_msgs__rosidl_typesupport_fastrtps_c
[1.534s] [ 76%] Built target mit_msgs
[1.570s] [ 78%] Built target mit_msgs__py
[1.586s] [35m[1mConsolidate compiler generated dependencies of target mit_msgs__rosidl_generator_py[0m
[1.608s] [ 87%] Built target mit_msgs__rosidl_generator_py
[1.623s] [35m[1mConsolidate compiler generated dependencies of target mit_msgs__rosidl_typesupport_introspection_c__pyext[0m
[1.623s] [35m[1mConsolidate compiler generated dependencies of target mit_msgs__rosidl_typesupport_fastrtps_c__pyext[0m
[1.623s] [35m[1mConsolidate compiler generated dependencies of target mit_msgs__rosidl_typesupport_c__pyext[0m
[1.642s] [100%] Built target mit_msgs__rosidl_typesupport_introspection_c__pyext
[1.642s] [100%] Built target mit_msgs__rosidl_typesupport_fastrtps_c__pyext
[1.642s] [100%] Built target mit_msgs__rosidl_typesupport_c__pyext
[1.682s] running egg_info
[1.682s] writing mit_msgs.egg-info/PKG-INFO
[1.682s] writing dependency_links to mit_msgs.egg-info/dependency_links.txt
[1.682s] writing top-level names to mit_msgs.egg-info/top_level.txt
[1.684s] reading manifest file 'mit_msgs.egg-info/SOURCES.txt'
[1.684s] writing manifest file 'mit_msgs.egg-info/SOURCES.txt'
[1.711s] [100%] Built target ament_cmake_python_build_mit_msgs_egg
[1.726s] Invoked command in '/home/xsm/R1_ws/build/mit_msgs' returned '0': CMAKE_PREFIX_PATH=${CMAKE_PREFIX_PATH}:/home/xsm/R1_ws/install/gui_pkg:/opt/ros/humble /usr/bin/cmake --build /home/xsm/R1_ws/build/mit_msgs -- -j16 -l16
[1.977s] Invoking command in '/home/xsm/R1_ws/build/mit_msgs': CMAKE_PREFIX_PATH=${CMAKE_PREFIX_PATH}:/home/xsm/R1_ws/install/gui_pkg:/opt/ros/humble /usr/bin/cmake --install /home/xsm/R1_ws/build/mit_msgs
[1.986s] -- Install configuration: ""
[1.986s] -- Execute custom install script
[1.986s] -- Up-to-date symlink: /home/xsm/R1_ws/install/mit_msgs/share/ament_index/resource_index/rosidl_interfaces/mit_msgs
[1.987s] -- Up-to-date symlink: /home/xsm/R1_ws/install/mit_msgs/include/mit_msgs/mit_msgs/msg/detail/mit_joint_command__functions.h
[1.987s] -- Up-to-date symlink: /home/xsm/R1_ws/install/mit_msgs/include/mit_msgs/mit_msgs/msg/detail/mit_joint_command__struct.h
[1.987s] -- Up-to-date symlink: /home/xsm/R1_ws/install/mit_msgs/include/mit_msgs/mit_msgs/msg/detail/mit_joint_command__type_support.h
[1.987s] -- Up-to-date symlink: /home/xsm/R1_ws/install/mit_msgs/include/mit_msgs/mit_msgs/msg/detail/mit_joint_commands__functions.h
[1.987s] -- Up-to-date symlink: /home/xsm/R1_ws/install/mit_msgs/include/mit_msgs/mit_msgs/msg/detail/mit_joint_commands__struct.h
[1.987s] -- Up-to-date symlink: /home/xsm/R1_ws/install/mit_msgs/include/mit_msgs/mit_msgs/msg/detail/mit_joint_commands__type_support.h
[1.987s] -- Up-to-date symlink: /home/xsm/R1_ws/install/mit_msgs/include/mit_msgs/mit_msgs/msg/detail/mit_low_state__functions.h
[1.987s] -- Up-to-date symlink: /home/xsm/R1_ws/install/mit_msgs/include/mit_msgs/mit_msgs/msg/detail/mit_low_state__struct.h
[1.988s] -- Up-to-date symlink: /home/xsm/R1_ws/install/mit_msgs/include/mit_msgs/mit_msgs/msg/detail/mit_low_state__type_support.h
[1.988s] -- Up-to-date symlink: /home/xsm/R1_ws/install/mit_msgs/include/mit_msgs/mit_msgs/msg/mit_joint_command.h
[1.988s] -- Up-to-date symlink: /home/xsm/R1_ws/install/mit_msgs/include/mit_msgs/mit_msgs/msg/mit_joint_commands.h
[1.988s] -- Up-to-date symlink: /home/xsm/R1_ws/install/mit_msgs/include/mit_msgs/mit_msgs/msg/mit_low_state.h
[1.988s] -- Up-to-date symlink: /home/xsm/R1_ws/install/mit_msgs/include/mit_msgs/mit_msgs/msg/rosidl_generator_c__visibility_control.h
[1.988s] -- Up-to-date symlink: /home/xsm/R1_ws/install/mit_msgs/share/mit_msgs/environment/library_path.sh
[1.988s] -- Up-to-date symlink: /home/xsm/R1_ws/install/mit_msgs/share/mit_msgs/environment/library_path.dsv
[1.988s] -- Up-to-date symlink: /home/xsm/R1_ws/install/mit_msgs/include/mit_msgs/mit_msgs/msg/detail/mit_joint_command__rosidl_typesupport_fastrtps_c.h
[1.989s] -- Up-to-date symlink: /home/xsm/R1_ws/install/mit_msgs/include/mit_msgs/mit_msgs/msg/detail/mit_joint_commands__rosidl_typesupport_fastrtps_c.h
[1.989s] -- Up-to-date symlink: /home/xsm/R1_ws/install/mit_msgs/include/mit_msgs/mit_msgs/msg/detail/mit_low_state__rosidl_typesupport_fastrtps_c.h
[1.989s] -- Up-to-date symlink: /home/xsm/R1_ws/install/mit_msgs/include/mit_msgs/mit_msgs/msg/rosidl_typesupport_fastrtps_c__visibility_control.h
[1.989s] -- Up-to-date symlink: /home/xsm/R1_ws/install/mit_msgs/include/mit_msgs/mit_msgs/msg/detail/mit_joint_command__builder.hpp
[1.989s] -- Up-to-date symlink: /home/xsm/R1_ws/install/mit_msgs/include/mit_msgs/mit_msgs/msg/detail/mit_joint_command__struct.hpp
[1.989s] -- Up-to-date symlink: /home/xsm/R1_ws/install/mit_msgs/include/mit_msgs/mit_msgs/msg/detail/mit_joint_command__traits.hpp
[1.989s] -- Up-to-date symlink: /home/xsm/R1_ws/install/mit_msgs/include/mit_msgs/mit_msgs/msg/detail/mit_joint_commands__builder.hpp
[1.989s] -- Up-to-date symlink: /home/xsm/R1_ws/install/mit_msgs/include/mit_msgs/mit_msgs/msg/detail/mit_joint_commands__struct.hpp
[1.989s] -- Up-to-date symlink: /home/xsm/R1_ws/install/mit_msgs/include/mit_msgs/mit_msgs/msg/detail/mit_joint_commands__traits.hpp
[1.989s] -- Up-to-date symlink: /home/xsm/R1_ws/install/mit_msgs/include/mit_msgs/mit_msgs/msg/detail/mit_low_state__builder.hpp
[1.990s] -- Up-to-date symlink: /home/xsm/R1_ws/install/mit_msgs/include/mit_msgs/mit_msgs/msg/detail/mit_low_state__struct.hpp
[1.990s] -- Up-to-date symlink: /home/xsm/R1_ws/install/mit_msgs/include/mit_msgs/mit_msgs/msg/detail/mit_low_state__traits.hpp
[1.990s] -- Up-to-date symlink: /home/xsm/R1_ws/install/mit_msgs/include/mit_msgs/mit_msgs/msg/mit_joint_command.hpp
[1.990s] -- Up-to-date symlink: /home/xsm/R1_ws/install/mit_msgs/include/mit_msgs/mit_msgs/msg/mit_joint_commands.hpp
[1.990s] -- Up-to-date symlink: /home/xsm/R1_ws/install/mit_msgs/include/mit_msgs/mit_msgs/msg/mit_low_state.hpp
[1.990s] -- Up-to-date symlink: /home/xsm/R1_ws/install/mit_msgs/include/mit_msgs/mit_msgs/msg/detail/mit_joint_command__rosidl_typesupport_fastrtps_cpp.hpp
[1.990s] -- Up-to-date symlink: /home/xsm/R1_ws/install/mit_msgs/include/mit_msgs/mit_msgs/msg/detail/mit_joint_commands__rosidl_typesupport_fastrtps_cpp.hpp
[1.990s] -- Up-to-date symlink: /home/xsm/R1_ws/install/mit_msgs/include/mit_msgs/mit_msgs/msg/detail/mit_low_state__rosidl_typesupport_fastrtps_cpp.hpp
[1.991s] -- Up-to-date symlink: /home/xsm/R1_ws/install/mit_msgs/include/mit_msgs/mit_msgs/msg/rosidl_typesupport_fastrtps_cpp__visibility_control.h
[1.991s] -- Up-to-date symlink: /home/xsm/R1_ws/install/mit_msgs/include/mit_msgs/mit_msgs/msg/detail/mit_joint_command__rosidl_typesupport_introspection_c.h
[1.991s] -- Up-to-date symlink: /home/xsm/R1_ws/install/mit_msgs/include/mit_msgs/mit_msgs/msg/detail/mit_joint_commands__rosidl_typesupport_introspection_c.h
[1.991s] -- Up-to-date symlink: /home/xsm/R1_ws/install/mit_msgs/include/mit_msgs/mit_msgs/msg/detail/mit_low_state__rosidl_typesupport_introspection_c.h
[1.991s] -- Up-to-date symlink: /home/xsm/R1_ws/install/mit_msgs/include/mit_msgs/mit_msgs/msg/rosidl_typesupport_introspection_c__visibility_control.h
[1.991s] -- Up-to-date symlink: /home/xsm/R1_ws/install/mit_msgs/include/mit_msgs/mit_msgs/msg/detail/mit_joint_command__rosidl_typesupport_introspection_cpp.hpp
[1.991s] -- Up-to-date symlink: /home/xsm/R1_ws/install/mit_msgs/include/mit_msgs/mit_msgs/msg/detail/mit_joint_commands__rosidl_typesupport_introspection_cpp.hpp
[1.991s] -- Up-to-date symlink: /home/xsm/R1_ws/install/mit_msgs/include/mit_msgs/mit_msgs/msg/detail/mit_low_state__rosidl_typesupport_introspection_cpp.hpp
[1.992s] -- Up-to-date symlink: /home/xsm/R1_ws/install/mit_msgs/share/mit_msgs/environment/pythonpath.sh
[1.992s] -- Up-to-date symlink: /home/xsm/R1_ws/install/mit_msgs/share/mit_msgs/environment/pythonpath.dsv
[1.992s] -- Up-to-date symlink: /home/xsm/R1_ws/install/mit_msgs/local/lib/python3.10/dist-packages/mit_msgs-0.0.0-py3.10.egg-info/PKG-INFO
[1.992s] -- Up-to-date symlink: /home/xsm/R1_ws/install/mit_msgs/local/lib/python3.10/dist-packages/mit_msgs-0.0.0-py3.10.egg-info/SOURCES.txt
[1.992s] -- Up-to-date symlink: /home/xsm/R1_ws/install/mit_msgs/local/lib/python3.10/dist-packages/mit_msgs-0.0.0-py3.10.egg-info/dependency_links.txt
[1.992s] -- Up-to-date symlink: /home/xsm/R1_ws/install/mit_msgs/local/lib/python3.10/dist-packages/mit_msgs-0.0.0-py3.10.egg-info/top_level.txt
[1.993s] -- Up-to-date symlink: /home/xsm/R1_ws/install/mit_msgs/local/lib/python3.10/dist-packages/mit_msgs/__init__.py
[1.993s] -- Up-to-date symlink: /home/xsm/R1_ws/install/mit_msgs/local/lib/python3.10/dist-packages/mit_msgs/_mit_msgs_s.ep.rosidl_typesupport_c.c
[1.993s] -- Up-to-date symlink: /home/xsm/R1_ws/install/mit_msgs/local/lib/python3.10/dist-packages/mit_msgs/_mit_msgs_s.ep.rosidl_typesupport_fastrtps_c.c
[1.993s] -- Up-to-date symlink: /home/xsm/R1_ws/install/mit_msgs/local/lib/python3.10/dist-packages/mit_msgs/_mit_msgs_s.ep.rosidl_typesupport_introspection_c.c
[1.993s] -- Up-to-date symlink: /home/xsm/R1_ws/install/mit_msgs/local/lib/python3.10/dist-packages/mit_msgs/libmit_msgs__rosidl_generator_py.so
[1.993s] -- Up-to-date symlink: /home/xsm/R1_ws/install/mit_msgs/local/lib/python3.10/dist-packages/mit_msgs/mit_msgs_s__rosidl_typesupport_c.cpython-310-x86_64-linux-gnu.so
[1.993s] -- Up-to-date symlink: /home/xsm/R1_ws/install/mit_msgs/local/lib/python3.10/dist-packages/mit_msgs/mit_msgs_s__rosidl_typesupport_fastrtps_c.cpython-310-x86_64-linux-gnu.so
[1.993s] -- Up-to-date symlink: /home/xsm/R1_ws/install/mit_msgs/local/lib/python3.10/dist-packages/mit_msgs/mit_msgs_s__rosidl_typesupport_introspection_c.cpython-310-x86_64-linux-gnu.so
[1.993s] -- Up-to-date symlink: /home/xsm/R1_ws/install/mit_msgs/local/lib/python3.10/dist-packages/mit_msgs/msg/__init__.py
[1.993s] -- Up-to-date symlink: /home/xsm/R1_ws/install/mit_msgs/local/lib/python3.10/dist-packages/mit_msgs/msg/_mit_joint_command.py
[1.993s] -- Up-to-date symlink: /home/xsm/R1_ws/install/mit_msgs/local/lib/python3.10/dist-packages/mit_msgs/msg/_mit_joint_command_s.c
[1.993s] -- Up-to-date symlink: /home/xsm/R1_ws/install/mit_msgs/local/lib/python3.10/dist-packages/mit_msgs/msg/_mit_joint_commands.py
[1.994s] -- Up-to-date symlink: /home/xsm/R1_ws/install/mit_msgs/local/lib/python3.10/dist-packages/mit_msgs/msg/_mit_joint_commands_s.c
[1.994s] -- Up-to-date symlink: /home/xsm/R1_ws/install/mit_msgs/local/lib/python3.10/dist-packages/mit_msgs/msg/_mit_low_state.py
[1.994s] -- Up-to-date symlink: /home/xsm/R1_ws/install/mit_msgs/local/lib/python3.10/dist-packages/mit_msgs/msg/_mit_low_state_s.c
[1.994s] -- Up-to-date symlink: /home/xsm/R1_ws/install/mit_msgs/local/lib/python3.10/dist-packages/mit_msgs/mit_msgs_s__rosidl_typesupport_fastrtps_c.cpython-310-x86_64-linux-gnu.so
[1.994s] -- Up-to-date symlink: /home/xsm/R1_ws/install/mit_msgs/local/lib/python3.10/dist-packages/mit_msgs/mit_msgs_s__rosidl_typesupport_introspection_c.cpython-310-x86_64-linux-gnu.so
[1.994s] -- Up-to-date symlink: /home/xsm/R1_ws/install/mit_msgs/local/lib/python3.10/dist-packages/mit_msgs/mit_msgs_s__rosidl_typesupport_c.cpython-310-x86_64-linux-gnu.so
[1.994s] -- Up-to-date symlink: /home/xsm/R1_ws/install/mit_msgs/share/mit_msgs/msg/MITJointCommand.idl
[1.994s] -- Up-to-date symlink: /home/xsm/R1_ws/install/mit_msgs/share/mit_msgs/msg/MITJointCommands.idl
[1.994s] -- Up-to-date symlink: /home/xsm/R1_ws/install/mit_msgs/share/mit_msgs/msg/MITLowState.idl
[1.995s] -- Up-to-date symlink: /home/xsm/R1_ws/install/mit_msgs/share/mit_msgs/msg/MITJointCommand.msg
[1.995s] -- Up-to-date symlink: /home/xsm/R1_ws/install/mit_msgs/share/mit_msgs/msg/MITJointCommands.msg
[1.995s] -- Up-to-date symlink: /home/xsm/R1_ws/install/mit_msgs/share/mit_msgs/msg/MITLowState.msg
[1.995s] -- Up-to-date symlink: /home/xsm/R1_ws/install/mit_msgs/share/ament_index/resource_index/package_run_dependencies/mit_msgs
[1.995s] -- Up-to-date symlink: /home/xsm/R1_ws/install/mit_msgs/share/ament_index/resource_index/parent_prefix_path/mit_msgs
[1.995s] -- Up-to-date symlink: /home/xsm/R1_ws/install/mit_msgs/share/mit_msgs/environment/ament_prefix_path.sh
[1.995s] -- Up-to-date symlink: /home/xsm/R1_ws/install/mit_msgs/share/mit_msgs/environment/ament_prefix_path.dsv
[1.995s] -- Up-to-date symlink: /home/xsm/R1_ws/install/mit_msgs/share/mit_msgs/environment/path.sh
[1.995s] -- Up-to-date symlink: /home/xsm/R1_ws/install/mit_msgs/share/mit_msgs/environment/path.dsv
[1.996s] -- Up-to-date symlink: /home/xsm/R1_ws/install/mit_msgs/share/mit_msgs/local_setup.bash
[1.996s] -- Up-to-date symlink: /home/xsm/R1_ws/install/mit_msgs/share/mit_msgs/local_setup.sh
[1.996s] -- Up-to-date symlink: /home/xsm/R1_ws/install/mit_msgs/share/mit_msgs/local_setup.zsh
[1.996s] -- Up-to-date symlink: /home/xsm/R1_ws/install/mit_msgs/share/mit_msgs/local_setup.dsv
[1.996s] -- Symlinking: /home/xsm/R1_ws/install/mit_msgs/share/mit_msgs/package.dsv
[2.006s] -- Up-to-date symlink: /home/xsm/R1_ws/install/mit_msgs/share/ament_index/resource_index/packages/mit_msgs
[2.007s] -- Up-to-date symlink: /home/xsm/R1_ws/install/mit_msgs/share/mit_msgs/cmake/rosidl_cmake-extras.cmake
[2.007s] -- Up-to-date symlink: /home/xsm/R1_ws/install/mit_msgs/share/mit_msgs/cmake/ament_cmake_export_dependencies-extras.cmake
[2.007s] -- Up-to-date symlink: /home/xsm/R1_ws/install/mit_msgs/share/mit_msgs/cmake/ament_cmake_export_include_directories-extras.cmake
[2.007s] -- Up-to-date symlink: /home/xsm/R1_ws/install/mit_msgs/share/mit_msgs/cmake/ament_cmake_export_libraries-extras.cmake
[2.007s] -- Up-to-date symlink: /home/xsm/R1_ws/install/mit_msgs/share/mit_msgs/cmake/ament_cmake_export_targets-extras.cmake
[2.007s] -- Up-to-date symlink: /home/xsm/R1_ws/install/mit_msgs/share/mit_msgs/cmake/rosidl_cmake_export_typesupport_targets-extras.cmake
[2.008s] -- Up-to-date symlink: /home/xsm/R1_ws/install/mit_msgs/share/mit_msgs/cmake/rosidl_cmake_export_typesupport_libraries-extras.cmake
[2.008s] -- Up-to-date symlink: /home/xsm/R1_ws/install/mit_msgs/share/mit_msgs/cmake/mit_msgsConfig.cmake
[2.008s] -- Up-to-date symlink: /home/xsm/R1_ws/install/mit_msgs/share/mit_msgs/cmake/mit_msgsConfig-version.cmake
[2.008s] -- Up-to-date symlink: /home/xsm/R1_ws/install/mit_msgs/share/mit_msgs/package.xml
[2.008s] -- Up-to-date: /home/xsm/R1_ws/install/mit_msgs/lib/libmit_msgs__rosidl_generator_c.so
[2.008s] -- Up-to-date: /home/xsm/R1_ws/install/mit_msgs/lib/libmit_msgs__rosidl_typesupport_fastrtps_c.so
[2.009s] -- Up-to-date: /home/xsm/R1_ws/install/mit_msgs/lib/libmit_msgs__rosidl_typesupport_fastrtps_cpp.so
[2.009s] -- Up-to-date: /home/xsm/R1_ws/install/mit_msgs/lib/libmit_msgs__rosidl_typesupport_introspection_c.so
[2.009s] -- Up-to-date: /home/xsm/R1_ws/install/mit_msgs/lib/libmit_msgs__rosidl_typesupport_c.so
[2.009s] -- Up-to-date: /home/xsm/R1_ws/install/mit_msgs/lib/libmit_msgs__rosidl_typesupport_introspection_cpp.so
[2.010s] -- Up-to-date: /home/xsm/R1_ws/install/mit_msgs/lib/libmit_msgs__rosidl_typesupport_cpp.so
[2.037s] Listing '/home/xsm/R1_ws/install/mit_msgs/local/lib/python3.10/dist-packages/mit_msgs'...
[2.037s] Compiling '/home/xsm/R1_ws/install/mit_msgs/local/lib/python3.10/dist-packages/mit_msgs/__init__.py'...
[2.037s] Listing '/home/xsm/R1_ws/install/mit_msgs/local/lib/python3.10/dist-packages/mit_msgs/msg'...
[2.041s] -- Up-to-date: /home/xsm/R1_ws/install/mit_msgs/lib/libmit_msgs__rosidl_generator_py.so
[2.042s] -- Up-to-date: /home/xsm/R1_ws/install/mit_msgs/share/mit_msgs/cmake/export_mit_msgs__rosidl_generator_cExport.cmake
[2.042s] -- Up-to-date: /home/xsm/R1_ws/install/mit_msgs/share/mit_msgs/cmake/export_mit_msgs__rosidl_generator_cExport-noconfig.cmake
[2.042s] -- Up-to-date: /home/xsm/R1_ws/install/mit_msgs/share/mit_msgs/cmake/export_mit_msgs__rosidl_typesupport_fastrtps_cExport.cmake
[2.042s] -- Up-to-date: /home/xsm/R1_ws/install/mit_msgs/share/mit_msgs/cmake/export_mit_msgs__rosidl_typesupport_fastrtps_cExport-noconfig.cmake
[2.042s] -- Up-to-date: /home/xsm/R1_ws/install/mit_msgs/share/mit_msgs/cmake/export_mit_msgs__rosidl_generator_cppExport.cmake
[2.042s] -- Up-to-date: /home/xsm/R1_ws/install/mit_msgs/share/mit_msgs/cmake/export_mit_msgs__rosidl_typesupport_fastrtps_cppExport.cmake
[2.042s] -- Up-to-date: /home/xsm/R1_ws/install/mit_msgs/share/mit_msgs/cmake/export_mit_msgs__rosidl_typesupport_fastrtps_cppExport-noconfig.cmake
[2.042s] -- Up-to-date: /home/xsm/R1_ws/install/mit_msgs/share/mit_msgs/cmake/mit_msgs__rosidl_typesupport_introspection_cExport.cmake
[2.042s] -- Up-to-date: /home/xsm/R1_ws/install/mit_msgs/share/mit_msgs/cmake/mit_msgs__rosidl_typesupport_introspection_cExport-noconfig.cmake
[2.042s] -- Up-to-date: /home/xsm/R1_ws/install/mit_msgs/share/mit_msgs/cmake/mit_msgs__rosidl_typesupport_cExport.cmake
[2.042s] -- Up-to-date: /home/xsm/R1_ws/install/mit_msgs/share/mit_msgs/cmake/mit_msgs__rosidl_typesupport_cExport-noconfig.cmake
[2.042s] -- Up-to-date: /home/xsm/R1_ws/install/mit_msgs/share/mit_msgs/cmake/mit_msgs__rosidl_typesupport_introspection_cppExport.cmake
[2.043s] -- Up-to-date: /home/xsm/R1_ws/install/mit_msgs/share/mit_msgs/cmake/mit_msgs__rosidl_typesupport_introspection_cppExport-noconfig.cmake
[2.043s] -- Up-to-date: /home/xsm/R1_ws/install/mit_msgs/share/mit_msgs/cmake/mit_msgs__rosidl_typesupport_cppExport.cmake
[2.043s] -- Up-to-date: /home/xsm/R1_ws/install/mit_msgs/share/mit_msgs/cmake/mit_msgs__rosidl_typesupport_cppExport-noconfig.cmake
[2.043s] -- Up-to-date: /home/xsm/R1_ws/install/mit_msgs/share/mit_msgs/cmake/export_mit_msgs__rosidl_generator_pyExport.cmake
[2.043s] -- Up-to-date: /home/xsm/R1_ws/install/mit_msgs/share/mit_msgs/cmake/export_mit_msgs__rosidl_generator_pyExport-noconfig.cmake
[2.046s] Invoked command in '/home/xsm/R1_ws/build/mit_msgs' returned '0': CMAKE_PREFIX_PATH=${CMAKE_PREFIX_PATH}:/home/xsm/R1_ws/install/gui_pkg:/opt/ros/humble /usr/bin/cmake --install /home/xsm/R1_ws/build/mit_msgs
