[0.017s] Invoking command in '/home/xsm/R1_ws/build/armForwardkinematics': CMAKE_PREFIX_PATH=/home/xsm/R1_ws/install/mit_msgs:/home/xsm/R1_ws/install/optimal_control_problem:/home/xsm/R1_ws/install/arm_dynamics_hw:/home/xsm/R1_ws/install/armForwardkinematics:/home/xsm/R1_ws/install/lock_utils:/home/xsm/R1_ws/install/gui_pkg:/opt/ros/humble LD_LIBRARY_PATH=/home/xsm/R1_ws/install/mit_msgs/lib:/home/xsm/R1_ws/install/optimal_control_problem/lib:/home/xsm/R1_ws/install/lock_utils/lib:/usr/lib/x86_64-linux-gnu/gazebo-11/plugins:/opt/ros/humble/opt/rviz_ogre_vendor/lib:/opt/ros/humble/lib/x86_64-linux-gnu:/opt/ros/humble/lib:/usr/share/gazebo/../../lib/x86_64-linux-gnu/gazebo-11/plugins:/usr/lib/nvidia:/usr/share/gazebo/../../lib/x86_64-linux-gnu/gazebo-11/plugins:/usr/share/gazebo/../../lib/x86_64-linux-gnu/gazebo-11/plugins:/usr/lib/nvidia /usr/bin/cmake --build /home/xsm/R1_ws/build/armForwardkinematics -- -j16 -l16
[0.042s] -- Found ament_cmake: 1.3.10 (/opt/ros/humble/share/ament_cmake/cmake)
[0.094s] -- Found Python3: /usr/bin/python3 (found version "3.10.12") found components: Interpreter 
[0.147s] -- Found rclcpp: 16.0.10 (/opt/ros/humble/share/rclcpp/cmake)
[0.167s] -- Found rosidl_generator_c: 3.1.5 (/opt/ros/humble/share/rosidl_generator_c/cmake)
[0.168s] -- Found rosidl_adapter: 3.1.5 (/opt/ros/humble/share/rosidl_adapter/cmake)
[0.172s] -- Found rosidl_generator_cpp: 3.1.5 (/opt/ros/humble/share/rosidl_generator_cpp/cmake)
[0.179s] -- Using all available rosidl_typesupport_c: rosidl_typesupport_fastrtps_c;rosidl_typesupport_introspection_c
[0.187s] -- Using all available rosidl_typesupport_cpp: rosidl_typesupport_fastrtps_cpp;rosidl_typesupport_introspection_cpp
[0.209s] -- Found rmw_implementation_cmake: 6.1.2 (/opt/ros/humble/share/rmw_implementation_cmake/cmake)
[0.210s] -- Found rmw_fastrtps_cpp: 6.2.7 (/opt/ros/humble/share/rmw_fastrtps_cpp/cmake)
[0.299s] -- Using RMW implementation 'rmw_fastrtps_cpp' as default
[0.332s] -- pinocchio FOUND. pinocchio at /opt/ros/humble/lib/x86_64-linux-gnu/libpinocchio.so
[0.332s] -- boost_filesystem FOUND. boost_filesystem at /lib/x86_64-linux-gnu/libboost_filesystem.so
[0.333s] -- boost_serialization FOUND. boost_serialization at /lib/x86_64-linux-gnu/libboost_serialization.so
[0.333s] -- boost_system FOUND. boost_system at /lib/x86_64-linux-gnu/libboost_system.so
[0.339s] -- Found Boost: /usr/include (found version "1.74.0") found components: filesystem serialization system 
[0.339s] -- eigenpy FOUND. eigenpy at /opt/ros/humble/lib/x86_64-linux-gnu/libeigenpy.so
[0.366s] -- Checking for NumPy
[0.526s] --   NUMPY_INCLUDE_DIRS=/usr/lib/python3/dist-packages/numpy/core/include
[0.604s] --   NUMPY_VERSION=1.21.5
[0.822s] -- Found Python3: /usr/bin/python3 (found version "3.10.12") found components: Interpreter Development.Module NumPy 
[0.823s] -- PythonLibraryDirs: 
[0.823s] -- PythonLibVersionString: 3.10.12
[0.846s] -- Python site lib: lib/python3.10/dist-packages
[0.846s] -- Python include dirs: /usr/include/python3.10
[0.890s] -- Checking for NumPy
[0.971s] --   NUMPY_INCLUDE_DIRS=/usr/lib/python3/dist-packages/numpy/core/include
[1.054s] --   NUMPY_VERSION=1.21.5
[1.055s] -- NumPy include dir: /usr/lib/python3/dist-packages/numpy/core/include
[1.058s] [33mCMake Warning at /usr/share/cmake-3.22/Modules/FindBoost.cmake:2201 (message):
[1.058s]   No header defined for python310; skipping header check (note: header-only
[1.058s]   libraries have no designated component)
[1.058s] Call Stack (most recent call first):
[1.058s]   /opt/ros/humble/lib/x86_64-linux-gnu/cmake/eigenpy/boost.cmake:144 (find_package)
[1.058s]   /opt/ros/humble/lib/x86_64-linux-gnu/cmake/eigenpy/eigenpyConfig.cmake:149 (SEARCH_FOR_BOOST_PYTHON)
[1.058s]   /usr/share/cmake-3.22/Modules/CMakeFindDependencyMacro.cmake:47 (find_package)
[1.058s]   /opt/ros/humble/lib/x86_64-linux-gnu/cmake/pinocchio/pinocchioConfig.cmake:160 (find_dependency)
[1.058s]   CMakeLists.txt:11 (find_package)
[1.058s] 
[1.058s] [0m
[1.058s] -- Found Boost: /usr/include (found version "1.74.0") found components: python310 
[1.058s] -- Boost_PYTHON_LIBRARY: /usr/lib/x86_64-linux-gnu/libboost_python310.so
[1.311s] -- Default C++ standard: 201703
[1.311s] -- C++ standard sufficient: Minimal required 11, currently defined: 17
[1.311s] -- CMAKE_CXX_STANDARD was not set: automatically set to currently defined standard 17
[1.312s] -- hpp-fcl FOUND. hpp-fcl at /opt/ros/humble/lib/x86_64-linux-gnu/libhpp-fcl.so
[1.317s] -- Found Boost: /usr/include (found version "1.74.0") found components: chrono serialization filesystem 
[1.318s] -- C++ standard sufficient: Minimal required 11, currently defined: 17
[1.319s] -- C++ standard sufficient: Minimal required 11, currently defined: 17
[1.322s] [33mCMake Warning at /usr/share/cmake-3.22/Modules/FindBoost.cmake:2201 (message):
[1.322s]   No header defined for python310; skipping header check (note: header-only
[1.322s]   libraries have no designated component)
[1.322s] Call Stack (most recent call first):
[1.322s]   CMakeLists.txt:13 (find_package)
[1.322s] 
[1.322s] [0m
[1.322s] -- Found Boost: /usr/include (found version "1.74.0") found components: python310 
[1.323s] -- Found mit_msgs: 0.0.0 (/home/xsm/R1_ws/install/mit_msgs/share/mit_msgs/cmake)
[1.355s] -- Found rosidl_default_generators: 1.2.0 (/opt/ros/humble/share/rosidl_default_generators/cmake)
[1.369s] [31mCMake Error at CMakeLists.txt:17 (find_package):
[1.369s]   By not providing "Findxsm_msg.cmake" in CMAKE_MODULE_PATH this project has
[1.369s]   asked CMake to find a package configuration file provided by "xsm_msg", but
[1.369s]   CMake did not find one.
[1.369s] 
[1.369s]   Could not find a package configuration file provided by "xsm_msg" with any
[1.369s]   of the following names:
[1.369s] 
[1.369s]     xsm_msgConfig.cmake
[1.369s]     xsm_msg-config.cmake
[1.369s] 
[1.370s]   Add the installation prefix of "xsm_msg" to CMAKE_PREFIX_PATH or set
[1.370s]   "xsm_msg_DIR" to a directory containing one of the above files.  If
[1.370s]   "xsm_msg" provides a separate development package or SDK, be sure it has
[1.370s]   been installed.
[1.370s] 
[1.370s] [0m
[1.370s] -- Configuring incomplete, errors occurred!
[1.370s] See also "/home/xsm/R1_ws/build/armForwardkinematics/CMakeFiles/CMakeOutput.log".
[1.376s] gmake: *** [Makefile:402：cmake_check_build_system] 错误 1
[1.378s] Invoked command in '/home/xsm/R1_ws/build/armForwardkinematics' returned '2': CMAKE_PREFIX_PATH=/home/xsm/R1_ws/install/mit_msgs:/home/xsm/R1_ws/install/optimal_control_problem:/home/xsm/R1_ws/install/arm_dynamics_hw:/home/xsm/R1_ws/install/armForwardkinematics:/home/xsm/R1_ws/install/lock_utils:/home/xsm/R1_ws/install/gui_pkg:/opt/ros/humble LD_LIBRARY_PATH=/home/xsm/R1_ws/install/mit_msgs/lib:/home/xsm/R1_ws/install/optimal_control_problem/lib:/home/xsm/R1_ws/install/lock_utils/lib:/usr/lib/x86_64-linux-gnu/gazebo-11/plugins:/opt/ros/humble/opt/rviz_ogre_vendor/lib:/opt/ros/humble/lib/x86_64-linux-gnu:/opt/ros/humble/lib:/usr/share/gazebo/../../lib/x86_64-linux-gnu/gazebo-11/plugins:/usr/lib/nvidia:/usr/share/gazebo/../../lib/x86_64-linux-gnu/gazebo-11/plugins:/usr/share/gazebo/../../lib/x86_64-linux-gnu/gazebo-11/plugins:/usr/lib/nvidia /usr/bin/cmake --build /home/xsm/R1_ws/build/armForwardkinematics -- -j16 -l16
