[0.020s] Invoking command in '/home/xsm/R1_ws/build/mit_msgs': CMAKE_PREFIX_PATH=${CMAKE_PREFIX_PATH}:/home/xsm/R1_ws/install/gui_pkg:/opt/ros/humble /usr/bin/cmake --build /home/xsm/R1_ws/build/mit_msgs -- -j16 -l16
[0.089s] [  2%] Built target mit_msgs__cpp
[0.089s] [ 12%] Built target mit_msgs__rosidl_generator_c
[0.102s] [ 12%] Built target ament_cmake_python_symlink_mit_msgs
[0.125s] [ 34%] Built target mit_msgs__rosidl_typesupport_introspection_cpp
[0.125s] [ 34%] Built target mit_msgs__rosidl_typesupport_cpp
[0.128s] [ 44%] Built target mit_msgs__rosidl_typesupport_fastrtps_cpp
[0.137s] [ 76%] Built target mit_msgs__rosidl_typesupport_c
[0.138s] [ 76%] Built target mit_msgs__rosidl_typesupport_fastrtps_c
[0.138s] [ 76%] Built target mit_msgs__rosidl_typesupport_introspection_c
[0.171s] [ 76%] Built target mit_msgs
[0.206s] [ 78%] Built target mit_msgs__py
[0.242s] [ 87%] Built target mit_msgs__rosidl_generator_py
[0.275s] [100%] Built target mit_msgs__rosidl_typesupport_c__pyext
[0.275s] [100%] Built target mit_msgs__rosidl_typesupport_introspection_c__pyext
[0.275s] [100%] Built target mit_msgs__rosidl_typesupport_fastrtps_c__pyext
[0.309s] running egg_info
[0.310s] writing mit_msgs.egg-info/PKG-INFO
[0.310s] writing dependency_links to mit_msgs.egg-info/dependency_links.txt
[0.310s] writing top-level names to mit_msgs.egg-info/top_level.txt
[0.312s] reading manifest file 'mit_msgs.egg-info/SOURCES.txt'
[0.314s] writing manifest file 'mit_msgs.egg-info/SOURCES.txt'
[0.345s] [100%] Built target ament_cmake_python_build_mit_msgs_egg
[0.360s] Invoked command in '/home/xsm/R1_ws/build/mit_msgs' returned '0': CMAKE_PREFIX_PATH=${CMAKE_PREFIX_PATH}:/home/xsm/R1_ws/install/gui_pkg:/opt/ros/humble /usr/bin/cmake --build /home/xsm/R1_ws/build/mit_msgs -- -j16 -l16
[0.624s] Invoking command in '/home/xsm/R1_ws/build/mit_msgs': CMAKE_PREFIX_PATH=${CMAKE_PREFIX_PATH}:/home/xsm/R1_ws/install/gui_pkg:/opt/ros/humble /usr/bin/cmake --install /home/xsm/R1_ws/build/mit_msgs
[0.634s] -- Install configuration: ""
[0.634s] -- Execute custom install script
[0.634s] -- Up-to-date symlink: /home/xsm/R1_ws/install/mit_msgs/share/ament_index/resource_index/rosidl_interfaces/mit_msgs
[0.635s] -- Up-to-date symlink: /home/xsm/R1_ws/install/mit_msgs/include/mit_msgs/mit_msgs/msg/detail/mit_joint_command__functions.h
[0.635s] -- Up-to-date symlink: /home/xsm/R1_ws/install/mit_msgs/include/mit_msgs/mit_msgs/msg/detail/mit_joint_command__struct.h
[0.635s] -- Up-to-date symlink: /home/xsm/R1_ws/install/mit_msgs/include/mit_msgs/mit_msgs/msg/detail/mit_joint_command__type_support.h
[0.635s] -- Up-to-date symlink: /home/xsm/R1_ws/install/mit_msgs/include/mit_msgs/mit_msgs/msg/detail/mit_joint_commands__functions.h
[0.635s] -- Up-to-date symlink: /home/xsm/R1_ws/install/mit_msgs/include/mit_msgs/mit_msgs/msg/detail/mit_joint_commands__struct.h
[0.635s] -- Up-to-date symlink: /home/xsm/R1_ws/install/mit_msgs/include/mit_msgs/mit_msgs/msg/detail/mit_joint_commands__type_support.h
[0.635s] -- Up-to-date symlink: /home/xsm/R1_ws/install/mit_msgs/include/mit_msgs/mit_msgs/msg/detail/mit_low_state__functions.h
[0.635s] -- Up-to-date symlink: /home/xsm/R1_ws/install/mit_msgs/include/mit_msgs/mit_msgs/msg/detail/mit_low_state__struct.h
[0.636s] -- Up-to-date symlink: /home/xsm/R1_ws/install/mit_msgs/include/mit_msgs/mit_msgs/msg/detail/mit_low_state__type_support.h
[0.636s] -- Up-to-date symlink: /home/xsm/R1_ws/install/mit_msgs/include/mit_msgs/mit_msgs/msg/mit_joint_command.h
[0.636s] -- Up-to-date symlink: /home/xsm/R1_ws/install/mit_msgs/include/mit_msgs/mit_msgs/msg/mit_joint_commands.h
[0.636s] -- Up-to-date symlink: /home/xsm/R1_ws/install/mit_msgs/include/mit_msgs/mit_msgs/msg/mit_low_state.h
[0.636s] -- Up-to-date symlink: /home/xsm/R1_ws/install/mit_msgs/include/mit_msgs/mit_msgs/msg/rosidl_generator_c__visibility_control.h
[0.636s] -- Up-to-date symlink: /home/xsm/R1_ws/install/mit_msgs/share/mit_msgs/environment/library_path.sh
[0.636s] -- Up-to-date symlink: /home/xsm/R1_ws/install/mit_msgs/share/mit_msgs/environment/library_path.dsv
[0.636s] -- Up-to-date symlink: /home/xsm/R1_ws/install/mit_msgs/include/mit_msgs/mit_msgs/msg/detail/mit_joint_command__rosidl_typesupport_fastrtps_c.h
[0.636s] -- Up-to-date symlink: /home/xsm/R1_ws/install/mit_msgs/include/mit_msgs/mit_msgs/msg/detail/mit_joint_commands__rosidl_typesupport_fastrtps_c.h
[0.637s] -- Up-to-date symlink: /home/xsm/R1_ws/install/mit_msgs/include/mit_msgs/mit_msgs/msg/detail/mit_low_state__rosidl_typesupport_fastrtps_c.h
[0.637s] -- Up-to-date symlink: /home/xsm/R1_ws/install/mit_msgs/include/mit_msgs/mit_msgs/msg/rosidl_typesupport_fastrtps_c__visibility_control.h
[0.637s] -- Up-to-date symlink: /home/xsm/R1_ws/install/mit_msgs/include/mit_msgs/mit_msgs/msg/detail/mit_joint_command__builder.hpp
[0.637s] -- Up-to-date symlink: /home/xsm/R1_ws/install/mit_msgs/include/mit_msgs/mit_msgs/msg/detail/mit_joint_command__struct.hpp
[0.637s] -- Up-to-date symlink: /home/xsm/R1_ws/install/mit_msgs/include/mit_msgs/mit_msgs/msg/detail/mit_joint_command__traits.hpp
[0.637s] -- Up-to-date symlink: /home/xsm/R1_ws/install/mit_msgs/include/mit_msgs/mit_msgs/msg/detail/mit_joint_commands__builder.hpp
[0.637s] -- Up-to-date symlink: /home/xsm/R1_ws/install/mit_msgs/include/mit_msgs/mit_msgs/msg/detail/mit_joint_commands__struct.hpp
[0.637s] -- Up-to-date symlink: /home/xsm/R1_ws/install/mit_msgs/include/mit_msgs/mit_msgs/msg/detail/mit_joint_commands__traits.hpp
[0.637s] -- Up-to-date symlink: /home/xsm/R1_ws/install/mit_msgs/include/mit_msgs/mit_msgs/msg/detail/mit_low_state__builder.hpp
[0.637s] -- Up-to-date symlink: /home/xsm/R1_ws/install/mit_msgs/include/mit_msgs/mit_msgs/msg/detail/mit_low_state__struct.hpp
[0.638s] -- Up-to-date symlink: /home/xsm/R1_ws/install/mit_msgs/include/mit_msgs/mit_msgs/msg/detail/mit_low_state__traits.hpp
[0.638s] -- Up-to-date symlink: /home/xsm/R1_ws/install/mit_msgs/include/mit_msgs/mit_msgs/msg/mit_joint_command.hpp
[0.638s] -- Up-to-date symlink: /home/xsm/R1_ws/install/mit_msgs/include/mit_msgs/mit_msgs/msg/mit_joint_commands.hpp
[0.638s] -- Up-to-date symlink: /home/xsm/R1_ws/install/mit_msgs/include/mit_msgs/mit_msgs/msg/mit_low_state.hpp
[0.638s] -- Up-to-date symlink: /home/xsm/R1_ws/install/mit_msgs/include/mit_msgs/mit_msgs/msg/detail/mit_joint_command__rosidl_typesupport_fastrtps_cpp.hpp
[0.638s] -- Up-to-date symlink: /home/xsm/R1_ws/install/mit_msgs/include/mit_msgs/mit_msgs/msg/detail/mit_joint_commands__rosidl_typesupport_fastrtps_cpp.hpp
[0.638s] -- Up-to-date symlink: /home/xsm/R1_ws/install/mit_msgs/include/mit_msgs/mit_msgs/msg/detail/mit_low_state__rosidl_typesupport_fastrtps_cpp.hpp
[0.638s] -- Up-to-date symlink: /home/xsm/R1_ws/install/mit_msgs/include/mit_msgs/mit_msgs/msg/rosidl_typesupport_fastrtps_cpp__visibility_control.h
[0.639s] -- Up-to-date symlink: /home/xsm/R1_ws/install/mit_msgs/include/mit_msgs/mit_msgs/msg/detail/mit_joint_command__rosidl_typesupport_introspection_c.h
[0.639s] -- Up-to-date symlink: /home/xsm/R1_ws/install/mit_msgs/include/mit_msgs/mit_msgs/msg/detail/mit_joint_commands__rosidl_typesupport_introspection_c.h
[0.639s] -- Up-to-date symlink: /home/xsm/R1_ws/install/mit_msgs/include/mit_msgs/mit_msgs/msg/detail/mit_low_state__rosidl_typesupport_introspection_c.h
[0.639s] -- Up-to-date symlink: /home/xsm/R1_ws/install/mit_msgs/include/mit_msgs/mit_msgs/msg/rosidl_typesupport_introspection_c__visibility_control.h
[0.639s] -- Up-to-date symlink: /home/xsm/R1_ws/install/mit_msgs/include/mit_msgs/mit_msgs/msg/detail/mit_joint_command__rosidl_typesupport_introspection_cpp.hpp
[0.639s] -- Up-to-date symlink: /home/xsm/R1_ws/install/mit_msgs/include/mit_msgs/mit_msgs/msg/detail/mit_joint_commands__rosidl_typesupport_introspection_cpp.hpp
[0.639s] -- Up-to-date symlink: /home/xsm/R1_ws/install/mit_msgs/include/mit_msgs/mit_msgs/msg/detail/mit_low_state__rosidl_typesupport_introspection_cpp.hpp
[0.639s] -- Up-to-date symlink: /home/xsm/R1_ws/install/mit_msgs/share/mit_msgs/environment/pythonpath.sh
[0.640s] -- Up-to-date symlink: /home/xsm/R1_ws/install/mit_msgs/share/mit_msgs/environment/pythonpath.dsv
[0.640s] -- Up-to-date symlink: /home/xsm/R1_ws/install/mit_msgs/local/lib/python3.10/dist-packages/mit_msgs-0.0.0-py3.10.egg-info/PKG-INFO
[0.640s] -- Up-to-date symlink: /home/xsm/R1_ws/install/mit_msgs/local/lib/python3.10/dist-packages/mit_msgs-0.0.0-py3.10.egg-info/SOURCES.txt
[0.640s] -- Up-to-date symlink: /home/xsm/R1_ws/install/mit_msgs/local/lib/python3.10/dist-packages/mit_msgs-0.0.0-py3.10.egg-info/dependency_links.txt
[0.640s] -- Up-to-date symlink: /home/xsm/R1_ws/install/mit_msgs/local/lib/python3.10/dist-packages/mit_msgs-0.0.0-py3.10.egg-info/top_level.txt
[0.641s] -- Up-to-date symlink: /home/xsm/R1_ws/install/mit_msgs/local/lib/python3.10/dist-packages/mit_msgs/__init__.py
[0.641s] -- Up-to-date symlink: /home/xsm/R1_ws/install/mit_msgs/local/lib/python3.10/dist-packages/mit_msgs/_mit_msgs_s.ep.rosidl_typesupport_c.c
[0.641s] -- Up-to-date symlink: /home/xsm/R1_ws/install/mit_msgs/local/lib/python3.10/dist-packages/mit_msgs/_mit_msgs_s.ep.rosidl_typesupport_fastrtps_c.c
[0.641s] -- Up-to-date symlink: /home/xsm/R1_ws/install/mit_msgs/local/lib/python3.10/dist-packages/mit_msgs/_mit_msgs_s.ep.rosidl_typesupport_introspection_c.c
[0.641s] -- Up-to-date symlink: /home/xsm/R1_ws/install/mit_msgs/local/lib/python3.10/dist-packages/mit_msgs/libmit_msgs__rosidl_generator_py.so
[0.641s] -- Up-to-date symlink: /home/xsm/R1_ws/install/mit_msgs/local/lib/python3.10/dist-packages/mit_msgs/mit_msgs_s__rosidl_typesupport_c.cpython-310-x86_64-linux-gnu.so
[0.641s] -- Up-to-date symlink: /home/xsm/R1_ws/install/mit_msgs/local/lib/python3.10/dist-packages/mit_msgs/mit_msgs_s__rosidl_typesupport_fastrtps_c.cpython-310-x86_64-linux-gnu.so
[0.641s] -- Up-to-date symlink: /home/xsm/R1_ws/install/mit_msgs/local/lib/python3.10/dist-packages/mit_msgs/mit_msgs_s__rosidl_typesupport_introspection_c.cpython-310-x86_64-linux-gnu.so
[0.641s] -- Up-to-date symlink: /home/xsm/R1_ws/install/mit_msgs/local/lib/python3.10/dist-packages/mit_msgs/msg/__init__.py
[0.642s] -- Up-to-date symlink: /home/xsm/R1_ws/install/mit_msgs/local/lib/python3.10/dist-packages/mit_msgs/msg/_mit_joint_command.py
[0.642s] -- Up-to-date symlink: /home/xsm/R1_ws/install/mit_msgs/local/lib/python3.10/dist-packages/mit_msgs/msg/_mit_joint_command_s.c
[0.642s] -- Up-to-date symlink: /home/xsm/R1_ws/install/mit_msgs/local/lib/python3.10/dist-packages/mit_msgs/msg/_mit_joint_commands.py
[0.642s] -- Up-to-date symlink: /home/xsm/R1_ws/install/mit_msgs/local/lib/python3.10/dist-packages/mit_msgs/msg/_mit_joint_commands_s.c
[0.642s] -- Up-to-date symlink: /home/xsm/R1_ws/install/mit_msgs/local/lib/python3.10/dist-packages/mit_msgs/msg/_mit_low_state.py
[0.642s] -- Up-to-date symlink: /home/xsm/R1_ws/install/mit_msgs/local/lib/python3.10/dist-packages/mit_msgs/msg/_mit_low_state_s.c
[0.642s] -- Up-to-date symlink: /home/xsm/R1_ws/install/mit_msgs/local/lib/python3.10/dist-packages/mit_msgs/mit_msgs_s__rosidl_typesupport_fastrtps_c.cpython-310-x86_64-linux-gnu.so
[0.642s] -- Up-to-date symlink: /home/xsm/R1_ws/install/mit_msgs/local/lib/python3.10/dist-packages/mit_msgs/mit_msgs_s__rosidl_typesupport_introspection_c.cpython-310-x86_64-linux-gnu.so
[0.643s] -- Up-to-date symlink: /home/xsm/R1_ws/install/mit_msgs/local/lib/python3.10/dist-packages/mit_msgs/mit_msgs_s__rosidl_typesupport_c.cpython-310-x86_64-linux-gnu.so
[0.643s] -- Up-to-date symlink: /home/xsm/R1_ws/install/mit_msgs/share/mit_msgs/msg/MITJointCommand.idl
[0.643s] -- Up-to-date symlink: /home/xsm/R1_ws/install/mit_msgs/share/mit_msgs/msg/MITJointCommands.idl
[0.643s] -- Up-to-date symlink: /home/xsm/R1_ws/install/mit_msgs/share/mit_msgs/msg/MITLowState.idl
[0.643s] -- Up-to-date symlink: /home/xsm/R1_ws/install/mit_msgs/share/mit_msgs/msg/MITJointCommand.msg
[0.643s] -- Up-to-date symlink: /home/xsm/R1_ws/install/mit_msgs/share/mit_msgs/msg/MITJointCommands.msg
[0.643s] -- Up-to-date symlink: /home/xsm/R1_ws/install/mit_msgs/share/mit_msgs/msg/MITLowState.msg
[0.643s] -- Up-to-date symlink: /home/xsm/R1_ws/install/mit_msgs/share/ament_index/resource_index/package_run_dependencies/mit_msgs
[0.643s] -- Up-to-date symlink: /home/xsm/R1_ws/install/mit_msgs/share/ament_index/resource_index/parent_prefix_path/mit_msgs
[0.644s] -- Up-to-date symlink: /home/xsm/R1_ws/install/mit_msgs/share/mit_msgs/environment/ament_prefix_path.sh
[0.644s] -- Up-to-date symlink: /home/xsm/R1_ws/install/mit_msgs/share/mit_msgs/environment/ament_prefix_path.dsv
[0.644s] -- Up-to-date symlink: /home/xsm/R1_ws/install/mit_msgs/share/mit_msgs/environment/path.sh
[0.644s] -- Up-to-date symlink: /home/xsm/R1_ws/install/mit_msgs/share/mit_msgs/environment/path.dsv
[0.644s] -- Up-to-date symlink: /home/xsm/R1_ws/install/mit_msgs/share/mit_msgs/local_setup.bash
[0.644s] -- Up-to-date symlink: /home/xsm/R1_ws/install/mit_msgs/share/mit_msgs/local_setup.sh
[0.644s] -- Up-to-date symlink: /home/xsm/R1_ws/install/mit_msgs/share/mit_msgs/local_setup.zsh
[0.644s] -- Up-to-date symlink: /home/xsm/R1_ws/install/mit_msgs/share/mit_msgs/local_setup.dsv
[0.644s] -- Symlinking: /home/xsm/R1_ws/install/mit_msgs/share/mit_msgs/package.dsv
[0.656s] -- Up-to-date symlink: /home/xsm/R1_ws/install/mit_msgs/share/ament_index/resource_index/packages/mit_msgs
[0.656s] -- Up-to-date symlink: /home/xsm/R1_ws/install/mit_msgs/share/mit_msgs/cmake/rosidl_cmake-extras.cmake
[0.656s] -- Up-to-date symlink: /home/xsm/R1_ws/install/mit_msgs/share/mit_msgs/cmake/ament_cmake_export_dependencies-extras.cmake
[0.656s] -- Up-to-date symlink: /home/xsm/R1_ws/install/mit_msgs/share/mit_msgs/cmake/ament_cmake_export_include_directories-extras.cmake
[0.656s] -- Up-to-date symlink: /home/xsm/R1_ws/install/mit_msgs/share/mit_msgs/cmake/ament_cmake_export_libraries-extras.cmake
[0.657s] -- Up-to-date symlink: /home/xsm/R1_ws/install/mit_msgs/share/mit_msgs/cmake/ament_cmake_export_targets-extras.cmake
[0.657s] -- Up-to-date symlink: /home/xsm/R1_ws/install/mit_msgs/share/mit_msgs/cmake/rosidl_cmake_export_typesupport_targets-extras.cmake
[0.657s] -- Up-to-date symlink: /home/xsm/R1_ws/install/mit_msgs/share/mit_msgs/cmake/rosidl_cmake_export_typesupport_libraries-extras.cmake
[0.657s] -- Up-to-date symlink: /home/xsm/R1_ws/install/mit_msgs/share/mit_msgs/cmake/mit_msgsConfig.cmake
[0.657s] -- Up-to-date symlink: /home/xsm/R1_ws/install/mit_msgs/share/mit_msgs/cmake/mit_msgsConfig-version.cmake
[0.657s] -- Up-to-date symlink: /home/xsm/R1_ws/install/mit_msgs/share/mit_msgs/package.xml
[0.657s] -- Up-to-date: /home/xsm/R1_ws/install/mit_msgs/lib/libmit_msgs__rosidl_generator_c.so
[0.658s] -- Up-to-date: /home/xsm/R1_ws/install/mit_msgs/lib/libmit_msgs__rosidl_typesupport_fastrtps_c.so
[0.658s] -- Up-to-date: /home/xsm/R1_ws/install/mit_msgs/lib/libmit_msgs__rosidl_typesupport_fastrtps_cpp.so
[0.658s] -- Up-to-date: /home/xsm/R1_ws/install/mit_msgs/lib/libmit_msgs__rosidl_typesupport_introspection_c.so
[0.658s] -- Up-to-date: /home/xsm/R1_ws/install/mit_msgs/lib/libmit_msgs__rosidl_typesupport_c.so
[0.659s] -- Up-to-date: /home/xsm/R1_ws/install/mit_msgs/lib/libmit_msgs__rosidl_typesupport_introspection_cpp.so
[0.659s] -- Up-to-date: /home/xsm/R1_ws/install/mit_msgs/lib/libmit_msgs__rosidl_typesupport_cpp.so
[0.685s] Listing '/home/xsm/R1_ws/install/mit_msgs/local/lib/python3.10/dist-packages/mit_msgs'...
[0.685s] Listing '/home/xsm/R1_ws/install/mit_msgs/local/lib/python3.10/dist-packages/mit_msgs/msg'...
[0.689s] -- Up-to-date: /home/xsm/R1_ws/install/mit_msgs/lib/libmit_msgs__rosidl_generator_py.so
[0.689s] -- Up-to-date: /home/xsm/R1_ws/install/mit_msgs/share/mit_msgs/cmake/export_mit_msgs__rosidl_generator_cExport.cmake
[0.689s] -- Up-to-date: /home/xsm/R1_ws/install/mit_msgs/share/mit_msgs/cmake/export_mit_msgs__rosidl_generator_cExport-noconfig.cmake
[0.689s] -- Up-to-date: /home/xsm/R1_ws/install/mit_msgs/share/mit_msgs/cmake/export_mit_msgs__rosidl_typesupport_fastrtps_cExport.cmake
[0.690s] -- Up-to-date: /home/xsm/R1_ws/install/mit_msgs/share/mit_msgs/cmake/export_mit_msgs__rosidl_typesupport_fastrtps_cExport-noconfig.cmake
[0.690s] -- Up-to-date: /home/xsm/R1_ws/install/mit_msgs/share/mit_msgs/cmake/export_mit_msgs__rosidl_generator_cppExport.cmake
[0.690s] -- Up-to-date: /home/xsm/R1_ws/install/mit_msgs/share/mit_msgs/cmake/export_mit_msgs__rosidl_typesupport_fastrtps_cppExport.cmake
[0.690s] -- Up-to-date: /home/xsm/R1_ws/install/mit_msgs/share/mit_msgs/cmake/export_mit_msgs__rosidl_typesupport_fastrtps_cppExport-noconfig.cmake
[0.690s] -- Up-to-date: /home/xsm/R1_ws/install/mit_msgs/share/mit_msgs/cmake/mit_msgs__rosidl_typesupport_introspection_cExport.cmake
[0.690s] -- Up-to-date: /home/xsm/R1_ws/install/mit_msgs/share/mit_msgs/cmake/mit_msgs__rosidl_typesupport_introspection_cExport-noconfig.cmake
[0.690s] -- Up-to-date: /home/xsm/R1_ws/install/mit_msgs/share/mit_msgs/cmake/mit_msgs__rosidl_typesupport_cExport.cmake
[0.690s] -- Up-to-date: /home/xsm/R1_ws/install/mit_msgs/share/mit_msgs/cmake/mit_msgs__rosidl_typesupport_cExport-noconfig.cmake
[0.690s] -- Up-to-date: /home/xsm/R1_ws/install/mit_msgs/share/mit_msgs/cmake/mit_msgs__rosidl_typesupport_introspection_cppExport.cmake
[0.690s] -- Up-to-date: /home/xsm/R1_ws/install/mit_msgs/share/mit_msgs/cmake/mit_msgs__rosidl_typesupport_introspection_cppExport-noconfig.cmake
[0.690s] -- Up-to-date: /home/xsm/R1_ws/install/mit_msgs/share/mit_msgs/cmake/mit_msgs__rosidl_typesupport_cppExport.cmake
[0.690s] -- Up-to-date: /home/xsm/R1_ws/install/mit_msgs/share/mit_msgs/cmake/mit_msgs__rosidl_typesupport_cppExport-noconfig.cmake
[0.690s] -- Up-to-date: /home/xsm/R1_ws/install/mit_msgs/share/mit_msgs/cmake/export_mit_msgs__rosidl_generator_pyExport.cmake
[0.691s] -- Up-to-date: /home/xsm/R1_ws/install/mit_msgs/share/mit_msgs/cmake/export_mit_msgs__rosidl_generator_pyExport-noconfig.cmake
[0.693s] Invoked command in '/home/xsm/R1_ws/build/mit_msgs' returned '0': CMAKE_PREFIX_PATH=${CMAKE_PREFIX_PATH}:/home/xsm/R1_ws/install/gui_pkg:/opt/ros/humble /usr/bin/cmake --install /home/xsm/R1_ws/build/mit_msgs
