[33mCMake Warning at /usr/share/cmake-3.22/Modules/FindBoost.cmake:2201 (message):
  No header defined for python310; skipping header check (note: header-only
  libraries have no designated component)
Call Stack (most recent call first):
  /opt/ros/humble/lib/x86_64-linux-gnu/cmake/eigenpy/boost.cmake:144 (find_package)
  /opt/ros/humble/lib/x86_64-linux-gnu/cmake/eigenpy/eigenpyConfig.cmake:149 (SEARCH_FOR_BOOST_PYTHON)
  /usr/share/cmake-3.22/Modules/CMakeFindDependencyMacro.cmake:47 (find_package)
  /opt/ros/humble/lib/x86_64-linux-gnu/cmake/pinocchio/pinocchioConfig.cmake:160 (find_dependency)
  CMakeLists.txt:11 (find_package)

[0m
[33mCMake Warning at /usr/share/cmake-3.22/Modules/FindBoost.cmake:2201 (message):
  No header defined for python310; skipping header check (note: header-only
  libraries have no designated component)
Call Stack (most recent call first):
  CMakeLists.txt:13 (find_package)

[0m
[31mCMake Error at /opt/ros/humble/share/rosidl_adapter/cmake/rosidl_adapt_interfaces.cmake:59 (message):
  execute_process(/usr/bin/python3 -m rosidl_adapter --package-name
  armForwardkinematics --arguments-file
  /home/xsm/R1_ws/build/armForwardkinematics/rosidl_adapter__arguments__armForwardkinematics.json
  --output-dir
  /home/xsm/R1_ws/build/armForwardkinematics/rosidl_adapter/armForwardkinematics
  --output-file
  /home/xsm/R1_ws/build/armForwardkinematics/rosidl_adapter/armForwardkinematics.idls)
  returned error code 1:

  Traceback (most recent call last):

    File "/usr/lib/python3.10/runpy.py", line 196, in _run_module_as_main
      return _run_code(code, main_globals, None,
    File "/usr/lib/python3.10/runpy.py", line 86, in _run_code
      exec(code, run_globals)
    File "/opt/ros/humble/local/lib/python3.10/dist-packages/rosidl_adapter/__main__.py", line 19, in <module>
      sys.exit(main())
    File "/opt/ros/humble/local/lib/python3.10/dist-packages/rosidl_adapter/main.py", line 53, in main
      abs_idl_file = convert_to_idl(
    File "/opt/ros/humble/local/lib/python3.10/dist-packages/rosidl_adapter/__init__.py", line 19, in convert_to_idl
      return convert_msg_to_idl(
    File "/opt/ros/humble/local/lib/python3.10/dist-packages/rosidl_adapter/msg/__init__.py", line 28, in convert_msg_to_idl
      msg = parse_message_string(package_name, input_file.stem, content)
    File "/opt/ros/humble/local/lib/python3.10/dist-packages/rosidl_adapter/parser.py", line 544, in parse_message_string
      msg = MessageSpecification(pkg_name, msg_name, fields, constants)
    File "/opt/ros/humble/local/lib/python3.10/dist-packages/rosidl_adapter/parser.py", line 388, in __init__
      self.base_type = BaseType(
    File "/opt/ros/humble/local/lib/python3.10/dist-packages/rosidl_adapter/parser.py", line 201, in __init__
      raise InvalidResourceName(

  rosidl_adapter.parser.InvalidResourceName: 'armForwardkinematics' is an
  invalid package name.  It should have the pattern
  '^(?!.*__)(?!.*_$)[a-z][a-z0-9_]*$'

Call Stack (most recent call first):
  /opt/ros/humble/share/rosidl_cmake/cmake/rosidl_generate_interfaces.cmake:130 (rosidl_adapt_interfaces)
  CMakeLists.txt:22 (rosidl_generate_interfaces)

[0m
