[0.235s] Invoking command in '/home/xsm/R1_ws/build/xsm_msg': CMAKE_PREFIX_PATH=${CMAKE_PREFIX_PATH}:/home/xsm/R1_ws/install/gui_pkg:/opt/ros/humble /usr/bin/cmake --build /home/xsm/R1_ws/build/xsm_msg -- -j16 -l16
[0.301s] [  3%] Built target xsm_msg__cpp
[0.301s] [ 12%] Built target xsm_msg__rosidl_generator_c
[0.316s] [ 12%] Built target ament_cmake_python_copy_xsm_msg
[0.340s] [ 32%] Built target xsm_msg__rosidl_typesupport_introspection_c
[0.341s] [ 32%] Built target xsm_msg__rosidl_typesupport_fastrtps_c
[0.341s] [ 45%] Built target xsm_msg__rosidl_typesupport_fastrtps_cpp
[0.341s] [ 54%] Built target xsm_msg__rosidl_typesupport_introspection_cpp
[0.342s] [ 61%] Built target xsm_msg__rosidl_typesupport_c
[0.342s] [ 70%] Built target xsm_msg__rosidl_typesupport_cpp
[0.376s] [ 70%] Built target xsm_msg
[0.413s] [ 74%] Built target xsm_msg__py
[0.448s] [ 80%] Built target xsm_msg__rosidl_generator_py
[0.482s] [ 87%] Built target xsm_msg__rosidl_typesupport_c__pyext
[0.482s] [ 93%] Built target xsm_msg__rosidl_typesupport_fastrtps_c__pyext
[0.482s] [100%] Built target xsm_msg__rosidl_typesupport_introspection_c__pyext
[0.549s] running egg_info
[0.549s] writing xsm_msg.egg-info/PKG-INFO
[0.549s] writing dependency_links to xsm_msg.egg-info/dependency_links.txt
[0.550s] writing top-level names to xsm_msg.egg-info/top_level.txt
[0.552s] reading manifest file 'xsm_msg.egg-info/SOURCES.txt'
[0.552s] writing manifest file 'xsm_msg.egg-info/SOURCES.txt'
[0.598s] [100%] Built target ament_cmake_python_build_xsm_msg_egg
[0.616s] Invoked command in '/home/xsm/R1_ws/build/xsm_msg' returned '0': CMAKE_PREFIX_PATH=${CMAKE_PREFIX_PATH}:/home/xsm/R1_ws/install/gui_pkg:/opt/ros/humble /usr/bin/cmake --build /home/xsm/R1_ws/build/xsm_msg -- -j16 -l16
[0.781s] Invoking command in '/home/xsm/R1_ws/build/xsm_msg': CMAKE_PREFIX_PATH=${CMAKE_PREFIX_PATH}:/home/xsm/R1_ws/install/gui_pkg:/opt/ros/humble /usr/bin/cmake --install /home/xsm/R1_ws/build/xsm_msg
[0.790s] -- Install configuration: ""
[0.790s] -- Up-to-date: /home/xsm/R1_ws/install/xsm_msg/share/ament_index/resource_index/rosidl_interfaces/xsm_msg
[0.790s] -- Up-to-date: /home/xsm/R1_ws/install/xsm_msg/include/xsm_msg/xsm_msg
[0.791s] -- Up-to-date: /home/xsm/R1_ws/install/xsm_msg/include/xsm_msg/xsm_msg/msg
[0.791s] -- Up-to-date: /home/xsm/R1_ws/install/xsm_msg/include/xsm_msg/xsm_msg/msg/rosidl_generator_c__visibility_control.h
[0.791s] -- Up-to-date: /home/xsm/R1_ws/install/xsm_msg/include/xsm_msg/xsm_msg/msg/hwrev.h
[0.791s] -- Up-to-date: /home/xsm/R1_ws/install/xsm_msg/include/xsm_msg/xsm_msg/msg/detail
[0.791s] -- Up-to-date: /home/xsm/R1_ws/install/xsm_msg/include/xsm_msg/xsm_msg/msg/detail/hwrev__functions.h
[0.791s] -- Up-to-date: /home/xsm/R1_ws/install/xsm_msg/include/xsm_msg/xsm_msg/msg/detail/hwrev__type_support.h
[0.791s] -- Up-to-date: /home/xsm/R1_ws/install/xsm_msg/include/xsm_msg/xsm_msg/msg/detail/hwrev__struct.h
[0.791s] -- Up-to-date: /home/xsm/R1_ws/install/xsm_msg/include/xsm_msg/xsm_msg/msg/detail/hwrev__functions.c
[0.791s] -- Up-to-date: /home/xsm/R1_ws/install/xsm_msg/share/xsm_msg/environment/library_path.sh
[0.791s] -- Up-to-date: /home/xsm/R1_ws/install/xsm_msg/share/xsm_msg/environment/library_path.dsv
[0.791s] -- Up-to-date: /home/xsm/R1_ws/install/xsm_msg/lib/libxsm_msg__rosidl_generator_c.so
[0.791s] -- Up-to-date: /home/xsm/R1_ws/install/xsm_msg/include/xsm_msg/xsm_msg
[0.792s] -- Up-to-date: /home/xsm/R1_ws/install/xsm_msg/include/xsm_msg/xsm_msg/msg
[0.792s] -- Up-to-date: /home/xsm/R1_ws/install/xsm_msg/include/xsm_msg/xsm_msg/msg/rosidl_typesupport_fastrtps_c__visibility_control.h
[0.792s] -- Up-to-date: /home/xsm/R1_ws/install/xsm_msg/include/xsm_msg/xsm_msg/msg/detail
[0.792s] -- Up-to-date: /home/xsm/R1_ws/install/xsm_msg/include/xsm_msg/xsm_msg/msg/detail/hwrev__rosidl_typesupport_fastrtps_c.h
[0.792s] -- Up-to-date: /home/xsm/R1_ws/install/xsm_msg/lib/libxsm_msg__rosidl_typesupport_fastrtps_c.so
[0.792s] -- Up-to-date: /home/xsm/R1_ws/install/xsm_msg/include/xsm_msg/xsm_msg
[0.792s] -- Up-to-date: /home/xsm/R1_ws/install/xsm_msg/include/xsm_msg/xsm_msg/msg
[0.792s] -- Up-to-date: /home/xsm/R1_ws/install/xsm_msg/include/xsm_msg/xsm_msg/msg/rosidl_typesupport_introspection_c__visibility_control.h
[0.792s] -- Up-to-date: /home/xsm/R1_ws/install/xsm_msg/include/xsm_msg/xsm_msg/msg/detail
[0.792s] -- Up-to-date: /home/xsm/R1_ws/install/xsm_msg/include/xsm_msg/xsm_msg/msg/detail/hwrev__type_support.c
[0.792s] -- Up-to-date: /home/xsm/R1_ws/install/xsm_msg/include/xsm_msg/xsm_msg/msg/detail/hwrev__rosidl_typesupport_introspection_c.h
[0.792s] -- Up-to-date: /home/xsm/R1_ws/install/xsm_msg/lib/libxsm_msg__rosidl_typesupport_introspection_c.so
[0.792s] -- Up-to-date: /home/xsm/R1_ws/install/xsm_msg/lib/libxsm_msg__rosidl_typesupport_c.so
[0.793s] -- Up-to-date: /home/xsm/R1_ws/install/xsm_msg/include/xsm_msg/xsm_msg
[0.793s] -- Up-to-date: /home/xsm/R1_ws/install/xsm_msg/include/xsm_msg/xsm_msg/msg
[0.793s] -- Up-to-date: /home/xsm/R1_ws/install/xsm_msg/include/xsm_msg/xsm_msg/msg/detail
[0.793s] -- Up-to-date: /home/xsm/R1_ws/install/xsm_msg/include/xsm_msg/xsm_msg/msg/detail/hwrev__builder.hpp
[0.793s] -- Up-to-date: /home/xsm/R1_ws/install/xsm_msg/include/xsm_msg/xsm_msg/msg/detail/hwrev__traits.hpp
[0.793s] -- Up-to-date: /home/xsm/R1_ws/install/xsm_msg/include/xsm_msg/xsm_msg/msg/detail/hwrev__struct.hpp
[0.793s] -- Up-to-date: /home/xsm/R1_ws/install/xsm_msg/include/xsm_msg/xsm_msg/msg/hwrev.hpp
[0.793s] -- Up-to-date: /home/xsm/R1_ws/install/xsm_msg/include/xsm_msg/xsm_msg
[0.793s] -- Up-to-date: /home/xsm/R1_ws/install/xsm_msg/include/xsm_msg/xsm_msg/msg
[0.793s] -- Up-to-date: /home/xsm/R1_ws/install/xsm_msg/include/xsm_msg/xsm_msg/msg/rosidl_typesupport_fastrtps_cpp__visibility_control.h
[0.793s] -- Up-to-date: /home/xsm/R1_ws/install/xsm_msg/include/xsm_msg/xsm_msg/msg/detail
[0.793s] -- Up-to-date: /home/xsm/R1_ws/install/xsm_msg/include/xsm_msg/xsm_msg/msg/detail/dds_fastrtps
[0.793s] -- Up-to-date: /home/xsm/R1_ws/install/xsm_msg/include/xsm_msg/xsm_msg/msg/detail/hwrev__rosidl_typesupport_fastrtps_cpp.hpp
[0.793s] -- Up-to-date: /home/xsm/R1_ws/install/xsm_msg/lib/libxsm_msg__rosidl_typesupport_fastrtps_cpp.so
[0.794s] -- Up-to-date: /home/xsm/R1_ws/install/xsm_msg/include/xsm_msg/xsm_msg
[0.794s] -- Up-to-date: /home/xsm/R1_ws/install/xsm_msg/include/xsm_msg/xsm_msg/msg
[0.794s] -- Up-to-date: /home/xsm/R1_ws/install/xsm_msg/include/xsm_msg/xsm_msg/msg/detail
[0.794s] -- Up-to-date: /home/xsm/R1_ws/install/xsm_msg/include/xsm_msg/xsm_msg/msg/detail/hwrev__type_support.cpp
[0.794s] -- Up-to-date: /home/xsm/R1_ws/install/xsm_msg/include/xsm_msg/xsm_msg/msg/detail/hwrev__rosidl_typesupport_introspection_cpp.hpp
[0.794s] -- Up-to-date: /home/xsm/R1_ws/install/xsm_msg/lib/libxsm_msg__rosidl_typesupport_introspection_cpp.so
[0.794s] -- Up-to-date: /home/xsm/R1_ws/install/xsm_msg/lib/libxsm_msg__rosidl_typesupport_cpp.so
[0.794s] -- Up-to-date: /home/xsm/R1_ws/install/xsm_msg/share/xsm_msg/environment/pythonpath.sh
[0.794s] -- Up-to-date: /home/xsm/R1_ws/install/xsm_msg/share/xsm_msg/environment/pythonpath.dsv
[0.794s] -- Up-to-date: /home/xsm/R1_ws/install/xsm_msg/local/lib/python3.10/dist-packages/xsm_msg-0.0.0-py3.10.egg-info
[0.794s] -- Installing: /home/xsm/R1_ws/install/xsm_msg/local/lib/python3.10/dist-packages/xsm_msg-0.0.0-py3.10.egg-info/PKG-INFO
[0.794s] -- Installing: /home/xsm/R1_ws/install/xsm_msg/local/lib/python3.10/dist-packages/xsm_msg-0.0.0-py3.10.egg-info/SOURCES.txt
[0.794s] -- Installing: /home/xsm/R1_ws/install/xsm_msg/local/lib/python3.10/dist-packages/xsm_msg-0.0.0-py3.10.egg-info/dependency_links.txt
[0.794s] -- Installing: /home/xsm/R1_ws/install/xsm_msg/local/lib/python3.10/dist-packages/xsm_msg-0.0.0-py3.10.egg-info/top_level.txt
[0.794s] -- Up-to-date: /home/xsm/R1_ws/install/xsm_msg/local/lib/python3.10/dist-packages/xsm_msg
[0.794s] -- Up-to-date: /home/xsm/R1_ws/install/xsm_msg/local/lib/python3.10/dist-packages/xsm_msg/_xsm_msg_s.ep.rosidl_typesupport_introspection_c.c
[0.795s] -- Up-to-date: /home/xsm/R1_ws/install/xsm_msg/local/lib/python3.10/dist-packages/xsm_msg/__init__.py
[0.795s] -- Up-to-date: /home/xsm/R1_ws/install/xsm_msg/local/lib/python3.10/dist-packages/xsm_msg/xsm_msg_s__rosidl_typesupport_c.cpython-310-x86_64-linux-gnu.so
[0.795s] -- Up-to-date: /home/xsm/R1_ws/install/xsm_msg/local/lib/python3.10/dist-packages/xsm_msg/libxsm_msg__rosidl_generator_py.so
[0.795s] -- Up-to-date: /home/xsm/R1_ws/install/xsm_msg/local/lib/python3.10/dist-packages/xsm_msg/xsm_msg_s__rosidl_typesupport_introspection_c.cpython-310-x86_64-linux-gnu.so
[0.795s] -- Up-to-date: /home/xsm/R1_ws/install/xsm_msg/local/lib/python3.10/dist-packages/xsm_msg/msg
[0.795s] -- Up-to-date: /home/xsm/R1_ws/install/xsm_msg/local/lib/python3.10/dist-packages/xsm_msg/msg/__init__.py
[0.795s] -- Up-to-date: /home/xsm/R1_ws/install/xsm_msg/local/lib/python3.10/dist-packages/xsm_msg/msg/_hwrev.py
[0.795s] -- Up-to-date: /home/xsm/R1_ws/install/xsm_msg/local/lib/python3.10/dist-packages/xsm_msg/msg/_hwrev_s.c
[0.795s] -- Up-to-date: /home/xsm/R1_ws/install/xsm_msg/local/lib/python3.10/dist-packages/xsm_msg/_xsm_msg_s.ep.rosidl_typesupport_c.c
[0.795s] -- Up-to-date: /home/xsm/R1_ws/install/xsm_msg/local/lib/python3.10/dist-packages/xsm_msg/_xsm_msg_s.ep.rosidl_typesupport_fastrtps_c.c
[0.795s] -- Up-to-date: /home/xsm/R1_ws/install/xsm_msg/local/lib/python3.10/dist-packages/xsm_msg/xsm_msg_s__rosidl_typesupport_fastrtps_c.cpython-310-x86_64-linux-gnu.so
[0.824s] Listing '/home/xsm/R1_ws/install/xsm_msg/local/lib/python3.10/dist-packages/xsm_msg'...
[0.824s] Listing '/home/xsm/R1_ws/install/xsm_msg/local/lib/python3.10/dist-packages/xsm_msg/msg'...
[0.830s] -- Up-to-date: /home/xsm/R1_ws/install/xsm_msg/local/lib/python3.10/dist-packages/xsm_msg/xsm_msg_s__rosidl_typesupport_fastrtps_c.cpython-310-x86_64-linux-gnu.so
[0.830s] -- Up-to-date: /home/xsm/R1_ws/install/xsm_msg/local/lib/python3.10/dist-packages/xsm_msg/xsm_msg_s__rosidl_typesupport_introspection_c.cpython-310-x86_64-linux-gnu.so
[0.830s] -- Up-to-date: /home/xsm/R1_ws/install/xsm_msg/local/lib/python3.10/dist-packages/xsm_msg/xsm_msg_s__rosidl_typesupport_c.cpython-310-x86_64-linux-gnu.so
[0.830s] -- Up-to-date: /home/xsm/R1_ws/install/xsm_msg/lib/libxsm_msg__rosidl_generator_py.so
[0.830s] -- Up-to-date: /home/xsm/R1_ws/install/xsm_msg/share/xsm_msg/msg/Hwrev.idl
[0.831s] -- Up-to-date: /home/xsm/R1_ws/install/xsm_msg/share/xsm_msg/msg/Hwrev.msg
[0.831s] -- Up-to-date: /home/xsm/R1_ws/install/xsm_msg/share/ament_index/resource_index/package_run_dependencies/xsm_msg
[0.831s] -- Up-to-date: /home/xsm/R1_ws/install/xsm_msg/share/ament_index/resource_index/parent_prefix_path/xsm_msg
[0.831s] -- Up-to-date: /home/xsm/R1_ws/install/xsm_msg/share/xsm_msg/environment/ament_prefix_path.sh
[0.831s] -- Up-to-date: /home/xsm/R1_ws/install/xsm_msg/share/xsm_msg/environment/ament_prefix_path.dsv
[0.831s] -- Up-to-date: /home/xsm/R1_ws/install/xsm_msg/share/xsm_msg/environment/path.sh
[0.831s] -- Up-to-date: /home/xsm/R1_ws/install/xsm_msg/share/xsm_msg/environment/path.dsv
[0.831s] -- Up-to-date: /home/xsm/R1_ws/install/xsm_msg/share/xsm_msg/local_setup.bash
[0.831s] -- Up-to-date: /home/xsm/R1_ws/install/xsm_msg/share/xsm_msg/local_setup.sh
[0.831s] -- Up-to-date: /home/xsm/R1_ws/install/xsm_msg/share/xsm_msg/local_setup.zsh
[0.831s] -- Up-to-date: /home/xsm/R1_ws/install/xsm_msg/share/xsm_msg/local_setup.dsv
[0.832s] -- Installing: /home/xsm/R1_ws/install/xsm_msg/share/xsm_msg/package.dsv
[0.832s] -- Up-to-date: /home/xsm/R1_ws/install/xsm_msg/share/ament_index/resource_index/packages/xsm_msg
[0.832s] -- Up-to-date: /home/xsm/R1_ws/install/xsm_msg/share/xsm_msg/cmake/export_xsm_msg__rosidl_generator_cExport.cmake
[0.832s] -- Up-to-date: /home/xsm/R1_ws/install/xsm_msg/share/xsm_msg/cmake/export_xsm_msg__rosidl_generator_cExport-noconfig.cmake
[0.832s] -- Up-to-date: /home/xsm/R1_ws/install/xsm_msg/share/xsm_msg/cmake/export_xsm_msg__rosidl_typesupport_fastrtps_cExport.cmake
[0.832s] -- Up-to-date: /home/xsm/R1_ws/install/xsm_msg/share/xsm_msg/cmake/export_xsm_msg__rosidl_typesupport_fastrtps_cExport-noconfig.cmake
[0.832s] -- Up-to-date: /home/xsm/R1_ws/install/xsm_msg/share/xsm_msg/cmake/xsm_msg__rosidl_typesupport_introspection_cExport.cmake
[0.832s] -- Up-to-date: /home/xsm/R1_ws/install/xsm_msg/share/xsm_msg/cmake/xsm_msg__rosidl_typesupport_introspection_cExport-noconfig.cmake
[0.832s] -- Up-to-date: /home/xsm/R1_ws/install/xsm_msg/share/xsm_msg/cmake/xsm_msg__rosidl_typesupport_cExport.cmake
[0.832s] -- Up-to-date: /home/xsm/R1_ws/install/xsm_msg/share/xsm_msg/cmake/xsm_msg__rosidl_typesupport_cExport-noconfig.cmake
[0.832s] -- Up-to-date: /home/xsm/R1_ws/install/xsm_msg/share/xsm_msg/cmake/export_xsm_msg__rosidl_generator_cppExport.cmake
[0.832s] -- Up-to-date: /home/xsm/R1_ws/install/xsm_msg/share/xsm_msg/cmake/export_xsm_msg__rosidl_typesupport_fastrtps_cppExport.cmake
[0.832s] -- Up-to-date: /home/xsm/R1_ws/install/xsm_msg/share/xsm_msg/cmake/export_xsm_msg__rosidl_typesupport_fastrtps_cppExport-noconfig.cmake
[0.832s] -- Up-to-date: /home/xsm/R1_ws/install/xsm_msg/share/xsm_msg/cmake/xsm_msg__rosidl_typesupport_introspection_cppExport.cmake
[0.833s] -- Up-to-date: /home/xsm/R1_ws/install/xsm_msg/share/xsm_msg/cmake/xsm_msg__rosidl_typesupport_introspection_cppExport-noconfig.cmake
[0.833s] -- Up-to-date: /home/xsm/R1_ws/install/xsm_msg/share/xsm_msg/cmake/xsm_msg__rosidl_typesupport_cppExport.cmake
[0.833s] -- Up-to-date: /home/xsm/R1_ws/install/xsm_msg/share/xsm_msg/cmake/xsm_msg__rosidl_typesupport_cppExport-noconfig.cmake
[0.833s] -- Up-to-date: /home/xsm/R1_ws/install/xsm_msg/share/xsm_msg/cmake/export_xsm_msg__rosidl_generator_pyExport.cmake
[0.833s] -- Up-to-date: /home/xsm/R1_ws/install/xsm_msg/share/xsm_msg/cmake/export_xsm_msg__rosidl_generator_pyExport-noconfig.cmake
[0.833s] -- Up-to-date: /home/xsm/R1_ws/install/xsm_msg/share/xsm_msg/cmake/rosidl_cmake-extras.cmake
[0.833s] -- Up-to-date: /home/xsm/R1_ws/install/xsm_msg/share/xsm_msg/cmake/ament_cmake_export_include_directories-extras.cmake
[0.833s] -- Up-to-date: /home/xsm/R1_ws/install/xsm_msg/share/xsm_msg/cmake/ament_cmake_export_libraries-extras.cmake
[0.833s] -- Up-to-date: /home/xsm/R1_ws/install/xsm_msg/share/xsm_msg/cmake/ament_cmake_export_targets-extras.cmake
[0.833s] -- Up-to-date: /home/xsm/R1_ws/install/xsm_msg/share/xsm_msg/cmake/rosidl_cmake_export_typesupport_targets-extras.cmake
[0.833s] -- Up-to-date: /home/xsm/R1_ws/install/xsm_msg/share/xsm_msg/cmake/ament_cmake_export_dependencies-extras.cmake
[0.833s] -- Up-to-date: /home/xsm/R1_ws/install/xsm_msg/share/xsm_msg/cmake/rosidl_cmake_export_typesupport_libraries-extras.cmake
[0.833s] -- Up-to-date: /home/xsm/R1_ws/install/xsm_msg/share/xsm_msg/cmake/xsm_msgConfig.cmake
[0.833s] -- Up-to-date: /home/xsm/R1_ws/install/xsm_msg/share/xsm_msg/cmake/xsm_msgConfig-version.cmake
[0.833s] -- Up-to-date: /home/xsm/R1_ws/install/xsm_msg/share/xsm_msg/package.xml
[0.835s] Invoked command in '/home/xsm/R1_ws/build/xsm_msg' returned '0': CMAKE_PREFIX_PATH=${CMAKE_PREFIX_PATH}:/home/xsm/R1_ws/install/gui_pkg:/opt/ros/humble /usr/bin/cmake --install /home/xsm/R1_ws/build/xsm_msg
