[0.020s] Invoking command in '/home/xsm/R1_ws/build/xsm_msg': CMAKE_PREFIX_PATH=${CMAKE_PREFIX_PATH}:/home/xsm/R1_ws/install/gui_pkg:/opt/ros/humble /usr/bin/cmake /home/xsm/R1_ws/src/xsm_msg -DCMAKE_EXPORT_COMPILE_COMMANDS=ON -DCMAKE_INSTALL_PREFIX=/home/xsm/R1_ws/install/xsm_msg
[0.031s] -- Found ament_cmake: 1.3.10 (/opt/ros/humble/share/ament_cmake/cmake)
[0.162s] -- Found rosidl_default_generators: 1.2.0 (/opt/ros/humble/share/rosidl_default_generators/cmake)
[0.164s] -- Using all available rosidl_typesupport_c: rosidl_typesupport_fastrtps_c;rosidl_typesupport_introspection_c
[0.166s] -- Found rosidl_adapter: 3.1.5 (/opt/ros/humble/share/rosidl_adapter/cmake)
[0.189s] -- Using all available rosidl_typesupport_cpp: rosidl_typesupport_fastrtps_cpp;rosidl_typesupport_introspection_cpp
[0.207s] -- Found std_msgs: 4.2.4 (/opt/ros/humble/share/std_msgs/cmake)
[0.502s] -- Found ament_cmake_ros: 0.10.0 (/opt/ros/humble/share/ament_cmake_ros/cmake)
[0.709s] -- Using all available rosidl_typesupport_c: rosidl_typesupport_fastrtps_c;rosidl_typesupport_introspection_c
[0.966s] -- Using all available rosidl_typesupport_cpp: rosidl_typesupport_fastrtps_cpp;rosidl_typesupport_introspection_cpp
[0.992s] -- Found python_cmake_module: 0.10.0 (/opt/ros/humble/share/python_cmake_module/cmake)
[1.018s] -- Using PYTHON_EXECUTABLE: /usr/bin/python3
[1.018s] -- Using PYTHON_INCLUDE_DIRS: /usr/include/python3.10
[1.018s] -- Using PYTHON_LIBRARIES: /usr/lib/x86_64-linux-gnu/libpython3.10.so
[1.027s] -- Found ament_lint_auto: 0.12.11 (/opt/ros/humble/share/ament_lint_auto/cmake)
[1.034s] -- Added test 'lint_cmake' to check CMake code style
[1.034s] -- Added test 'xmllint' to check XML markup files
[1.036s] -- Configuring done
[1.060s] -- Generating done
[1.062s] -- Build files have been written to: /home/xsm/R1_ws/build/xsm_msg
[1.072s] Invoked command in '/home/xsm/R1_ws/build/xsm_msg' returned '0': CMAKE_PREFIX_PATH=${CMAKE_PREFIX_PATH}:/home/xsm/R1_ws/install/gui_pkg:/opt/ros/humble /usr/bin/cmake /home/xsm/R1_ws/src/xsm_msg -DCMAKE_EXPORT_COMPILE_COMMANDS=ON -DCMAKE_INSTALL_PREFIX=/home/xsm/R1_ws/install/xsm_msg
[1.073s] Invoking command in '/home/xsm/R1_ws/build/xsm_msg': CMAKE_PREFIX_PATH=${CMAKE_PREFIX_PATH}:/home/xsm/R1_ws/install/gui_pkg:/opt/ros/humble /usr/bin/cmake --build /home/xsm/R1_ws/build/xsm_msg -- -j16 -l16
[1.129s] [35m[1mConsolidate compiler generated dependencies of target xsm_msg__rosidl_generator_c[0m
[1.145s] [  7%] Built target xsm_msg__cpp
[1.146s] [ 12%] Built target xsm_msg__rosidl_generator_c
[1.158s] [ 12%] Built target ament_cmake_python_copy_xsm_msg
[1.161s] [35m[1mConsolidate compiler generated dependencies of target xsm_msg__rosidl_typesupport_fastrtps_cpp[0m
[1.161s] [35m[1mConsolidate compiler generated dependencies of target xsm_msg__rosidl_typesupport_cpp[0m
[1.161s] [35m[1mConsolidate compiler generated dependencies of target xsm_msg__rosidl_typesupport_introspection_cpp[0m
[1.174s] [35m[1mConsolidate compiler generated dependencies of target xsm_msg__rosidl_typesupport_introspection_c[0m
[1.174s] [35m[1mConsolidate compiler generated dependencies of target xsm_msg__rosidl_typesupport_fastrtps_c[0m
[1.177s] [35m[1mConsolidate compiler generated dependencies of target xsm_msg__rosidl_typesupport_c[0m
[1.181s] [ 23%] Built target xsm_msg__rosidl_typesupport_fastrtps_cpp
[1.184s] [ 33%] Built target xsm_msg__rosidl_typesupport_introspection_cpp
[1.185s] [ 43%] Built target xsm_msg__rosidl_typesupport_cpp
[1.193s] [ 53%] Built target xsm_msg__rosidl_typesupport_introspection_c
[1.195s] [ 64%] Built target xsm_msg__rosidl_typesupport_c
[1.196s] [ 74%] Built target xsm_msg__rosidl_typesupport_fastrtps_c
[1.232s] [ 74%] Built target xsm_msg
[1.268s] [ 76%] Built target xsm_msg__py
[1.285s] [35m[1mConsolidate compiler generated dependencies of target xsm_msg__rosidl_generator_py[0m
[1.308s] [ 84%] Built target xsm_msg__rosidl_generator_py
[1.324s] [35m[1mConsolidate compiler generated dependencies of target xsm_msg__rosidl_typesupport_fastrtps_c__pyext[0m
[1.324s] [35m[1mConsolidate compiler generated dependencies of target xsm_msg__rosidl_typesupport_introspection_c__pyext[0m
[1.324s] [35m[1mConsolidate compiler generated dependencies of target xsm_msg__rosidl_typesupport_c__pyext[0m
[1.342s] [100%] Built target xsm_msg__rosidl_typesupport_introspection_c__pyext
[1.342s] [100%] Built target xsm_msg__rosidl_typesupport_c__pyext
[1.342s] [100%] Built target xsm_msg__rosidl_typesupport_fastrtps_c__pyext
[1.374s] running egg_info
[1.374s] writing xsm_msg.egg-info/PKG-INFO
[1.374s] writing dependency_links to xsm_msg.egg-info/dependency_links.txt
[1.374s] writing top-level names to xsm_msg.egg-info/top_level.txt
[1.376s] reading manifest file 'xsm_msg.egg-info/SOURCES.txt'
[1.376s] writing manifest file 'xsm_msg.egg-info/SOURCES.txt'
[1.408s] [100%] Built target ament_cmake_python_build_xsm_msg_egg
[1.423s] Invoked command in '/home/xsm/R1_ws/build/xsm_msg' returned '0': CMAKE_PREFIX_PATH=${CMAKE_PREFIX_PATH}:/home/xsm/R1_ws/install/gui_pkg:/opt/ros/humble /usr/bin/cmake --build /home/xsm/R1_ws/build/xsm_msg -- -j16 -l16
[1.643s] Invoking command in '/home/xsm/R1_ws/build/xsm_msg': CMAKE_PREFIX_PATH=${CMAKE_PREFIX_PATH}:/home/xsm/R1_ws/install/gui_pkg:/opt/ros/humble /usr/bin/cmake --install /home/xsm/R1_ws/build/xsm_msg
[1.654s] -- Install configuration: ""
[1.654s] -- Up-to-date: /home/xsm/R1_ws/install/xsm_msg/share/ament_index/resource_index/rosidl_interfaces/xsm_msg
[1.654s] -- Up-to-date: /home/xsm/R1_ws/install/xsm_msg/include/xsm_msg/xsm_msg
[1.654s] -- Up-to-date: /home/xsm/R1_ws/install/xsm_msg/include/xsm_msg/xsm_msg/msg
[1.654s] -- Up-to-date: /home/xsm/R1_ws/install/xsm_msg/include/xsm_msg/xsm_msg/msg/rosidl_generator_c__visibility_control.h
[1.655s] -- Up-to-date: /home/xsm/R1_ws/install/xsm_msg/include/xsm_msg/xsm_msg/msg/hwrev.h
[1.655s] -- Up-to-date: /home/xsm/R1_ws/install/xsm_msg/include/xsm_msg/xsm_msg/msg/detail
[1.655s] -- Up-to-date: /home/xsm/R1_ws/install/xsm_msg/include/xsm_msg/xsm_msg/msg/detail/path__struct.h
[1.655s] -- Up-to-date: /home/xsm/R1_ws/install/xsm_msg/include/xsm_msg/xsm_msg/msg/detail/hwrev__functions.h
[1.655s] -- Up-to-date: /home/xsm/R1_ws/install/xsm_msg/include/xsm_msg/xsm_msg/msg/detail/path__type_support.h
[1.655s] -- Up-to-date: /home/xsm/R1_ws/install/xsm_msg/include/xsm_msg/xsm_msg/msg/detail/path__functions.c
[1.655s] -- Up-to-date: /home/xsm/R1_ws/install/xsm_msg/include/xsm_msg/xsm_msg/msg/detail/hwrev__type_support.h
[1.655s] -- Up-to-date: /home/xsm/R1_ws/install/xsm_msg/include/xsm_msg/xsm_msg/msg/detail/hwrev__struct.h
[1.655s] -- Up-to-date: /home/xsm/R1_ws/install/xsm_msg/include/xsm_msg/xsm_msg/msg/detail/path__functions.h
[1.655s] -- Up-to-date: /home/xsm/R1_ws/install/xsm_msg/include/xsm_msg/xsm_msg/msg/detail/hwrev__functions.c
[1.655s] -- Up-to-date: /home/xsm/R1_ws/install/xsm_msg/include/xsm_msg/xsm_msg/msg/path.h
[1.655s] -- Up-to-date: /home/xsm/R1_ws/install/xsm_msg/share/xsm_msg/environment/library_path.sh
[1.655s] -- Installing: /home/xsm/R1_ws/install/xsm_msg/share/xsm_msg/environment/library_path.dsv
[1.655s] -- Up-to-date: /home/xsm/R1_ws/install/xsm_msg/lib/libxsm_msg__rosidl_generator_c.so
[1.655s] -- Up-to-date: /home/xsm/R1_ws/install/xsm_msg/include/xsm_msg/xsm_msg
[1.655s] -- Up-to-date: /home/xsm/R1_ws/install/xsm_msg/include/xsm_msg/xsm_msg/msg
[1.655s] -- Up-to-date: /home/xsm/R1_ws/install/xsm_msg/include/xsm_msg/xsm_msg/msg/rosidl_typesupport_fastrtps_c__visibility_control.h
[1.655s] -- Up-to-date: /home/xsm/R1_ws/install/xsm_msg/include/xsm_msg/xsm_msg/msg/detail
[1.655s] -- Up-to-date: /home/xsm/R1_ws/install/xsm_msg/include/xsm_msg/xsm_msg/msg/detail/path__rosidl_typesupport_fastrtps_c.h
[1.655s] -- Up-to-date: /home/xsm/R1_ws/install/xsm_msg/include/xsm_msg/xsm_msg/msg/detail/hwrev__rosidl_typesupport_fastrtps_c.h
[1.656s] -- Up-to-date: /home/xsm/R1_ws/install/xsm_msg/lib/libxsm_msg__rosidl_typesupport_fastrtps_c.so
[1.656s] -- Up-to-date: /home/xsm/R1_ws/install/xsm_msg/include/xsm_msg/xsm_msg
[1.656s] -- Up-to-date: /home/xsm/R1_ws/install/xsm_msg/include/xsm_msg/xsm_msg/msg
[1.656s] -- Up-to-date: /home/xsm/R1_ws/install/xsm_msg/include/xsm_msg/xsm_msg/msg/rosidl_typesupport_introspection_c__visibility_control.h
[1.656s] -- Up-to-date: /home/xsm/R1_ws/install/xsm_msg/include/xsm_msg/xsm_msg/msg/detail
[1.656s] -- Up-to-date: /home/xsm/R1_ws/install/xsm_msg/include/xsm_msg/xsm_msg/msg/detail/hwrev__type_support.c
[1.656s] -- Up-to-date: /home/xsm/R1_ws/install/xsm_msg/include/xsm_msg/xsm_msg/msg/detail/path__type_support.c
[1.656s] -- Up-to-date: /home/xsm/R1_ws/install/xsm_msg/include/xsm_msg/xsm_msg/msg/detail/path__rosidl_typesupport_introspection_c.h
[1.656s] -- Up-to-date: /home/xsm/R1_ws/install/xsm_msg/include/xsm_msg/xsm_msg/msg/detail/hwrev__rosidl_typesupport_introspection_c.h
[1.656s] -- Up-to-date: /home/xsm/R1_ws/install/xsm_msg/lib/libxsm_msg__rosidl_typesupport_introspection_c.so
[1.656s] -- Up-to-date: /home/xsm/R1_ws/install/xsm_msg/lib/libxsm_msg__rosidl_typesupport_c.so
[1.656s] -- Up-to-date: /home/xsm/R1_ws/install/xsm_msg/include/xsm_msg/xsm_msg
[1.656s] -- Up-to-date: /home/xsm/R1_ws/install/xsm_msg/include/xsm_msg/xsm_msg/msg
[1.656s] -- Up-to-date: /home/xsm/R1_ws/install/xsm_msg/include/xsm_msg/xsm_msg/msg/path.hpp
[1.656s] -- Up-to-date: /home/xsm/R1_ws/install/xsm_msg/include/xsm_msg/xsm_msg/msg/detail
[1.656s] -- Up-to-date: /home/xsm/R1_ws/install/xsm_msg/include/xsm_msg/xsm_msg/msg/detail/hwrev__builder.hpp
[1.656s] -- Up-to-date: /home/xsm/R1_ws/install/xsm_msg/include/xsm_msg/xsm_msg/msg/detail/path__struct.hpp
[1.656s] -- Up-to-date: /home/xsm/R1_ws/install/xsm_msg/include/xsm_msg/xsm_msg/msg/detail/hwrev__traits.hpp
[1.656s] -- Up-to-date: /home/xsm/R1_ws/install/xsm_msg/include/xsm_msg/xsm_msg/msg/detail/path__builder.hpp
[1.656s] -- Up-to-date: /home/xsm/R1_ws/install/xsm_msg/include/xsm_msg/xsm_msg/msg/detail/hwrev__struct.hpp
[1.657s] -- Up-to-date: /home/xsm/R1_ws/install/xsm_msg/include/xsm_msg/xsm_msg/msg/detail/path__traits.hpp
[1.657s] -- Up-to-date: /home/xsm/R1_ws/install/xsm_msg/include/xsm_msg/xsm_msg/msg/hwrev.hpp
[1.657s] -- Up-to-date: /home/xsm/R1_ws/install/xsm_msg/include/xsm_msg/xsm_msg
[1.657s] -- Up-to-date: /home/xsm/R1_ws/install/xsm_msg/include/xsm_msg/xsm_msg/msg
[1.657s] -- Up-to-date: /home/xsm/R1_ws/install/xsm_msg/include/xsm_msg/xsm_msg/msg/rosidl_typesupport_fastrtps_cpp__visibility_control.h
[1.657s] -- Up-to-date: /home/xsm/R1_ws/install/xsm_msg/include/xsm_msg/xsm_msg/msg/detail
[1.657s] -- Up-to-date: /home/xsm/R1_ws/install/xsm_msg/include/xsm_msg/xsm_msg/msg/detail/dds_fastrtps
[1.657s] -- Up-to-date: /home/xsm/R1_ws/install/xsm_msg/include/xsm_msg/xsm_msg/msg/detail/path__rosidl_typesupport_fastrtps_cpp.hpp
[1.657s] -- Up-to-date: /home/xsm/R1_ws/install/xsm_msg/include/xsm_msg/xsm_msg/msg/detail/hwrev__rosidl_typesupport_fastrtps_cpp.hpp
[1.657s] -- Up-to-date: /home/xsm/R1_ws/install/xsm_msg/lib/libxsm_msg__rosidl_typesupport_fastrtps_cpp.so
[1.657s] -- Up-to-date: /home/xsm/R1_ws/install/xsm_msg/include/xsm_msg/xsm_msg
[1.657s] -- Up-to-date: /home/xsm/R1_ws/install/xsm_msg/include/xsm_msg/xsm_msg/msg
[1.657s] -- Up-to-date: /home/xsm/R1_ws/install/xsm_msg/include/xsm_msg/xsm_msg/msg/detail
[1.657s] -- Up-to-date: /home/xsm/R1_ws/install/xsm_msg/include/xsm_msg/xsm_msg/msg/detail/path__rosidl_typesupport_introspection_cpp.hpp
[1.657s] -- Up-to-date: /home/xsm/R1_ws/install/xsm_msg/include/xsm_msg/xsm_msg/msg/detail/hwrev__type_support.cpp
[1.657s] -- Up-to-date: /home/xsm/R1_ws/install/xsm_msg/include/xsm_msg/xsm_msg/msg/detail/path__type_support.cpp
[1.657s] -- Up-to-date: /home/xsm/R1_ws/install/xsm_msg/include/xsm_msg/xsm_msg/msg/detail/hwrev__rosidl_typesupport_introspection_cpp.hpp
[1.657s] -- Up-to-date: /home/xsm/R1_ws/install/xsm_msg/lib/libxsm_msg__rosidl_typesupport_introspection_cpp.so
[1.657s] -- Up-to-date: /home/xsm/R1_ws/install/xsm_msg/lib/libxsm_msg__rosidl_typesupport_cpp.so
[1.657s] -- Up-to-date: /home/xsm/R1_ws/install/xsm_msg/share/xsm_msg/environment/pythonpath.sh
[1.657s] -- Installing: /home/xsm/R1_ws/install/xsm_msg/share/xsm_msg/environment/pythonpath.dsv
[1.658s] -- Up-to-date: /home/xsm/R1_ws/install/xsm_msg/local/lib/python3.10/dist-packages/xsm_msg-0.0.0-py3.10.egg-info
[1.658s] -- Installing: /home/xsm/R1_ws/install/xsm_msg/local/lib/python3.10/dist-packages/xsm_msg-0.0.0-py3.10.egg-info/PKG-INFO
[1.658s] -- Installing: /home/xsm/R1_ws/install/xsm_msg/local/lib/python3.10/dist-packages/xsm_msg-0.0.0-py3.10.egg-info/SOURCES.txt
[1.658s] -- Installing: /home/xsm/R1_ws/install/xsm_msg/local/lib/python3.10/dist-packages/xsm_msg-0.0.0-py3.10.egg-info/dependency_links.txt
[1.658s] -- Installing: /home/xsm/R1_ws/install/xsm_msg/local/lib/python3.10/dist-packages/xsm_msg-0.0.0-py3.10.egg-info/top_level.txt
[1.658s] -- Up-to-date: /home/xsm/R1_ws/install/xsm_msg/local/lib/python3.10/dist-packages/xsm_msg
[1.658s] -- Up-to-date: /home/xsm/R1_ws/install/xsm_msg/local/lib/python3.10/dist-packages/xsm_msg/_xsm_msg_s.ep.rosidl_typesupport_introspection_c.c
[1.658s] -- Installing: /home/xsm/R1_ws/install/xsm_msg/local/lib/python3.10/dist-packages/xsm_msg/__init__.py
[1.658s] -- Up-to-date: /home/xsm/R1_ws/install/xsm_msg/local/lib/python3.10/dist-packages/xsm_msg/xsm_msg_s__rosidl_typesupport_c.cpython-310-x86_64-linux-gnu.so
[1.658s] -- Up-to-date: /home/xsm/R1_ws/install/xsm_msg/local/lib/python3.10/dist-packages/xsm_msg/libxsm_msg__rosidl_generator_py.so
[1.658s] -- Up-to-date: /home/xsm/R1_ws/install/xsm_msg/local/lib/python3.10/dist-packages/xsm_msg/xsm_msg_s__rosidl_typesupport_introspection_c.cpython-310-x86_64-linux-gnu.so
[1.658s] -- Up-to-date: /home/xsm/R1_ws/install/xsm_msg/local/lib/python3.10/dist-packages/xsm_msg/msg
[1.658s] -- Up-to-date: /home/xsm/R1_ws/install/xsm_msg/local/lib/python3.10/dist-packages/xsm_msg/msg/__init__.py
[1.658s] -- Up-to-date: /home/xsm/R1_ws/install/xsm_msg/local/lib/python3.10/dist-packages/xsm_msg/msg/_path.py
[1.659s] -- Up-to-date: /home/xsm/R1_ws/install/xsm_msg/local/lib/python3.10/dist-packages/xsm_msg/msg/_hwrev.py
[1.659s] -- Up-to-date: /home/xsm/R1_ws/install/xsm_msg/local/lib/python3.10/dist-packages/xsm_msg/msg/_hwrev_s.c
[1.659s] -- Up-to-date: /home/xsm/R1_ws/install/xsm_msg/local/lib/python3.10/dist-packages/xsm_msg/msg/_path_s.c
[1.659s] -- Up-to-date: /home/xsm/R1_ws/install/xsm_msg/local/lib/python3.10/dist-packages/xsm_msg/_xsm_msg_s.ep.rosidl_typesupport_c.c
[1.659s] -- Up-to-date: /home/xsm/R1_ws/install/xsm_msg/local/lib/python3.10/dist-packages/xsm_msg/_xsm_msg_s.ep.rosidl_typesupport_fastrtps_c.c
[1.659s] -- Up-to-date: /home/xsm/R1_ws/install/xsm_msg/local/lib/python3.10/dist-packages/xsm_msg/xsm_msg_s__rosidl_typesupport_fastrtps_c.cpython-310-x86_64-linux-gnu.so
[1.687s] Listing '/home/xsm/R1_ws/install/xsm_msg/local/lib/python3.10/dist-packages/xsm_msg'...
[1.687s] Compiling '/home/xsm/R1_ws/install/xsm_msg/local/lib/python3.10/dist-packages/xsm_msg/__init__.py'...
[1.687s] Listing '/home/xsm/R1_ws/install/xsm_msg/local/lib/python3.10/dist-packages/xsm_msg/msg'...
[1.692s] -- Up-to-date: /home/xsm/R1_ws/install/xsm_msg/local/lib/python3.10/dist-packages/xsm_msg/xsm_msg_s__rosidl_typesupport_fastrtps_c.cpython-310-x86_64-linux-gnu.so
[1.692s] -- Up-to-date: /home/xsm/R1_ws/install/xsm_msg/local/lib/python3.10/dist-packages/xsm_msg/xsm_msg_s__rosidl_typesupport_introspection_c.cpython-310-x86_64-linux-gnu.so
[1.692s] -- Up-to-date: /home/xsm/R1_ws/install/xsm_msg/local/lib/python3.10/dist-packages/xsm_msg/xsm_msg_s__rosidl_typesupport_c.cpython-310-x86_64-linux-gnu.so
[1.692s] -- Up-to-date: /home/xsm/R1_ws/install/xsm_msg/lib/libxsm_msg__rosidl_generator_py.so
[1.692s] -- Up-to-date: /home/xsm/R1_ws/install/xsm_msg/share/xsm_msg/msg/Hwrev.idl
[1.692s] -- Up-to-date: /home/xsm/R1_ws/install/xsm_msg/share/xsm_msg/msg/Path.idl
[1.693s] -- Up-to-date: /home/xsm/R1_ws/install/xsm_msg/share/xsm_msg/msg/Hwrev.msg
[1.693s] -- Up-to-date: /home/xsm/R1_ws/install/xsm_msg/share/xsm_msg/msg/Path.msg
[1.693s] -- Up-to-date: /home/xsm/R1_ws/install/xsm_msg/share/ament_index/resource_index/package_run_dependencies/xsm_msg
[1.693s] -- Up-to-date: /home/xsm/R1_ws/install/xsm_msg/share/ament_index/resource_index/parent_prefix_path/xsm_msg
[1.693s] -- Up-to-date: /home/xsm/R1_ws/install/xsm_msg/share/xsm_msg/environment/ament_prefix_path.sh
[1.693s] -- Installing: /home/xsm/R1_ws/install/xsm_msg/share/xsm_msg/environment/ament_prefix_path.dsv
[1.693s] -- Up-to-date: /home/xsm/R1_ws/install/xsm_msg/share/xsm_msg/environment/path.sh
[1.693s] -- Installing: /home/xsm/R1_ws/install/xsm_msg/share/xsm_msg/environment/path.dsv
[1.693s] -- Up-to-date: /home/xsm/R1_ws/install/xsm_msg/share/xsm_msg/local_setup.bash
[1.693s] -- Up-to-date: /home/xsm/R1_ws/install/xsm_msg/share/xsm_msg/local_setup.sh
[1.693s] -- Up-to-date: /home/xsm/R1_ws/install/xsm_msg/share/xsm_msg/local_setup.zsh
[1.693s] -- Installing: /home/xsm/R1_ws/install/xsm_msg/share/xsm_msg/local_setup.dsv
[1.693s] -- Installing: /home/xsm/R1_ws/install/xsm_msg/share/xsm_msg/package.dsv
[1.694s] -- Up-to-date: /home/xsm/R1_ws/install/xsm_msg/share/ament_index/resource_index/packages/xsm_msg
[1.694s] -- Up-to-date: /home/xsm/R1_ws/install/xsm_msg/share/xsm_msg/cmake/export_xsm_msg__rosidl_generator_cExport.cmake
[1.694s] -- Up-to-date: /home/xsm/R1_ws/install/xsm_msg/share/xsm_msg/cmake/export_xsm_msg__rosidl_generator_cExport-noconfig.cmake
[1.694s] -- Up-to-date: /home/xsm/R1_ws/install/xsm_msg/share/xsm_msg/cmake/export_xsm_msg__rosidl_typesupport_fastrtps_cExport.cmake
[1.694s] -- Up-to-date: /home/xsm/R1_ws/install/xsm_msg/share/xsm_msg/cmake/export_xsm_msg__rosidl_typesupport_fastrtps_cExport-noconfig.cmake
[1.694s] -- Up-to-date: /home/xsm/R1_ws/install/xsm_msg/share/xsm_msg/cmake/xsm_msg__rosidl_typesupport_introspection_cExport.cmake
[1.694s] -- Up-to-date: /home/xsm/R1_ws/install/xsm_msg/share/xsm_msg/cmake/xsm_msg__rosidl_typesupport_introspection_cExport-noconfig.cmake
[1.694s] -- Up-to-date: /home/xsm/R1_ws/install/xsm_msg/share/xsm_msg/cmake/xsm_msg__rosidl_typesupport_cExport.cmake
[1.694s] -- Up-to-date: /home/xsm/R1_ws/install/xsm_msg/share/xsm_msg/cmake/xsm_msg__rosidl_typesupport_cExport-noconfig.cmake
[1.694s] -- Up-to-date: /home/xsm/R1_ws/install/xsm_msg/share/xsm_msg/cmake/export_xsm_msg__rosidl_generator_cppExport.cmake
[1.694s] -- Up-to-date: /home/xsm/R1_ws/install/xsm_msg/share/xsm_msg/cmake/export_xsm_msg__rosidl_typesupport_fastrtps_cppExport.cmake
[1.694s] -- Up-to-date: /home/xsm/R1_ws/install/xsm_msg/share/xsm_msg/cmake/export_xsm_msg__rosidl_typesupport_fastrtps_cppExport-noconfig.cmake
[1.694s] -- Up-to-date: /home/xsm/R1_ws/install/xsm_msg/share/xsm_msg/cmake/xsm_msg__rosidl_typesupport_introspection_cppExport.cmake
[1.694s] -- Up-to-date: /home/xsm/R1_ws/install/xsm_msg/share/xsm_msg/cmake/xsm_msg__rosidl_typesupport_introspection_cppExport-noconfig.cmake
[1.694s] -- Up-to-date: /home/xsm/R1_ws/install/xsm_msg/share/xsm_msg/cmake/xsm_msg__rosidl_typesupport_cppExport.cmake
[1.694s] -- Up-to-date: /home/xsm/R1_ws/install/xsm_msg/share/xsm_msg/cmake/xsm_msg__rosidl_typesupport_cppExport-noconfig.cmake
[1.694s] -- Up-to-date: /home/xsm/R1_ws/install/xsm_msg/share/xsm_msg/cmake/export_xsm_msg__rosidl_generator_pyExport.cmake
[1.695s] -- Up-to-date: /home/xsm/R1_ws/install/xsm_msg/share/xsm_msg/cmake/export_xsm_msg__rosidl_generator_pyExport-noconfig.cmake
[1.695s] -- Up-to-date: /home/xsm/R1_ws/install/xsm_msg/share/xsm_msg/cmake/rosidl_cmake-extras.cmake
[1.695s] -- Up-to-date: /home/xsm/R1_ws/install/xsm_msg/share/xsm_msg/cmake/ament_cmake_export_include_directories-extras.cmake
[1.695s] -- Up-to-date: /home/xsm/R1_ws/install/xsm_msg/share/xsm_msg/cmake/ament_cmake_export_libraries-extras.cmake
[1.695s] -- Up-to-date: /home/xsm/R1_ws/install/xsm_msg/share/xsm_msg/cmake/ament_cmake_export_targets-extras.cmake
[1.695s] -- Up-to-date: /home/xsm/R1_ws/install/xsm_msg/share/xsm_msg/cmake/rosidl_cmake_export_typesupport_targets-extras.cmake
[1.695s] -- Up-to-date: /home/xsm/R1_ws/install/xsm_msg/share/xsm_msg/cmake/ament_cmake_export_dependencies-extras.cmake
[1.695s] -- Up-to-date: /home/xsm/R1_ws/install/xsm_msg/share/xsm_msg/cmake/rosidl_cmake_export_typesupport_libraries-extras.cmake
[1.695s] -- Up-to-date: /home/xsm/R1_ws/install/xsm_msg/share/xsm_msg/cmake/xsm_msgConfig.cmake
[1.695s] -- Up-to-date: /home/xsm/R1_ws/install/xsm_msg/share/xsm_msg/cmake/xsm_msgConfig-version.cmake
[1.695s] -- Up-to-date: /home/xsm/R1_ws/install/xsm_msg/share/xsm_msg/package.xml
[1.698s] Invoked command in '/home/xsm/R1_ws/build/xsm_msg' returned '0': CMAKE_PREFIX_PATH=${CMAKE_PREFIX_PATH}:/home/xsm/R1_ws/install/gui_pkg:/opt/ros/humble /usr/bin/cmake --install /home/xsm/R1_ws/build/xsm_msg
