[0.018s] Invoking command in '/home/xsm/R1_ws/build/armForwardkinematics': CMAKE_PREFIX_PATH=/home/xsm/R1_ws/install/mit_msgs:/home/xsm/R1_ws/install/xsmmsg:/home/xsm/R1_ws/install/xsm_msg:/home/xsm/R1_ws/install/optimal_control_problem:/home/xsm/R1_ws/install/arm_dynamics_hw:/home/xsm/R1_ws/install/armForwardkinematics:/home/xsm/R1_ws/install/lock_utils:/home/xsm/R1_ws/install/gui_pkg:/opt/ros/humble LD_LIBRARY_PATH=/home/xsm/R1_ws/install/mit_msgs/lib:/home/xsm/R1_ws/install/xsmmsg/lib:/home/xsm/R1_ws/install/xsm_msg/lib:/home/xsm/R1_ws/install/optimal_control_problem/lib:/home/xsm/R1_ws/install/lock_utils/lib:/usr/lib/x86_64-linux-gnu/gazebo-11/plugins:/opt/ros/humble/opt/rviz_ogre_vendor/lib:/opt/ros/humble/lib/x86_64-linux-gnu:/opt/ros/humble/lib:/usr/share/gazebo/../../lib/x86_64-linux-gnu/gazebo-11/plugins:/usr/lib/nvidia:/usr/share/gazebo/../../lib/x86_64-linux-gnu/gazebo-11/plugins:/usr/share/gazebo/../../lib/x86_64-linux-gnu/gazebo-11/plugins:/usr/lib/nvidia /usr/bin/cmake --build /home/xsm/R1_ws/build/armForwardkinematics -- -j16 -l16
[0.090s] [35m[1mConsolidate compiler generated dependencies of target pino_armkine_node[0m
[0.159s] [ 14%] [32mBuilding CXX object CMakeFiles/pino_armkine_node.dir/source/ForwardkinematicsT/FT_method.cpp.o[0m
[4.777s] [01m[K/home/xsm/R1_ws/src/armForwardkinematics/source/ForwardkinematicsT/FT_method.cpp:[m[K In member function ‘[01m[KEigen::Matrix3d FT_method::generateM(Eigen::Vector3d)[m[K’:
[4.777s] [01m[K/home/xsm/R1_ws/src/armForwardkinematics/source/ForwardkinematicsT/FT_method.cpp:35:12:[m[K [01;35m[Kwarning: [m[Kunused variable ‘[01m[Kq1[m[K’ [[01;35m[K]8;;https://gcc.gnu.org/onlinedocs/gcc/Warning-Options.html#index-Wunused-variable-Wunused-variable]8;;[m[K]
[4.777s]    35 |     double [01;35m[Kq1[m[K = q_0(0);
[4.777s]       |            [01;35m[K^~[m[K
[4.777s] [01m[K/home/xsm/R1_ws/src/armForwardkinematics/source/ForwardkinematicsT/FT_method.cpp:[m[K In member function ‘[01m[KEigen::Vector3d FT_method::generateC(Eigen::Vector3d, Eigen::Vector3d)[m[K’:
[4.777s] [01m[K/home/xsm/R1_ws/src/armForwardkinematics/source/ForwardkinematicsT/FT_method.cpp:64:12:[m[K [01;35m[Kwarning: [m[Kunused variable ‘[01m[Kq1[m[K’ [[01;35m[K]8;;https://gcc.gnu.org/onlinedocs/gcc/Warning-Options.html#index-Wunused-variable-Wunused-variable]8;;[m[K]
[4.778s]    64 |     double [01;35m[Kq1[m[K = q_0(0);
[4.778s]       |            [01;35m[K^~[m[K
[13.730s] [ 28%] [32m[1mLinking CXX executable pino_armkine_node[0m
[14.229s] [100%] Built target pino_armkine_node
[14.241s] Invoked command in '/home/xsm/R1_ws/build/armForwardkinematics' returned '0': CMAKE_PREFIX_PATH=/home/xsm/R1_ws/install/mit_msgs:/home/xsm/R1_ws/install/xsmmsg:/home/xsm/R1_ws/install/xsm_msg:/home/xsm/R1_ws/install/optimal_control_problem:/home/xsm/R1_ws/install/arm_dynamics_hw:/home/xsm/R1_ws/install/armForwardkinematics:/home/xsm/R1_ws/install/lock_utils:/home/xsm/R1_ws/install/gui_pkg:/opt/ros/humble LD_LIBRARY_PATH=/home/xsm/R1_ws/install/mit_msgs/lib:/home/xsm/R1_ws/install/xsmmsg/lib:/home/xsm/R1_ws/install/xsm_msg/lib:/home/xsm/R1_ws/install/optimal_control_problem/lib:/home/xsm/R1_ws/install/lock_utils/lib:/usr/lib/x86_64-linux-gnu/gazebo-11/plugins:/opt/ros/humble/opt/rviz_ogre_vendor/lib:/opt/ros/humble/lib/x86_64-linux-gnu:/opt/ros/humble/lib:/usr/share/gazebo/../../lib/x86_64-linux-gnu/gazebo-11/plugins:/usr/lib/nvidia:/usr/share/gazebo/../../lib/x86_64-linux-gnu/gazebo-11/plugins:/usr/share/gazebo/../../lib/x86_64-linux-gnu/gazebo-11/plugins:/usr/lib/nvidia /usr/bin/cmake --build /home/xsm/R1_ws/build/armForwardkinematics -- -j16 -l16
[14.328s] Invoking command in '/home/xsm/R1_ws/build/armForwardkinematics': CMAKE_PREFIX_PATH=/home/xsm/R1_ws/install/mit_msgs:/home/xsm/R1_ws/install/xsmmsg:/home/xsm/R1_ws/install/xsm_msg:/home/xsm/R1_ws/install/optimal_control_problem:/home/xsm/R1_ws/install/arm_dynamics_hw:/home/xsm/R1_ws/install/armForwardkinematics:/home/xsm/R1_ws/install/lock_utils:/home/xsm/R1_ws/install/gui_pkg:/opt/ros/humble LD_LIBRARY_PATH=/home/xsm/R1_ws/install/mit_msgs/lib:/home/xsm/R1_ws/install/xsmmsg/lib:/home/xsm/R1_ws/install/xsm_msg/lib:/home/xsm/R1_ws/install/optimal_control_problem/lib:/home/xsm/R1_ws/install/lock_utils/lib:/usr/lib/x86_64-linux-gnu/gazebo-11/plugins:/opt/ros/humble/opt/rviz_ogre_vendor/lib:/opt/ros/humble/lib/x86_64-linux-gnu:/opt/ros/humble/lib:/usr/share/gazebo/../../lib/x86_64-linux-gnu/gazebo-11/plugins:/usr/lib/nvidia:/usr/share/gazebo/../../lib/x86_64-linux-gnu/gazebo-11/plugins:/usr/share/gazebo/../../lib/x86_64-linux-gnu/gazebo-11/plugins:/usr/lib/nvidia /usr/bin/cmake --install /home/xsm/R1_ws/build/armForwardkinematics
[14.337s] -- Install configuration: ""
[14.337s] -- Installing: /home/xsm/R1_ws/install/armForwardkinematics/lib/armForwardkinematics/pino_armkine_node
[14.344s] -- Set runtime path of "/home/xsm/R1_ws/install/armForwardkinematics/lib/armForwardkinematics/pino_armkine_node" to ""
[14.344s] -- Up-to-date: /home/xsm/R1_ws/install/armForwardkinematics/share/armForwardkinematics/launch
[14.344s] -- Up-to-date: /home/xsm/R1_ws/install/armForwardkinematics/share/armForwardkinematics/launch/armInv.py
[14.344s] -- Up-to-date: /home/xsm/R1_ws/install/armForwardkinematics/share/armForwardkinematics//config
[14.344s] -- Up-to-date: /home/xsm/R1_ws/install/armForwardkinematics/share/armForwardkinematics//config/config.yaml
[14.344s] -- Up-to-date: /home/xsm/R1_ws/install/armForwardkinematics/share/ament_index/resource_index/package_run_dependencies/armForwardkinematics
[14.344s] -- Up-to-date: /home/xsm/R1_ws/install/armForwardkinematics/share/ament_index/resource_index/parent_prefix_path/armForwardkinematics
[14.345s] -- Up-to-date: /home/xsm/R1_ws/install/armForwardkinematics/share/armForwardkinematics/environment/ament_prefix_path.sh
[14.345s] -- Up-to-date: /home/xsm/R1_ws/install/armForwardkinematics/share/armForwardkinematics/environment/ament_prefix_path.dsv
[14.345s] -- Up-to-date: /home/xsm/R1_ws/install/armForwardkinematics/share/armForwardkinematics/environment/path.sh
[14.345s] -- Up-to-date: /home/xsm/R1_ws/install/armForwardkinematics/share/armForwardkinematics/environment/path.dsv
[14.345s] -- Up-to-date: /home/xsm/R1_ws/install/armForwardkinematics/share/armForwardkinematics/local_setup.bash
[14.345s] -- Up-to-date: /home/xsm/R1_ws/install/armForwardkinematics/share/armForwardkinematics/local_setup.sh
[14.345s] -- Up-to-date: /home/xsm/R1_ws/install/armForwardkinematics/share/armForwardkinematics/local_setup.zsh
[14.345s] -- Up-to-date: /home/xsm/R1_ws/install/armForwardkinematics/share/armForwardkinematics/local_setup.dsv
[14.345s] -- Installing: /home/xsm/R1_ws/install/armForwardkinematics/share/armForwardkinematics/package.dsv
[14.345s] -- Up-to-date: /home/xsm/R1_ws/install/armForwardkinematics/share/ament_index/resource_index/packages/armForwardkinematics
[14.345s] -- Up-to-date: /home/xsm/R1_ws/install/armForwardkinematics/share/armForwardkinematics/cmake/armForwardkinematicsConfig.cmake
[14.345s] -- Up-to-date: /home/xsm/R1_ws/install/armForwardkinematics/share/armForwardkinematics/cmake/armForwardkinematicsConfig-version.cmake
[14.345s] -- Up-to-date: /home/xsm/R1_ws/install/armForwardkinematics/share/armForwardkinematics/package.xml
[14.347s] Invoked command in '/home/xsm/R1_ws/build/armForwardkinematics' returned '0': CMAKE_PREFIX_PATH=/home/xsm/R1_ws/install/mit_msgs:/home/xsm/R1_ws/install/xsmmsg:/home/xsm/R1_ws/install/xsm_msg:/home/xsm/R1_ws/install/optimal_control_problem:/home/xsm/R1_ws/install/arm_dynamics_hw:/home/xsm/R1_ws/install/armForwardkinematics:/home/xsm/R1_ws/install/lock_utils:/home/xsm/R1_ws/install/gui_pkg:/opt/ros/humble LD_LIBRARY_PATH=/home/xsm/R1_ws/install/mit_msgs/lib:/home/xsm/R1_ws/install/xsmmsg/lib:/home/xsm/R1_ws/install/xsm_msg/lib:/home/xsm/R1_ws/install/optimal_control_problem/lib:/home/xsm/R1_ws/install/lock_utils/lib:/usr/lib/x86_64-linux-gnu/gazebo-11/plugins:/opt/ros/humble/opt/rviz_ogre_vendor/lib:/opt/ros/humble/lib/x86_64-linux-gnu:/opt/ros/humble/lib:/usr/share/gazebo/../../lib/x86_64-linux-gnu/gazebo-11/plugins:/usr/lib/nvidia:/usr/share/gazebo/../../lib/x86_64-linux-gnu/gazebo-11/plugins:/usr/share/gazebo/../../lib/x86_64-linux-gnu/gazebo-11/plugins:/usr/lib/nvidia /usr/bin/cmake --install /home/xsm/R1_ws/build/armForwardkinematics
