[0.019s] Invoking command in '/home/xsm/R1_ws/build/mit_msgs': CMAKE_PREFIX_PATH=${CMAKE_PREFIX_PATH}:/home/xsm/R1_ws/install/gui_pkg:/opt/ros/humble /usr/bin/cmake /home/xsm/R1_ws/src/public/mit_msgs -DAMENT_CMAKE_SYMLINK_INSTALL=1 -DCMAKE_INSTALL_PREFIX=/home/xsm/R1_ws/install/mit_msgs
[0.083s] -- The C compiler identification is GNU 11.4.0
[0.139s] -- The CXX compiler identification is GNU 11.4.0
[0.147s] -- Detecting C compiler ABI info
[0.234s] -- Detecting C compiler ABI info - done
[0.239s] -- Check for working C compiler: /usr/bin/cc - skipped
[0.239s] -- Detecting C compile features
[0.239s] -- Detecting C compile features - done
[0.242s] -- Detecting CXX compiler ABI info
[0.341s] -- Detecting CXX compiler ABI info - done
[0.347s] -- Check for working CXX compiler: /usr/bin/c++ - skipped
[0.347s] -- Detecting CXX compile features
[0.348s] -- Detecting CXX compile features - done
[0.350s] -- Found ament_cmake: 1.3.10 (/opt/ros/humble/share/ament_cmake/cmake)
[0.539s] -- Found Python3: /usr/bin/python3 (found version "3.10.12") found components: Interpreter 
[0.600s] -- Override CMake install command with custom implementation using symlinks instead of copying resources
[0.632s] -- Found geometry_msgs: 4.2.4 (/opt/ros/humble/share/geometry_msgs/cmake)
[0.667s] -- Found rosidl_generator_c: 3.1.5 (/opt/ros/humble/share/rosidl_generator_c/cmake)
[0.672s] -- Found rosidl_adapter: 3.1.5 (/opt/ros/humble/share/rosidl_adapter/cmake)
[0.680s] -- Found rosidl_generator_cpp: 3.1.5 (/opt/ros/humble/share/rosidl_generator_cpp/cmake)
[0.690s] -- Using all available rosidl_typesupport_c: rosidl_typesupport_fastrtps_c;rosidl_typesupport_introspection_c
[0.705s] -- Using all available rosidl_typesupport_cpp: rosidl_typesupport_fastrtps_cpp;rosidl_typesupport_introspection_cpp
[0.736s] -- Found sensor_msgs: 4.2.4 (/opt/ros/humble/share/sensor_msgs/cmake)
[0.750s] -- Found rosidl_default_generators: 1.2.0 (/opt/ros/humble/share/rosidl_default_generators/cmake)
[1.083s] -- Found ament_cmake_ros: 0.10.0 (/opt/ros/humble/share/ament_cmake_ros/cmake)
[1.635s] -- Using all available rosidl_typesupport_c: rosidl_typesupport_fastrtps_c;rosidl_typesupport_introspection_c
[1.847s] -- Using all available rosidl_typesupport_cpp: rosidl_typesupport_fastrtps_cpp;rosidl_typesupport_introspection_cpp
[1.880s] -- Found PythonInterp: /usr/bin/python3 (found suitable version "3.10.12", minimum required is "3.6") 
[1.882s] -- Found python_cmake_module: 0.10.0 (/opt/ros/humble/share/python_cmake_module/cmake)
[1.918s] -- Found PythonLibs: /usr/lib/x86_64-linux-gnu/libpython3.10.so (found suitable version "3.10.12", minimum required is "3.5") 
[1.918s] -- Using PYTHON_EXECUTABLE: /usr/bin/python3
[1.918s] -- Using PYTHON_INCLUDE_DIRS: /usr/include/python3.10
[1.918s] -- Using PYTHON_LIBRARIES: /usr/lib/x86_64-linux-gnu/libpython3.10.so
[1.945s] -- Found PythonExtra: .so  
[2.023s] -- Configuring done
[2.057s] -- Generating done
[2.059s] -- Build files have been written to: /home/xsm/R1_ws/build/mit_msgs
[2.071s] Invoked command in '/home/xsm/R1_ws/build/mit_msgs' returned '0': CMAKE_PREFIX_PATH=${CMAKE_PREFIX_PATH}:/home/xsm/R1_ws/install/gui_pkg:/opt/ros/humble /usr/bin/cmake /home/xsm/R1_ws/src/public/mit_msgs -DAMENT_CMAKE_SYMLINK_INSTALL=1 -DCMAKE_INSTALL_PREFIX=/home/xsm/R1_ws/install/mit_msgs
[2.072s] Invoking command in '/home/xsm/R1_ws/build/mit_msgs': CMAKE_PREFIX_PATH=${CMAKE_PREFIX_PATH}:/home/xsm/R1_ws/install/gui_pkg:/opt/ros/humble /usr/bin/cmake --build /home/xsm/R1_ws/build/mit_msgs -- -j16 -l16
[2.133s] [  2%] [34m[1mGenerating C code for ROS interfaces[0m
[2.150s] [  4%] [34m[1mGenerating C++ code for ROS interfaces[0m
[2.163s] [  4%] Built target ament_cmake_python_symlink_mit_msgs
[2.373s] running egg_info
[2.374s] creating mit_msgs.egg-info
[2.374s] writing mit_msgs.egg-info/PKG-INFO
[2.374s] writing dependency_links to mit_msgs.egg-info/dependency_links.txt
[2.374s] writing top-level names to mit_msgs.egg-info/top_level.txt
[2.374s] writing manifest file 'mit_msgs.egg-info/SOURCES.txt'
[2.376s] reading manifest file 'mit_msgs.egg-info/SOURCES.txt'
[2.376s] writing manifest file 'mit_msgs.egg-info/SOURCES.txt'
[2.415s] [  4%] Built target ament_cmake_python_build_mit_msgs_egg
[2.475s] [  4%] Built target mit_msgs__cpp
[2.480s] [  6%] [32mBuilding C object CMakeFiles/mit_msgs__rosidl_generator_c.dir/rosidl_generator_c/mit_msgs/msg/detail/mit_joint_commands__functions.c.o[0m
[2.481s] [  8%] [32mBuilding C object CMakeFiles/mit_msgs__rosidl_generator_c.dir/rosidl_generator_c/mit_msgs/msg/detail/mit_joint_command__functions.c.o[0m
[2.482s] [ 10%] [32mBuilding C object CMakeFiles/mit_msgs__rosidl_generator_c.dir/rosidl_generator_c/mit_msgs/msg/detail/mit_low_state__functions.c.o[0m
[2.494s] [ 14%] [34m[1mGenerating C++ introspection for ROS interfaces[0m
[2.494s] [ 17%] [34m[1mGenerating C++ type support for eProsima Fast-RTPS[0m
[2.495s] [ 17%] [34m[1mGenerating C++ type support dispatch for ROS interfaces[0m
[2.549s] [ 19%] [32m[1mLinking C shared library libmit_msgs__rosidl_generator_c.so[0m
[2.601s] [ 19%] Built target mit_msgs__rosidl_generator_c
[2.618s] [ 25%] [34m[1mGenerating C type support dispatch for ROS interfaces[0m
[2.618s] [ 25%] [34m[1mGenerating C introspection for ROS interfaces[0m
[2.618s] [ 25%] [34m[1mGenerating C type support for eProsima Fast-RTPS[0m
[2.769s] [ 27%] [32mBuilding CXX object CMakeFiles/mit_msgs__rosidl_typesupport_cpp.dir/rosidl_typesupport_cpp/mit_msgs/msg/mit_joint_command__type_support.cpp.o[0m
[2.769s] [ 29%] [32mBuilding CXX object CMakeFiles/mit_msgs__rosidl_typesupport_cpp.dir/rosidl_typesupport_cpp/mit_msgs/msg/mit_joint_commands__type_support.cpp.o[0m
[2.769s] [ 31%] [32mBuilding CXX object CMakeFiles/mit_msgs__rosidl_typesupport_cpp.dir/rosidl_typesupport_cpp/mit_msgs/msg/mit_low_state__type_support.cpp.o[0m
[2.812s] [ 36%] [32mBuilding CXX object CMakeFiles/mit_msgs__rosidl_typesupport_introspection_cpp.dir/rosidl_typesupport_introspection_cpp/mit_msgs/msg/detail/mit_joint_commands__type_support.cpp.o[0m
[2.813s] [ 36%] [32mBuilding CXX object CMakeFiles/mit_msgs__rosidl_typesupport_introspection_cpp.dir/rosidl_typesupport_introspection_cpp/mit_msgs/msg/detail/mit_low_state__type_support.cpp.o[0m
[2.813s] [ 38%] [32mBuilding CXX object CMakeFiles/mit_msgs__rosidl_typesupport_introspection_cpp.dir/rosidl_typesupport_introspection_cpp/mit_msgs/msg/detail/mit_joint_command__type_support.cpp.o[0m
[2.831s] [ 44%] [32mBuilding CXX object CMakeFiles/mit_msgs__rosidl_typesupport_fastrtps_cpp.dir/rosidl_typesupport_fastrtps_cpp/mit_msgs/msg/detail/dds_fastrtps/mit_low_state__type_support.cpp.o[0m
[2.831s] [ 44%] [32mBuilding CXX object CMakeFiles/mit_msgs__rosidl_typesupport_fastrtps_cpp.dir/rosidl_typesupport_fastrtps_cpp/mit_msgs/msg/detail/dds_fastrtps/mit_joint_commands__type_support.cpp.o[0m
[2.831s] [ 44%] [32mBuilding CXX object CMakeFiles/mit_msgs__rosidl_typesupport_fastrtps_cpp.dir/rosidl_typesupport_fastrtps_cpp/mit_msgs/msg/detail/dds_fastrtps/mit_joint_command__type_support.cpp.o[0m
[2.987s] [ 46%] [32mBuilding CXX object CMakeFiles/mit_msgs__rosidl_typesupport_c.dir/rosidl_typesupport_c/mit_msgs/msg/mit_low_state__type_support.cpp.o[0m
[2.987s] [ 48%] [32mBuilding CXX object CMakeFiles/mit_msgs__rosidl_typesupport_c.dir/rosidl_typesupport_c/mit_msgs/msg/mit_joint_commands__type_support.cpp.o[0m
[2.988s] [ 51%] [32mBuilding CXX object CMakeFiles/mit_msgs__rosidl_typesupport_c.dir/rosidl_typesupport_c/mit_msgs/msg/mit_joint_command__type_support.cpp.o[0m
[3.033s] [ 53%] [32mBuilding CXX object CMakeFiles/mit_msgs__rosidl_typesupport_fastrtps_c.dir/rosidl_typesupport_fastrtps_c/mit_msgs/msg/detail/mit_joint_command__type_support_c.cpp.o[0m
[3.033s] [ 55%] [32mBuilding CXX object CMakeFiles/mit_msgs__rosidl_typesupport_fastrtps_c.dir/rosidl_typesupport_fastrtps_c/mit_msgs/msg/detail/mit_joint_commands__type_support_c.cpp.o[0m
[3.044s] [ 57%] [32mBuilding CXX object CMakeFiles/mit_msgs__rosidl_typesupport_fastrtps_c.dir/rosidl_typesupport_fastrtps_c/mit_msgs/msg/detail/mit_low_state__type_support_c.cpp.o[0m
[3.068s] [ 59%] [32m[1mLinking CXX shared library libmit_msgs__rosidl_typesupport_c.so[0m
[3.095s] [ 61%] [32mBuilding C object CMakeFiles/mit_msgs__rosidl_typesupport_introspection_c.dir/rosidl_typesupport_introspection_c/mit_msgs/msg/detail/mit_joint_command__type_support.c.o[0m
[3.096s] [ 65%] [32mBuilding C object CMakeFiles/mit_msgs__rosidl_typesupport_introspection_c.dir/rosidl_typesupport_introspection_c/mit_msgs/msg/detail/mit_joint_commands__type_support.c.o[0m
[3.096s] [ 65%] [32mBuilding C object CMakeFiles/mit_msgs__rosidl_typesupport_introspection_c.dir/rosidl_typesupport_introspection_c/mit_msgs/msg/detail/mit_low_state__type_support.c.o[0m
[3.195s] [ 68%] [32m[1mLinking CXX shared library libmit_msgs__rosidl_typesupport_cpp.so[0m
[3.198s] [ 68%] Built target mit_msgs__rosidl_typesupport_c
[3.207s] [ 70%] [32m[1mLinking C shared library libmit_msgs__rosidl_typesupport_introspection_c.so[0m
[3.297s] [ 70%] Built target mit_msgs__rosidl_typesupport_cpp
[3.299s] [ 70%] Built target mit_msgs__rosidl_typesupport_introspection_c
[3.424s] [ 72%] [32m[1mLinking CXX shared library libmit_msgs__rosidl_typesupport_fastrtps_cpp.so[0m
[3.441s] [ 74%] [32m[1mLinking CXX shared library libmit_msgs__rosidl_typesupport_introspection_cpp.so[0m
[3.504s] [ 76%] [32m[1mLinking CXX shared library libmit_msgs__rosidl_typesupport_fastrtps_c.so[0m
[3.548s] [ 76%] Built target mit_msgs__rosidl_typesupport_fastrtps_cpp
[3.563s] [ 76%] Built target mit_msgs__rosidl_typesupport_introspection_cpp
[3.606s] [ 76%] Built target mit_msgs__rosidl_typesupport_fastrtps_c
[3.640s] [ 76%] Built target mit_msgs
[3.672s] [ 78%] [34m[1mGenerating Python code for ROS interfaces[0m
[4.052s] [ 78%] Built target mit_msgs__py
[4.086s] [ 85%] [32mBuilding C object CMakeFiles/mit_msgs__rosidl_generator_py.dir/rosidl_generator_py/mit_msgs/msg/_mit_joint_command_s.c.o[0m
[4.087s] [ 85%] [32mBuilding C object CMakeFiles/mit_msgs__rosidl_generator_py.dir/rosidl_generator_py/mit_msgs/msg/_mit_joint_commands_s.c.o[0m
[4.087s] [ 85%] [32mBuilding C object CMakeFiles/mit_msgs__rosidl_generator_py.dir/rosidl_generator_py/mit_msgs/msg/_mit_low_state_s.c.o[0m
[4.200s] [ 87%] [32m[1mLinking C shared library rosidl_generator_py/mit_msgs/libmit_msgs__rosidl_generator_py.so[0m
[4.255s] [ 87%] Built target mit_msgs__rosidl_generator_py
[4.286s] [ 93%] [32mBuilding C object CMakeFiles/mit_msgs__rosidl_typesupport_fastrtps_c__pyext.dir/rosidl_generator_py/mit_msgs/_mit_msgs_s.ep.rosidl_typesupport_fastrtps_c.c.o[0m
[4.286s] [ 93%] [32mBuilding C object CMakeFiles/mit_msgs__rosidl_typesupport_c__pyext.dir/rosidl_generator_py/mit_msgs/_mit_msgs_s.ep.rosidl_typesupport_c.c.o[0m
[4.286s] [ 93%] [32mBuilding C object CMakeFiles/mit_msgs__rosidl_typesupport_introspection_c__pyext.dir/rosidl_generator_py/mit_msgs/_mit_msgs_s.ep.rosidl_typesupport_introspection_c.c.o[0m
[4.382s] [ 95%] [32m[1mLinking C shared library rosidl_generator_py/mit_msgs/mit_msgs_s__rosidl_typesupport_introspection_c.cpython-310-x86_64-linux-gnu.so[0m
[4.382s] [ 97%] [32m[1mLinking C shared library rosidl_generator_py/mit_msgs/mit_msgs_s__rosidl_typesupport_fastrtps_c.cpython-310-x86_64-linux-gnu.so[0m
[4.382s] [100%] [32m[1mLinking C shared library rosidl_generator_py/mit_msgs/mit_msgs_s__rosidl_typesupport_c.cpython-310-x86_64-linux-gnu.so[0m
[4.435s] [100%] Built target mit_msgs__rosidl_typesupport_c__pyext
[4.435s] [100%] Built target mit_msgs__rosidl_typesupport_fastrtps_c__pyext
[4.435s] [100%] Built target mit_msgs__rosidl_typesupport_introspection_c__pyext
[4.452s] Invoked command in '/home/xsm/R1_ws/build/mit_msgs' returned '0': CMAKE_PREFIX_PATH=${CMAKE_PREFIX_PATH}:/home/xsm/R1_ws/install/gui_pkg:/opt/ros/humble /usr/bin/cmake --build /home/xsm/R1_ws/build/mit_msgs -- -j16 -l16
[4.729s] Invoking command in '/home/xsm/R1_ws/build/mit_msgs': CMAKE_PREFIX_PATH=${CMAKE_PREFIX_PATH}:/home/xsm/R1_ws/install/gui_pkg:/opt/ros/humble /usr/bin/cmake --install /home/xsm/R1_ws/build/mit_msgs
[4.739s] -- Install configuration: ""
[4.739s] -- Execute custom install script
[4.739s] -- Up-to-date symlink: /home/xsm/R1_ws/install/mit_msgs/share/ament_index/resource_index/rosidl_interfaces/mit_msgs
[4.740s] -- Up-to-date symlink: /home/xsm/R1_ws/install/mit_msgs/include/mit_msgs/mit_msgs/msg/detail/mit_joint_command__functions.h
[4.740s] -- Up-to-date symlink: /home/xsm/R1_ws/install/mit_msgs/include/mit_msgs/mit_msgs/msg/detail/mit_joint_command__struct.h
[4.740s] -- Up-to-date symlink: /home/xsm/R1_ws/install/mit_msgs/include/mit_msgs/mit_msgs/msg/detail/mit_joint_command__type_support.h
[4.740s] -- Up-to-date symlink: /home/xsm/R1_ws/install/mit_msgs/include/mit_msgs/mit_msgs/msg/detail/mit_joint_commands__functions.h
[4.740s] -- Up-to-date symlink: /home/xsm/R1_ws/install/mit_msgs/include/mit_msgs/mit_msgs/msg/detail/mit_joint_commands__struct.h
[4.740s] -- Up-to-date symlink: /home/xsm/R1_ws/install/mit_msgs/include/mit_msgs/mit_msgs/msg/detail/mit_joint_commands__type_support.h
[4.740s] -- Up-to-date symlink: /home/xsm/R1_ws/install/mit_msgs/include/mit_msgs/mit_msgs/msg/detail/mit_low_state__functions.h
[4.740s] -- Up-to-date symlink: /home/xsm/R1_ws/install/mit_msgs/include/mit_msgs/mit_msgs/msg/detail/mit_low_state__struct.h
[4.741s] -- Up-to-date symlink: /home/xsm/R1_ws/install/mit_msgs/include/mit_msgs/mit_msgs/msg/detail/mit_low_state__type_support.h
[4.741s] -- Up-to-date symlink: /home/xsm/R1_ws/install/mit_msgs/include/mit_msgs/mit_msgs/msg/mit_joint_command.h
[4.741s] -- Up-to-date symlink: /home/xsm/R1_ws/install/mit_msgs/include/mit_msgs/mit_msgs/msg/mit_joint_commands.h
[4.741s] -- Up-to-date symlink: /home/xsm/R1_ws/install/mit_msgs/include/mit_msgs/mit_msgs/msg/mit_low_state.h
[4.741s] -- Up-to-date symlink: /home/xsm/R1_ws/install/mit_msgs/include/mit_msgs/mit_msgs/msg/rosidl_generator_c__visibility_control.h
[4.741s] -- Up-to-date symlink: /home/xsm/R1_ws/install/mit_msgs/share/mit_msgs/environment/library_path.sh
[4.741s] -- Up-to-date symlink: /home/xsm/R1_ws/install/mit_msgs/share/mit_msgs/environment/library_path.dsv
[4.741s] -- Up-to-date symlink: /home/xsm/R1_ws/install/mit_msgs/include/mit_msgs/mit_msgs/msg/detail/mit_joint_command__rosidl_typesupport_fastrtps_c.h
[4.742s] -- Up-to-date symlink: /home/xsm/R1_ws/install/mit_msgs/include/mit_msgs/mit_msgs/msg/detail/mit_joint_commands__rosidl_typesupport_fastrtps_c.h
[4.742s] -- Up-to-date symlink: /home/xsm/R1_ws/install/mit_msgs/include/mit_msgs/mit_msgs/msg/detail/mit_low_state__rosidl_typesupport_fastrtps_c.h
[4.742s] -- Up-to-date symlink: /home/xsm/R1_ws/install/mit_msgs/include/mit_msgs/mit_msgs/msg/rosidl_typesupport_fastrtps_c__visibility_control.h
[4.742s] -- Up-to-date symlink: /home/xsm/R1_ws/install/mit_msgs/include/mit_msgs/mit_msgs/msg/detail/mit_joint_command__builder.hpp
[4.742s] -- Up-to-date symlink: /home/xsm/R1_ws/install/mit_msgs/include/mit_msgs/mit_msgs/msg/detail/mit_joint_command__struct.hpp
[4.742s] -- Up-to-date symlink: /home/xsm/R1_ws/install/mit_msgs/include/mit_msgs/mit_msgs/msg/detail/mit_joint_command__traits.hpp
[4.742s] -- Up-to-date symlink: /home/xsm/R1_ws/install/mit_msgs/include/mit_msgs/mit_msgs/msg/detail/mit_joint_commands__builder.hpp
[4.743s] -- Up-to-date symlink: /home/xsm/R1_ws/install/mit_msgs/include/mit_msgs/mit_msgs/msg/detail/mit_joint_commands__struct.hpp
[4.743s] -- Up-to-date symlink: /home/xsm/R1_ws/install/mit_msgs/include/mit_msgs/mit_msgs/msg/detail/mit_joint_commands__traits.hpp
[4.743s] -- Up-to-date symlink: /home/xsm/R1_ws/install/mit_msgs/include/mit_msgs/mit_msgs/msg/detail/mit_low_state__builder.hpp
[4.743s] -- Up-to-date symlink: /home/xsm/R1_ws/install/mit_msgs/include/mit_msgs/mit_msgs/msg/detail/mit_low_state__struct.hpp
[4.743s] -- Up-to-date symlink: /home/xsm/R1_ws/install/mit_msgs/include/mit_msgs/mit_msgs/msg/detail/mit_low_state__traits.hpp
[4.743s] -- Up-to-date symlink: /home/xsm/R1_ws/install/mit_msgs/include/mit_msgs/mit_msgs/msg/mit_joint_command.hpp
[4.743s] -- Up-to-date symlink: /home/xsm/R1_ws/install/mit_msgs/include/mit_msgs/mit_msgs/msg/mit_joint_commands.hpp
[4.744s] -- Up-to-date symlink: /home/xsm/R1_ws/install/mit_msgs/include/mit_msgs/mit_msgs/msg/mit_low_state.hpp
[4.744s] -- Up-to-date symlink: /home/xsm/R1_ws/install/mit_msgs/include/mit_msgs/mit_msgs/msg/detail/mit_joint_command__rosidl_typesupport_fastrtps_cpp.hpp
[4.744s] -- Up-to-date symlink: /home/xsm/R1_ws/install/mit_msgs/include/mit_msgs/mit_msgs/msg/detail/mit_joint_commands__rosidl_typesupport_fastrtps_cpp.hpp
[4.744s] -- Up-to-date symlink: /home/xsm/R1_ws/install/mit_msgs/include/mit_msgs/mit_msgs/msg/detail/mit_low_state__rosidl_typesupport_fastrtps_cpp.hpp
[4.745s] -- Up-to-date symlink: /home/xsm/R1_ws/install/mit_msgs/include/mit_msgs/mit_msgs/msg/rosidl_typesupport_fastrtps_cpp__visibility_control.h
[4.745s] -- Up-to-date symlink: /home/xsm/R1_ws/install/mit_msgs/include/mit_msgs/mit_msgs/msg/detail/mit_joint_command__rosidl_typesupport_introspection_c.h
[4.745s] -- Up-to-date symlink: /home/xsm/R1_ws/install/mit_msgs/include/mit_msgs/mit_msgs/msg/detail/mit_joint_commands__rosidl_typesupport_introspection_c.h
[4.745s] -- Up-to-date symlink: /home/xsm/R1_ws/install/mit_msgs/include/mit_msgs/mit_msgs/msg/detail/mit_low_state__rosidl_typesupport_introspection_c.h
[4.745s] -- Up-to-date symlink: /home/xsm/R1_ws/install/mit_msgs/include/mit_msgs/mit_msgs/msg/rosidl_typesupport_introspection_c__visibility_control.h
[4.746s] -- Up-to-date symlink: /home/xsm/R1_ws/install/mit_msgs/include/mit_msgs/mit_msgs/msg/detail/mit_joint_command__rosidl_typesupport_introspection_cpp.hpp
[4.746s] -- Up-to-date symlink: /home/xsm/R1_ws/install/mit_msgs/include/mit_msgs/mit_msgs/msg/detail/mit_joint_commands__rosidl_typesupport_introspection_cpp.hpp
[4.746s] -- Up-to-date symlink: /home/xsm/R1_ws/install/mit_msgs/include/mit_msgs/mit_msgs/msg/detail/mit_low_state__rosidl_typesupport_introspection_cpp.hpp
[4.746s] -- Up-to-date symlink: /home/xsm/R1_ws/install/mit_msgs/share/mit_msgs/environment/pythonpath.sh
[4.746s] -- Up-to-date symlink: /home/xsm/R1_ws/install/mit_msgs/share/mit_msgs/environment/pythonpath.dsv
[4.746s] -- Up-to-date symlink: /home/xsm/R1_ws/install/mit_msgs/local/lib/python3.10/dist-packages/mit_msgs-0.0.0-py3.10.egg-info/PKG-INFO
[4.747s] -- Up-to-date symlink: /home/xsm/R1_ws/install/mit_msgs/local/lib/python3.10/dist-packages/mit_msgs-0.0.0-py3.10.egg-info/SOURCES.txt
[4.747s] -- Up-to-date symlink: /home/xsm/R1_ws/install/mit_msgs/local/lib/python3.10/dist-packages/mit_msgs-0.0.0-py3.10.egg-info/dependency_links.txt
[4.747s] -- Up-to-date symlink: /home/xsm/R1_ws/install/mit_msgs/local/lib/python3.10/dist-packages/mit_msgs-0.0.0-py3.10.egg-info/top_level.txt
[4.747s] -- Up-to-date symlink: /home/xsm/R1_ws/install/mit_msgs/local/lib/python3.10/dist-packages/mit_msgs/__init__.py
[4.748s] -- Up-to-date symlink: /home/xsm/R1_ws/install/mit_msgs/local/lib/python3.10/dist-packages/mit_msgs/_mit_msgs_s.ep.rosidl_typesupport_c.c
[4.748s] -- Up-to-date symlink: /home/xsm/R1_ws/install/mit_msgs/local/lib/python3.10/dist-packages/mit_msgs/_mit_msgs_s.ep.rosidl_typesupport_fastrtps_c.c
[4.748s] -- Up-to-date symlink: /home/xsm/R1_ws/install/mit_msgs/local/lib/python3.10/dist-packages/mit_msgs/_mit_msgs_s.ep.rosidl_typesupport_introspection_c.c
[4.748s] -- Up-to-date symlink: /home/xsm/R1_ws/install/mit_msgs/local/lib/python3.10/dist-packages/mit_msgs/libmit_msgs__rosidl_generator_py.so
[4.748s] -- Up-to-date symlink: /home/xsm/R1_ws/install/mit_msgs/local/lib/python3.10/dist-packages/mit_msgs/mit_msgs_s__rosidl_typesupport_c.cpython-310-x86_64-linux-gnu.so
[4.748s] -- Up-to-date symlink: /home/xsm/R1_ws/install/mit_msgs/local/lib/python3.10/dist-packages/mit_msgs/mit_msgs_s__rosidl_typesupport_fastrtps_c.cpython-310-x86_64-linux-gnu.so
[4.748s] -- Up-to-date symlink: /home/xsm/R1_ws/install/mit_msgs/local/lib/python3.10/dist-packages/mit_msgs/mit_msgs_s__rosidl_typesupport_introspection_c.cpython-310-x86_64-linux-gnu.so
[4.748s] -- Up-to-date symlink: /home/xsm/R1_ws/install/mit_msgs/local/lib/python3.10/dist-packages/mit_msgs/msg/__init__.py
[4.749s] -- Up-to-date symlink: /home/xsm/R1_ws/install/mit_msgs/local/lib/python3.10/dist-packages/mit_msgs/msg/_mit_joint_command.py
[4.749s] -- Up-to-date symlink: /home/xsm/R1_ws/install/mit_msgs/local/lib/python3.10/dist-packages/mit_msgs/msg/_mit_joint_command_s.c
[4.749s] -- Up-to-date symlink: /home/xsm/R1_ws/install/mit_msgs/local/lib/python3.10/dist-packages/mit_msgs/msg/_mit_joint_commands.py
[4.749s] -- Up-to-date symlink: /home/xsm/R1_ws/install/mit_msgs/local/lib/python3.10/dist-packages/mit_msgs/msg/_mit_joint_commands_s.c
[4.749s] -- Up-to-date symlink: /home/xsm/R1_ws/install/mit_msgs/local/lib/python3.10/dist-packages/mit_msgs/msg/_mit_low_state.py
[4.749s] -- Up-to-date symlink: /home/xsm/R1_ws/install/mit_msgs/local/lib/python3.10/dist-packages/mit_msgs/msg/_mit_low_state_s.c
[4.749s] -- Up-to-date symlink: /home/xsm/R1_ws/install/mit_msgs/local/lib/python3.10/dist-packages/mit_msgs/mit_msgs_s__rosidl_typesupport_fastrtps_c.cpython-310-x86_64-linux-gnu.so
[4.750s] -- Up-to-date symlink: /home/xsm/R1_ws/install/mit_msgs/local/lib/python3.10/dist-packages/mit_msgs/mit_msgs_s__rosidl_typesupport_introspection_c.cpython-310-x86_64-linux-gnu.so
[4.750s] -- Up-to-date symlink: /home/xsm/R1_ws/install/mit_msgs/local/lib/python3.10/dist-packages/mit_msgs/mit_msgs_s__rosidl_typesupport_c.cpython-310-x86_64-linux-gnu.so
[4.750s] -- Up-to-date symlink: /home/xsm/R1_ws/install/mit_msgs/share/mit_msgs/msg/MITJointCommand.idl
[4.750s] -- Up-to-date symlink: /home/xsm/R1_ws/install/mit_msgs/share/mit_msgs/msg/MITJointCommands.idl
[4.750s] -- Up-to-date symlink: /home/xsm/R1_ws/install/mit_msgs/share/mit_msgs/msg/MITLowState.idl
[4.750s] -- Up-to-date symlink: /home/xsm/R1_ws/install/mit_msgs/share/mit_msgs/msg/MITJointCommand.msg
[4.750s] -- Up-to-date symlink: /home/xsm/R1_ws/install/mit_msgs/share/mit_msgs/msg/MITJointCommands.msg
[4.750s] -- Up-to-date symlink: /home/xsm/R1_ws/install/mit_msgs/share/mit_msgs/msg/MITLowState.msg
[4.751s] -- Up-to-date symlink: /home/xsm/R1_ws/install/mit_msgs/share/ament_index/resource_index/package_run_dependencies/mit_msgs
[4.751s] -- Up-to-date symlink: /home/xsm/R1_ws/install/mit_msgs/share/ament_index/resource_index/parent_prefix_path/mit_msgs
[4.751s] -- Up-to-date symlink: /home/xsm/R1_ws/install/mit_msgs/share/mit_msgs/environment/ament_prefix_path.sh
[4.751s] -- Up-to-date symlink: /home/xsm/R1_ws/install/mit_msgs/share/mit_msgs/environment/ament_prefix_path.dsv
[4.751s] -- Up-to-date symlink: /home/xsm/R1_ws/install/mit_msgs/share/mit_msgs/environment/path.sh
[4.751s] -- Up-to-date symlink: /home/xsm/R1_ws/install/mit_msgs/share/mit_msgs/environment/path.dsv
[4.751s] -- Up-to-date symlink: /home/xsm/R1_ws/install/mit_msgs/share/mit_msgs/local_setup.bash
[4.751s] -- Up-to-date symlink: /home/xsm/R1_ws/install/mit_msgs/share/mit_msgs/local_setup.sh
[4.752s] -- Up-to-date symlink: /home/xsm/R1_ws/install/mit_msgs/share/mit_msgs/local_setup.zsh
[4.752s] -- Up-to-date symlink: /home/xsm/R1_ws/install/mit_msgs/share/mit_msgs/local_setup.dsv
[4.752s] -- Symlinking: /home/xsm/R1_ws/install/mit_msgs/share/mit_msgs/package.dsv
[4.765s] -- Up-to-date symlink: /home/xsm/R1_ws/install/mit_msgs/share/ament_index/resource_index/packages/mit_msgs
[4.765s] -- Up-to-date symlink: /home/xsm/R1_ws/install/mit_msgs/share/mit_msgs/cmake/rosidl_cmake-extras.cmake
[4.765s] -- Up-to-date symlink: /home/xsm/R1_ws/install/mit_msgs/share/mit_msgs/cmake/ament_cmake_export_dependencies-extras.cmake
[4.765s] -- Up-to-date symlink: /home/xsm/R1_ws/install/mit_msgs/share/mit_msgs/cmake/ament_cmake_export_include_directories-extras.cmake
[4.765s] -- Up-to-date symlink: /home/xsm/R1_ws/install/mit_msgs/share/mit_msgs/cmake/ament_cmake_export_libraries-extras.cmake
[4.765s] -- Up-to-date symlink: /home/xsm/R1_ws/install/mit_msgs/share/mit_msgs/cmake/ament_cmake_export_targets-extras.cmake
[4.765s] -- Up-to-date symlink: /home/xsm/R1_ws/install/mit_msgs/share/mit_msgs/cmake/rosidl_cmake_export_typesupport_targets-extras.cmake
[4.765s] -- Up-to-date symlink: /home/xsm/R1_ws/install/mit_msgs/share/mit_msgs/cmake/rosidl_cmake_export_typesupport_libraries-extras.cmake
[4.765s] -- Up-to-date symlink: /home/xsm/R1_ws/install/mit_msgs/share/mit_msgs/cmake/mit_msgsConfig.cmake
[4.765s] -- Up-to-date symlink: /home/xsm/R1_ws/install/mit_msgs/share/mit_msgs/cmake/mit_msgsConfig-version.cmake
[4.765s] -- Up-to-date symlink: /home/xsm/R1_ws/install/mit_msgs/share/mit_msgs/package.xml
[4.766s] -- Installing: /home/xsm/R1_ws/install/mit_msgs/lib/libmit_msgs__rosidl_generator_c.so
[4.766s] -- Set runtime path of "/home/xsm/R1_ws/install/mit_msgs/lib/libmit_msgs__rosidl_generator_c.so" to ""
[4.766s] -- Installing: /home/xsm/R1_ws/install/mit_msgs/lib/libmit_msgs__rosidl_typesupport_fastrtps_c.so
[4.767s] -- Set runtime path of "/home/xsm/R1_ws/install/mit_msgs/lib/libmit_msgs__rosidl_typesupport_fastrtps_c.so" to ""
[4.767s] -- Installing: /home/xsm/R1_ws/install/mit_msgs/lib/libmit_msgs__rosidl_typesupport_fastrtps_cpp.so
[4.767s] -- Set runtime path of "/home/xsm/R1_ws/install/mit_msgs/lib/libmit_msgs__rosidl_typesupport_fastrtps_cpp.so" to ""
[4.767s] -- Installing: /home/xsm/R1_ws/install/mit_msgs/lib/libmit_msgs__rosidl_typesupport_introspection_c.so
[4.768s] -- Set runtime path of "/home/xsm/R1_ws/install/mit_msgs/lib/libmit_msgs__rosidl_typesupport_introspection_c.so" to ""
[4.768s] -- Installing: /home/xsm/R1_ws/install/mit_msgs/lib/libmit_msgs__rosidl_typesupport_c.so
[4.768s] -- Set runtime path of "/home/xsm/R1_ws/install/mit_msgs/lib/libmit_msgs__rosidl_typesupport_c.so" to ""
[4.768s] -- Installing: /home/xsm/R1_ws/install/mit_msgs/lib/libmit_msgs__rosidl_typesupport_introspection_cpp.so
[4.769s] -- Set runtime path of "/home/xsm/R1_ws/install/mit_msgs/lib/libmit_msgs__rosidl_typesupport_introspection_cpp.so" to ""
[4.769s] -- Installing: /home/xsm/R1_ws/install/mit_msgs/lib/libmit_msgs__rosidl_typesupport_cpp.so
[4.769s] -- Set runtime path of "/home/xsm/R1_ws/install/mit_msgs/lib/libmit_msgs__rosidl_typesupport_cpp.so" to ""
[4.801s] Listing '/home/xsm/R1_ws/install/mit_msgs/local/lib/python3.10/dist-packages/mit_msgs'...
[4.802s] Compiling '/home/xsm/R1_ws/install/mit_msgs/local/lib/python3.10/dist-packages/mit_msgs/__init__.py'...
[4.802s] Listing '/home/xsm/R1_ws/install/mit_msgs/local/lib/python3.10/dist-packages/mit_msgs/msg'...
[4.802s] Compiling '/home/xsm/R1_ws/install/mit_msgs/local/lib/python3.10/dist-packages/mit_msgs/msg/__init__.py'...
[4.802s] Compiling '/home/xsm/R1_ws/install/mit_msgs/local/lib/python3.10/dist-packages/mit_msgs/msg/_mit_joint_command.py'...
[4.802s] Compiling '/home/xsm/R1_ws/install/mit_msgs/local/lib/python3.10/dist-packages/mit_msgs/msg/_mit_joint_commands.py'...
[4.802s] Compiling '/home/xsm/R1_ws/install/mit_msgs/local/lib/python3.10/dist-packages/mit_msgs/msg/_mit_low_state.py'...
[4.806s] -- Installing: /home/xsm/R1_ws/install/mit_msgs/lib/libmit_msgs__rosidl_generator_py.so
[4.806s] -- Set runtime path of "/home/xsm/R1_ws/install/mit_msgs/lib/libmit_msgs__rosidl_generator_py.so" to ""
[4.807s] -- Installing: /home/xsm/R1_ws/install/mit_msgs/share/mit_msgs/cmake/export_mit_msgs__rosidl_generator_cExport.cmake
[4.807s] -- Installing: /home/xsm/R1_ws/install/mit_msgs/share/mit_msgs/cmake/export_mit_msgs__rosidl_generator_cExport-noconfig.cmake
[4.807s] -- Installing: /home/xsm/R1_ws/install/mit_msgs/share/mit_msgs/cmake/export_mit_msgs__rosidl_typesupport_fastrtps_cExport.cmake
[4.807s] -- Installing: /home/xsm/R1_ws/install/mit_msgs/share/mit_msgs/cmake/export_mit_msgs__rosidl_typesupport_fastrtps_cExport-noconfig.cmake
[4.807s] -- Installing: /home/xsm/R1_ws/install/mit_msgs/share/mit_msgs/cmake/export_mit_msgs__rosidl_generator_cppExport.cmake
[4.808s] -- Installing: /home/xsm/R1_ws/install/mit_msgs/share/mit_msgs/cmake/export_mit_msgs__rosidl_typesupport_fastrtps_cppExport.cmake
[4.808s] -- Installing: /home/xsm/R1_ws/install/mit_msgs/share/mit_msgs/cmake/export_mit_msgs__rosidl_typesupport_fastrtps_cppExport-noconfig.cmake
[4.808s] -- Installing: /home/xsm/R1_ws/install/mit_msgs/share/mit_msgs/cmake/mit_msgs__rosidl_typesupport_introspection_cExport.cmake
[4.808s] -- Installing: /home/xsm/R1_ws/install/mit_msgs/share/mit_msgs/cmake/mit_msgs__rosidl_typesupport_introspection_cExport-noconfig.cmake
[4.809s] -- Installing: /home/xsm/R1_ws/install/mit_msgs/share/mit_msgs/cmake/mit_msgs__rosidl_typesupport_cExport.cmake
[4.809s] -- Installing: /home/xsm/R1_ws/install/mit_msgs/share/mit_msgs/cmake/mit_msgs__rosidl_typesupport_cExport-noconfig.cmake
[4.809s] -- Installing: /home/xsm/R1_ws/install/mit_msgs/share/mit_msgs/cmake/mit_msgs__rosidl_typesupport_introspection_cppExport.cmake
[4.809s] -- Installing: /home/xsm/R1_ws/install/mit_msgs/share/mit_msgs/cmake/mit_msgs__rosidl_typesupport_introspection_cppExport-noconfig.cmake
[4.810s] -- Installing: /home/xsm/R1_ws/install/mit_msgs/share/mit_msgs/cmake/mit_msgs__rosidl_typesupport_cppExport.cmake
[4.810s] -- Installing: /home/xsm/R1_ws/install/mit_msgs/share/mit_msgs/cmake/mit_msgs__rosidl_typesupport_cppExport-noconfig.cmake
[4.810s] -- Installing: /home/xsm/R1_ws/install/mit_msgs/share/mit_msgs/cmake/export_mit_msgs__rosidl_generator_pyExport.cmake
[4.810s] -- Installing: /home/xsm/R1_ws/install/mit_msgs/share/mit_msgs/cmake/export_mit_msgs__rosidl_generator_pyExport-noconfig.cmake
[4.813s] Invoked command in '/home/xsm/R1_ws/build/mit_msgs' returned '0': CMAKE_PREFIX_PATH=${CMAKE_PREFIX_PATH}:/home/xsm/R1_ws/install/gui_pkg:/opt/ros/humble /usr/bin/cmake --install /home/xsm/R1_ws/build/mit_msgs
