[35m[1mConsolidate compiler generated dependencies of target main[0m
[ 50%] [32mBuilding CXX object CMakeFiles/main.dir/src/main.cpp.o[0m
[01m[Kcc1plus:[m[K [01;35m[Kwarning: [m[K/home/xsm/R1_ws/src/armend_visualize/include/armend_visualize/visualize.hpp: not a directory
[01m[K/home/xsm/R1_ws/src/armend_visualize/src/main.cpp:[m[K In member function ‘[01m[Kvoid armend_visualize::draw(Eigen::Vector3d)[m[K’:
[01m[K/home/xsm/R1_ws/src/armend_visualize/src/main.cpp:34:12:[m[K [01;31m[Kerror: [m[K‘[01m[Ki[m[K’ does not name a type
   34 |     static [01;31m[Ki[m[K = 1;
      |            [01;31m[K^[m[K
[01m[K/home/xsm/R1_ws/src/armend_visualize/src/main.cpp:35:9:[m[K [01;31m[Kerror: [m[K‘[01m[Ki[m[K’ was not declared in this scope
   35 |     if ([01;31m[Ki[m[K == 1)
      |         [01;31m[K^[m[K
In file included from [01m[K/home/xsm/R1_ws/src/armend_visualize/src/main.cpp:8[m[K:
/home/xsm/R1_ws/src/armend_visualize/include/matplotlib-cpp-master/matplotlibcpp.h: In instantiation of ‘[01m[Kbool matplotlibcpp::detail::plot_impl<std::integral_constant<bool, false> >::operator()(const IterableX&, const IterableY&, const string&) [with IterableX = float [10000]; IterableY = float [10000]; std::string = std::__cxx11::basic_string<char>][m[K’:
[01m[K/home/xsm/R1_ws/src/armend_visualize/include/matplotlib-cpp-master/matplotlibcpp.h:2865:70:[m[K   required from ‘[01m[Kbool matplotlibcpp::plot(const A&, const B&, const string&, Args ...) [with A = float [10000]; B = float [10000]; Args = {}; std::string = std::__cxx11::basic_string<char>][m[K’
[01m[K/home/xsm/R1_ws/src/armend_visualize/src/main.cpp:51:14:[m[K   required from here
[01m[K/home/xsm/R1_ws/src/armend_visualize/include/matplotlib-cpp-master/matplotlibcpp.h:2821:29:[m[K [01;35m[Kwarning: [m[Kcomparison of integer expressions of different signedness: ‘[01m[Ksize_t[m[K’ {aka ‘[01m[Klong unsigned int[m[K’} and ‘[01m[Klong int[m[K’ [[01;35m[K]8;;https://gcc.gnu.org/onlinedocs/gcc/Warning-Options.html#index-Wsign-compare-Wsign-compare]8;;[m[K]
 2821 |         for(size_t i = 0; [01;35m[Ki < xs[m[K; ++i) {
      |                           [01;35m[K~~^~~~[m[K
gmake[2]: *** [CMakeFiles/main.dir/build.make:76：CMakeFiles/main.dir/src/main.cpp.o] 错误 1
gmake[1]: *** [CMakeFiles/Makefile2:137：CMakeFiles/main.dir/all] 错误 2
gmake: *** [Makefile:146：all] 错误 2
